[0.161s] Invoking command in '/home/ubuntu/ros2_ws/build/robdep_interfaces': CMAKE_PREFIX_PATH=/opt/ros/galactic /usr/bin/cmake --build /home/ubuntu/ros2_ws/build/robdep_interfaces -- -j4 -l4
[2.148s] [ 10%] Built target robdep_interfaces__rosidl_generator_c
[2.151s] [ 12%] Built target robdep_interfaces__cpp
[2.152s] [ 23%] Built target robdep_interfaces__rosidl_typesupport_c
[2.153s] [ 33%] Built target robdep_interfaces__rosidl_typesupport_cpp
[2.153s] [ 43%] Built target robdep_interfaces__rosidl_typesupport_introspection_c
[2.154s] [ 53%] Built target robdep_interfaces__rosidl_typesupport_introspection_cpp
[2.155s] [ 64%] Built target robdep_interfaces__rosidl_typesupport_fastrtps_cpp
[2.156s] [ 74%] Built target robdep_interfaces__rosidl_typesupport_fastrtps_c
[2.157s] [ 74%] Built target robdep_interfaces
[2.157s] [ 76%] Built target robdep_interfaces__py
[2.158s] [ 84%] Built target robdep_interfaces__python
[2.159s] [ 89%] Built target robdep_interfaces__rosidl_typesupport_introspection_c__pyext
[2.171s] [ 94%] Built target robdep_interfaces__rosidl_typesupport_c__pyext
[2.173s] [100%] Built target robdep_interfaces__rosidl_typesupport_fastrtps_c__pyext
[2.184s] Invoked command in '/home/ubuntu/ros2_ws/build/robdep_interfaces' returned '0': CMAKE_PREFIX_PATH=/opt/ros/galactic /usr/bin/cmake --build /home/ubuntu/ros2_ws/build/robdep_interfaces -- -j4 -l4
[2.906s] Invoking command in '/home/ubuntu/ros2_ws/build/robdep_interfaces': CMAKE_PREFIX_PATH=/opt/ros/galactic /usr/bin/cmake --install /home/ubuntu/ros2_ws/build/robdep_interfaces
[2.976s] -- Install configuration: ""
[2.977s] -- Up-to-date: /home/ubuntu/ros2_ws/install/robdep_interfaces/share/ament_index/resource_index/rosidl_interfaces/robdep_interfaces
[2.987s] -- Up-to-date: /home/ubuntu/ros2_ws/install/robdep_interfaces/include/robdep_interfaces
[2.988s] -- Up-to-date: /home/ubuntu/ros2_ws/install/robdep_interfaces/include/robdep_interfaces/msg
[2.988s] -- Up-to-date: /home/ubuntu/ros2_ws/install/robdep_interfaces/include/robdep_interfaces/msg/blob_data.h
[2.989s] -- Up-to-date: /home/ubuntu/ros2_ws/install/robdep_interfaces/include/robdep_interfaces/msg/detail
[2.990s] -- Up-to-date: /home/ubuntu/ros2_ws/install/robdep_interfaces/include/robdep_interfaces/msg/detail/blob_data__struct.h
[2.991s] -- Up-to-date: /home/ubuntu/ros2_ws/install/robdep_interfaces/include/robdep_interfaces/msg/detail/blob_list__functions.h
[2.992s] -- Up-to-date: /home/ubuntu/ros2_ws/install/robdep_interfaces/include/robdep_interfaces/msg/detail/blob_list__struct.h
[2.992s] -- Up-to-date: /home/ubuntu/ros2_ws/install/robdep_interfaces/include/robdep_interfaces/msg/detail/blob_data__functions.c
[2.993s] -- Up-to-date: /home/ubuntu/ros2_ws/install/robdep_interfaces/include/robdep_interfaces/msg/detail/blob_data__functions.h
[2.994s] -- Up-to-date: /home/ubuntu/ros2_ws/install/robdep_interfaces/include/robdep_interfaces/msg/detail/blob_data__type_support.h
[2.994s] -- Up-to-date: /home/ubuntu/ros2_ws/install/robdep_interfaces/include/robdep_interfaces/msg/detail/blob_list__functions.c
[2.995s] -- Up-to-date: /home/ubuntu/ros2_ws/install/robdep_interfaces/include/robdep_interfaces/msg/detail/blob_list__type_support.h
[2.996s] -- Up-to-date: /home/ubuntu/ros2_ws/install/robdep_interfaces/include/robdep_interfaces/msg/blob_list.h
[2.996s] -- Up-to-date: /home/ubuntu/ros2_ws/install/robdep_interfaces/include/robdep_interfaces/msg/rosidl_generator_c__visibility_control.h
[2.997s] -- Up-to-date: /home/ubuntu/ros2_ws/install/robdep_interfaces/share/robdep_interfaces/environment/library_path.sh
[2.997s] -- Up-to-date: /home/ubuntu/ros2_ws/install/robdep_interfaces/share/robdep_interfaces/environment/library_path.dsv
[2.998s] -- Up-to-date: /home/ubuntu/ros2_ws/install/robdep_interfaces/lib/librobdep_interfaces__rosidl_generator_c.so
[3.000s] -- Up-to-date: /home/ubuntu/ros2_ws/install/robdep_interfaces/include/robdep_interfaces
[3.000s] -- Up-to-date: /home/ubuntu/ros2_ws/install/robdep_interfaces/include/robdep_interfaces/msg
[3.001s] -- Up-to-date: /home/ubuntu/ros2_ws/install/robdep_interfaces/include/robdep_interfaces/msg/rosidl_typesupport_fastrtps_c__visibility_control.h
[3.002s] -- Up-to-date: /home/ubuntu/ros2_ws/install/robdep_interfaces/include/robdep_interfaces/msg/detail
[3.003s] -- Up-to-date: /home/ubuntu/ros2_ws/install/robdep_interfaces/include/robdep_interfaces/msg/detail/blob_list__rosidl_typesupport_fastrtps_c.h
[3.004s] -- Up-to-date: /home/ubuntu/ros2_ws/install/robdep_interfaces/include/robdep_interfaces/msg/detail/blob_data__rosidl_typesupport_fastrtps_c.h
[3.005s] -- Up-to-date: /home/ubuntu/ros2_ws/install/robdep_interfaces/lib/librobdep_interfaces__rosidl_typesupport_fastrtps_c.so
[3.005s] -- Up-to-date: /home/ubuntu/ros2_ws/install/robdep_interfaces/include/robdep_interfaces
[3.010s] -- Up-to-date: /home/ubuntu/ros2_ws/install/robdep_interfaces/include/robdep_interfaces/msg
[3.011s] -- Up-to-date: /home/ubuntu/ros2_ws/install/robdep_interfaces/include/robdep_interfaces/msg/rosidl_typesupport_fastrtps_cpp__visibility_control.h
[3.012s] -- Up-to-date: /home/ubuntu/ros2_ws/install/robdep_interfaces/include/robdep_interfaces/msg/detail
[3.013s] -- Up-to-date: /home/ubuntu/ros2_ws/install/robdep_interfaces/include/robdep_interfaces/msg/detail/dds_fastrtps
[3.014s] -- Up-to-date: /home/ubuntu/ros2_ws/install/robdep_interfaces/include/robdep_interfaces/msg/detail/blob_data__rosidl_typesupport_fastrtps_cpp.hpp
[3.015s] -- Up-to-date: /home/ubuntu/ros2_ws/install/robdep_interfaces/include/robdep_interfaces/msg/detail/blob_list__rosidl_typesupport_fastrtps_cpp.hpp
[3.016s] -- Up-to-date: /home/ubuntu/ros2_ws/install/robdep_interfaces/lib/librobdep_interfaces__rosidl_typesupport_fastrtps_cpp.so
[3.017s] -- Up-to-date: /home/ubuntu/ros2_ws/install/robdep_interfaces/include/robdep_interfaces
[3.017s] -- Up-to-date: /home/ubuntu/ros2_ws/install/robdep_interfaces/include/robdep_interfaces/msg
[3.018s] -- Up-to-date: /home/ubuntu/ros2_ws/install/robdep_interfaces/include/robdep_interfaces/msg/detail
[3.025s] -- Up-to-date: /home/ubuntu/ros2_ws/install/robdep_interfaces/include/robdep_interfaces/msg/detail/blob_data__type_support.c
[3.027s] -- Up-to-date: /home/ubuntu/ros2_ws/install/robdep_interfaces/include/robdep_interfaces/msg/detail/blob_data__rosidl_typesupport_introspection_c.h
[3.028s] -- Up-to-date: /home/ubuntu/ros2_ws/install/robdep_interfaces/include/robdep_interfaces/msg/detail/blob_list__type_support.c
[3.029s] -- Up-to-date: /home/ubuntu/ros2_ws/install/robdep_interfaces/include/robdep_interfaces/msg/detail/blob_list__rosidl_typesupport_introspection_c.h
[3.029s] -- Up-to-date: /home/ubuntu/ros2_ws/install/robdep_interfaces/include/robdep_interfaces/msg/rosidl_typesupport_introspection_c__visibility_control.h
[3.030s] -- Up-to-date: /home/ubuntu/ros2_ws/install/robdep_interfaces/lib/librobdep_interfaces__rosidl_typesupport_introspection_c.so
[3.031s] -- Up-to-date: /home/ubuntu/ros2_ws/install/robdep_interfaces/lib/librobdep_interfaces__rosidl_typesupport_c.so
[3.032s] -- Up-to-date: /home/ubuntu/ros2_ws/install/robdep_interfaces/include/robdep_interfaces
[3.033s] -- Up-to-date: /home/ubuntu/ros2_ws/install/robdep_interfaces/include/robdep_interfaces/msg
[3.034s] -- Up-to-date: /home/ubuntu/ros2_ws/install/robdep_interfaces/include/robdep_interfaces/msg/blob_data.hpp
[3.036s] -- Up-to-date: /home/ubuntu/ros2_ws/install/robdep_interfaces/include/robdep_interfaces/msg/detail
[3.040s] -- Up-to-date: /home/ubuntu/ros2_ws/install/robdep_interfaces/include/robdep_interfaces/msg/detail/blob_data__struct.hpp
[3.045s] -- Up-to-date: /home/ubuntu/ros2_ws/install/robdep_interfaces/include/robdep_interfaces/msg/detail/blob_list__struct.hpp
[3.047s] -- Up-to-date: /home/ubuntu/ros2_ws/install/robdep_interfaces/include/robdep_interfaces/msg/detail/blob_data__builder.hpp
[3.047s] -- Up-to-date: /home/ubuntu/ros2_ws/install/robdep_interfaces/include/robdep_interfaces/msg/detail/blob_list__builder.hpp
[3.048s] -- Up-to-date: /home/ubuntu/ros2_ws/install/robdep_interfaces/include/robdep_interfaces/msg/detail/blob_list__traits.hpp
[3.050s] -- Up-to-date: /home/ubuntu/ros2_ws/install/robdep_interfaces/include/robdep_interfaces/msg/detail/blob_data__traits.hpp
[3.051s] -- Up-to-date: /home/ubuntu/ros2_ws/install/robdep_interfaces/include/robdep_interfaces/msg/blob_list.hpp
[3.051s] -- Up-to-date: /home/ubuntu/ros2_ws/install/robdep_interfaces/include/robdep_interfaces
[3.052s] -- Up-to-date: /home/ubuntu/ros2_ws/install/robdep_interfaces/include/robdep_interfaces/msg
[3.052s] -- Up-to-date: /home/ubuntu/ros2_ws/install/robdep_interfaces/include/robdep_interfaces/msg/detail
[3.054s] -- Up-to-date: /home/ubuntu/ros2_ws/install/robdep_interfaces/include/robdep_interfaces/msg/detail/blob_data__rosidl_typesupport_introspection_cpp.hpp
[3.055s] -- Up-to-date: /home/ubuntu/ros2_ws/install/robdep_interfaces/include/robdep_interfaces/msg/detail/blob_data__type_support.cpp
[3.056s] -- Up-to-date: /home/ubuntu/ros2_ws/install/robdep_interfaces/include/robdep_interfaces/msg/detail/blob_list__type_support.cpp
[3.056s] -- Up-to-date: /home/ubuntu/ros2_ws/install/robdep_interfaces/include/robdep_interfaces/msg/detail/blob_list__rosidl_typesupport_introspection_cpp.hpp
[3.057s] -- Up-to-date: /home/ubuntu/ros2_ws/install/robdep_interfaces/lib/librobdep_interfaces__rosidl_typesupport_introspection_cpp.so
[3.062s] -- Up-to-date: /home/ubuntu/ros2_ws/install/robdep_interfaces/lib/librobdep_interfaces__rosidl_typesupport_cpp.so
[3.062s] -- Up-to-date: /home/ubuntu/ros2_ws/install/robdep_interfaces/share/robdep_interfaces/environment/pythonpath.sh
[3.063s] -- Up-to-date: /home/ubuntu/ros2_ws/install/robdep_interfaces/share/robdep_interfaces/environment/pythonpath.dsv
[3.064s] -- Up-to-date: /home/ubuntu/ros2_ws/install/robdep_interfaces/lib/python3.8/site-packages/robdep_interfaces/__init__.py
[3.305s] -- Up-to-date: /home/ubuntu/ros2_ws/install/robdep_interfaces/lib/python3.8/site-packages/robdep_interfaces/msg
[3.306s] -- Up-to-date: /home/ubuntu/ros2_ws/install/robdep_interfaces/lib/python3.8/site-packages/robdep_interfaces/msg/_blob_list_s.c
[3.307s] -- Up-to-date: /home/ubuntu/ros2_ws/install/robdep_interfaces/lib/python3.8/site-packages/robdep_interfaces/msg/_blob_data_s.c
[3.309s] -- Up-to-date: /home/ubuntu/ros2_ws/install/robdep_interfaces/lib/python3.8/site-packages/robdep_interfaces/msg/_blob_list.py
[3.310s] -- Up-to-date: /home/ubuntu/ros2_ws/install/robdep_interfaces/lib/python3.8/site-packages/robdep_interfaces/msg/__init__.py
[3.310s] -- Up-to-date: /home/ubuntu/ros2_ws/install/robdep_interfaces/lib/python3.8/site-packages/robdep_interfaces/msg/_blob_data.py
[3.312s] -- Up-to-date: /home/ubuntu/ros2_ws/install/robdep_interfaces/lib/python3.8/site-packages/robdep_interfaces/robdep_interfaces_s__rosidl_typesupport_fastrtps_c.cpython-38-aarch64-linux-gnu.so
[3.317s] -- Up-to-date: /home/ubuntu/ros2_ws/install/robdep_interfaces/lib/python3.8/site-packages/robdep_interfaces/robdep_interfaces_s__rosidl_typesupport_introspection_c.cpython-38-aarch64-linux-gnu.so
[3.320s] -- Up-to-date: /home/ubuntu/ros2_ws/install/robdep_interfaces/lib/python3.8/site-packages/robdep_interfaces/robdep_interfaces_s__rosidl_typesupport_c.cpython-38-aarch64-linux-gnu.so
[3.322s] -- Up-to-date: /home/ubuntu/ros2_ws/install/robdep_interfaces/lib/librobdep_interfaces__python.so
[3.324s] -- Up-to-date: /home/ubuntu/ros2_ws/install/robdep_interfaces/share/robdep_interfaces/msg/BlobData.idl
[3.325s] -- Up-to-date: /home/ubuntu/ros2_ws/install/robdep_interfaces/share/robdep_interfaces/msg/BlobList.idl
[3.326s] -- Up-to-date: /home/ubuntu/ros2_ws/install/robdep_interfaces/share/robdep_interfaces/msg/BlobData.msg
[3.331s] -- Up-to-date: /home/ubuntu/ros2_ws/install/robdep_interfaces/share/robdep_interfaces/msg/BlobList.msg
[3.331s] -- Up-to-date: /home/ubuntu/ros2_ws/install/robdep_interfaces/share/ament_index/resource_index/package_run_dependencies/robdep_interfaces
[3.333s] -- Up-to-date: /home/ubuntu/ros2_ws/install/robdep_interfaces/share/ament_index/resource_index/parent_prefix_path/robdep_interfaces
[3.334s] -- Up-to-date: /home/ubuntu/ros2_ws/install/robdep_interfaces/share/robdep_interfaces/environment/ament_prefix_path.sh
[3.334s] -- Up-to-date: /home/ubuntu/ros2_ws/install/robdep_interfaces/share/robdep_interfaces/environment/ament_prefix_path.dsv
[3.335s] -- Up-to-date: /home/ubuntu/ros2_ws/install/robdep_interfaces/share/robdep_interfaces/environment/path.sh
[3.336s] -- Up-to-date: /home/ubuntu/ros2_ws/install/robdep_interfaces/share/robdep_interfaces/environment/path.dsv
[3.336s] -- Up-to-date: /home/ubuntu/ros2_ws/install/robdep_interfaces/share/robdep_interfaces/local_setup.bash
[3.343s] -- Up-to-date: /home/ubuntu/ros2_ws/install/robdep_interfaces/share/robdep_interfaces/local_setup.sh
[3.344s] -- Up-to-date: /home/ubuntu/ros2_ws/install/robdep_interfaces/share/robdep_interfaces/local_setup.zsh
[3.344s] -- Up-to-date: /home/ubuntu/ros2_ws/install/robdep_interfaces/share/robdep_interfaces/local_setup.dsv
[3.345s] -- Installing: /home/ubuntu/ros2_ws/install/robdep_interfaces/share/robdep_interfaces/package.dsv
[3.346s] -- Up-to-date: /home/ubuntu/ros2_ws/install/robdep_interfaces/share/ament_index/resource_index/packages/robdep_interfaces
[3.347s] -- Up-to-date: /home/ubuntu/ros2_ws/install/robdep_interfaces/share/robdep_interfaces/cmake/robdep_interfaces__rosidl_generator_cExport.cmake
[3.348s] -- Up-to-date: /home/ubuntu/ros2_ws/install/robdep_interfaces/share/robdep_interfaces/cmake/robdep_interfaces__rosidl_generator_cExport-noconfig.cmake
[3.350s] -- Up-to-date: /home/ubuntu/ros2_ws/install/robdep_interfaces/share/robdep_interfaces/cmake/robdep_interfaces__rosidl_typesupport_introspection_cExport.cmake
[3.351s] -- Up-to-date: /home/ubuntu/ros2_ws/install/robdep_interfaces/share/robdep_interfaces/cmake/robdep_interfaces__rosidl_typesupport_introspection_cExport-noconfig.cmake
[3.352s] -- Up-to-date: /home/ubuntu/ros2_ws/install/robdep_interfaces/share/robdep_interfaces/cmake/robdep_interfaces__rosidl_typesupport_cExport.cmake
[3.352s] -- Up-to-date: /home/ubuntu/ros2_ws/install/robdep_interfaces/share/robdep_interfaces/cmake/robdep_interfaces__rosidl_typesupport_cExport-noconfig.cmake
[3.353s] -- Up-to-date: /home/ubuntu/ros2_ws/install/robdep_interfaces/share/robdep_interfaces/cmake/robdep_interfaces__rosidl_generator_cppExport.cmake
[3.354s] -- Up-to-date: /home/ubuntu/ros2_ws/install/robdep_interfaces/share/robdep_interfaces/cmake/robdep_interfaces__rosidl_typesupport_introspection_cppExport.cmake
[3.355s] -- Up-to-date: /home/ubuntu/ros2_ws/install/robdep_interfaces/share/robdep_interfaces/cmake/robdep_interfaces__rosidl_typesupport_introspection_cppExport-noconfig.cmake
[3.356s] -- Up-to-date: /home/ubuntu/ros2_ws/install/robdep_interfaces/share/robdep_interfaces/cmake/robdep_interfaces__rosidl_typesupport_cppExport.cmake
[3.360s] -- Up-to-date: /home/ubuntu/ros2_ws/install/robdep_interfaces/share/robdep_interfaces/cmake/robdep_interfaces__rosidl_typesupport_cppExport-noconfig.cmake
[3.364s] -- Up-to-date: /home/ubuntu/ros2_ws/install/robdep_interfaces/share/robdep_interfaces/cmake/rosidl_cmake-extras.cmake
[3.364s] -- Up-to-date: /home/ubuntu/ros2_ws/install/robdep_interfaces/share/robdep_interfaces/cmake/ament_cmake_export_dependencies-extras.cmake
[3.365s] -- Up-to-date: /home/ubuntu/ros2_ws/install/robdep_interfaces/share/robdep_interfaces/cmake/ament_cmake_export_libraries-extras.cmake
[3.366s] -- Up-to-date: /home/ubuntu/ros2_ws/install/robdep_interfaces/share/robdep_interfaces/cmake/ament_cmake_export_targets-extras.cmake
[3.376s] -- Up-to-date: /home/ubuntu/ros2_ws/install/robdep_interfaces/share/robdep_interfaces/cmake/ament_cmake_export_include_directories-extras.cmake
[3.390s] -- Up-to-date: /home/ubuntu/ros2_ws/install/robdep_interfaces/share/robdep_interfaces/cmake/rosidl_cmake_export_typesupport_libraries-extras.cmake
[3.391s] -- Up-to-date: /home/ubuntu/ros2_ws/install/robdep_interfaces/share/robdep_interfaces/cmake/rosidl_cmake_export_typesupport_targets-extras.cmake
[3.391s] -- Up-to-date: /home/ubuntu/ros2_ws/install/robdep_interfaces/share/robdep_interfaces/cmake/robdep_interfacesConfig.cmake
[3.392s] -- Up-to-date: /home/ubuntu/ros2_ws/install/robdep_interfaces/share/robdep_interfaces/cmake/robdep_interfacesConfig-version.cmake
[3.393s] -- Up-to-date: /home/ubuntu/ros2_ws/install/robdep_interfaces/share/robdep_interfaces/package.xml
[3.394s] Invoked command in '/home/ubuntu/ros2_ws/build/robdep_interfaces' returned '0': CMAKE_PREFIX_PATH=/opt/ros/galactic /usr/bin/cmake --install /home/ubuntu/ros2_ws/build/robdep_interfaces
