[4.732s] Invoking command in '/home/ubuntu/ros2_ws/src/robdep': AMENT_PREFIX_PATH=/home/ubuntu/ros2_ws/install/robdep_interfaces:${AMENT_PREFIX_PATH} CMAKE_PREFIX_PATH=/home/ubuntu/ros2_ws/install/robdep_interfaces LD_LIBRARY_PATH=/home/ubuntu/ros2_ws/install/robdep_interfaces/lib:${LD_LIBRARY_PATH} PYTHONPATH=/home/ubuntu/ros2_ws/build/robdep/prefix_override:/home/ubuntu/ros2_ws/install/robdep/lib/python3.8/site-packages:/home/ubuntu/ros2_ws/install/robdep_interfaces/lib/python3.8/site-packages:${PYTHONPATH} /usr/bin/python3 setup.py egg_info --egg-base ../../build/robdep build --build-base /home/ubuntu/ros2_ws/build/robdep/build install --record /home/ubuntu/ros2_ws/build/robdep/install.log --single-version-externally-managed
[6.196s] running egg_info
[6.198s] writing ../../build/robdep/robdep.egg-info/PKG-INFO
[6.199s] writing dependency_links to ../../build/robdep/robdep.egg-info/dependency_links.txt
[6.200s] writing entry points to ../../build/robdep/robdep.egg-info/entry_points.txt
[6.202s] writing requirements to ../../build/robdep/robdep.egg-info/requires.txt
[6.203s] writing top-level names to ../../build/robdep/robdep.egg-info/top_level.txt
[6.356s] reading manifest file '../../build/robdep/robdep.egg-info/SOURCES.txt'
[6.360s] writing manifest file '../../build/robdep/robdep.egg-info/SOURCES.txt'
[6.361s] running build
[6.361s] running build_py
[6.363s] running install
[6.367s] running install_lib
[6.376s] running install_data
[6.381s] running install_egg_info
[6.389s] removing '/home/ubuntu/ros2_ws/install/robdep/lib/python3.8/site-packages/robdep-0.0.0-py3.8.egg-info' (and everything under it)
[6.390s] Copying ../../build/robdep/robdep.egg-info to /home/ubuntu/ros2_ws/install/robdep/lib/python3.8/site-packages/robdep-0.0.0-py3.8.egg-info
[6.394s] running install_scripts
[6.472s] Installing blob_detector script to /home/ubuntu/ros2_ws/install/robdep/lib/robdep
[6.473s] Installing blob_printer script to /home/ubuntu/ros2_ws/install/robdep/lib/robdep
[6.474s] Installing blob_runner script to /home/ubuntu/ros2_ws/install/robdep/lib/robdep
[6.475s] Installing bot_run script to /home/ubuntu/ros2_ws/install/robdep/lib/robdep
[6.476s] Installing get_images script to /home/ubuntu/ros2_ws/install/robdep/lib/robdep
[6.477s] Installing mask_publisher script to /home/ubuntu/ros2_ws/install/robdep/lib/robdep
[6.481s] writing list of installed files to '/home/ubuntu/ros2_ws/build/robdep/install.log'
[6.614s] Invoked command in '/home/ubuntu/ros2_ws/src/robdep' returned '0': AMENT_PREFIX_PATH=/home/ubuntu/ros2_ws/install/robdep_interfaces:${AMENT_PREFIX_PATH} CMAKE_PREFIX_PATH=/home/ubuntu/ros2_ws/install/robdep_interfaces LD_LIBRARY_PATH=/home/ubuntu/ros2_ws/install/robdep_interfaces/lib:${LD_LIBRARY_PATH} PYTHONPATH=/home/ubuntu/ros2_ws/build/robdep/prefix_override:/home/ubuntu/ros2_ws/install/robdep/lib/python3.8/site-packages:/home/ubuntu/ros2_ws/install/robdep_interfaces/lib/python3.8/site-packages:${PYTHONPATH} /usr/bin/python3 setup.py egg_info --egg-base ../../build/robdep build --build-base /home/ubuntu/ros2_ws/build/robdep/build install --record /home/ubuntu/ros2_ws/build/robdep/install.log --single-version-externally-managed
