[6.815s] Invoking command in '/home/ubuntu/ros2_ws/src/robdep_project': PYTHONPATH=/home/ubuntu/ros2_ws/build/robdep_project/prefix_override:/home/ubuntu/ros2_ws/install/robdep_project/lib/python3.8/site-packages:${PYTHONPATH} /usr/bin/python3 setup.py egg_info --egg-base ../../build/robdep_project build --build-base /home/ubuntu/ros2_ws/build/robdep_project/build install --record /home/ubuntu/ros2_ws/build/robdep_project/install.log --single-version-externally-managed
[8.557s] running egg_info
[8.561s] writing ../../build/robdep_project/robdep_project.egg-info/PKG-INFO
[8.562s] writing dependency_links to ../../build/robdep_project/robdep_project.egg-info/dependency_links.txt
[8.563s] writing entry points to ../../build/robdep_project/robdep_project.egg-info/entry_points.txt
[8.565s] writing requirements to ../../build/robdep_project/robdep_project.egg-info/requires.txt
[8.565s] writing top-level names to ../../build/robdep_project/robdep_project.egg-info/top_level.txt
[8.734s] reading manifest file '../../build/robdep_project/robdep_project.egg-info/SOURCES.txt'
[8.740s] writing manifest file '../../build/robdep_project/robdep_project.egg-info/SOURCES.txt'
[8.742s] running build
[8.743s] running build_py
[8.745s] copying robdep_project/depth_extraction.py -> /home/ubuntu/ros2_ws/build/robdep_project/build/lib/robdep_project
[8.749s] running install
[8.754s] running install_lib
[8.762s] copying /home/ubuntu/ros2_ws/build/robdep_project/build/lib/robdep_project/depth_extraction.py -> /home/ubuntu/ros2_ws/install/robdep_project/lib/python3.8/site-packages/robdep_project
[8.773s] byte-compiling /home/ubuntu/ros2_ws/install/robdep_project/lib/python3.8/site-packages/robdep_project/depth_extraction.py to depth_extraction.cpython-38.pyc
[8.777s] running install_data
[8.782s] running install_egg_info
[8.790s] removing '/home/ubuntu/ros2_ws/install/robdep_project/lib/python3.8/site-packages/robdep_project-0.0.0-py3.8.egg-info' (and everything under it)
[8.793s] Copying ../../build/robdep_project/robdep_project.egg-info to /home/ubuntu/ros2_ws/install/robdep_project/lib/python3.8/site-packages/robdep_project-0.0.0-py3.8.egg-info
[8.806s] running install_scripts
[8.913s] Installing custom_object_detection_node script to /home/ubuntu/ros2_ws/install/robdep_project/lib/robdep_project
[8.915s] Installing depth_extraction script to /home/ubuntu/ros2_ws/install/robdep_project/lib/robdep_project
[8.916s] Installing detections script to /home/ubuntu/ros2_ws/install/robdep_project/lib/robdep_project
[8.920s] writing list of installed files to '/home/ubuntu/ros2_ws/build/robdep_project/install.log'
[9.088s] Invoked command in '/home/ubuntu/ros2_ws/src/robdep_project' returned '0': PYTHONPATH=/home/ubuntu/ros2_ws/build/robdep_project/prefix_override:/home/ubuntu/ros2_ws/install/robdep_project/lib/python3.8/site-packages:${PYTHONPATH} /usr/bin/python3 setup.py egg_info --egg-base ../../build/robdep_project build --build-base /home/ubuntu/ros2_ws/build/robdep_project/build install --record /home/ubuntu/ros2_ws/build/robdep_project/install.log --single-version-externally-managed
