[3.249s] Invoking command in '/home/ubuntu/ros2_ws/src/robdep': PYTHONPATH=/home/ubuntu/ros2_ws/build/robdep/prefix_override:/home/ubuntu/ros2_ws/install/robdep/lib/python3.8/site-packages:/home/ubuntu/ros2_ws/install/robdep_interfaces/lib/python3.8/site-packages:/home/ubuntu/ros2_ws/install/robdep/lib/python3.8/site-packages:/opt/ros/galactic/lib/python3.8/site-packages /usr/bin/python3 setup.py egg_info --egg-base ../../build/robdep build --build-base /home/ubuntu/ros2_ws/build/robdep/build install --record /home/ubuntu/ros2_ws/build/robdep/install.log --single-version-externally-managed
[4.446s] running egg_info
[4.449s] writing ../../build/robdep/robdep.egg-info/PKG-INFO
[4.450s] writing dependency_links to ../../build/robdep/robdep.egg-info/dependency_links.txt
[4.451s] writing entry points to ../../build/robdep/robdep.egg-info/entry_points.txt
[4.452s] writing requirements to ../../build/robdep/robdep.egg-info/requires.txt
[4.453s] writing top-level names to ../../build/robdep/robdep.egg-info/top_level.txt
[4.604s] reading manifest file '../../build/robdep/robdep.egg-info/SOURCES.txt'
[4.610s] writing manifest file '../../build/robdep/robdep.egg-info/SOURCES.txt'
[4.612s] running build
[4.612s] running build_py
[4.614s] running install
[4.618s] running install_lib
[4.626s] running install_data
[4.629s] running install_egg_info
[4.636s] removing '/home/ubuntu/ros2_ws/install/robdep/lib/python3.8/site-packages/robdep-0.0.0-py3.8.egg-info' (and everything under it)
[4.637s] Copying ../../build/robdep/robdep.egg-info to /home/ubuntu/ros2_ws/install/robdep/lib/python3.8/site-packages/robdep-0.0.0-py3.8.egg-info
[4.645s] running install_scripts
[4.722s] Installing blob_detector script to /home/ubuntu/ros2_ws/install/robdep/lib/robdep
[4.723s] Installing blob_printer script to /home/ubuntu/ros2_ws/install/robdep/lib/robdep
[4.724s] Installing blob_runner script to /home/ubuntu/ros2_ws/install/robdep/lib/robdep
[4.724s] Installing bot_run script to /home/ubuntu/ros2_ws/install/robdep/lib/robdep
[4.725s] Installing get_images script to /home/ubuntu/ros2_ws/install/robdep/lib/robdep
[4.726s] Installing mask_publisher script to /home/ubuntu/ros2_ws/install/robdep/lib/robdep
[4.728s] writing list of installed files to '/home/ubuntu/ros2_ws/build/robdep/install.log'
[4.860s] Invoked command in '/home/ubuntu/ros2_ws/src/robdep' returned '0': PYTHONPATH=/home/ubuntu/ros2_ws/build/robdep/prefix_override:/home/ubuntu/ros2_ws/install/robdep/lib/python3.8/site-packages:/home/ubuntu/ros2_ws/install/robdep_interfaces/lib/python3.8/site-packages:/home/ubuntu/ros2_ws/install/robdep/lib/python3.8/site-packages:/opt/ros/galactic/lib/python3.8/site-packages /usr/bin/python3 setup.py egg_info --egg-base ../../build/robdep build --build-base /home/ubuntu/ros2_ws/build/robdep/build install --record /home/ubuntu/ros2_ws/build/robdep/install.log --single-version-externally-managed
