[6.024s] Invoking command in '/home/ubuntu/ros2_ws/src/robdep': AMENT_PREFIX_PATH=/home/ubuntu/ros2_ws/install/robdep_interfaces:${AMENT_PREFIX_PATH} CMAKE_PREFIX_PATH=/home/ubuntu/ros2_ws/install/robdep_interfaces LD_LIBRARY_PATH=/home/ubuntu/ros2_ws/install/robdep_interfaces/lib:${LD_LIBRARY_PATH} PYTHONPATH=/home/ubuntu/ros2_ws/build/robdep/prefix_override:/home/ubuntu/ros2_ws/install/robdep/lib/python3.8/site-packages:/home/ubuntu/ros2_ws/install/robdep_interfaces/lib/python3.8/site-packages:${PYTHONPATH} /usr/bin/python3 setup.py egg_info --egg-base ../../build/robdep build --build-base /home/ubuntu/ros2_ws/build/robdep/build install --record /home/ubuntu/ros2_ws/build/robdep/install.log --single-version-externally-managed
[7.938s] running egg_info
[7.943s] writing ../../build/robdep/robdep.egg-info/PKG-INFO
[7.943s] writing dependency_links to ../../build/robdep/robdep.egg-info/dependency_links.txt
[7.945s] writing entry points to ../../build/robdep/robdep.egg-info/entry_points.txt
[7.945s] writing requirements to ../../build/robdep/robdep.egg-info/requires.txt
[7.947s] writing top-level names to ../../build/robdep/robdep.egg-info/top_level.txt
[8.113s] reading manifest file '../../build/robdep/robdep.egg-info/SOURCES.txt'
[8.119s] writing manifest file '../../build/robdep/robdep.egg-info/SOURCES.txt'
[8.120s] running build
[8.120s] running build_py
[8.122s] running install
[8.129s] running install_lib
[8.138s] running install_data
[8.142s] running install_egg_info
[8.151s] removing '/home/ubuntu/ros2_ws/install/robdep/lib/python3.8/site-packages/robdep-0.0.0-py3.8.egg-info' (and everything under it)
[8.167s] Copying ../../build/robdep/robdep.egg-info to /home/ubuntu/ros2_ws/install/robdep/lib/python3.8/site-packages/robdep-0.0.0-py3.8.egg-info
[8.174s] running install_scripts
[8.305s] Installing blob_detector script to /home/ubuntu/ros2_ws/install/robdep/lib/robdep
[8.306s] Installing blob_printer script to /home/ubuntu/ros2_ws/install/robdep/lib/robdep
[8.307s] Installing blob_runner script to /home/ubuntu/ros2_ws/install/robdep/lib/robdep
[8.308s] Installing bot_run script to /home/ubuntu/ros2_ws/install/robdep/lib/robdep
[8.309s] Installing get_images script to /home/ubuntu/ros2_ws/install/robdep/lib/robdep
[8.312s] Installing mask_publisher script to /home/ubuntu/ros2_ws/install/robdep/lib/robdep
[8.313s] writing list of installed files to '/home/ubuntu/ros2_ws/build/robdep/install.log'
[8.460s] Invoked command in '/home/ubuntu/ros2_ws/src/robdep' returned '0': AMENT_PREFIX_PATH=/home/ubuntu/ros2_ws/install/robdep_interfaces:${AMENT_PREFIX_PATH} CMAKE_PREFIX_PATH=/home/ubuntu/ros2_ws/install/robdep_interfaces LD_LIBRARY_PATH=/home/ubuntu/ros2_ws/install/robdep_interfaces/lib:${LD_LIBRARY_PATH} PYTHONPATH=/home/ubuntu/ros2_ws/build/robdep/prefix_override:/home/ubuntu/ros2_ws/install/robdep/lib/python3.8/site-packages:/home/ubuntu/ros2_ws/install/robdep_interfaces/lib/python3.8/site-packages:${PYTHONPATH} /usr/bin/python3 setup.py egg_info --egg-base ../../build/robdep build --build-base /home/ubuntu/ros2_ws/build/robdep/build install --record /home/ubuntu/ros2_ws/build/robdep/install.log --single-version-externally-managed
