[6.010s] Invoking command in '/home/ubuntu/ros2_ws/src/robdep_project': PYTHONPATH=/home/ubuntu/ros2_ws/build/robdep_project/prefix_override:/home/ubuntu/ros2_ws/install/robdep_project/lib/python3.8/site-packages:${PYTHONPATH} /usr/bin/python3 setup.py egg_info --egg-base ../../build/robdep_project build --build-base /home/ubuntu/ros2_ws/build/robdep_project/build install --record /home/ubuntu/ros2_ws/build/robdep_project/install.log --single-version-externally-managed
[7.697s] running egg_info
[7.702s] writing ../../build/robdep_project/robdep_project.egg-info/PKG-INFO
[7.703s] writing dependency_links to ../../build/robdep_project/robdep_project.egg-info/dependency_links.txt
[7.705s] writing entry points to ../../build/robdep_project/robdep_project.egg-info/entry_points.txt
[7.708s] writing requirements to ../../build/robdep_project/robdep_project.egg-info/requires.txt
[7.709s] writing top-level names to ../../build/robdep_project/robdep_project.egg-info/top_level.txt
[7.873s] reading manifest file '../../build/robdep_project/robdep_project.egg-info/SOURCES.txt'
[7.878s] writing manifest file '../../build/robdep_project/robdep_project.egg-info/SOURCES.txt'
[7.879s] running build
[7.880s] running build_py
[7.882s] running install
[7.885s] running install_lib
[7.897s] running install_data
[7.901s] running install_egg_info
[7.908s] removing '/home/ubuntu/ros2_ws/install/robdep_project/lib/python3.8/site-packages/robdep_project-0.0.0-py3.8.egg-info' (and everything under it)
[7.914s] Copying ../../build/robdep_project/robdep_project.egg-info to /home/ubuntu/ros2_ws/install/robdep_project/lib/python3.8/site-packages/robdep_project-0.0.0-py3.8.egg-info
[7.920s] running install_scripts
[8.007s] Installing controller script to /home/ubuntu/ros2_ws/install/robdep_project/lib/robdep_project
[8.008s] Installing custom_object_detection_node script to /home/ubuntu/ros2_ws/install/robdep_project/lib/robdep_project
[8.009s] Installing depth_extraction script to /home/ubuntu/ros2_ws/install/robdep_project/lib/robdep_project
[8.011s] Installing detections script to /home/ubuntu/ros2_ws/install/robdep_project/lib/robdep_project
[8.016s] writing list of installed files to '/home/ubuntu/ros2_ws/build/robdep_project/install.log'
[8.178s] Invoked command in '/home/ubuntu/ros2_ws/src/robdep_project' returned '0': PYTHONPATH=/home/ubuntu/ros2_ws/build/robdep_project/prefix_override:/home/ubuntu/ros2_ws/install/robdep_project/lib/python3.8/site-packages:${PYTHONPATH} /usr/bin/python3 setup.py egg_info --egg-base ../../build/robdep_project build --build-base /home/ubuntu/ros2_ws/build/robdep_project/build install --record /home/ubuntu/ros2_ws/build/robdep_project/install.log --single-version-externally-managed
