running egg_info
creating ../../build/robdep/robdep.egg-info
writing ../../build/robdep/robdep.egg-info/PKG-INFO
writing dependency_links to ../../build/robdep/robdep.egg-info/dependency_links.txt
writing entry points to ../../build/robdep/robdep.egg-info/entry_points.txt
writing requirements to ../../build/robdep/robdep.egg-info/requires.txt
writing top-level names to ../../build/robdep/robdep.egg-info/top_level.txt
writing manifest file '../../build/robdep/robdep.egg-info/SOURCES.txt'
reading manifest file '../../build/robdep/robdep.egg-info/SOURCES.txt'
writing manifest file '../../build/robdep/robdep.egg-info/SOURCES.txt'
running build
running build_py
creating /home/ubuntu/ros2_ws/build/robdep/build
creating /home/ubuntu/ros2_ws/build/robdep/build/lib
creating /home/ubuntu/ros2_ws/build/robdep/build/lib/robdep
copying robdep/__init__.py -> /home/ubuntu/ros2_ws/build/robdep/build/lib/robdep
running install
running install_lib
creating /home/ubuntu/ros2_ws/install/robdep/lib/python3.8/site-packages/robdep
copying /home/ubuntu/ros2_ws/build/robdep/build/lib/robdep/__init__.py -> /home/ubuntu/ros2_ws/install/robdep/lib/python3.8/site-packages/robdep
byte-compiling /home/ubuntu/ros2_ws/install/robdep/lib/python3.8/site-packages/robdep/__init__.py to __init__.cpython-38.pyc
running install_data
creating /home/ubuntu/ros2_ws/install/robdep/share/ament_index
creating /home/ubuntu/ros2_ws/install/robdep/share/ament_index/resource_index
creating /home/ubuntu/ros2_ws/install/robdep/share/ament_index/resource_index/packages
copying resource/robdep -> /home/ubuntu/ros2_ws/install/robdep/share/ament_index/resource_index/packages
copying package.xml -> /home/ubuntu/ros2_ws/install/robdep/share/robdep
running install_egg_info
Copying ../../build/robdep/robdep.egg-info to /home/ubuntu/ros2_ws/install/robdep/lib/python3.8/site-packages/robdep-0.0.0-py3.8.egg-info
running install_scripts
writing list of installed files to '/home/ubuntu/ros2_ws/build/robdep/install.log'
