[3.540s] Invoking command in '/home/ubuntu/ros2_ws/src/robdep': AMENT_PREFIX_PATH=/home/ubuntu/ros2_ws/install/robdep_interfaces:${AMENT_PREFIX_PATH} CMAKE_PREFIX_PATH=/home/ubuntu/ros2_ws/install/robdep_interfaces LD_LIBRARY_PATH=/home/ubuntu/ros2_ws/install/robdep_interfaces/lib:${LD_LIBRARY_PATH} PYTHONPATH=/home/ubuntu/ros2_ws/build/robdep/prefix_override:/home/ubuntu/ros2_ws/install/robdep/lib/python3.8/site-packages:/home/ubuntu/ros2_ws/install/robdep_interfaces/lib/python3.8/site-packages:${PYTHONPATH} /usr/bin/python3 setup.py egg_info --egg-base ../../build/robdep build --build-base /home/ubuntu/ros2_ws/build/robdep/build install --record /home/ubuntu/ros2_ws/build/robdep/install.log --single-version-externally-managed
[4.691s] running egg_info
[4.693s] writing ../../build/robdep/robdep.egg-info/PKG-INFO
[4.695s] writing dependency_links to ../../build/robdep/robdep.egg-info/dependency_links.txt
[4.696s] writing entry points to ../../build/robdep/robdep.egg-info/entry_points.txt
[4.697s] writing requirements to ../../build/robdep/robdep.egg-info/requires.txt
[4.697s] writing top-level names to ../../build/robdep/robdep.egg-info/top_level.txt
[4.856s] reading manifest file '../../build/robdep/robdep.egg-info/SOURCES.txt'
[4.860s] writing manifest file '../../build/robdep/robdep.egg-info/SOURCES.txt'
[4.861s] running build
[4.861s] running build_py
[4.866s] running install
[4.870s] running install_lib
[4.882s] running install_data
[4.886s] running install_egg_info
[4.893s] removing '/home/ubuntu/ros2_ws/install/robdep/lib/python3.8/site-packages/robdep-0.0.0-py3.8.egg-info' (and everything under it)
[4.895s] Copying ../../build/robdep/robdep.egg-info to /home/ubuntu/ros2_ws/install/robdep/lib/python3.8/site-packages/robdep-0.0.0-py3.8.egg-info
[4.901s] running install_scripts
[4.984s] Installing blob_detector script to /home/ubuntu/ros2_ws/install/robdep/lib/robdep
[4.986s] Installing blob_printer script to /home/ubuntu/ros2_ws/install/robdep/lib/robdep
[4.987s] Installing blob_runner script to /home/ubuntu/ros2_ws/install/robdep/lib/robdep
[4.988s] Installing bot_run script to /home/ubuntu/ros2_ws/install/robdep/lib/robdep
[4.989s] Installing get_images script to /home/ubuntu/ros2_ws/install/robdep/lib/robdep
[4.990s] Installing mask_publisher script to /home/ubuntu/ros2_ws/install/robdep/lib/robdep
[4.992s] writing list of installed files to '/home/ubuntu/ros2_ws/build/robdep/install.log'
[5.121s] Invoked command in '/home/ubuntu/ros2_ws/src/robdep' returned '0': AMENT_PREFIX_PATH=/home/ubuntu/ros2_ws/install/robdep_interfaces:${AMENT_PREFIX_PATH} CMAKE_PREFIX_PATH=/home/ubuntu/ros2_ws/install/robdep_interfaces LD_LIBRARY_PATH=/home/ubuntu/ros2_ws/install/robdep_interfaces/lib:${LD_LIBRARY_PATH} PYTHONPATH=/home/ubuntu/ros2_ws/build/robdep/prefix_override:/home/ubuntu/ros2_ws/install/robdep/lib/python3.8/site-packages:/home/ubuntu/ros2_ws/install/robdep_interfaces/lib/python3.8/site-packages:${PYTHONPATH} /usr/bin/python3 setup.py egg_info --egg-base ../../build/robdep build --build-base /home/ubuntu/ros2_ws/build/robdep/build install --record /home/ubuntu/ros2_ws/build/robdep/install.log --single-version-externally-managed
