make: Warning: File 'Makefile' has modification time 1276935 s in the future
make[1]: Warning: File 'CMakeFiles/Makefile2' has modification time 1276935 s in the future
make[2]: Warning: File 'CMakeFiles/robdep_interfaces__cpp.dir/progress.make' has modification time 1276935 s in the future
make[2]: Warning: File 'CMakeFiles/robdep_interfaces__rosidl_generator_c.dir/flags.make' has modification time 1276935 s in the future
make[2]: warning:  Clock skew detected.  Your build may be incomplete.
make[2]: warning:  Clock skew detected.  Your build may be incomplete.
make[2]: Warning: File 'CMakeFiles/robdep_interfaces__cpp.dir/progress.make' has modification time 1276935 s in the future
make[2]: warning:  Clock skew detected.  Your build may be incomplete.
make[2]: Warning: File 'CMakeFiles/robdep_interfaces__rosidl_generator_c.dir/flags.make' has modification time 1276935 s in the future
make[2]: warning:  Clock skew detected.  Your build may be incomplete.
make[2]: Warning: File 'CMakeFiles/robdep_interfaces__rosidl_typesupport_cpp.dir/flags.make' has modification time 1276935 s in the future
make[2]: Warning: File 'CMakeFiles/robdep_interfaces__rosidl_typesupport_fastrtps_cpp.dir/flags.make' has modification time 1276935 s in the future
make[2]: Warning: File 'CMakeFiles/robdep_interfaces__rosidl_typesupport_introspection_cpp.dir/flags.make' has modification time 1276935 s in the future
make[2]: Warning: File 'CMakeFiles/robdep_interfaces__rosidl_typesupport_c.dir/flags.make' has modification time 1276935 s in the future
make[2]: warning:  Clock skew detected.  Your build may be incomplete.
make[2]: warning:  Clock skew detected.  Your build may be incomplete.
make[2]: Warning: File 'CMakeFiles/robdep_interfaces__rosidl_typesupport_cpp.dir/flags.make' has modification time 1276935 s in the future
make[2]: warning:  Clock skew detected.  Your build may be incomplete.
make[2]: warning:  Clock skew detected.  Your build may be incomplete.
make[2]: Warning: File 'CMakeFiles/robdep_interfaces__rosidl_typesupport_introspection_cpp.dir/flags.make' has modification time 1276935 s in the future
make[2]: warning:  Clock skew detected.  Your build may be incomplete.
make[2]: Warning: File 'CMakeFiles/robdep_interfaces__rosidl_typesupport_c.dir/flags.make' has modification time 1276935 s in the future
make[2]: warning:  Clock skew detected.  Your build may be incomplete.
make[2]: Warning: File 'CMakeFiles/robdep_interfaces__rosidl_typesupport_fastrtps_cpp.dir/flags.make' has modification time 1276935 s in the future
make[2]: warning:  Clock skew detected.  Your build may be incomplete.
make[2]: Warning: File 'CMakeFiles/robdep_interfaces__rosidl_typesupport_introspection_c.dir/flags.make' has modification time 1276935 s in the future
make[2]: warning:  Clock skew detected.  Your build may be incomplete.
make[2]: warning:  Clock skew detected.  Your build may be incomplete.
make[2]: Warning: File 'CMakeFiles/robdep_interfaces__rosidl_typesupport_introspection_c.dir/flags.make' has modification time 1276935 s in the future
make[2]: Warning: File 'CMakeFiles/robdep_interfaces__rosidl_typesupport_fastrtps_c.dir/flags.make' has modification time 1276935 s in the future
make[2]: warning:  Clock skew detected.  Your build may be incomplete.
make[2]: warning:  Clock skew detected.  Your build may be incomplete.
make[2]: Warning: File 'CMakeFiles/robdep_interfaces__rosidl_typesupport_fastrtps_c.dir/flags.make' has modification time 1276935 s in the future
make[2]: warning:  Clock skew detected.  Your build may be incomplete.
make[2]: Warning: File 'CMakeFiles/robdep_interfaces.dir/progress.make' has modification time 1276935 s in the future
make[2]: warning:  Clock skew detected.  Your build may be incomplete.
make[2]: Warning: File 'CMakeFiles/robdep_interfaces.dir/progress.make' has modification time 1276935 s in the future
make[2]: warning:  Clock skew detected.  Your build may be incomplete.
make[2]: Warning: File 'robdep_interfaces__py/CMakeFiles/robdep_interfaces__py.dir/progress.make' has modification time 1276935 s in the future
make[2]: warning:  Clock skew detected.  Your build may be incomplete.
make[2]: Warning: File 'robdep_interfaces__py/CMakeFiles/robdep_interfaces__py.dir/progress.make' has modification time 1276934 s in the future
make[2]: warning:  Clock skew detected.  Your build may be incomplete.
make[2]: Warning: File 'CMakeFiles/robdep_interfaces__python.dir/flags.make' has modification time 1276934 s in the future
make[2]: warning:  Clock skew detected.  Your build may be incomplete.
make[2]: Warning: File 'CMakeFiles/robdep_interfaces__python.dir/flags.make' has modification time 1276934 s in the future
make[2]: warning:  Clock skew detected.  Your build may be incomplete.
make[2]: Warning: File 'CMakeFiles/robdep_interfaces__rosidl_typesupport_c__pyext.dir/flags.make' has modification time 1276934 s in the future
make[2]: Warning: File 'CMakeFiles/robdep_interfaces__rosidl_typesupport_introspection_c__pyext.dir/flags.make' has modification time 1276934 s in the future
make[2]: Warning: File 'CMakeFiles/robdep_interfaces__rosidl_typesupport_fastrtps_c__pyext.dir/flags.make' has modification time 1276934 s in the future
make[2]: warning:  Clock skew detected.  Your build may be incomplete.
make[2]: warning:  Clock skew detected.  Your build may be incomplete.
make[2]: Warning: File 'CMakeFiles/robdep_interfaces__rosidl_typesupport_c__pyext.dir/flags.make' has modification time 1276934 s in the future
make[2]: Warning: File 'CMakeFiles/robdep_interfaces__rosidl_typesupport_introspection_c__pyext.dir/flags.make' has modification time 1276934 s in the future
make[2]: warning:  Clock skew detected.  Your build may be incomplete.
make[2]: Warning: File 'CMakeFiles/robdep_interfaces__rosidl_typesupport_fastrtps_c__pyext.dir/flags.make' has modification time 1276934 s in the future
make[2]: warning:  Clock skew detected.  Your build may be incomplete.
make[2]: warning:  Clock skew detected.  Your build may be incomplete.
make[2]: warning:  Clock skew detected.  Your build may be incomplete.
make[1]: warning:  Clock skew detected.  Your build may be incomplete.
make: warning:  Clock skew detected.  Your build may be incomplete.
