[0.071s] Invoking command in '/home/ubuntu/ros2_ws/build/robdep_interfaces': CMAKE_PREFIX_PATH=/opt/ros/galactic /usr/bin/cmake --build /home/ubuntu/ros2_ws/build/robdep_interfaces -- -j4 -l4
[0.125s] make: Warning: File 'Makefile' has modification time 1276935 s in the future
[0.211s] make[1]: Warning: File 'CMakeFiles/Makefile2' has modification time 1276935 s in the future
[0.217s] make[2]: Warning: File 'CMakeFiles/robdep_interfaces__cpp.dir/progress.make' has modification time 1276935 s in the future
[0.218s] make[2]: Warning: File 'CMakeFiles/robdep_interfaces__rosidl_generator_c.dir/flags.make' has modification time 1276935 s in the future
[0.263s] make[2]: warning:  Clock skew detected.  Your build may be incomplete.
[0.270s] make[2]: warning:  Clock skew detected.  Your build may be incomplete.
[0.271s] make[2]: Warning: File 'CMakeFiles/robdep_interfaces__cpp.dir/progress.make' has modification time 1276935 s in the future
[0.274s] make[2]: warning:  Clock skew detected.  Your build may be incomplete.
[0.277s] make[2]: Warning: File 'CMakeFiles/robdep_interfaces__rosidl_generator_c.dir/flags.make' has modification time 1276935 s in the future
[0.286s] make[2]: warning:  Clock skew detected.  Your build may be incomplete.
[0.309s] [  2%] Built target robdep_interfaces__cpp
[0.319s] make[2]: Warning: File 'CMakeFiles/robdep_interfaces__rosidl_typesupport_cpp.dir/flags.make' has modification time 1276935 s in the future
[0.320s] make[2]: Warning: File 'CMakeFiles/robdep_interfaces__rosidl_typesupport_fastrtps_cpp.dir/flags.make' has modification time 1276935 s in the future
[0.326s] make[2]: Warning: File 'CMakeFiles/robdep_interfaces__rosidl_typesupport_introspection_cpp.dir/flags.make' has modification time 1276935 s in the future
[0.328s] [ 12%] Built target robdep_interfaces__rosidl_generator_c
[0.337s] make[2]: Warning: File 'CMakeFiles/robdep_interfaces__rosidl_typesupport_c.dir/flags.make' has modification time 1276935 s in the future
[0.378s] make[2]: warning:  Clock skew detected.  Your build may be incomplete.
[0.381s] make[2]: warning:  Clock skew detected.  Your build may be incomplete.
[0.386s] make[2]: Warning: File 'CMakeFiles/robdep_interfaces__rosidl_typesupport_cpp.dir/flags.make' has modification time 1276935 s in the future
[0.390s] make[2]: warning:  Clock skew detected.  Your build may be incomplete.
[0.397s] make[2]: warning:  Clock skew detected.  Your build may be incomplete.
[0.399s] make[2]: Warning: File 'CMakeFiles/robdep_interfaces__rosidl_typesupport_introspection_cpp.dir/flags.make' has modification time 1276935 s in the future
[0.400s] make[2]: warning:  Clock skew detected.  Your build may be incomplete.
[0.404s] make[2]: Warning: File 'CMakeFiles/robdep_interfaces__rosidl_typesupport_c.dir/flags.make' has modification time 1276935 s in the future
[0.412s] make[2]: warning:  Clock skew detected.  Your build may be incomplete.
[0.414s] make[2]: Warning: File 'CMakeFiles/robdep_interfaces__rosidl_typesupport_fastrtps_cpp.dir/flags.make' has modification time 1276935 s in the future
[0.414s] make[2]: warning:  Clock skew detected.  Your build may be incomplete.
[0.444s] [ 23%] Built target robdep_interfaces__rosidl_typesupport_cpp
[0.451s] [ 33%] Built target robdep_interfaces__rosidl_typesupport_introspection_cpp
[0.457s] make[2]: Warning: File 'CMakeFiles/robdep_interfaces__rosidl_typesupport_introspection_c.dir/flags.make' has modification time 1276935 s in the future
[0.461s] make[2]: warning:  Clock skew detected.  Your build may be incomplete.
[0.478s] [ 43%] Built target robdep_interfaces__rosidl_typesupport_c
[0.505s] make[2]: warning:  Clock skew detected.  Your build may be incomplete.
[0.506s] [ 53%] Built target robdep_interfaces__rosidl_typesupport_fastrtps_cpp
[0.510s] make[2]: Warning: File 'CMakeFiles/robdep_interfaces__rosidl_typesupport_introspection_c.dir/flags.make' has modification time 1276935 s in the future
[0.511s] make[2]: Warning: File 'CMakeFiles/robdep_interfaces__rosidl_typesupport_fastrtps_c.dir/flags.make' has modification time 1276935 s in the future
[0.520s] make[2]: warning:  Clock skew detected.  Your build may be incomplete.
[0.555s] make[2]: warning:  Clock skew detected.  Your build may be incomplete.
[0.558s] [ 64%] Built target robdep_interfaces__rosidl_typesupport_introspection_c
[0.564s] make[2]: Warning: File 'CMakeFiles/robdep_interfaces__rosidl_typesupport_fastrtps_c.dir/flags.make' has modification time 1276935 s in the future
[0.595s] make[2]: warning:  Clock skew detected.  Your build may be incomplete.
[0.631s] [ 74%] Built target robdep_interfaces__rosidl_typesupport_fastrtps_c
[0.639s] make[2]: Warning: File 'CMakeFiles/robdep_interfaces.dir/progress.make' has modification time 1276935 s in the future
[0.676s] make[2]: warning:  Clock skew detected.  Your build may be incomplete.
[0.680s] make[2]: Warning: File 'CMakeFiles/robdep_interfaces.dir/progress.make' has modification time 1276935 s in the future
[0.682s] make[2]: warning:  Clock skew detected.  Your build may be incomplete.
[0.718s] [ 74%] Built target robdep_interfaces
[0.727s] make[2]: Warning: File 'robdep_interfaces__py/CMakeFiles/robdep_interfaces__py.dir/progress.make' has modification time 1276935 s in the future
[0.767s] make[2]: warning:  Clock skew detected.  Your build may be incomplete.
[0.773s] make[2]: Warning: File 'robdep_interfaces__py/CMakeFiles/robdep_interfaces__py.dir/progress.make' has modification time 1276934 s in the future
[0.776s] make[2]: warning:  Clock skew detected.  Your build may be incomplete.
[0.811s] [ 76%] Built target robdep_interfaces__py
[0.819s] make[2]: Warning: File 'CMakeFiles/robdep_interfaces__python.dir/flags.make' has modification time 1276934 s in the future
[0.862s] make[2]: warning:  Clock skew detected.  Your build may be incomplete.
[0.868s] make[2]: Warning: File 'CMakeFiles/robdep_interfaces__python.dir/flags.make' has modification time 1276934 s in the future
[0.901s] make[2]: warning:  Clock skew detected.  Your build may be incomplete.
[0.937s] [ 84%] Built target robdep_interfaces__python
[0.945s] make[2]: Warning: File 'CMakeFiles/robdep_interfaces__rosidl_typesupport_c__pyext.dir/flags.make' has modification time 1276934 s in the future
[0.946s] make[2]: Warning: File 'CMakeFiles/robdep_interfaces__rosidl_typesupport_introspection_c__pyext.dir/flags.make' has modification time 1276934 s in the future
[0.947s] make[2]: Warning: File 'CMakeFiles/robdep_interfaces__rosidl_typesupport_fastrtps_c__pyext.dir/flags.make' has modification time 1276934 s in the future
[0.992s] make[2]: warning:  Clock skew detected.  Your build may be incomplete.
[0.993s] make[2]: warning:  Clock skew detected.  Your build may be incomplete.
[1.001s] make[2]: Warning: File 'CMakeFiles/robdep_interfaces__rosidl_typesupport_c__pyext.dir/flags.make' has modification time 1276934 s in the future
[1.004s] make[2]: Warning: File 'CMakeFiles/robdep_interfaces__rosidl_typesupport_introspection_c__pyext.dir/flags.make' has modification time 1276934 s in the future
[1.006s] make[2]: warning:  Clock skew detected.  Your build may be incomplete.
[1.013s] make[2]: Warning: File 'CMakeFiles/robdep_interfaces__rosidl_typesupport_fastrtps_c__pyext.dir/flags.make' has modification time 1276934 s in the future
[1.034s] make[2]: warning:  Clock skew detected.  Your build may be incomplete.
[1.036s] make[2]: warning:  Clock skew detected.  Your build may be incomplete.
[1.050s] make[2]: warning:  Clock skew detected.  Your build may be incomplete.
[1.073s] [ 94%] Built target robdep_interfaces__rosidl_typesupport_introspection_c__pyext
[1.077s] [ 94%] Built target robdep_interfaces__rosidl_typesupport_c__pyext
[1.095s] [100%] Built target robdep_interfaces__rosidl_typesupport_fastrtps_c__pyext
[1.097s] make[1]: warning:  Clock skew detected.  Your build may be incomplete.
[1.131s] make: warning:  Clock skew detected.  Your build may be incomplete.
[1.139s] Invoked command in '/home/ubuntu/ros2_ws/build/robdep_interfaces' returned '0': CMAKE_PREFIX_PATH=/opt/ros/galactic /usr/bin/cmake --build /home/ubuntu/ros2_ws/build/robdep_interfaces -- -j4 -l4
[1.554s] Invoking command in '/home/ubuntu/ros2_ws/build/robdep_interfaces': CMAKE_PREFIX_PATH=/opt/ros/galactic /usr/bin/cmake --install /home/ubuntu/ros2_ws/build/robdep_interfaces
[1.592s] -- Install configuration: ""
[1.593s] -- Up-to-date: /home/ubuntu/ros2_ws/install/robdep_interfaces/share/ament_index/resource_index/rosidl_interfaces/robdep_interfaces
[1.595s] -- Up-to-date: /home/ubuntu/ros2_ws/install/robdep_interfaces/include/robdep_interfaces
[1.595s] -- Up-to-date: /home/ubuntu/ros2_ws/install/robdep_interfaces/include/robdep_interfaces/msg
[1.596s] -- Up-to-date: /home/ubuntu/ros2_ws/install/robdep_interfaces/include/robdep_interfaces/msg/blob_data.h
[1.597s] -- Up-to-date: /home/ubuntu/ros2_ws/install/robdep_interfaces/include/robdep_interfaces/msg/detail
[1.597s] -- Up-to-date: /home/ubuntu/ros2_ws/install/robdep_interfaces/include/robdep_interfaces/msg/detail/blob_data__struct.h
[1.598s] -- Up-to-date: /home/ubuntu/ros2_ws/install/robdep_interfaces/include/robdep_interfaces/msg/detail/blob_list__functions.h
[1.598s] -- Up-to-date: /home/ubuntu/ros2_ws/install/robdep_interfaces/include/robdep_interfaces/msg/detail/blob_list__struct.h
[1.598s] -- Up-to-date: /home/ubuntu/ros2_ws/install/robdep_interfaces/include/robdep_interfaces/msg/detail/blob_data__functions.c
[1.599s] -- Up-to-date: /home/ubuntu/ros2_ws/install/robdep_interfaces/include/robdep_interfaces/msg/detail/blob_data__functions.h
[1.599s] -- Up-to-date: /home/ubuntu/ros2_ws/install/robdep_interfaces/include/robdep_interfaces/msg/detail/blob_data__type_support.h
[1.599s] -- Up-to-date: /home/ubuntu/ros2_ws/install/robdep_interfaces/include/robdep_interfaces/msg/detail/blob_list__functions.c
[1.600s] -- Up-to-date: /home/ubuntu/ros2_ws/install/robdep_interfaces/include/robdep_interfaces/msg/detail/blob_list__type_support.h
[1.601s] -- Up-to-date: /home/ubuntu/ros2_ws/install/robdep_interfaces/include/robdep_interfaces/msg/blob_list.h
[1.602s] -- Up-to-date: /home/ubuntu/ros2_ws/install/robdep_interfaces/include/robdep_interfaces/msg/rosidl_generator_c__visibility_control.h
[1.604s] -- Up-to-date: /home/ubuntu/ros2_ws/install/robdep_interfaces/share/robdep_interfaces/environment/library_path.sh
[1.604s] -- Up-to-date: /home/ubuntu/ros2_ws/install/robdep_interfaces/share/robdep_interfaces/environment/library_path.dsv
[1.605s] -- Up-to-date: /home/ubuntu/ros2_ws/install/robdep_interfaces/lib/librobdep_interfaces__rosidl_generator_c.so
[1.605s] -- Up-to-date: /home/ubuntu/ros2_ws/install/robdep_interfaces/include/robdep_interfaces
[1.606s] -- Up-to-date: /home/ubuntu/ros2_ws/install/robdep_interfaces/include/robdep_interfaces/msg
[1.607s] -- Up-to-date: /home/ubuntu/ros2_ws/install/robdep_interfaces/include/robdep_interfaces/msg/rosidl_typesupport_fastrtps_c__visibility_control.h
[1.607s] -- Up-to-date: /home/ubuntu/ros2_ws/install/robdep_interfaces/include/robdep_interfaces/msg/detail
[1.608s] -- Up-to-date: /home/ubuntu/ros2_ws/install/robdep_interfaces/include/robdep_interfaces/msg/detail/blob_list__rosidl_typesupport_fastrtps_c.h
[1.608s] -- Up-to-date: /home/ubuntu/ros2_ws/install/robdep_interfaces/include/robdep_interfaces/msg/detail/blob_data__rosidl_typesupport_fastrtps_c.h
[1.608s] -- Up-to-date: /home/ubuntu/ros2_ws/install/robdep_interfaces/lib/librobdep_interfaces__rosidl_typesupport_fastrtps_c.so
[1.609s] -- Up-to-date: /home/ubuntu/ros2_ws/install/robdep_interfaces/include/robdep_interfaces
[1.609s] -- Up-to-date: /home/ubuntu/ros2_ws/install/robdep_interfaces/include/robdep_interfaces/msg
[1.609s] -- Up-to-date: /home/ubuntu/ros2_ws/install/robdep_interfaces/include/robdep_interfaces/msg/rosidl_typesupport_fastrtps_cpp__visibility_control.h
[1.610s] -- Up-to-date: /home/ubuntu/ros2_ws/install/robdep_interfaces/include/robdep_interfaces/msg/detail
[1.610s] -- Up-to-date: /home/ubuntu/ros2_ws/install/robdep_interfaces/include/robdep_interfaces/msg/detail/dds_fastrtps
[1.610s] -- Up-to-date: /home/ubuntu/ros2_ws/install/robdep_interfaces/include/robdep_interfaces/msg/detail/blob_data__rosidl_typesupport_fastrtps_cpp.hpp
[1.611s] -- Up-to-date: /home/ubuntu/ros2_ws/install/robdep_interfaces/include/robdep_interfaces/msg/detail/blob_list__rosidl_typesupport_fastrtps_cpp.hpp
[1.611s] -- Up-to-date: /home/ubuntu/ros2_ws/install/robdep_interfaces/lib/librobdep_interfaces__rosidl_typesupport_fastrtps_cpp.so
[1.612s] -- Up-to-date: /home/ubuntu/ros2_ws/install/robdep_interfaces/include/robdep_interfaces
[1.612s] -- Up-to-date: /home/ubuntu/ros2_ws/install/robdep_interfaces/include/robdep_interfaces/msg
[1.612s] -- Up-to-date: /home/ubuntu/ros2_ws/install/robdep_interfaces/include/robdep_interfaces/msg/detail
[1.612s] -- Up-to-date: /home/ubuntu/ros2_ws/install/robdep_interfaces/include/robdep_interfaces/msg/detail/blob_data__type_support.c
[1.613s] -- Up-to-date: /home/ubuntu/ros2_ws/install/robdep_interfaces/include/robdep_interfaces/msg/detail/blob_data__rosidl_typesupport_introspection_c.h
[1.613s] -- Up-to-date: /home/ubuntu/ros2_ws/install/robdep_interfaces/include/robdep_interfaces/msg/detail/blob_list__type_support.c
[1.614s] -- Up-to-date: /home/ubuntu/ros2_ws/install/robdep_interfaces/include/robdep_interfaces/msg/detail/blob_list__rosidl_typesupport_introspection_c.h
[1.614s] -- Up-to-date: /home/ubuntu/ros2_ws/install/robdep_interfaces/include/robdep_interfaces/msg/rosidl_typesupport_introspection_c__visibility_control.h
[1.614s] -- Up-to-date: /home/ubuntu/ros2_ws/install/robdep_interfaces/lib/librobdep_interfaces__rosidl_typesupport_introspection_c.so
[1.615s] -- Up-to-date: /home/ubuntu/ros2_ws/install/robdep_interfaces/lib/librobdep_interfaces__rosidl_typesupport_c.so
[1.616s] -- Up-to-date: /home/ubuntu/ros2_ws/install/robdep_interfaces/include/robdep_interfaces
[1.617s] -- Up-to-date: /home/ubuntu/ros2_ws/install/robdep_interfaces/include/robdep_interfaces/msg
[1.617s] -- Up-to-date: /home/ubuntu/ros2_ws/install/robdep_interfaces/include/robdep_interfaces/msg/blob_data.hpp
[1.617s] -- Up-to-date: /home/ubuntu/ros2_ws/install/robdep_interfaces/include/robdep_interfaces/msg/detail
[1.618s] -- Up-to-date: /home/ubuntu/ros2_ws/install/robdep_interfaces/include/robdep_interfaces/msg/detail/blob_data__struct.hpp
[1.618s] -- Up-to-date: /home/ubuntu/ros2_ws/install/robdep_interfaces/include/robdep_interfaces/msg/detail/blob_list__struct.hpp
[1.618s] -- Up-to-date: /home/ubuntu/ros2_ws/install/robdep_interfaces/include/robdep_interfaces/msg/detail/blob_data__builder.hpp
[1.619s] -- Up-to-date: /home/ubuntu/ros2_ws/install/robdep_interfaces/include/robdep_interfaces/msg/detail/blob_list__builder.hpp
[1.619s] -- Up-to-date: /home/ubuntu/ros2_ws/install/robdep_interfaces/include/robdep_interfaces/msg/detail/blob_list__traits.hpp
[1.620s] -- Up-to-date: /home/ubuntu/ros2_ws/install/robdep_interfaces/include/robdep_interfaces/msg/detail/blob_data__traits.hpp
[1.620s] -- Up-to-date: /home/ubuntu/ros2_ws/install/robdep_interfaces/include/robdep_interfaces/msg/blob_list.hpp
[1.620s] -- Up-to-date: /home/ubuntu/ros2_ws/install/robdep_interfaces/include/robdep_interfaces
[1.621s] -- Up-to-date: /home/ubuntu/ros2_ws/install/robdep_interfaces/include/robdep_interfaces/msg
[1.622s] -- Up-to-date: /home/ubuntu/ros2_ws/install/robdep_interfaces/include/robdep_interfaces/msg/detail
[1.624s] -- Up-to-date: /home/ubuntu/ros2_ws/install/robdep_interfaces/include/robdep_interfaces/msg/detail/blob_data__rosidl_typesupport_introspection_cpp.hpp
[1.625s] -- Up-to-date: /home/ubuntu/ros2_ws/install/robdep_interfaces/include/robdep_interfaces/msg/detail/blob_data__type_support.cpp
[1.625s] -- Up-to-date: /home/ubuntu/ros2_ws/install/robdep_interfaces/include/robdep_interfaces/msg/detail/blob_list__type_support.cpp
[1.626s] -- Up-to-date: /home/ubuntu/ros2_ws/install/robdep_interfaces/include/robdep_interfaces/msg/detail/blob_list__rosidl_typesupport_introspection_cpp.hpp
[1.627s] -- Up-to-date: /home/ubuntu/ros2_ws/install/robdep_interfaces/lib/librobdep_interfaces__rosidl_typesupport_introspection_cpp.so
[1.629s] -- Up-to-date: /home/ubuntu/ros2_ws/install/robdep_interfaces/lib/librobdep_interfaces__rosidl_typesupport_cpp.so
[1.629s] -- Up-to-date: /home/ubuntu/ros2_ws/install/robdep_interfaces/share/robdep_interfaces/environment/pythonpath.sh
[1.630s] -- Up-to-date: /home/ubuntu/ros2_ws/install/robdep_interfaces/share/robdep_interfaces/environment/pythonpath.dsv
[1.630s] -- Up-to-date: /home/ubuntu/ros2_ws/install/robdep_interfaces/lib/python3.8/site-packages/robdep_interfaces/__init__.py
[1.788s] -- Up-to-date: /home/ubuntu/ros2_ws/install/robdep_interfaces/lib/python3.8/site-packages/robdep_interfaces/msg
[1.789s] -- Up-to-date: /home/ubuntu/ros2_ws/install/robdep_interfaces/lib/python3.8/site-packages/robdep_interfaces/msg/_blob_list_s.c
[1.790s] -- Up-to-date: /home/ubuntu/ros2_ws/install/robdep_interfaces/lib/python3.8/site-packages/robdep_interfaces/msg/_blob_data_s.c
[1.792s] -- Up-to-date: /home/ubuntu/ros2_ws/install/robdep_interfaces/lib/python3.8/site-packages/robdep_interfaces/msg/_blob_list.py
[1.793s] -- Up-to-date: /home/ubuntu/ros2_ws/install/robdep_interfaces/lib/python3.8/site-packages/robdep_interfaces/msg/__init__.py
[1.793s] -- Up-to-date: /home/ubuntu/ros2_ws/install/robdep_interfaces/lib/python3.8/site-packages/robdep_interfaces/msg/_blob_data.py
[1.793s] -- Up-to-date: /home/ubuntu/ros2_ws/install/robdep_interfaces/lib/python3.8/site-packages/robdep_interfaces/robdep_interfaces_s__rosidl_typesupport_fastrtps_c.cpython-38-aarch64-linux-gnu.so
[1.795s] -- Up-to-date: /home/ubuntu/ros2_ws/install/robdep_interfaces/lib/python3.8/site-packages/robdep_interfaces/robdep_interfaces_s__rosidl_typesupport_introspection_c.cpython-38-aarch64-linux-gnu.so
[1.798s] -- Up-to-date: /home/ubuntu/ros2_ws/install/robdep_interfaces/lib/python3.8/site-packages/robdep_interfaces/robdep_interfaces_s__rosidl_typesupport_c.cpython-38-aarch64-linux-gnu.so
[1.801s] -- Up-to-date: /home/ubuntu/ros2_ws/install/robdep_interfaces/lib/librobdep_interfaces__python.so
[1.802s] -- Up-to-date: /home/ubuntu/ros2_ws/install/robdep_interfaces/share/robdep_interfaces/msg/BlobData.idl
[1.803s] -- Up-to-date: /home/ubuntu/ros2_ws/install/robdep_interfaces/share/robdep_interfaces/msg/BlobList.idl
[1.804s] -- Up-to-date: /home/ubuntu/ros2_ws/install/robdep_interfaces/share/robdep_interfaces/msg/BlobData.msg
[1.805s] -- Up-to-date: /home/ubuntu/ros2_ws/install/robdep_interfaces/share/robdep_interfaces/msg/BlobList.msg
[1.805s] -- Up-to-date: /home/ubuntu/ros2_ws/install/robdep_interfaces/share/ament_index/resource_index/package_run_dependencies/robdep_interfaces
[1.806s] -- Up-to-date: /home/ubuntu/ros2_ws/install/robdep_interfaces/share/ament_index/resource_index/parent_prefix_path/robdep_interfaces
[1.807s] -- Up-to-date: /home/ubuntu/ros2_ws/install/robdep_interfaces/share/robdep_interfaces/environment/ament_prefix_path.sh
[1.807s] -- Up-to-date: /home/ubuntu/ros2_ws/install/robdep_interfaces/share/robdep_interfaces/environment/ament_prefix_path.dsv
[1.808s] -- Up-to-date: /home/ubuntu/ros2_ws/install/robdep_interfaces/share/robdep_interfaces/environment/path.sh
[1.808s] -- Up-to-date: /home/ubuntu/ros2_ws/install/robdep_interfaces/share/robdep_interfaces/environment/path.dsv
[1.809s] -- Up-to-date: /home/ubuntu/ros2_ws/install/robdep_interfaces/share/robdep_interfaces/local_setup.bash
[1.809s] -- Up-to-date: /home/ubuntu/ros2_ws/install/robdep_interfaces/share/robdep_interfaces/local_setup.sh
[1.809s] -- Up-to-date: /home/ubuntu/ros2_ws/install/robdep_interfaces/share/robdep_interfaces/local_setup.zsh
[1.810s] -- Up-to-date: /home/ubuntu/ros2_ws/install/robdep_interfaces/share/robdep_interfaces/local_setup.dsv
[1.810s] -- Installing: /home/ubuntu/ros2_ws/install/robdep_interfaces/share/robdep_interfaces/package.dsv
[1.810s] -- Up-to-date: /home/ubuntu/ros2_ws/install/robdep_interfaces/share/ament_index/resource_index/packages/robdep_interfaces
[1.811s] -- Up-to-date: /home/ubuntu/ros2_ws/install/robdep_interfaces/share/robdep_interfaces/cmake/robdep_interfaces__rosidl_generator_cExport.cmake
[1.811s] -- Up-to-date: /home/ubuntu/ros2_ws/install/robdep_interfaces/share/robdep_interfaces/cmake/robdep_interfaces__rosidl_generator_cExport-noconfig.cmake
[1.812s] -- Up-to-date: /home/ubuntu/ros2_ws/install/robdep_interfaces/share/robdep_interfaces/cmake/robdep_interfaces__rosidl_typesupport_introspection_cExport.cmake
[1.813s] -- Up-to-date: /home/ubuntu/ros2_ws/install/robdep_interfaces/share/robdep_interfaces/cmake/robdep_interfaces__rosidl_typesupport_introspection_cExport-noconfig.cmake
[1.814s] -- Up-to-date: /home/ubuntu/ros2_ws/install/robdep_interfaces/share/robdep_interfaces/cmake/robdep_interfaces__rosidl_typesupport_cExport.cmake
[1.814s] -- Up-to-date: /home/ubuntu/ros2_ws/install/robdep_interfaces/share/robdep_interfaces/cmake/robdep_interfaces__rosidl_typesupport_cExport-noconfig.cmake
[1.815s] -- Up-to-date: /home/ubuntu/ros2_ws/install/robdep_interfaces/share/robdep_interfaces/cmake/robdep_interfaces__rosidl_generator_cppExport.cmake
[1.816s] -- Up-to-date: /home/ubuntu/ros2_ws/install/robdep_interfaces/share/robdep_interfaces/cmake/robdep_interfaces__rosidl_typesupport_introspection_cppExport.cmake
[1.817s] -- Up-to-date: /home/ubuntu/ros2_ws/install/robdep_interfaces/share/robdep_interfaces/cmake/robdep_interfaces__rosidl_typesupport_introspection_cppExport-noconfig.cmake
[1.817s] -- Up-to-date: /home/ubuntu/ros2_ws/install/robdep_interfaces/share/robdep_interfaces/cmake/robdep_interfaces__rosidl_typesupport_cppExport.cmake
[1.818s] -- Up-to-date: /home/ubuntu/ros2_ws/install/robdep_interfaces/share/robdep_interfaces/cmake/robdep_interfaces__rosidl_typesupport_cppExport-noconfig.cmake
[1.818s] -- Up-to-date: /home/ubuntu/ros2_ws/install/robdep_interfaces/share/robdep_interfaces/cmake/rosidl_cmake-extras.cmake
[1.819s] -- Up-to-date: /home/ubuntu/ros2_ws/install/robdep_interfaces/share/robdep_interfaces/cmake/ament_cmake_export_dependencies-extras.cmake
[1.819s] -- Up-to-date: /home/ubuntu/ros2_ws/install/robdep_interfaces/share/robdep_interfaces/cmake/ament_cmake_export_libraries-extras.cmake
[1.820s] -- Up-to-date: /home/ubuntu/ros2_ws/install/robdep_interfaces/share/robdep_interfaces/cmake/ament_cmake_export_targets-extras.cmake
[1.820s] -- Up-to-date: /home/ubuntu/ros2_ws/install/robdep_interfaces/share/robdep_interfaces/cmake/ament_cmake_export_include_directories-extras.cmake
[1.820s] -- Up-to-date: /home/ubuntu/ros2_ws/install/robdep_interfaces/share/robdep_interfaces/cmake/rosidl_cmake_export_typesupport_libraries-extras.cmake
[1.821s] -- Up-to-date: /home/ubuntu/ros2_ws/install/robdep_interfaces/share/robdep_interfaces/cmake/rosidl_cmake_export_typesupport_targets-extras.cmake
[1.823s] -- Up-to-date: /home/ubuntu/ros2_ws/install/robdep_interfaces/share/robdep_interfaces/cmake/robdep_interfacesConfig.cmake
[1.825s] -- Up-to-date: /home/ubuntu/ros2_ws/install/robdep_interfaces/share/robdep_interfaces/cmake/robdep_interfacesConfig-version.cmake
[1.826s] -- Up-to-date: /home/ubuntu/ros2_ws/install/robdep_interfaces/share/robdep_interfaces/package.xml
[1.833s] Invoked command in '/home/ubuntu/ros2_ws/build/robdep_interfaces' returned '0': CMAKE_PREFIX_PATH=/opt/ros/galactic /usr/bin/cmake --install /home/ubuntu/ros2_ws/build/robdep_interfaces
