/home/ubuntu/ros2_ws/install/robdep_project/lib/python3.8/site-packages/robdep_project/detections.py
/home/ubuntu/ros2_ws/install/robdep_project/lib/python3.8/site-packages/robdep_project/controller.py
/home/ubuntu/ros2_ws/install/robdep_project/lib/python3.8/site-packages/robdep_project/custom_object_detection_node.py
/home/ubuntu/ros2_ws/install/robdep_project/lib/python3.8/site-packages/robdep_project/depth_extraction.py
/home/ubuntu/ros2_ws/install/robdep_project/lib/python3.8/site-packages/robdep_project/__init__.py
/home/ubuntu/ros2_ws/install/robdep_project/lib/python3.8/site-packages/robdep_project/__pycache__/detections.cpython-38.pyc
/home/ubuntu/ros2_ws/install/robdep_project/lib/python3.8/site-packages/robdep_project/__pycache__/controller.cpython-38.pyc
/home/ubuntu/ros2_ws/install/robdep_project/lib/python3.8/site-packages/robdep_project/__pycache__/custom_object_detection_node.cpython-38.pyc
/home/ubuntu/ros2_ws/install/robdep_project/lib/python3.8/site-packages/robdep_project/__pycache__/depth_extraction.cpython-38.pyc
/home/ubuntu/ros2_ws/install/robdep_project/lib/python3.8/site-packages/robdep_project/__pycache__/__init__.cpython-38.pyc
/home/ubuntu/ros2_ws/install/robdep_project/share/ament_index/resource_index/packages/robdep_project
/home/ubuntu/ros2_ws/install/robdep_project/share/robdep_project/package.xml
/home/ubuntu/ros2_ws/install/robdep_project/lib/python3.8/site-packages/robdep_project-0.0.0-py3.8.egg-info/zip-safe
/home/ubuntu/ros2_ws/install/robdep_project/lib/python3.8/site-packages/robdep_project-0.0.0-py3.8.egg-info/PKG-INFO
/home/ubuntu/ros2_ws/install/robdep_project/lib/python3.8/site-packages/robdep_project-0.0.0-py3.8.egg-info/dependency_links.txt
/home/ubuntu/ros2_ws/install/robdep_project/lib/python3.8/site-packages/robdep_project-0.0.0-py3.8.egg-info/requires.txt
/home/ubuntu/ros2_ws/install/robdep_project/lib/python3.8/site-packages/robdep_project-0.0.0-py3.8.egg-info/SOURCES.txt
/home/ubuntu/ros2_ws/install/robdep_project/lib/python3.8/site-packages/robdep_project-0.0.0-py3.8.egg-info/top_level.txt
/home/ubuntu/ros2_ws/install/robdep_project/lib/python3.8/site-packages/robdep_project-0.0.0-py3.8.egg-info/entry_points.txt
/home/ubuntu/ros2_ws/install/robdep_project/lib/robdep_project/controller
/home/ubuntu/ros2_ws/install/robdep_project/lib/robdep_project/custom_object_detection_node
/home/ubuntu/ros2_ws/install/robdep_project/lib/robdep_project/depth_extraction
/home/ubuntu/ros2_ws/install/robdep_project/lib/robdep_project/detections
