[5.960s] Invoking command in '/home/ubuntu/ros2_ws/src/robdep_project': PYTHONPATH=/home/ubuntu/ros2_ws/build/robdep_project/prefix_override:/home/ubuntu/ros2_ws/install/robdep_project/lib/python3.8/site-packages:${PYTHONPATH} /usr/bin/python3 setup.py egg_info --egg-base ../../build/robdep_project build --build-base /home/ubuntu/ros2_ws/build/robdep_project/build install --record /home/ubuntu/ros2_ws/build/robdep_project/install.log --single-version-externally-managed
[7.588s] running egg_info
[7.592s] writing ../../build/robdep_project/robdep_project.egg-info/PKG-INFO
[7.593s] writing dependency_links to ../../build/robdep_project/robdep_project.egg-info/dependency_links.txt
[7.594s] writing entry points to ../../build/robdep_project/robdep_project.egg-info/entry_points.txt
[7.595s] writing requirements to ../../build/robdep_project/robdep_project.egg-info/requires.txt
[7.597s] writing top-level names to ../../build/robdep_project/robdep_project.egg-info/top_level.txt
[7.772s] reading manifest file '../../build/robdep_project/robdep_project.egg-info/SOURCES.txt'
[7.778s] writing manifest file '../../build/robdep_project/robdep_project.egg-info/SOURCES.txt'
[7.779s] running build
[7.780s] running build_py
[7.785s] running install
[7.786s] running install_lib
[7.792s] running install_data
[7.800s] running install_egg_info
[7.806s] removing '/home/ubuntu/ros2_ws/install/robdep_project/lib/python3.8/site-packages/robdep_project-0.0.0-py3.8.egg-info' (and everything under it)
[7.807s] Copying ../../build/robdep_project/robdep_project.egg-info to /home/ubuntu/ros2_ws/install/robdep_project/lib/python3.8/site-packages/robdep_project-0.0.0-py3.8.egg-info
[7.817s] running install_scripts
[7.899s] Installing custom_object_detection_node script to /home/ubuntu/ros2_ws/install/robdep_project/lib/robdep_project
[7.900s] Installing detections script to /home/ubuntu/ros2_ws/install/robdep_project/lib/robdep_project
[7.902s] writing list of installed files to '/home/ubuntu/ros2_ws/build/robdep_project/install.log'
[8.054s] Invoked command in '/home/ubuntu/ros2_ws/src/robdep_project' returned '0': PYTHONPATH=/home/ubuntu/ros2_ws/build/robdep_project/prefix_override:/home/ubuntu/ros2_ws/install/robdep_project/lib/python3.8/site-packages:${PYTHONPATH} /usr/bin/python3 setup.py egg_info --egg-base ../../build/robdep_project build --build-base /home/ubuntu/ros2_ws/build/robdep_project/build install --record /home/ubuntu/ros2_ws/build/robdep_project/install.log --single-version-externally-managed
