[4.523s] Invoking command in '/home/ubuntu/ros2_ws/src/robdep': CMAKE_PREFIX_PATH=/home/ubuntu/ros2_ws/install/robdep_interfaces:/home/ubuntu/ros2_ws/install/robdep_project_interfaces PYTHONPATH=/home/ubuntu/ros2_ws/build/robdep/prefix_override:/home/ubuntu/ros2_ws/install/robdep/lib/python3.8/site-packages:/home/ubuntu/ros2_ws/install/robdep_interfaces/lib/python3.8/site-packages:/home/ubuntu/ros2_ws/install/robdep_project/lib/python3.8/site-packages:/home/ubuntu/ros2_ws/install/robdep/lib/python3.8/site-packages:/opt/ros/galactic/lib/python3.8/site-packages /usr/bin/python3 setup.py egg_info --egg-base ../../build/robdep build --build-base /home/ubuntu/ros2_ws/build/robdep/build install --record /home/ubuntu/ros2_ws/build/robdep/install.log --single-version-externally-managed
[6.044s] running egg_info
[6.047s] writing ../../build/robdep/robdep.egg-info/PKG-INFO
[6.049s] writing dependency_links to ../../build/robdep/robdep.egg-info/dependency_links.txt
[6.050s] writing entry points to ../../build/robdep/robdep.egg-info/entry_points.txt
[6.052s] writing requirements to ../../build/robdep/robdep.egg-info/requires.txt
[6.053s] writing top-level names to ../../build/robdep/robdep.egg-info/top_level.txt
[6.208s] reading manifest file '../../build/robdep/robdep.egg-info/SOURCES.txt'
[6.210s] writing manifest file '../../build/robdep/robdep.egg-info/SOURCES.txt'
[6.211s] running build
[6.211s] running build_py
[6.214s] running install
[6.218s] running install_lib
[6.225s] running install_data
[6.230s] running install_egg_info
[6.236s] removing '/home/ubuntu/ros2_ws/install/robdep/lib/python3.8/site-packages/robdep-0.0.0-py3.8.egg-info' (and everything under it)
[6.244s] Copying ../../build/robdep/robdep.egg-info to /home/ubuntu/ros2_ws/install/robdep/lib/python3.8/site-packages/robdep-0.0.0-py3.8.egg-info
[6.245s] running install_scripts
[6.322s] Installing blob_detector script to /home/ubuntu/ros2_ws/install/robdep/lib/robdep
[6.322s] Installing blob_printer script to /home/ubuntu/ros2_ws/install/robdep/lib/robdep
[6.323s] Installing blob_runner script to /home/ubuntu/ros2_ws/install/robdep/lib/robdep
[6.324s] Installing bot_run script to /home/ubuntu/ros2_ws/install/robdep/lib/robdep
[6.325s] Installing get_images script to /home/ubuntu/ros2_ws/install/robdep/lib/robdep
[6.326s] Installing mask_publisher script to /home/ubuntu/ros2_ws/install/robdep/lib/robdep
[6.328s] writing list of installed files to '/home/ubuntu/ros2_ws/build/robdep/install.log'
[6.459s] Invoked command in '/home/ubuntu/ros2_ws/src/robdep' returned '0': CMAKE_PREFIX_PATH=/home/ubuntu/ros2_ws/install/robdep_interfaces:/home/ubuntu/ros2_ws/install/robdep_project_interfaces PYTHONPATH=/home/ubuntu/ros2_ws/build/robdep/prefix_override:/home/ubuntu/ros2_ws/install/robdep/lib/python3.8/site-packages:/home/ubuntu/ros2_ws/install/robdep_interfaces/lib/python3.8/site-packages:/home/ubuntu/ros2_ws/install/robdep_project/lib/python3.8/site-packages:/home/ubuntu/ros2_ws/install/robdep/lib/python3.8/site-packages:/opt/ros/galactic/lib/python3.8/site-packages /usr/bin/python3 setup.py egg_info --egg-base ../../build/robdep build --build-base /home/ubuntu/ros2_ws/build/robdep/build install --record /home/ubuntu/ros2_ws/build/robdep/install.log --single-version-externally-managed
