[2.439s] DEBUG:colcon:Command line arguments: ['/usr/bin/colcon', 'build']
[2.440s] DEBUG:colcon:Parsed command line arguments: Namespace(allow_overriding=[], ament_cmake_args=None, base_paths=['.'], build_base='build', catkin_cmake_args=None, catkin_skip_building_tests=False, cmake_args=None, cmake_clean_cache=False, cmake_clean_first=False, cmake_force_configure=False, cmake_target=None, cmake_target_skip_unavailable=False, continue_on_error=False, event_handlers=None, executor='parallel', ignore_user_meta=False, install_base='install', log_base=None, log_level=None, main=<bound method BuildVerb.main of <colcon_core.verb.build.BuildVerb object at 0xffff9fcfea30>>, merge_install=False, metas=['./colcon.meta'], packages_above=None, packages_above_and_dependencies=None, packages_above_depth=None, packages_end=None, packages_ignore=None, packages_ignore_regex=None, packages_select=None, packages_select_build_failed=False, packages_select_by_dep=None, packages_select_regex=None, packages_select_test_failures=False, packages_skip=None, packages_skip_build_finished=False, packages_skip_by_dep=None, packages_skip_regex=None, packages_skip_test_passed=False, packages_skip_up_to=None, packages_start=None, packages_up_to=None, packages_up_to_regex=None, parallel_workers=4, paths=None, symlink_install=False, test_result_base=None, verb_extension=<colcon_core.verb.build.BuildVerb object at 0xffff9fcfea30>, verb_name='build', verb_parser=<colcon_defaults.argument_parser.defaults.DefaultArgumentsDecorator object at 0xffff9fcfefa0>)
[2.628s] Level 1:colcon.colcon_core.package_discovery:discover_packages(colcon_meta) check parameters
[2.630s] Level 1:colcon.colcon_core.package_discovery:discover_packages(recursive) check parameters
[2.631s] Level 1:colcon.colcon_core.package_discovery:discover_packages(ignore) check parameters
[2.631s] Level 1:colcon.colcon_core.package_discovery:discover_packages(path) check parameters
[2.632s] Level 1:colcon.colcon_core.package_discovery:discover_packages(colcon_meta) discover
[2.633s] Level 1:colcon.colcon_core.package_discovery:discover_packages(recursive) discover
[2.633s] INFO:colcon.colcon_core.package_discovery:Crawling recursively for packages in '/home/ubuntu/ros2_ws'
[2.634s] Level 1:colcon.colcon_core.package_identification:_identify(.) by extensions ['ignore', 'ignore_ament_install']
[2.636s] Level 1:colcon.colcon_core.package_identification:_identify(.) by extension 'ignore'
[2.637s] Level 1:colcon.colcon_core.package_identification:_identify(.) by extension 'ignore_ament_install'
[2.639s] Level 1:colcon.colcon_core.package_identification:_identify(.) by extensions ['colcon_pkg']
[2.641s] Level 1:colcon.colcon_core.package_identification:_identify(.) by extension 'colcon_pkg'
[2.642s] Level 1:colcon.colcon_core.package_identification:_identify(.) by extensions ['colcon_meta']
[2.643s] Level 1:colcon.colcon_core.package_identification:_identify(.) by extension 'colcon_meta'
[2.644s] Level 1:colcon.colcon_core.package_identification:_identify(.) by extensions ['ros']
[2.644s] Level 1:colcon.colcon_core.package_identification:_identify(.) by extension 'ros'
[2.750s] Level 1:colcon.colcon_core.package_identification:_identify(.) by extensions ['cmake', 'python']
[2.751s] Level 1:colcon.colcon_core.package_identification:_identify(.) by extension 'cmake'
[2.752s] Level 1:colcon.colcon_core.package_identification:_identify(.) by extension 'python'
[2.752s] Level 1:colcon.colcon_core.package_identification:_identify(.) by extensions ['python_setup_py']
[2.753s] Level 1:colcon.colcon_core.package_identification:_identify(.) by extension 'python_setup_py'
[2.754s] Level 1:colcon.colcon_core.package_identification:_identify(build) by extensions ['ignore', 'ignore_ament_install']
[2.754s] Level 1:colcon.colcon_core.package_identification:_identify(build) by extension 'ignore'
[2.755s] Level 1:colcon.colcon_core.package_identification:_identify(build) ignored
[2.756s] Level 1:colcon.colcon_core.package_identification:_identify(install) by extensions ['ignore', 'ignore_ament_install']
[2.757s] Level 1:colcon.colcon_core.package_identification:_identify(install) by extension 'ignore'
[2.757s] Level 1:colcon.colcon_core.package_identification:_identify(install) ignored
[2.760s] Level 1:colcon.colcon_core.package_identification:_identify(log) by extensions ['ignore', 'ignore_ament_install']
[2.761s] Level 1:colcon.colcon_core.package_identification:_identify(log) by extension 'ignore'
[2.762s] Level 1:colcon.colcon_core.package_identification:_identify(log) ignored
[2.763s] Level 1:colcon.colcon_core.package_identification:_identify(src) by extensions ['ignore', 'ignore_ament_install']
[2.763s] Level 1:colcon.colcon_core.package_identification:_identify(src) by extension 'ignore'
[2.764s] Level 1:colcon.colcon_core.package_identification:_identify(src) by extension 'ignore_ament_install'
[2.764s] Level 1:colcon.colcon_core.package_identification:_identify(src) by extensions ['colcon_pkg']
[2.765s] Level 1:colcon.colcon_core.package_identification:_identify(src) by extension 'colcon_pkg'
[2.765s] Level 1:colcon.colcon_core.package_identification:_identify(src) by extensions ['colcon_meta']
[2.766s] Level 1:colcon.colcon_core.package_identification:_identify(src) by extension 'colcon_meta'
[2.766s] Level 1:colcon.colcon_core.package_identification:_identify(src) by extensions ['ros']
[2.766s] Level 1:colcon.colcon_core.package_identification:_identify(src) by extension 'ros'
[2.767s] Level 1:colcon.colcon_core.package_identification:_identify(src) by extensions ['cmake', 'python']
[2.768s] Level 1:colcon.colcon_core.package_identification:_identify(src) by extension 'cmake'
[2.768s] Level 1:colcon.colcon_core.package_identification:_identify(src) by extension 'python'
[2.768s] Level 1:colcon.colcon_core.package_identification:_identify(src) by extensions ['python_setup_py']
[2.769s] Level 1:colcon.colcon_core.package_identification:_identify(src) by extension 'python_setup_py'
[2.770s] Level 1:colcon.colcon_core.package_identification:_identify(src/robdep) by extensions ['ignore', 'ignore_ament_install']
[2.771s] Level 1:colcon.colcon_core.package_identification:_identify(src/robdep) by extension 'ignore'
[2.771s] Level 1:colcon.colcon_core.package_identification:_identify(src/robdep) by extension 'ignore_ament_install'
[2.772s] Level 1:colcon.colcon_core.package_identification:_identify(src/robdep) by extensions ['colcon_pkg']
[2.772s] Level 1:colcon.colcon_core.package_identification:_identify(src/robdep) by extension 'colcon_pkg'
[2.773s] Level 1:colcon.colcon_core.package_identification:_identify(src/robdep) by extensions ['colcon_meta']
[2.773s] Level 1:colcon.colcon_core.package_identification:_identify(src/robdep) by extension 'colcon_meta'
[2.774s] Level 1:colcon.colcon_core.package_identification:_identify(src/robdep) by extensions ['ros']
[2.774s] Level 1:colcon.colcon_core.package_identification:_identify(src/robdep) by extension 'ros'
[2.790s] DEBUG:colcon.colcon_core.package_identification:Package 'src/robdep' with type 'ros.ament_python' and name 'robdep'
[2.791s] Level 1:colcon.colcon_core.package_identification:_identify(src/robdep_interfaces) by extensions ['ignore', 'ignore_ament_install']
[2.792s] Level 1:colcon.colcon_core.package_identification:_identify(src/robdep_interfaces) by extension 'ignore'
[2.792s] Level 1:colcon.colcon_core.package_identification:_identify(src/robdep_interfaces) by extension 'ignore_ament_install'
[2.793s] Level 1:colcon.colcon_core.package_identification:_identify(src/robdep_interfaces) by extensions ['colcon_pkg']
[2.793s] Level 1:colcon.colcon_core.package_identification:_identify(src/robdep_interfaces) by extension 'colcon_pkg'
[2.793s] Level 1:colcon.colcon_core.package_identification:_identify(src/robdep_interfaces) by extensions ['colcon_meta']
[2.794s] Level 1:colcon.colcon_core.package_identification:_identify(src/robdep_interfaces) by extension 'colcon_meta'
[2.794s] Level 1:colcon.colcon_core.package_identification:_identify(src/robdep_interfaces) by extensions ['ros']
[2.794s] Level 1:colcon.colcon_core.package_identification:_identify(src/robdep_interfaces) by extension 'ros'
[2.796s] DEBUG:colcon.colcon_core.package_identification:Package 'src/robdep_interfaces' with type 'ros.ament_cmake' and name 'robdep_interfaces'
[2.797s] Level 1:colcon.colcon_core.package_identification:_identify(src/robdep_project) by extensions ['ignore', 'ignore_ament_install']
[2.798s] Level 1:colcon.colcon_core.package_identification:_identify(src/robdep_project) by extension 'ignore'
[2.798s] Level 1:colcon.colcon_core.package_identification:_identify(src/robdep_project) by extension 'ignore_ament_install'
[2.798s] Level 1:colcon.colcon_core.package_identification:_identify(src/robdep_project) by extensions ['colcon_pkg']
[2.798s] Level 1:colcon.colcon_core.package_identification:_identify(src/robdep_project) by extension 'colcon_pkg'
[2.799s] Level 1:colcon.colcon_core.package_identification:_identify(src/robdep_project) by extensions ['colcon_meta']
[2.799s] Level 1:colcon.colcon_core.package_identification:_identify(src/robdep_project) by extension 'colcon_meta'
[2.799s] Level 1:colcon.colcon_core.package_identification:_identify(src/robdep_project) by extensions ['ros']
[2.799s] Level 1:colcon.colcon_core.package_identification:_identify(src/robdep_project) by extension 'ros'
[2.801s] DEBUG:colcon.colcon_core.package_identification:Package 'src/robdep_project' with type 'ros.ament_python' and name 'robdep_project'
[2.802s] Level 1:colcon.colcon_core.package_identification:_identify(src/robdep_project_interfaces) by extensions ['ignore', 'ignore_ament_install']
[2.803s] Level 1:colcon.colcon_core.package_identification:_identify(src/robdep_project_interfaces) by extension 'ignore'
[2.803s] Level 1:colcon.colcon_core.package_identification:_identify(src/robdep_project_interfaces) by extension 'ignore_ament_install'
[2.803s] Level 1:colcon.colcon_core.package_identification:_identify(src/robdep_project_interfaces) by extensions ['colcon_pkg']
[2.803s] Level 1:colcon.colcon_core.package_identification:_identify(src/robdep_project_interfaces) by extension 'colcon_pkg'
[2.804s] Level 1:colcon.colcon_core.package_identification:_identify(src/robdep_project_interfaces) by extensions ['colcon_meta']
[2.804s] Level 1:colcon.colcon_core.package_identification:_identify(src/robdep_project_interfaces) by extension 'colcon_meta'
[2.804s] Level 1:colcon.colcon_core.package_identification:_identify(src/robdep_project_interfaces) by extensions ['ros']
[2.804s] Level 1:colcon.colcon_core.package_identification:_identify(src/robdep_project_interfaces) by extension 'ros'
[2.807s] DEBUG:colcon.colcon_core.package_identification:Package 'src/robdep_project_interfaces' with type 'ros.ament_cmake' and name 'robdep_project_interfaces'
[2.807s] Level 1:colcon.colcon_core.package_discovery:discover_packages(recursive) using defaults
[2.808s] Level 1:colcon.colcon_core.package_discovery:discover_packages(ignore) discover
[2.808s] Level 1:colcon.colcon_core.package_discovery:discover_packages(ignore) using defaults
[2.809s] Level 1:colcon.colcon_core.package_discovery:discover_packages(path) discover
[2.809s] Level 1:colcon.colcon_core.package_discovery:discover_packages(path) using defaults
[2.954s] Level 1:colcon.colcon_core.package_discovery:discover_packages(prefix_path) check parameters
[2.954s] Level 1:colcon.colcon_core.package_discovery:discover_packages(prefix_path) discover
[2.971s] DEBUG:colcon.colcon_installed_package_information.package_discovery:Found 4 installed packages in /home/ubuntu/ros2_ws/install
[2.984s] DEBUG:colcon.colcon_installed_package_information.package_discovery:Found 288 installed packages in /opt/ros/galactic
[2.994s] Level 1:colcon.colcon_core.package_discovery:discover_packages(prefix_path) using defaults
[3.433s] Level 5:colcon.colcon_core.verb:set package 'robdep_interfaces' build argument 'cmake_args' from command line to 'None'
[3.434s] Level 5:colcon.colcon_core.verb:set package 'robdep_interfaces' build argument 'cmake_target' from command line to 'None'
[3.434s] Level 5:colcon.colcon_core.verb:set package 'robdep_interfaces' build argument 'cmake_target_skip_unavailable' from command line to 'False'
[3.434s] Level 5:colcon.colcon_core.verb:set package 'robdep_interfaces' build argument 'cmake_clean_cache' from command line to 'False'
[3.434s] Level 5:colcon.colcon_core.verb:set package 'robdep_interfaces' build argument 'cmake_clean_first' from command line to 'False'
[3.434s] Level 5:colcon.colcon_core.verb:set package 'robdep_interfaces' build argument 'cmake_force_configure' from command line to 'False'
[3.434s] Level 5:colcon.colcon_core.verb:set package 'robdep_interfaces' build argument 'ament_cmake_args' from command line to 'None'
[3.435s] Level 5:colcon.colcon_core.verb:set package 'robdep_interfaces' build argument 'catkin_cmake_args' from command line to 'None'
[3.435s] Level 5:colcon.colcon_core.verb:set package 'robdep_interfaces' build argument 'catkin_skip_building_tests' from command line to 'False'
[3.435s] DEBUG:colcon.colcon_core.verb:Building package 'robdep_interfaces' with the following arguments: {'ament_cmake_args': None, 'build_base': '/home/ubuntu/ros2_ws/build/robdep_interfaces', 'catkin_cmake_args': None, 'catkin_skip_building_tests': False, 'cmake_args': None, 'cmake_clean_cache': False, 'cmake_clean_first': False, 'cmake_force_configure': False, 'cmake_target': None, 'cmake_target_skip_unavailable': False, 'install_base': '/home/ubuntu/ros2_ws/install/robdep_interfaces', 'merge_install': False, 'path': '/home/ubuntu/ros2_ws/src/robdep_interfaces', 'symlink_install': False, 'test_result_base': None}
[3.443s] Level 5:colcon.colcon_core.verb:set package 'robdep_project' build argument 'cmake_args' from command line to 'None'
[3.444s] Level 5:colcon.colcon_core.verb:set package 'robdep_project' build argument 'cmake_target' from command line to 'None'
[3.445s] Level 5:colcon.colcon_core.verb:set package 'robdep_project' build argument 'cmake_target_skip_unavailable' from command line to 'False'
[3.445s] Level 5:colcon.colcon_core.verb:set package 'robdep_project' build argument 'cmake_clean_cache' from command line to 'False'
[3.445s] Level 5:colcon.colcon_core.verb:set package 'robdep_project' build argument 'cmake_clean_first' from command line to 'False'
[3.446s] Level 5:colcon.colcon_core.verb:set package 'robdep_project' build argument 'cmake_force_configure' from command line to 'False'
[3.446s] Level 5:colcon.colcon_core.verb:set package 'robdep_project' build argument 'ament_cmake_args' from command line to 'None'
[3.446s] Level 5:colcon.colcon_core.verb:set package 'robdep_project' build argument 'catkin_cmake_args' from command line to 'None'
[3.446s] Level 5:colcon.colcon_core.verb:set package 'robdep_project' build argument 'catkin_skip_building_tests' from command line to 'False'
[3.446s] DEBUG:colcon.colcon_core.verb:Building package 'robdep_project' with the following arguments: {'ament_cmake_args': None, 'build_base': '/home/ubuntu/ros2_ws/build/robdep_project', 'catkin_cmake_args': None, 'catkin_skip_building_tests': False, 'cmake_args': None, 'cmake_clean_cache': False, 'cmake_clean_first': False, 'cmake_force_configure': False, 'cmake_target': None, 'cmake_target_skip_unavailable': False, 'install_base': '/home/ubuntu/ros2_ws/install/robdep_project', 'merge_install': False, 'path': '/home/ubuntu/ros2_ws/src/robdep_project', 'symlink_install': False, 'test_result_base': None}
[3.455s] Level 5:colcon.colcon_core.verb:set package 'robdep_project_interfaces' build argument 'cmake_args' from command line to 'None'
[3.455s] Level 5:colcon.colcon_core.verb:set package 'robdep_project_interfaces' build argument 'cmake_target' from command line to 'None'
[3.455s] Level 5:colcon.colcon_core.verb:set package 'robdep_project_interfaces' build argument 'cmake_target_skip_unavailable' from command line to 'False'
[3.455s] Level 5:colcon.colcon_core.verb:set package 'robdep_project_interfaces' build argument 'cmake_clean_cache' from command line to 'False'
[3.455s] Level 5:colcon.colcon_core.verb:set package 'robdep_project_interfaces' build argument 'cmake_clean_first' from command line to 'False'
[3.455s] Level 5:colcon.colcon_core.verb:set package 'robdep_project_interfaces' build argument 'cmake_force_configure' from command line to 'False'
[3.455s] Level 5:colcon.colcon_core.verb:set package 'robdep_project_interfaces' build argument 'ament_cmake_args' from command line to 'None'
[3.455s] Level 5:colcon.colcon_core.verb:set package 'robdep_project_interfaces' build argument 'catkin_cmake_args' from command line to 'None'
[3.456s] Level 5:colcon.colcon_core.verb:set package 'robdep_project_interfaces' build argument 'catkin_skip_building_tests' from command line to 'False'
[3.456s] DEBUG:colcon.colcon_core.verb:Building package 'robdep_project_interfaces' with the following arguments: {'ament_cmake_args': None, 'build_base': '/home/ubuntu/ros2_ws/build/robdep_project_interfaces', 'catkin_cmake_args': None, 'catkin_skip_building_tests': False, 'cmake_args': None, 'cmake_clean_cache': False, 'cmake_clean_first': False, 'cmake_force_configure': False, 'cmake_target': None, 'cmake_target_skip_unavailable': False, 'install_base': '/home/ubuntu/ros2_ws/install/robdep_project_interfaces', 'merge_install': False, 'path': '/home/ubuntu/ros2_ws/src/robdep_project_interfaces', 'symlink_install': False, 'test_result_base': None}
[3.463s] Level 5:colcon.colcon_core.verb:set package 'robdep' build argument 'cmake_args' from command line to 'None'
[3.463s] Level 5:colcon.colcon_core.verb:set package 'robdep' build argument 'cmake_target' from command line to 'None'
[3.463s] Level 5:colcon.colcon_core.verb:set package 'robdep' build argument 'cmake_target_skip_unavailable' from command line to 'False'
[3.463s] Level 5:colcon.colcon_core.verb:set package 'robdep' build argument 'cmake_clean_cache' from command line to 'False'
[3.463s] Level 5:colcon.colcon_core.verb:set package 'robdep' build argument 'cmake_clean_first' from command line to 'False'
[3.463s] Level 5:colcon.colcon_core.verb:set package 'robdep' build argument 'cmake_force_configure' from command line to 'False'
[3.464s] Level 5:colcon.colcon_core.verb:set package 'robdep' build argument 'ament_cmake_args' from command line to 'None'
[3.464s] Level 5:colcon.colcon_core.verb:set package 'robdep' build argument 'catkin_cmake_args' from command line to 'None'
[3.464s] Level 5:colcon.colcon_core.verb:set package 'robdep' build argument 'catkin_skip_building_tests' from command line to 'False'
[3.464s] DEBUG:colcon.colcon_core.verb:Building package 'robdep' with the following arguments: {'ament_cmake_args': None, 'build_base': '/home/ubuntu/ros2_ws/build/robdep', 'catkin_cmake_args': None, 'catkin_skip_building_tests': False, 'cmake_args': None, 'cmake_clean_cache': False, 'cmake_clean_first': False, 'cmake_force_configure': False, 'cmake_target': None, 'cmake_target_skip_unavailable': False, 'install_base': '/home/ubuntu/ros2_ws/install/robdep', 'merge_install': False, 'path': '/home/ubuntu/ros2_ws/src/robdep', 'symlink_install': False, 'test_result_base': None}
[3.469s] INFO:colcon.colcon_core.executor:Executing jobs using 'parallel' executor
[3.490s] DEBUG:colcon.colcon_parallel_executor.executor.parallel:run_until_complete
[3.492s] INFO:colcon.colcon_ros.task.ament_cmake.build:Building ROS package in '/home/ubuntu/ros2_ws/src/robdep_interfaces' with build type 'ament_cmake'
[3.492s] INFO:colcon.colcon_cmake.task.cmake.build:Building CMake package in '/home/ubuntu/ros2_ws/src/robdep_interfaces'
[3.532s] INFO:colcon.colcon_core.plugin_system:Skipping extension 'colcon_core.shell.bat': Not used on non-Windows systems
[3.533s] INFO:colcon.colcon_core.shell:Skip shell extension 'powershell' for command environment: Not usable outside of PowerShell
[3.533s] DEBUG:colcon.colcon_core.shell:Skip shell extension 'dsv' for command environment
[3.578s] INFO:colcon.colcon_ros.task.ament_python.build:Building ROS package in '/home/ubuntu/ros2_ws/src/robdep_project' with build type 'ament_python'
[3.579s] Level 1:colcon.colcon_core.shell:create_environment_hook('robdep_project', 'ament_prefix_path')
[3.600s] INFO:colcon.colcon_core.shell:Creating environment hook '/home/ubuntu/ros2_ws/install/robdep_project/share/robdep_project/hook/ament_prefix_path.ps1'
[3.613s] INFO:colcon.colcon_core.shell:Creating environment descriptor '/home/ubuntu/ros2_ws/install/robdep_project/share/robdep_project/hook/ament_prefix_path.dsv'
[3.616s] INFO:colcon.colcon_core.shell:Creating environment hook '/home/ubuntu/ros2_ws/install/robdep_project/share/robdep_project/hook/ament_prefix_path.sh'
[3.630s] INFO:colcon.colcon_core.shell:Skip shell extension 'powershell' for command environment: Not usable outside of PowerShell
[3.630s] DEBUG:colcon.colcon_core.shell:Skip shell extension 'dsv' for command environment
[3.667s] INFO:colcon.colcon_ros.task.ament_cmake.build:Building ROS package in '/home/ubuntu/ros2_ws/src/robdep_project_interfaces' with build type 'ament_cmake'
[3.668s] INFO:colcon.colcon_cmake.task.cmake.build:Building CMake package in '/home/ubuntu/ros2_ws/src/robdep_project_interfaces'
[3.675s] INFO:colcon.colcon_core.shell:Skip shell extension 'powershell' for command environment: Not usable outside of PowerShell
[3.676s] DEBUG:colcon.colcon_core.shell:Skip shell extension 'dsv' for command environment
[3.769s] DEBUG:colcon.colcon_core.event_handler.log_command:Invoking command in '/home/ubuntu/ros2_ws/build/robdep_interfaces': CMAKE_PREFIX_PATH=${CMAKE_PREFIX_PATH}:/home/ubuntu/ros2_ws/install/robdep_project:/home/ubuntu/ros2_ws/install/robdep:/opt/ros/galactic /usr/bin/cmake --build /home/ubuntu/ros2_ws/build/robdep_interfaces -- -j4 -l4
[5.965s] INFO:colcon.colcon_core.task.python.build:Building Python package in '/home/ubuntu/ros2_ws/src/robdep_project'
[5.976s] INFO:colcon.colcon_core.shell:Skip shell extension 'powershell' for command environment: Not usable outside of PowerShell
[5.977s] DEBUG:colcon.colcon_core.shell:Skip shell extension 'dsv' for command environment
[6.056s] DEBUG:colcon.colcon_core.event_handler.log_command:Invoking command in '/home/ubuntu/ros2_ws/build/robdep_project_interfaces': CMAKE_PREFIX_PATH=${CMAKE_PREFIX_PATH}:/home/ubuntu/ros2_ws/install/robdep_project:/home/ubuntu/ros2_ws/install/robdep:/opt/ros/galactic /usr/bin/cmake --build /home/ubuntu/ros2_ws/build/robdep_project_interfaces -- -j4 -l4
[6.502s] DEBUG:colcon.colcon_core.event_handler.log_command:Invoked command in '/home/ubuntu/ros2_ws/build/robdep_project_interfaces' returned '0': CMAKE_PREFIX_PATH=${CMAKE_PREFIX_PATH}:/home/ubuntu/ros2_ws/install/robdep_project:/home/ubuntu/ros2_ws/install/robdep:/opt/ros/galactic /usr/bin/cmake --build /home/ubuntu/ros2_ws/build/robdep_project_interfaces -- -j4 -l4
[6.844s] DEBUG:colcon.colcon_core.event_handler.log_command:Invoking command in '/home/ubuntu/ros2_ws/build/robdep_project_interfaces': CMAKE_PREFIX_PATH=${CMAKE_PREFIX_PATH}:/home/ubuntu/ros2_ws/install/robdep_project:/home/ubuntu/ros2_ws/install/robdep:/opt/ros/galactic /usr/bin/cmake --install /home/ubuntu/ros2_ws/build/robdep_project_interfaces
[7.025s] Level 1:colcon.colcon_core.environment:create_environment_scripts_only(robdep_project_interfaces)
[7.030s] DEBUG:colcon.colcon_core.event_handler.log_command:Invoked command in '/home/ubuntu/ros2_ws/build/robdep_project_interfaces' returned '0': CMAKE_PREFIX_PATH=${CMAKE_PREFIX_PATH}:/home/ubuntu/ros2_ws/install/robdep_project:/home/ubuntu/ros2_ws/install/robdep:/opt/ros/galactic /usr/bin/cmake --install /home/ubuntu/ros2_ws/build/robdep_project_interfaces
[7.112s] Level 1:colcon.colcon_core.environment:checking '/home/ubuntu/ros2_ws/install/robdep_project_interfaces' for CMake module files
[7.118s] Level 1:colcon.colcon_core.environment:checking '/home/ubuntu/ros2_ws/install/robdep_project_interfaces' for CMake config files
[7.128s] Level 1:colcon.colcon_core.shell:create_environment_hook('robdep_project_interfaces', 'cmake_prefix_path')
[7.156s] INFO:colcon.colcon_core.shell:Creating environment hook '/home/ubuntu/ros2_ws/install/robdep_project_interfaces/share/robdep_project_interfaces/hook/cmake_prefix_path.ps1'
[7.159s] INFO:colcon.colcon_core.shell:Creating environment descriptor '/home/ubuntu/ros2_ws/install/robdep_project_interfaces/share/robdep_project_interfaces/hook/cmake_prefix_path.dsv'
[7.162s] INFO:colcon.colcon_core.shell:Creating environment hook '/home/ubuntu/ros2_ws/install/robdep_project_interfaces/share/robdep_project_interfaces/hook/cmake_prefix_path.sh'
[7.168s] Level 1:colcon.colcon_core.environment:checking '/home/ubuntu/ros2_ws/install/robdep_project_interfaces/bin'
[7.168s] Level 1:colcon.colcon_core.environment:checking '/home/ubuntu/ros2_ws/install/robdep_project_interfaces/lib/pkgconfig/robdep_project_interfaces.pc'
[7.169s] Level 1:colcon.colcon_core.environment:checking '/home/ubuntu/ros2_ws/install/robdep_project_interfaces/lib/python3.8/site-packages'
[7.170s] Level 1:colcon.colcon_core.environment:checking '/home/ubuntu/ros2_ws/install/robdep_project_interfaces/bin'
[7.197s] INFO:colcon.colcon_core.shell:Creating package script '/home/ubuntu/ros2_ws/install/robdep_project_interfaces/share/robdep_project_interfaces/package.ps1'
[7.203s] INFO:colcon.colcon_core.shell:Creating package descriptor '/home/ubuntu/ros2_ws/install/robdep_project_interfaces/share/robdep_project_interfaces/package.dsv'
[7.208s] INFO:colcon.colcon_core.shell:Creating package script '/home/ubuntu/ros2_ws/install/robdep_project_interfaces/share/robdep_project_interfaces/package.sh'
[7.211s] INFO:colcon.colcon_core.shell:Creating package script '/home/ubuntu/ros2_ws/install/robdep_project_interfaces/share/robdep_project_interfaces/package.bash'
[7.227s] INFO:colcon.colcon_core.shell:Creating package script '/home/ubuntu/ros2_ws/install/robdep_project_interfaces/share/robdep_project_interfaces/package.zsh'
[7.231s] Level 1:colcon.colcon_core.environment:create_file_with_runtime_dependencies(/home/ubuntu/ros2_ws/install/robdep_project_interfaces/share/colcon-core/packages/robdep_project_interfaces)
[7.636s] Level 1:colcon.colcon_core.environment:create_environment_scripts_only(robdep_project_interfaces)
[7.664s] Level 1:colcon.colcon_core.environment:checking '/home/ubuntu/ros2_ws/install/robdep_project_interfaces' for CMake module files
[7.667s] Level 1:colcon.colcon_core.environment:checking '/home/ubuntu/ros2_ws/install/robdep_project_interfaces' for CMake config files
[7.668s] Level 1:colcon.colcon_core.shell:create_environment_hook('robdep_project_interfaces', 'cmake_prefix_path')
[7.678s] INFO:colcon.colcon_core.shell:Creating environment hook '/home/ubuntu/ros2_ws/install/robdep_project_interfaces/share/robdep_project_interfaces/hook/cmake_prefix_path.ps1'
[7.681s] INFO:colcon.colcon_core.shell:Creating environment descriptor '/home/ubuntu/ros2_ws/install/robdep_project_interfaces/share/robdep_project_interfaces/hook/cmake_prefix_path.dsv'
[7.701s] INFO:colcon.colcon_core.shell:Creating environment hook '/home/ubuntu/ros2_ws/install/robdep_project_interfaces/share/robdep_project_interfaces/hook/cmake_prefix_path.sh'
[7.708s] Level 1:colcon.colcon_core.environment:checking '/home/ubuntu/ros2_ws/install/robdep_project_interfaces/bin'
[7.709s] Level 1:colcon.colcon_core.environment:checking '/home/ubuntu/ros2_ws/install/robdep_project_interfaces/lib/pkgconfig/robdep_project_interfaces.pc'
[7.711s] Level 1:colcon.colcon_core.environment:checking '/home/ubuntu/ros2_ws/install/robdep_project_interfaces/lib/python3.8/site-packages'
[7.712s] Level 1:colcon.colcon_core.environment:checking '/home/ubuntu/ros2_ws/install/robdep_project_interfaces/bin'
[7.732s] INFO:colcon.colcon_core.shell:Creating package script '/home/ubuntu/ros2_ws/install/robdep_project_interfaces/share/robdep_project_interfaces/package.ps1'
[7.735s] INFO:colcon.colcon_core.shell:Creating package descriptor '/home/ubuntu/ros2_ws/install/robdep_project_interfaces/share/robdep_project_interfaces/package.dsv'
[7.739s] INFO:colcon.colcon_core.shell:Creating package script '/home/ubuntu/ros2_ws/install/robdep_project_interfaces/share/robdep_project_interfaces/package.sh'
[7.742s] INFO:colcon.colcon_core.shell:Creating package script '/home/ubuntu/ros2_ws/install/robdep_project_interfaces/share/robdep_project_interfaces/package.bash'
[7.745s] INFO:colcon.colcon_core.shell:Creating package script '/home/ubuntu/ros2_ws/install/robdep_project_interfaces/share/robdep_project_interfaces/package.zsh'
[7.749s] Level 1:colcon.colcon_core.environment:create_file_with_runtime_dependencies(/home/ubuntu/ros2_ws/install/robdep_project_interfaces/share/colcon-core/packages/robdep_project_interfaces)
[7.762s] DEBUG:colcon.colcon_core.event_handler.log_command:Invoked command in '/home/ubuntu/ros2_ws/build/robdep_interfaces' returned '0': CMAKE_PREFIX_PATH=${CMAKE_PREFIX_PATH}:/home/ubuntu/ros2_ws/install/robdep_project:/home/ubuntu/ros2_ws/install/robdep:/opt/ros/galactic /usr/bin/cmake --build /home/ubuntu/ros2_ws/build/robdep_interfaces -- -j4 -l4
[9.050s] DEBUG:colcon.colcon_core.event_handler.log_command:Invoking command in '/home/ubuntu/ros2_ws/src/robdep_project': PYTHONPATH=/home/ubuntu/ros2_ws/build/robdep_project/prefix_override:/home/ubuntu/ros2_ws/install/robdep_project/lib/python3.8/site-packages:${PYTHONPATH} /usr/bin/python3 setup.py egg_info --egg-base ../../build/robdep_project build --build-base /home/ubuntu/ros2_ws/build/robdep_project/build install --record /home/ubuntu/ros2_ws/build/robdep_project/install.log --single-version-externally-managed
[9.185s] DEBUG:colcon.colcon_core.event_handler.log_command:Invoking command in '/home/ubuntu/ros2_ws/build/robdep_interfaces': CMAKE_PREFIX_PATH=${CMAKE_PREFIX_PATH}:/home/ubuntu/ros2_ws/install/robdep_project:/home/ubuntu/ros2_ws/install/robdep:/opt/ros/galactic /usr/bin/cmake --install /home/ubuntu/ros2_ws/build/robdep_interfaces
[9.618s] Level 1:colcon.colcon_core.environment:create_environment_scripts_only(robdep_interfaces)
[9.632s] Level 1:colcon.colcon_core.environment:checking '/home/ubuntu/ros2_ws/install/robdep_interfaces' for CMake module files
[9.634s] DEBUG:colcon.colcon_core.event_handler.log_command:Invoked command in '/home/ubuntu/ros2_ws/build/robdep_interfaces' returned '0': CMAKE_PREFIX_PATH=${CMAKE_PREFIX_PATH}:/home/ubuntu/ros2_ws/install/robdep_project:/home/ubuntu/ros2_ws/install/robdep:/opt/ros/galactic /usr/bin/cmake --install /home/ubuntu/ros2_ws/build/robdep_interfaces
[9.651s] Level 1:colcon.colcon_core.environment:checking '/home/ubuntu/ros2_ws/install/robdep_interfaces' for CMake config files
[9.655s] Level 1:colcon.colcon_core.shell:create_environment_hook('robdep_interfaces', 'cmake_prefix_path')
[9.663s] INFO:colcon.colcon_core.shell:Creating environment hook '/home/ubuntu/ros2_ws/install/robdep_interfaces/share/robdep_interfaces/hook/cmake_prefix_path.ps1'
[9.666s] INFO:colcon.colcon_core.shell:Creating environment descriptor '/home/ubuntu/ros2_ws/install/robdep_interfaces/share/robdep_interfaces/hook/cmake_prefix_path.dsv'
[9.668s] INFO:colcon.colcon_core.shell:Creating environment hook '/home/ubuntu/ros2_ws/install/robdep_interfaces/share/robdep_interfaces/hook/cmake_prefix_path.sh'
[9.676s] Level 1:colcon.colcon_core.environment:checking '/home/ubuntu/ros2_ws/install/robdep_interfaces/lib'
[9.682s] Level 1:colcon.colcon_core.shell:create_environment_hook('robdep_interfaces', 'ld_library_path_lib')
[9.691s] INFO:colcon.colcon_core.shell:Creating environment hook '/home/ubuntu/ros2_ws/install/robdep_interfaces/share/robdep_interfaces/hook/ld_library_path_lib.ps1'
[9.693s] INFO:colcon.colcon_core.shell:Creating environment descriptor '/home/ubuntu/ros2_ws/install/robdep_interfaces/share/robdep_interfaces/hook/ld_library_path_lib.dsv'
[9.695s] INFO:colcon.colcon_core.shell:Creating environment hook '/home/ubuntu/ros2_ws/install/robdep_interfaces/share/robdep_interfaces/hook/ld_library_path_lib.sh'
[9.697s] Level 1:colcon.colcon_core.environment:checking '/home/ubuntu/ros2_ws/install/robdep_interfaces/bin'
[9.697s] Level 1:colcon.colcon_core.environment:checking '/home/ubuntu/ros2_ws/install/robdep_interfaces/lib/pkgconfig/robdep_interfaces.pc'
[9.698s] Level 1:colcon.colcon_core.environment:checking '/home/ubuntu/ros2_ws/install/robdep_interfaces/lib/python3.8/site-packages'
[9.699s] Level 1:colcon.colcon_core.shell:create_environment_hook('robdep_interfaces', 'pythonpath')
[9.710s] INFO:colcon.colcon_core.shell:Creating environment hook '/home/ubuntu/ros2_ws/install/robdep_interfaces/share/robdep_interfaces/hook/pythonpath.ps1'
[9.721s] INFO:colcon.colcon_core.shell:Creating environment descriptor '/home/ubuntu/ros2_ws/install/robdep_interfaces/share/robdep_interfaces/hook/pythonpath.dsv'
[9.723s] INFO:colcon.colcon_core.shell:Creating environment hook '/home/ubuntu/ros2_ws/install/robdep_interfaces/share/robdep_interfaces/hook/pythonpath.sh'
[9.725s] Level 1:colcon.colcon_core.environment:checking '/home/ubuntu/ros2_ws/install/robdep_interfaces/bin'
[9.735s] INFO:colcon.colcon_core.shell:Creating package script '/home/ubuntu/ros2_ws/install/robdep_interfaces/share/robdep_interfaces/package.ps1'
[9.744s] INFO:colcon.colcon_core.shell:Creating package descriptor '/home/ubuntu/ros2_ws/install/robdep_interfaces/share/robdep_interfaces/package.dsv'
[9.748s] INFO:colcon.colcon_core.shell:Creating package script '/home/ubuntu/ros2_ws/install/robdep_interfaces/share/robdep_interfaces/package.sh'
[9.751s] INFO:colcon.colcon_core.shell:Creating package script '/home/ubuntu/ros2_ws/install/robdep_interfaces/share/robdep_interfaces/package.bash'
[9.753s] INFO:colcon.colcon_core.shell:Creating package script '/home/ubuntu/ros2_ws/install/robdep_interfaces/share/robdep_interfaces/package.zsh'
[9.755s] Level 1:colcon.colcon_core.environment:create_file_with_runtime_dependencies(/home/ubuntu/ros2_ws/install/robdep_interfaces/share/colcon-core/packages/robdep_interfaces)
[10.911s] Level 1:colcon.colcon_core.environment:create_environment_scripts_only(robdep_interfaces)
[10.932s] Level 1:colcon.colcon_core.environment:checking '/home/ubuntu/ros2_ws/install/robdep_interfaces' for CMake module files
[10.939s] Level 1:colcon.colcon_core.environment:checking '/home/ubuntu/ros2_ws/install/robdep_interfaces' for CMake config files
[10.945s] Level 1:colcon.colcon_core.shell:create_environment_hook('robdep_interfaces', 'cmake_prefix_path')
[10.963s] INFO:colcon.colcon_core.shell:Creating environment hook '/home/ubuntu/ros2_ws/install/robdep_interfaces/share/robdep_interfaces/hook/cmake_prefix_path.ps1'
[10.971s] INFO:colcon.colcon_core.shell:Creating environment descriptor '/home/ubuntu/ros2_ws/install/robdep_interfaces/share/robdep_interfaces/hook/cmake_prefix_path.dsv'
[10.974s] INFO:colcon.colcon_core.shell:Creating environment hook '/home/ubuntu/ros2_ws/install/robdep_interfaces/share/robdep_interfaces/hook/cmake_prefix_path.sh'
[10.984s] Level 1:colcon.colcon_core.environment:checking '/home/ubuntu/ros2_ws/install/robdep_interfaces/lib'
[10.985s] Level 1:colcon.colcon_core.shell:create_environment_hook('robdep_interfaces', 'ld_library_path_lib')
[11.000s] INFO:colcon.colcon_core.shell:Creating environment hook '/home/ubuntu/ros2_ws/install/robdep_interfaces/share/robdep_interfaces/hook/ld_library_path_lib.ps1'
[11.006s] INFO:colcon.colcon_core.shell:Creating environment descriptor '/home/ubuntu/ros2_ws/install/robdep_interfaces/share/robdep_interfaces/hook/ld_library_path_lib.dsv'
[11.021s] INFO:colcon.colcon_core.shell:Creating environment hook '/home/ubuntu/ros2_ws/install/robdep_interfaces/share/robdep_interfaces/hook/ld_library_path_lib.sh'
[11.028s] Level 1:colcon.colcon_core.environment:checking '/home/ubuntu/ros2_ws/install/robdep_interfaces/bin'
[11.028s] Level 1:colcon.colcon_core.environment:checking '/home/ubuntu/ros2_ws/install/robdep_interfaces/lib/pkgconfig/robdep_interfaces.pc'
[11.029s] Level 1:colcon.colcon_core.environment:checking '/home/ubuntu/ros2_ws/install/robdep_interfaces/lib/python3.8/site-packages'
[11.030s] Level 1:colcon.colcon_core.shell:create_environment_hook('robdep_interfaces', 'pythonpath')
[11.043s] INFO:colcon.colcon_core.shell:Creating environment hook '/home/ubuntu/ros2_ws/install/robdep_interfaces/share/robdep_interfaces/hook/pythonpath.ps1'
[11.047s] INFO:colcon.colcon_core.shell:Creating environment descriptor '/home/ubuntu/ros2_ws/install/robdep_interfaces/share/robdep_interfaces/hook/pythonpath.dsv'
[11.050s] INFO:colcon.colcon_core.shell:Creating environment hook '/home/ubuntu/ros2_ws/install/robdep_interfaces/share/robdep_interfaces/hook/pythonpath.sh'
[11.054s] Level 1:colcon.colcon_core.environment:checking '/home/ubuntu/ros2_ws/install/robdep_interfaces/bin'
[11.065s] INFO:colcon.colcon_core.shell:Creating package script '/home/ubuntu/ros2_ws/install/robdep_interfaces/share/robdep_interfaces/package.ps1'
[11.069s] INFO:colcon.colcon_core.shell:Creating package descriptor '/home/ubuntu/ros2_ws/install/robdep_interfaces/share/robdep_interfaces/package.dsv'
[11.073s] INFO:colcon.colcon_core.shell:Creating package script '/home/ubuntu/ros2_ws/install/robdep_interfaces/share/robdep_interfaces/package.sh'
[11.081s] INFO:colcon.colcon_core.shell:Creating package script '/home/ubuntu/ros2_ws/install/robdep_interfaces/share/robdep_interfaces/package.bash'
[11.086s] INFO:colcon.colcon_core.shell:Creating package script '/home/ubuntu/ros2_ws/install/robdep_interfaces/share/robdep_interfaces/package.zsh'
[11.089s] Level 1:colcon.colcon_core.environment:create_file_with_runtime_dependencies(/home/ubuntu/ros2_ws/install/robdep_interfaces/share/colcon-core/packages/robdep_interfaces)
[11.098s] INFO:colcon.colcon_ros.task.ament_python.build:Building ROS package in '/home/ubuntu/ros2_ws/src/robdep' with build type 'ament_python'
[11.100s] Level 1:colcon.colcon_core.shell:create_environment_hook('robdep', 'ament_prefix_path')
[11.109s] INFO:colcon.colcon_core.shell:Creating environment hook '/home/ubuntu/ros2_ws/install/robdep/share/robdep/hook/ament_prefix_path.ps1'
[11.112s] INFO:colcon.colcon_core.shell:Creating environment descriptor '/home/ubuntu/ros2_ws/install/robdep/share/robdep/hook/ament_prefix_path.dsv'
[11.114s] INFO:colcon.colcon_core.shell:Creating environment hook '/home/ubuntu/ros2_ws/install/robdep/share/robdep/hook/ament_prefix_path.sh'
[11.131s] INFO:colcon.colcon_core.shell:Skip shell extension 'powershell' for command environment: Not usable outside of PowerShell
[11.131s] DEBUG:colcon.colcon_core.shell:Skip shell extension 'dsv' for command environment
[13.565s] INFO:colcon.colcon_core.task.python.build:Building Python package in '/home/ubuntu/ros2_ws/src/robdep'
[13.589s] INFO:colcon.colcon_core.shell:Skip shell extension 'powershell' for command environment: Not usable outside of PowerShell
[13.590s] DEBUG:colcon.colcon_core.shell:Skip shell extension 'dsv' for command environment
[13.650s] DEBUG:colcon.colcon_core.event_handler.log_command:Invoked command in '/home/ubuntu/ros2_ws/src/robdep_project' returned '0': PYTHONPATH=/home/ubuntu/ros2_ws/build/robdep_project/prefix_override:/home/ubuntu/ros2_ws/install/robdep_project/lib/python3.8/site-packages:${PYTHONPATH} /usr/bin/python3 setup.py egg_info --egg-base ../../build/robdep_project build --build-base /home/ubuntu/ros2_ws/build/robdep_project/build install --record /home/ubuntu/ros2_ws/build/robdep_project/install.log --single-version-externally-managed
[13.670s] Level 1:colcon.colcon_core.environment:checking '/home/ubuntu/ros2_ws/install/robdep_project' for CMake module files
[13.677s] Level 1:colcon.colcon_core.environment:checking '/home/ubuntu/ros2_ws/install/robdep_project' for CMake config files
[13.681s] Level 1:colcon.colcon_core.environment:checking '/home/ubuntu/ros2_ws/install/robdep_project/lib'
[13.682s] Level 1:colcon.colcon_core.environment:checking '/home/ubuntu/ros2_ws/install/robdep_project/bin'
[13.682s] Level 1:colcon.colcon_core.environment:checking '/home/ubuntu/ros2_ws/install/robdep_project/lib/pkgconfig/robdep_project.pc'
[13.683s] Level 1:colcon.colcon_core.environment:checking '/home/ubuntu/ros2_ws/install/robdep_project/lib/python3.8/site-packages'
[13.683s] Level 1:colcon.colcon_core.shell:create_environment_hook('robdep_project', 'pythonpath')
[13.700s] INFO:colcon.colcon_core.shell:Creating environment hook '/home/ubuntu/ros2_ws/install/robdep_project/share/robdep_project/hook/pythonpath.ps1'
[13.706s] INFO:colcon.colcon_core.shell:Creating environment descriptor '/home/ubuntu/ros2_ws/install/robdep_project/share/robdep_project/hook/pythonpath.dsv'
[13.710s] INFO:colcon.colcon_core.shell:Creating environment hook '/home/ubuntu/ros2_ws/install/robdep_project/share/robdep_project/hook/pythonpath.sh'
[13.713s] Level 1:colcon.colcon_core.environment:checking '/home/ubuntu/ros2_ws/install/robdep_project/bin'
[13.713s] Level 1:colcon.colcon_core.environment:create_environment_scripts_only(robdep_project)
[13.724s] INFO:colcon.colcon_core.shell:Creating package script '/home/ubuntu/ros2_ws/install/robdep_project/share/robdep_project/package.ps1'
[13.727s] INFO:colcon.colcon_core.shell:Creating package descriptor '/home/ubuntu/ros2_ws/install/robdep_project/share/robdep_project/package.dsv'
[13.729s] INFO:colcon.colcon_core.shell:Creating package script '/home/ubuntu/ros2_ws/install/robdep_project/share/robdep_project/package.sh'
[13.732s] INFO:colcon.colcon_core.shell:Creating package script '/home/ubuntu/ros2_ws/install/robdep_project/share/robdep_project/package.bash'
[13.734s] INFO:colcon.colcon_core.shell:Creating package script '/home/ubuntu/ros2_ws/install/robdep_project/share/robdep_project/package.zsh'
[13.738s] Level 1:colcon.colcon_core.environment:create_file_with_runtime_dependencies(/home/ubuntu/ros2_ws/install/robdep_project/share/colcon-core/packages/robdep_project)
[16.256s] DEBUG:colcon.colcon_core.event_handler.log_command:Invoking command in '/home/ubuntu/ros2_ws/src/robdep': CMAKE_PREFIX_PATH=/home/ubuntu/ros2_ws/install/robdep_interfaces:/home/ubuntu/ros2_ws/install/robdep_project_interfaces PYTHONPATH=/home/ubuntu/ros2_ws/build/robdep/prefix_override:/home/ubuntu/ros2_ws/install/robdep/lib/python3.8/site-packages:/home/ubuntu/ros2_ws/install/robdep_interfaces/lib/python3.8/site-packages:/home/ubuntu/ros2_ws/install/robdep_project/lib/python3.8/site-packages:/home/ubuntu/ros2_ws/install/robdep/lib/python3.8/site-packages:/opt/ros/galactic/lib/python3.8/site-packages /usr/bin/python3 setup.py egg_info --egg-base ../../build/robdep build --build-base /home/ubuntu/ros2_ws/build/robdep/build install --record /home/ubuntu/ros2_ws/build/robdep/install.log --single-version-externally-managed
[18.545s] Level 1:colcon.colcon_core.environment:checking '/home/ubuntu/ros2_ws/install/robdep' for CMake module files
[18.547s] DEBUG:colcon.colcon_core.event_handler.log_command:Invoked command in '/home/ubuntu/ros2_ws/src/robdep' returned '0': CMAKE_PREFIX_PATH=/home/ubuntu/ros2_ws/install/robdep_interfaces:/home/ubuntu/ros2_ws/install/robdep_project_interfaces PYTHONPATH=/home/ubuntu/ros2_ws/build/robdep/prefix_override:/home/ubuntu/ros2_ws/install/robdep/lib/python3.8/site-packages:/home/ubuntu/ros2_ws/install/robdep_interfaces/lib/python3.8/site-packages:/home/ubuntu/ros2_ws/install/robdep_project/lib/python3.8/site-packages:/home/ubuntu/ros2_ws/install/robdep/lib/python3.8/site-packages:/opt/ros/galactic/lib/python3.8/site-packages /usr/bin/python3 setup.py egg_info --egg-base ../../build/robdep build --build-base /home/ubuntu/ros2_ws/build/robdep/build install --record /home/ubuntu/ros2_ws/build/robdep/install.log --single-version-externally-managed
[18.550s] Level 1:colcon.colcon_core.environment:checking '/home/ubuntu/ros2_ws/install/robdep' for CMake config files
[18.553s] Level 1:colcon.colcon_core.environment:checking '/home/ubuntu/ros2_ws/install/robdep/lib'
[18.554s] Level 1:colcon.colcon_core.environment:checking '/home/ubuntu/ros2_ws/install/robdep/bin'
[18.555s] Level 1:colcon.colcon_core.environment:checking '/home/ubuntu/ros2_ws/install/robdep/lib/pkgconfig/robdep.pc'
[18.557s] Level 1:colcon.colcon_core.environment:checking '/home/ubuntu/ros2_ws/install/robdep/lib/python3.8/site-packages'
[18.558s] Level 1:colcon.colcon_core.shell:create_environment_hook('robdep', 'pythonpath')
[18.567s] INFO:colcon.colcon_core.shell:Creating environment hook '/home/ubuntu/ros2_ws/install/robdep/share/robdep/hook/pythonpath.ps1'
[18.570s] INFO:colcon.colcon_core.shell:Creating environment descriptor '/home/ubuntu/ros2_ws/install/robdep/share/robdep/hook/pythonpath.dsv'
[18.572s] INFO:colcon.colcon_core.shell:Creating environment hook '/home/ubuntu/ros2_ws/install/robdep/share/robdep/hook/pythonpath.sh'
[18.576s] Level 1:colcon.colcon_core.environment:checking '/home/ubuntu/ros2_ws/install/robdep/bin'
[18.576s] Level 1:colcon.colcon_core.environment:create_environment_scripts_only(robdep)
[18.583s] INFO:colcon.colcon_core.shell:Creating package script '/home/ubuntu/ros2_ws/install/robdep/share/robdep/package.ps1'
[18.586s] INFO:colcon.colcon_core.shell:Creating package descriptor '/home/ubuntu/ros2_ws/install/robdep/share/robdep/package.dsv'
[18.588s] INFO:colcon.colcon_core.shell:Creating package script '/home/ubuntu/ros2_ws/install/robdep/share/robdep/package.sh'
[18.590s] INFO:colcon.colcon_core.shell:Creating package script '/home/ubuntu/ros2_ws/install/robdep/share/robdep/package.bash'
[18.592s] INFO:colcon.colcon_core.shell:Creating package script '/home/ubuntu/ros2_ws/install/robdep/share/robdep/package.zsh'
[18.593s] Level 1:colcon.colcon_core.environment:create_file_with_runtime_dependencies(/home/ubuntu/ros2_ws/install/robdep/share/colcon-core/packages/robdep)
[18.597s] DEBUG:colcon.colcon_parallel_executor.executor.parallel:closing loop
[18.598s] DEBUG:colcon.colcon_parallel_executor.executor.parallel:loop closed
[18.598s] DEBUG:colcon.colcon_parallel_executor.executor.parallel:run_until_complete finished with '0'
[18.599s] DEBUG:colcon.colcon_core.event_reactor:joining thread
[18.629s] INFO:colcon.colcon_core.plugin_system:Skipping extension 'colcon_notification.desktop_notification.notify_send': Could not find 'notify-send'
[18.629s] INFO:colcon.colcon_core.plugin_system:Skipping extension 'colcon_notification.desktop_notification.terminal_notifier': Not used on non-Darwin systems
[18.630s] INFO:colcon.colcon_core.plugin_system:Skipping extension 'colcon_notification.desktop_notification.win32': Not used on non-Windows systems
[18.630s] INFO:colcon.colcon_notification.desktop_notification:Sending desktop notification using 'notify2'
[18.634s] DEBUG:colcon.colcon_notification.desktop_notification.notify2:Failed to initialize notify2: org.freedesktop.DBus.Error.ServiceUnknown: The name org.freedesktop.Notifications was not provided by any .service files
[18.634s] DEBUG:colcon.colcon_core.event_reactor:joined thread
[18.645s] INFO:colcon.colcon_core.shell:Creating prefix script '/home/ubuntu/ros2_ws/install/local_setup.ps1'
[18.650s] INFO:colcon.colcon_core.shell:Creating prefix util module '/home/ubuntu/ros2_ws/install/_local_setup_util_ps1.py'
[18.654s] INFO:colcon.colcon_core.shell:Creating prefix chain script '/home/ubuntu/ros2_ws/install/setup.ps1'
[18.663s] INFO:colcon.colcon_core.shell:Creating prefix script '/home/ubuntu/ros2_ws/install/local_setup.sh'
[18.667s] INFO:colcon.colcon_core.shell:Creating prefix util module '/home/ubuntu/ros2_ws/install/_local_setup_util_sh.py'
[18.669s] INFO:colcon.colcon_core.shell:Creating prefix chain script '/home/ubuntu/ros2_ws/install/setup.sh'
[18.677s] INFO:colcon.colcon_core.shell:Creating prefix script '/home/ubuntu/ros2_ws/install/local_setup.bash'
[18.679s] INFO:colcon.colcon_core.shell:Creating prefix chain script '/home/ubuntu/ros2_ws/install/setup.bash'
[18.686s] INFO:colcon.colcon_core.shell:Creating prefix script '/home/ubuntu/ros2_ws/install/local_setup.zsh'
[18.688s] INFO:colcon.colcon_core.shell:Creating prefix chain script '/home/ubuntu/ros2_ws/install/setup.zsh'
