[7.074s] Invoking command in '/home/ubuntu/ros2_ws/src/robdep_project': PYTHONPATH=/home/ubuntu/ros2_ws/build/robdep_project/prefix_override:/home/ubuntu/ros2_ws/install/robdep_project/lib/python3.8/site-packages:${PYTHONPATH} /usr/bin/python3 setup.py egg_info --egg-base ../../build/robdep_project build --build-base /home/ubuntu/ros2_ws/build/robdep_project/build install --record /home/ubuntu/ros2_ws/build/robdep_project/install.log --single-version-externally-managed
[9.485s] running egg_info
[9.498s] writing ../../build/robdep_project/robdep_project.egg-info/PKG-INFO
[9.502s] writing dependency_links to ../../build/robdep_project/robdep_project.egg-info/dependency_links.txt
[9.502s] writing entry points to ../../build/robdep_project/robdep_project.egg-info/entry_points.txt
[9.504s] writing requirements to ../../build/robdep_project/robdep_project.egg-info/requires.txt
[9.511s] writing top-level names to ../../build/robdep_project/robdep_project.egg-info/top_level.txt
[9.737s] reading manifest file '../../build/robdep_project/robdep_project.egg-info/SOURCES.txt'
[9.742s] writing manifest file '../../build/robdep_project/robdep_project.egg-info/SOURCES.txt'
[9.745s] running build
[9.746s] running build_py
[9.750s] copying robdep_project/controller.py -> /home/ubuntu/ros2_ws/build/robdep_project/build/lib/robdep_project
[9.755s] running install
[9.763s] running install_lib
[9.769s] copying /home/ubuntu/ros2_ws/build/robdep_project/build/lib/robdep_project/controller.py -> /home/ubuntu/ros2_ws/install/robdep_project/lib/python3.8/site-packages/robdep_project
[9.775s] byte-compiling /home/ubuntu/ros2_ws/install/robdep_project/lib/python3.8/site-packages/robdep_project/controller.py to controller.cpython-38.pyc
[9.780s] running install_data
[9.785s] running install_egg_info
[9.808s] removing '/home/ubuntu/ros2_ws/install/robdep_project/lib/python3.8/site-packages/robdep_project-0.0.0-py3.8.egg-info' (and everything under it)
[9.823s] Copying ../../build/robdep_project/robdep_project.egg-info to /home/ubuntu/ros2_ws/install/robdep_project/lib/python3.8/site-packages/robdep_project-0.0.0-py3.8.egg-info
[9.841s] running install_scripts
[9.933s] Installing controller script to /home/ubuntu/ros2_ws/install/robdep_project/lib/robdep_project
[9.935s] Installing custom_object_detection_node script to /home/ubuntu/ros2_ws/install/robdep_project/lib/robdep_project
[9.938s] Installing depth_extraction script to /home/ubuntu/ros2_ws/install/robdep_project/lib/robdep_project
[9.940s] Installing detections script to /home/ubuntu/ros2_ws/install/robdep_project/lib/robdep_project
[9.943s] writing list of installed files to '/home/ubuntu/ros2_ws/build/robdep_project/install.log'
[11.220s] Invoked command in '/home/ubuntu/ros2_ws/src/robdep_project' returned '0': PYTHONPATH=/home/ubuntu/ros2_ws/build/robdep_project/prefix_override:/home/ubuntu/ros2_ws/install/robdep_project/lib/python3.8/site-packages:${PYTHONPATH} /usr/bin/python3 setup.py egg_info --egg-base ../../build/robdep_project build --build-base /home/ubuntu/ros2_ws/build/robdep_project/build install --record /home/ubuntu/ros2_ws/build/robdep_project/install.log --single-version-externally-managed
