[4.567s] Invoking command in '/home/ubuntu/ros2_ws/src/robdep_project': PYTHONPATH=/home/ubuntu/ros2_ws/build/robdep_project/prefix_override:/home/ubuntu/ros2_ws/install/robdep_project/lib/python3.8/site-packages:${PYTHONPATH} /usr/bin/python3 setup.py egg_info --egg-base ../../build/robdep_project build --build-base /home/ubuntu/ros2_ws/build/robdep_project/build install --record /home/ubuntu/ros2_ws/build/robdep_project/install.log --single-version-externally-managed
[5.847s] running egg_info
[5.850s] writing ../../build/robdep_project/robdep_project.egg-info/PKG-INFO
[5.851s] writing dependency_links to ../../build/robdep_project/robdep_project.egg-info/dependency_links.txt
[5.852s] writing entry points to ../../build/robdep_project/robdep_project.egg-info/entry_points.txt
[5.853s] writing requirements to ../../build/robdep_project/robdep_project.egg-info/requires.txt
[5.853s] writing top-level names to ../../build/robdep_project/robdep_project.egg-info/top_level.txt
[5.996s] reading manifest file '../../build/robdep_project/robdep_project.egg-info/SOURCES.txt'
[6.002s] writing manifest file '../../build/robdep_project/robdep_project.egg-info/SOURCES.txt'
[6.002s] running build
[6.003s] running build_py
[6.004s] copying robdep_project/custom_object_detection_node.py -> /home/ubuntu/ros2_ws/build/robdep_project/build/lib/robdep_project
[6.005s] running install
[6.009s] running install_lib
[6.013s] copying /home/ubuntu/ros2_ws/build/robdep_project/build/lib/robdep_project/custom_object_detection_node.py -> /home/ubuntu/ros2_ws/install/robdep_project/lib/python3.8/site-packages/robdep_project
[6.016s] byte-compiling /home/ubuntu/ros2_ws/install/robdep_project/lib/python3.8/site-packages/robdep_project/custom_object_detection_node.py to custom_object_detection_node.cpython-38.pyc
[6.019s] running install_data
[6.021s] running install_egg_info
[6.028s] removing '/home/ubuntu/ros2_ws/install/robdep_project/lib/python3.8/site-packages/robdep_project-0.0.0-py3.8.egg-info' (and everything under it)
[6.030s] Copying ../../build/robdep_project/robdep_project.egg-info to /home/ubuntu/ros2_ws/install/robdep_project/lib/python3.8/site-packages/robdep_project-0.0.0-py3.8.egg-info
[6.035s] running install_scripts
[6.109s] Installing custom_object_detection_node script to /home/ubuntu/ros2_ws/install/robdep_project/lib/robdep_project
[6.110s] Installing depth_extraction_node script to /home/ubuntu/ros2_ws/install/robdep_project/lib/robdep_project
[6.111s] Installing detections script to /home/ubuntu/ros2_ws/install/robdep_project/lib/robdep_project
[6.112s] writing list of installed files to '/home/ubuntu/ros2_ws/build/robdep_project/install.log'
[6.230s] Invoked command in '/home/ubuntu/ros2_ws/src/robdep_project' returned '0': PYTHONPATH=/home/ubuntu/ros2_ws/build/robdep_project/prefix_override:/home/ubuntu/ros2_ws/install/robdep_project/lib/python3.8/site-packages:${PYTHONPATH} /usr/bin/python3 setup.py egg_info --egg-base ../../build/robdep_project build --build-base /home/ubuntu/ros2_ws/build/robdep_project/build install --record /home/ubuntu/ros2_ws/build/robdep_project/install.log --single-version-externally-managed
