[3.093s] Invoking command in '/home/ubuntu/ros2_ws/src/robdep': LD_LIBRARY_PATH=/home/ubuntu/ros2_ws/install/robdep_interfaces/lib:${LD_LIBRARY_PATH} PYTHONPATH=/home/ubuntu/ros2_ws/build/robdep/prefix_override:/home/ubuntu/ros2_ws/install/robdep/lib/python3.8/site-packages:/home/ubuntu/ros2_ws/install/robdep_interfaces/lib/python3.8/site-packages:${PYTHONPATH} /usr/bin/python3 setup.py egg_info --egg-base ../../build/robdep build --build-base /home/ubuntu/ros2_ws/build/robdep/build install --record /home/ubuntu/ros2_ws/build/robdep/install.log --single-version-externally-managed
[4.200s] running egg_info
[4.204s] writing ../../build/robdep/robdep.egg-info/PKG-INFO
[4.206s] writing dependency_links to ../../build/robdep/robdep.egg-info/dependency_links.txt
[4.207s] writing entry points to ../../build/robdep/robdep.egg-info/entry_points.txt
[4.208s] writing requirements to ../../build/robdep/robdep.egg-info/requires.txt
[4.209s] writing top-level names to ../../build/robdep/robdep.egg-info/top_level.txt
[4.358s] reading manifest file '../../build/robdep/robdep.egg-info/SOURCES.txt'
[4.362s] writing manifest file '../../build/robdep/robdep.egg-info/SOURCES.txt'
[4.363s] running build
[4.363s] running build_py
[4.364s] copying robdep/blob_printer.py -> /home/ubuntu/ros2_ws/build/robdep/build/lib/robdep
[4.365s] copying robdep/blob_detector.py -> /home/ubuntu/ros2_ws/build/robdep/build/lib/robdep
[4.366s] copying robdep/blob_runner.py -> /home/ubuntu/ros2_ws/build/robdep/build/lib/robdep
[4.368s] running install
[4.372s] running install_lib
[4.377s] copying /home/ubuntu/ros2_ws/build/robdep/build/lib/robdep/blob_printer.py -> /home/ubuntu/ros2_ws/install/robdep/lib/python3.8/site-packages/robdep
[4.378s] copying /home/ubuntu/ros2_ws/build/robdep/build/lib/robdep/blob_detector.py -> /home/ubuntu/ros2_ws/install/robdep/lib/python3.8/site-packages/robdep
[4.379s] copying /home/ubuntu/ros2_ws/build/robdep/build/lib/robdep/blob_runner.py -> /home/ubuntu/ros2_ws/install/robdep/lib/python3.8/site-packages/robdep
[4.383s] byte-compiling /home/ubuntu/ros2_ws/install/robdep/lib/python3.8/site-packages/robdep/blob_printer.py to blob_printer.cpython-38.pyc
[4.389s] byte-compiling /home/ubuntu/ros2_ws/install/robdep/lib/python3.8/site-packages/robdep/blob_detector.py to blob_detector.cpython-38.pyc
[4.393s] byte-compiling /home/ubuntu/ros2_ws/install/robdep/lib/python3.8/site-packages/robdep/blob_runner.py to blob_runner.cpython-38.pyc
[4.395s] running install_data
[4.397s] copying package.xml -> /home/ubuntu/ros2_ws/install/robdep/share/robdep
[4.398s] running install_egg_info
[4.406s] removing '/home/ubuntu/ros2_ws/install/robdep/lib/python3.8/site-packages/robdep-0.0.0-py3.8.egg-info' (and everything under it)
[4.408s] Copying ../../build/robdep/robdep.egg-info to /home/ubuntu/ros2_ws/install/robdep/lib/python3.8/site-packages/robdep-0.0.0-py3.8.egg-info
[4.414s] running install_scripts
[4.491s] Installing blob_detector script to /home/ubuntu/ros2_ws/install/robdep/lib/robdep
[4.492s] Installing blob_printer script to /home/ubuntu/ros2_ws/install/robdep/lib/robdep
[4.493s] Installing bot_run script to /home/ubuntu/ros2_ws/install/robdep/lib/robdep
[4.494s] writing list of installed files to '/home/ubuntu/ros2_ws/build/robdep/install.log'
[4.626s] Invoked command in '/home/ubuntu/ros2_ws/src/robdep' returned '0': LD_LIBRARY_PATH=/home/ubuntu/ros2_ws/install/robdep_interfaces/lib:${LD_LIBRARY_PATH} PYTHONPATH=/home/ubuntu/ros2_ws/build/robdep/prefix_override:/home/ubuntu/ros2_ws/install/robdep/lib/python3.8/site-packages:/home/ubuntu/ros2_ws/install/robdep_interfaces/lib/python3.8/site-packages:${PYTHONPATH} /usr/bin/python3 setup.py egg_info --egg-base ../../build/robdep build --build-base /home/ubuntu/ros2_ws/build/robdep/build install --record /home/ubuntu/ros2_ws/build/robdep/install.log --single-version-externally-managed
