[4.323s] Invoking command in '/home/ubuntu/ros2_ws/src/robdep': CMAKE_PREFIX_PATH=/home/ubuntu/ros2_ws/install/robdep_interfaces:/home/ubuntu/ros2_ws/install/robdep_project_interfaces PYTHONPATH=/home/ubuntu/ros2_ws/build/robdep/prefix_override:/home/ubuntu/ros2_ws/install/robdep/lib/python3.8/site-packages:/home/ubuntu/ros2_ws/install/robdep_interfaces/lib/python3.8/site-packages:/home/ubuntu/ros2_ws/install/robdep_project/lib/python3.8/site-packages:/home/ubuntu/ros2_ws/install/robdep/lib/python3.8/site-packages:/opt/ros/galactic/lib/python3.8/site-packages /usr/bin/python3 setup.py egg_info --egg-base ../../build/robdep build --build-base /home/ubuntu/ros2_ws/build/robdep/build install --record /home/ubuntu/ros2_ws/build/robdep/install.log --single-version-externally-managed
[5.766s] running egg_info
[5.768s] writing ../../build/robdep/robdep.egg-info/PKG-INFO
[5.769s] writing dependency_links to ../../build/robdep/robdep.egg-info/dependency_links.txt
[5.770s] writing entry points to ../../build/robdep/robdep.egg-info/entry_points.txt
[5.771s] writing requirements to ../../build/robdep/robdep.egg-info/requires.txt
[5.772s] writing top-level names to ../../build/robdep/robdep.egg-info/top_level.txt
[5.926s] reading manifest file '../../build/robdep/robdep.egg-info/SOURCES.txt'
[5.929s] writing manifest file '../../build/robdep/robdep.egg-info/SOURCES.txt'
[5.930s] running build
[5.930s] running build_py
[5.932s] running install
[5.936s] running install_lib
[5.944s] running install_data
[5.946s] running install_egg_info
[5.956s] removing '/home/ubuntu/ros2_ws/install/robdep/lib/python3.8/site-packages/robdep-0.0.0-py3.8.egg-info' (and everything under it)
[5.958s] Copying ../../build/robdep/robdep.egg-info to /home/ubuntu/ros2_ws/install/robdep/lib/python3.8/site-packages/robdep-0.0.0-py3.8.egg-info
[5.962s] running install_scripts
[6.037s] Installing blob_detector script to /home/ubuntu/ros2_ws/install/robdep/lib/robdep
[6.038s] Installing blob_printer script to /home/ubuntu/ros2_ws/install/robdep/lib/robdep
[6.039s] Installing blob_runner script to /home/ubuntu/ros2_ws/install/robdep/lib/robdep
[6.041s] Installing bot_run script to /home/ubuntu/ros2_ws/install/robdep/lib/robdep
[6.043s] Installing get_images script to /home/ubuntu/ros2_ws/install/robdep/lib/robdep
[6.044s] Installing mask_publisher script to /home/ubuntu/ros2_ws/install/robdep/lib/robdep
[6.045s] writing list of installed files to '/home/ubuntu/ros2_ws/build/robdep/install.log'
[6.185s] Invoked command in '/home/ubuntu/ros2_ws/src/robdep' returned '0': CMAKE_PREFIX_PATH=/home/ubuntu/ros2_ws/install/robdep_interfaces:/home/ubuntu/ros2_ws/install/robdep_project_interfaces PYTHONPATH=/home/ubuntu/ros2_ws/build/robdep/prefix_override:/home/ubuntu/ros2_ws/install/robdep/lib/python3.8/site-packages:/home/ubuntu/ros2_ws/install/robdep_interfaces/lib/python3.8/site-packages:/home/ubuntu/ros2_ws/install/robdep_project/lib/python3.8/site-packages:/home/ubuntu/ros2_ws/install/robdep/lib/python3.8/site-packages:/opt/ros/galactic/lib/python3.8/site-packages /usr/bin/python3 setup.py egg_info --egg-base ../../build/robdep build --build-base /home/ubuntu/ros2_ws/build/robdep/build install --record /home/ubuntu/ros2_ws/build/robdep/install.log --single-version-externally-managed
