[5.561s] Invoking command in '/home/ubuntu/ros2_ws/src/robdep_project': PYTHONPATH=/home/ubuntu/ros2_ws/build/robdep_project/prefix_override:/home/ubuntu/ros2_ws/install/robdep_project/lib/python3.8/site-packages:${PYTHONPATH} /usr/bin/python3 setup.py egg_info --egg-base ../../build/robdep_project build --build-base /home/ubuntu/ros2_ws/build/robdep_project/build install --record /home/ubuntu/ros2_ws/build/robdep_project/install.log --single-version-externally-managed
[7.157s] running egg_info
[7.160s] writing ../../build/robdep_project/robdep_project.egg-info/PKG-INFO
[7.165s] writing dependency_links to ../../build/robdep_project/robdep_project.egg-info/dependency_links.txt
[7.166s] writing entry points to ../../build/robdep_project/robdep_project.egg-info/entry_points.txt
[7.167s] writing requirements to ../../build/robdep_project/robdep_project.egg-info/requires.txt
[7.168s] writing top-level names to ../../build/robdep_project/robdep_project.egg-info/top_level.txt
[7.332s] reading manifest file '../../build/robdep_project/robdep_project.egg-info/SOURCES.txt'
[7.337s] writing manifest file '../../build/robdep_project/robdep_project.egg-info/SOURCES.txt'
[7.338s] running build
[7.339s] running build_py
[7.340s] copying robdep_project/custom_object_detection_node.py -> /home/ubuntu/ros2_ws/build/robdep_project/build/lib/robdep_project
[7.351s] running install
[7.351s] running install_lib
[7.352s] copying /home/ubuntu/ros2_ws/build/robdep_project/build/lib/robdep_project/custom_object_detection_node.py -> /home/ubuntu/ros2_ws/install/robdep_project/lib/python3.8/site-packages/robdep_project
[7.354s] byte-compiling /home/ubuntu/ros2_ws/install/robdep_project/lib/python3.8/site-packages/robdep_project/custom_object_detection_node.py to custom_object_detection_node.cpython-38.pyc
[7.359s] running install_data
[7.363s] running install_egg_info
[7.373s] removing '/home/ubuntu/ros2_ws/install/robdep_project/lib/python3.8/site-packages/robdep_project-0.0.0-py3.8.egg-info' (and everything under it)
[7.375s] Copying ../../build/robdep_project/robdep_project.egg-info to /home/ubuntu/ros2_ws/install/robdep_project/lib/python3.8/site-packages/robdep_project-0.0.0-py3.8.egg-info
[7.381s] running install_scripts
[7.471s] Installing custom_object_detection_node script to /home/ubuntu/ros2_ws/install/robdep_project/lib/robdep_project
[7.472s] Installing depth_extraction_node script to /home/ubuntu/ros2_ws/install/robdep_project/lib/robdep_project
[7.473s] Installing detections script to /home/ubuntu/ros2_ws/install/robdep_project/lib/robdep_project
[7.474s] writing list of installed files to '/home/ubuntu/ros2_ws/build/robdep_project/install.log'
[7.622s] Invoked command in '/home/ubuntu/ros2_ws/src/robdep_project' returned '0': PYTHONPATH=/home/ubuntu/ros2_ws/build/robdep_project/prefix_override:/home/ubuntu/ros2_ws/install/robdep_project/lib/python3.8/site-packages:${PYTHONPATH} /usr/bin/python3 setup.py egg_info --egg-base ../../build/robdep_project build --build-base /home/ubuntu/ros2_ws/build/robdep_project/build install --record /home/ubuntu/ros2_ws/build/robdep_project/install.log --single-version-externally-managed
