[3.730s] Invoking command in '/home/ubuntu/ros2_ws/src/robdep': CMAKE_PREFIX_PATH=/home/ubuntu/ros2_ws/install/robdep_interfaces:/home/ubuntu/ros2_ws/install/robdep_project_interfaces PYTHONPATH=/home/ubuntu/ros2_ws/build/robdep/prefix_override:/home/ubuntu/ros2_ws/install/robdep/lib/python3.8/site-packages:/home/ubuntu/ros2_ws/install/robdep_interfaces/lib/python3.8/site-packages:/home/ubuntu/ros2_ws/install/robdep_project/lib/python3.8/site-packages:/home/ubuntu/ros2_ws/install/robdep/lib/python3.8/site-packages:/opt/ros/galactic/lib/python3.8/site-packages /usr/bin/python3 setup.py egg_info --egg-base ../../build/robdep build --build-base /home/ubuntu/ros2_ws/build/robdep/build install --record /home/ubuntu/ros2_ws/build/robdep/install.log --single-version-externally-managed
[4.974s] running egg_info
[4.976s] writing ../../build/robdep/robdep.egg-info/PKG-INFO
[4.977s] writing dependency_links to ../../build/robdep/robdep.egg-info/dependency_links.txt
[4.978s] writing entry points to ../../build/robdep/robdep.egg-info/entry_points.txt
[4.979s] writing requirements to ../../build/robdep/robdep.egg-info/requires.txt
[4.979s] writing top-level names to ../../build/robdep/robdep.egg-info/top_level.txt
[5.117s] reading manifest file '../../build/robdep/robdep.egg-info/SOURCES.txt'
[5.120s] writing manifest file '../../build/robdep/robdep.egg-info/SOURCES.txt'
[5.121s] running build
[5.122s] running build_py
[5.124s] running install
[5.128s] running install_lib
[5.136s] running install_data
[5.138s] running install_egg_info
[5.144s] removing '/home/ubuntu/ros2_ws/install/robdep/lib/python3.8/site-packages/robdep-0.0.0-py3.8.egg-info' (and everything under it)
[5.145s] Copying ../../build/robdep/robdep.egg-info to /home/ubuntu/ros2_ws/install/robdep/lib/python3.8/site-packages/robdep-0.0.0-py3.8.egg-info
[5.151s] running install_scripts
[5.218s] Installing blob_detector script to /home/ubuntu/ros2_ws/install/robdep/lib/robdep
[5.218s] Installing blob_printer script to /home/ubuntu/ros2_ws/install/robdep/lib/robdep
[5.219s] Installing blob_runner script to /home/ubuntu/ros2_ws/install/robdep/lib/robdep
[5.220s] Installing bot_run script to /home/ubuntu/ros2_ws/install/robdep/lib/robdep
[5.221s] Installing get_images script to /home/ubuntu/ros2_ws/install/robdep/lib/robdep
[5.221s] Installing mask_publisher script to /home/ubuntu/ros2_ws/install/robdep/lib/robdep
[5.223s] writing list of installed files to '/home/ubuntu/ros2_ws/build/robdep/install.log'
[5.340s] Invoked command in '/home/ubuntu/ros2_ws/src/robdep' returned '0': CMAKE_PREFIX_PATH=/home/ubuntu/ros2_ws/install/robdep_interfaces:/home/ubuntu/ros2_ws/install/robdep_project_interfaces PYTHONPATH=/home/ubuntu/ros2_ws/build/robdep/prefix_override:/home/ubuntu/ros2_ws/install/robdep/lib/python3.8/site-packages:/home/ubuntu/ros2_ws/install/robdep_interfaces/lib/python3.8/site-packages:/home/ubuntu/ros2_ws/install/robdep_project/lib/python3.8/site-packages:/home/ubuntu/ros2_ws/install/robdep/lib/python3.8/site-packages:/opt/ros/galactic/lib/python3.8/site-packages /usr/bin/python3 setup.py egg_info --egg-base ../../build/robdep build --build-base /home/ubuntu/ros2_ws/build/robdep/build install --record /home/ubuntu/ros2_ws/build/robdep/install.log --single-version-externally-managed
