[0.074s] Invoking command in '/home/ubuntu/ros2_ws/build/robdep_interfaces': CMAKE_PREFIX_PATH=${CMAKE_PREFIX_PATH}:/home/ubuntu/ros2_ws/install/robdep:/opt/ros/galactic /usr/bin/cmake --build /home/ubuntu/ros2_ws/build/robdep_interfaces -- -j4 -l4
[0.332s] [  2%] Built target robdep_interfaces__cpp
[0.358s] [ 12%] Built target robdep_interfaces__rosidl_generator_c
[0.512s] [ 23%] Built target robdep_interfaces__rosidl_typesupport_fastrtps_cpp
[0.517s] [ 33%] Built target robdep_interfaces__rosidl_typesupport_cpp
[0.547s] [ 53%] Built target robdep_interfaces__rosidl_typesupport_introspection_cpp
[0.548s] [ 53%] Built target robdep_interfaces__rosidl_typesupport_c
[0.647s] [ 64%] Built target robdep_interfaces__rosidl_typesupport_introspection_c
[0.681s] [ 74%] Built target robdep_interfaces__rosidl_typesupport_fastrtps_c
[0.778s] [ 74%] Built target robdep_interfaces
[0.874s] [ 76%] Built target robdep_interfaces__py
[1.008s] [ 84%] Built target robdep_interfaces__python
[1.170s] [ 89%] Built target robdep_interfaces__rosidl_typesupport_c__pyext
[1.181s] [ 94%] Built target robdep_interfaces__rosidl_typesupport_introspection_c__pyext
[1.181s] [100%] Built target robdep_interfaces__rosidl_typesupport_fastrtps_c__pyext
[1.227s] Invoked command in '/home/ubuntu/ros2_ws/build/robdep_interfaces' returned '0': CMAKE_PREFIX_PATH=${CMAKE_PREFIX_PATH}:/home/ubuntu/ros2_ws/install/robdep:/opt/ros/galactic /usr/bin/cmake --build /home/ubuntu/ros2_ws/build/robdep_interfaces -- -j4 -l4
[1.669s] Invoking command in '/home/ubuntu/ros2_ws/build/robdep_interfaces': CMAKE_PREFIX_PATH=${CMAKE_PREFIX_PATH}:/home/ubuntu/ros2_ws/install/robdep:/opt/ros/galactic /usr/bin/cmake --install /home/ubuntu/ros2_ws/build/robdep_interfaces
[1.714s] -- Install configuration: ""
[1.714s] -- Up-to-date: /home/ubuntu/ros2_ws/install/robdep_interfaces/share/ament_index/resource_index/rosidl_interfaces/robdep_interfaces
[1.715s] -- Up-to-date: /home/ubuntu/ros2_ws/install/robdep_interfaces/include/robdep_interfaces
[1.715s] -- Up-to-date: /home/ubuntu/ros2_ws/install/robdep_interfaces/include/robdep_interfaces/msg
[1.715s] -- Up-to-date: /home/ubuntu/ros2_ws/install/robdep_interfaces/include/robdep_interfaces/msg/blob_data.h
[1.716s] -- Up-to-date: /home/ubuntu/ros2_ws/install/robdep_interfaces/include/robdep_interfaces/msg/detail
[1.716s] -- Up-to-date: /home/ubuntu/ros2_ws/install/robdep_interfaces/include/robdep_interfaces/msg/detail/blob_data__struct.h
[1.716s] -- Up-to-date: /home/ubuntu/ros2_ws/install/robdep_interfaces/include/robdep_interfaces/msg/detail/blob_list__functions.h
[1.717s] -- Up-to-date: /home/ubuntu/ros2_ws/install/robdep_interfaces/include/robdep_interfaces/msg/detail/blob_list__struct.h
[1.717s] -- Up-to-date: /home/ubuntu/ros2_ws/install/robdep_interfaces/include/robdep_interfaces/msg/detail/blob_data__functions.c
[1.718s] -- Up-to-date: /home/ubuntu/ros2_ws/install/robdep_interfaces/include/robdep_interfaces/msg/detail/blob_data__functions.h
[1.718s] -- Up-to-date: /home/ubuntu/ros2_ws/install/robdep_interfaces/include/robdep_interfaces/msg/detail/blob_data__type_support.h
[1.718s] -- Up-to-date: /home/ubuntu/ros2_ws/install/robdep_interfaces/include/robdep_interfaces/msg/detail/blob_list__functions.c
[1.719s] -- Up-to-date: /home/ubuntu/ros2_ws/install/robdep_interfaces/include/robdep_interfaces/msg/detail/blob_list__type_support.h
[1.731s] -- Up-to-date: /home/ubuntu/ros2_ws/install/robdep_interfaces/include/robdep_interfaces/msg/blob_list.h
[1.732s] -- Up-to-date: /home/ubuntu/ros2_ws/install/robdep_interfaces/include/robdep_interfaces/msg/rosidl_generator_c__visibility_control.h
[1.732s] -- Up-to-date: /home/ubuntu/ros2_ws/install/robdep_interfaces/share/robdep_interfaces/environment/library_path.sh
[1.734s] -- Up-to-date: /home/ubuntu/ros2_ws/install/robdep_interfaces/share/robdep_interfaces/environment/library_path.dsv
[1.735s] -- Up-to-date: /home/ubuntu/ros2_ws/install/robdep_interfaces/lib/librobdep_interfaces__rosidl_generator_c.so
[1.735s] -- Up-to-date: /home/ubuntu/ros2_ws/install/robdep_interfaces/include/robdep_interfaces
[1.736s] -- Up-to-date: /home/ubuntu/ros2_ws/install/robdep_interfaces/include/robdep_interfaces/msg
[1.737s] -- Up-to-date: /home/ubuntu/ros2_ws/install/robdep_interfaces/include/robdep_interfaces/msg/rosidl_typesupport_fastrtps_c__visibility_control.h
[1.737s] -- Up-to-date: /home/ubuntu/ros2_ws/install/robdep_interfaces/include/robdep_interfaces/msg/detail
[1.738s] -- Up-to-date: /home/ubuntu/ros2_ws/install/robdep_interfaces/include/robdep_interfaces/msg/detail/blob_list__rosidl_typesupport_fastrtps_c.h
[1.738s] -- Up-to-date: /home/ubuntu/ros2_ws/install/robdep_interfaces/include/robdep_interfaces/msg/detail/blob_data__rosidl_typesupport_fastrtps_c.h
[1.739s] -- Up-to-date: /home/ubuntu/ros2_ws/install/robdep_interfaces/lib/librobdep_interfaces__rosidl_typesupport_fastrtps_c.so
[1.739s] -- Up-to-date: /home/ubuntu/ros2_ws/install/robdep_interfaces/include/robdep_interfaces
[1.740s] -- Up-to-date: /home/ubuntu/ros2_ws/install/robdep_interfaces/include/robdep_interfaces/msg
[1.740s] -- Up-to-date: /home/ubuntu/ros2_ws/install/robdep_interfaces/include/robdep_interfaces/msg/rosidl_typesupport_fastrtps_cpp__visibility_control.h
[1.741s] -- Up-to-date: /home/ubuntu/ros2_ws/install/robdep_interfaces/include/robdep_interfaces/msg/detail
[1.742s] -- Up-to-date: /home/ubuntu/ros2_ws/install/robdep_interfaces/include/robdep_interfaces/msg/detail/dds_fastrtps
[1.742s] -- Up-to-date: /home/ubuntu/ros2_ws/install/robdep_interfaces/include/robdep_interfaces/msg/detail/blob_data__rosidl_typesupport_fastrtps_cpp.hpp
[1.743s] -- Up-to-date: /home/ubuntu/ros2_ws/install/robdep_interfaces/include/robdep_interfaces/msg/detail/blob_list__rosidl_typesupport_fastrtps_cpp.hpp
[1.743s] -- Up-to-date: /home/ubuntu/ros2_ws/install/robdep_interfaces/lib/librobdep_interfaces__rosidl_typesupport_fastrtps_cpp.so
[1.744s] -- Up-to-date: /home/ubuntu/ros2_ws/install/robdep_interfaces/include/robdep_interfaces
[1.744s] -- Up-to-date: /home/ubuntu/ros2_ws/install/robdep_interfaces/include/robdep_interfaces/msg
[1.745s] -- Up-to-date: /home/ubuntu/ros2_ws/install/robdep_interfaces/include/robdep_interfaces/msg/detail
[1.745s] -- Up-to-date: /home/ubuntu/ros2_ws/install/robdep_interfaces/include/robdep_interfaces/msg/detail/blob_data__type_support.c
[1.745s] -- Up-to-date: /home/ubuntu/ros2_ws/install/robdep_interfaces/include/robdep_interfaces/msg/detail/blob_data__rosidl_typesupport_introspection_c.h
[1.746s] -- Up-to-date: /home/ubuntu/ros2_ws/install/robdep_interfaces/include/robdep_interfaces/msg/detail/blob_list__type_support.c
[1.746s] -- Up-to-date: /home/ubuntu/ros2_ws/install/robdep_interfaces/include/robdep_interfaces/msg/detail/blob_list__rosidl_typesupport_introspection_c.h
[1.746s] -- Up-to-date: /home/ubuntu/ros2_ws/install/robdep_interfaces/include/robdep_interfaces/msg/rosidl_typesupport_introspection_c__visibility_control.h
[1.746s] -- Up-to-date: /home/ubuntu/ros2_ws/install/robdep_interfaces/lib/librobdep_interfaces__rosidl_typesupport_introspection_c.so
[1.747s] -- Up-to-date: /home/ubuntu/ros2_ws/install/robdep_interfaces/lib/librobdep_interfaces__rosidl_typesupport_c.so
[1.747s] -- Up-to-date: /home/ubuntu/ros2_ws/install/robdep_interfaces/include/robdep_interfaces
[1.747s] -- Up-to-date: /home/ubuntu/ros2_ws/install/robdep_interfaces/include/robdep_interfaces/msg
[1.748s] -- Up-to-date: /home/ubuntu/ros2_ws/install/robdep_interfaces/include/robdep_interfaces/msg/blob_data.hpp
[1.748s] -- Up-to-date: /home/ubuntu/ros2_ws/install/robdep_interfaces/include/robdep_interfaces/msg/detail
[1.748s] -- Up-to-date: /home/ubuntu/ros2_ws/install/robdep_interfaces/include/robdep_interfaces/msg/detail/blob_data__struct.hpp
[1.749s] -- Up-to-date: /home/ubuntu/ros2_ws/install/robdep_interfaces/include/robdep_interfaces/msg/detail/blob_list__struct.hpp
[1.749s] -- Up-to-date: /home/ubuntu/ros2_ws/install/robdep_interfaces/include/robdep_interfaces/msg/detail/blob_data__builder.hpp
[1.749s] -- Up-to-date: /home/ubuntu/ros2_ws/install/robdep_interfaces/include/robdep_interfaces/msg/detail/blob_list__builder.hpp
[1.750s] -- Up-to-date: /home/ubuntu/ros2_ws/install/robdep_interfaces/include/robdep_interfaces/msg/detail/blob_list__traits.hpp
[1.750s] -- Up-to-date: /home/ubuntu/ros2_ws/install/robdep_interfaces/include/robdep_interfaces/msg/detail/blob_data__traits.hpp
[1.751s] -- Up-to-date: /home/ubuntu/ros2_ws/install/robdep_interfaces/include/robdep_interfaces/msg/blob_list.hpp
[1.752s] -- Up-to-date: /home/ubuntu/ros2_ws/install/robdep_interfaces/include/robdep_interfaces
[1.752s] -- Up-to-date: /home/ubuntu/ros2_ws/install/robdep_interfaces/include/robdep_interfaces/msg
[1.754s] -- Up-to-date: /home/ubuntu/ros2_ws/install/robdep_interfaces/include/robdep_interfaces/msg/detail
[1.754s] -- Up-to-date: /home/ubuntu/ros2_ws/install/robdep_interfaces/include/robdep_interfaces/msg/detail/blob_data__rosidl_typesupport_introspection_cpp.hpp
[1.756s] -- Up-to-date: /home/ubuntu/ros2_ws/install/robdep_interfaces/include/robdep_interfaces/msg/detail/blob_data__type_support.cpp
[1.757s] -- Up-to-date: /home/ubuntu/ros2_ws/install/robdep_interfaces/include/robdep_interfaces/msg/detail/blob_list__type_support.cpp
[1.758s] -- Up-to-date: /home/ubuntu/ros2_ws/install/robdep_interfaces/include/robdep_interfaces/msg/detail/blob_list__rosidl_typesupport_introspection_cpp.hpp
[1.758s] -- Up-to-date: /home/ubuntu/ros2_ws/install/robdep_interfaces/lib/librobdep_interfaces__rosidl_typesupport_introspection_cpp.so
[1.759s] -- Up-to-date: /home/ubuntu/ros2_ws/install/robdep_interfaces/lib/librobdep_interfaces__rosidl_typesupport_cpp.so
[1.760s] -- Up-to-date: /home/ubuntu/ros2_ws/install/robdep_interfaces/share/robdep_interfaces/environment/pythonpath.sh
[1.761s] -- Up-to-date: /home/ubuntu/ros2_ws/install/robdep_interfaces/share/robdep_interfaces/environment/pythonpath.dsv
[1.762s] -- Up-to-date: /home/ubuntu/ros2_ws/install/robdep_interfaces/lib/python3.8/site-packages/robdep_interfaces/__init__.py
[1.925s] -- Up-to-date: /home/ubuntu/ros2_ws/install/robdep_interfaces/lib/python3.8/site-packages/robdep_interfaces/msg
[1.927s] -- Up-to-date: /home/ubuntu/ros2_ws/install/robdep_interfaces/lib/python3.8/site-packages/robdep_interfaces/msg/_blob_list_s.c
[1.927s] -- Up-to-date: /home/ubuntu/ros2_ws/install/robdep_interfaces/lib/python3.8/site-packages/robdep_interfaces/msg/_blob_data_s.c
[1.928s] -- Up-to-date: /home/ubuntu/ros2_ws/install/robdep_interfaces/lib/python3.8/site-packages/robdep_interfaces/msg/_blob_list.py
[1.928s] -- Up-to-date: /home/ubuntu/ros2_ws/install/robdep_interfaces/lib/python3.8/site-packages/robdep_interfaces/msg/__init__.py
[1.929s] -- Up-to-date: /home/ubuntu/ros2_ws/install/robdep_interfaces/lib/python3.8/site-packages/robdep_interfaces/msg/_blob_data.py
[1.929s] -- Up-to-date: /home/ubuntu/ros2_ws/install/robdep_interfaces/lib/python3.8/site-packages/robdep_interfaces/robdep_interfaces_s__rosidl_typesupport_fastrtps_c.cpython-38-aarch64-linux-gnu.so
[1.932s] -- Up-to-date: /home/ubuntu/ros2_ws/install/robdep_interfaces/lib/python3.8/site-packages/robdep_interfaces/robdep_interfaces_s__rosidl_typesupport_introspection_c.cpython-38-aarch64-linux-gnu.so
[1.936s] -- Up-to-date: /home/ubuntu/ros2_ws/install/robdep_interfaces/lib/python3.8/site-packages/robdep_interfaces/robdep_interfaces_s__rosidl_typesupport_c.cpython-38-aarch64-linux-gnu.so
[1.939s] -- Up-to-date: /home/ubuntu/ros2_ws/install/robdep_interfaces/lib/librobdep_interfaces__python.so
[1.940s] -- Up-to-date: /home/ubuntu/ros2_ws/install/robdep_interfaces/share/robdep_interfaces/msg/BlobData.idl
[1.941s] -- Up-to-date: /home/ubuntu/ros2_ws/install/robdep_interfaces/share/robdep_interfaces/msg/BlobList.idl
[1.941s] -- Up-to-date: /home/ubuntu/ros2_ws/install/robdep_interfaces/share/robdep_interfaces/msg/BlobData.msg
[1.942s] -- Up-to-date: /home/ubuntu/ros2_ws/install/robdep_interfaces/share/robdep_interfaces/msg/BlobList.msg
[1.942s] -- Up-to-date: /home/ubuntu/ros2_ws/install/robdep_interfaces/share/ament_index/resource_index/package_run_dependencies/robdep_interfaces
[1.942s] -- Up-to-date: /home/ubuntu/ros2_ws/install/robdep_interfaces/share/ament_index/resource_index/parent_prefix_path/robdep_interfaces
[1.943s] -- Up-to-date: /home/ubuntu/ros2_ws/install/robdep_interfaces/share/robdep_interfaces/environment/ament_prefix_path.sh
[1.944s] -- Up-to-date: /home/ubuntu/ros2_ws/install/robdep_interfaces/share/robdep_interfaces/environment/ament_prefix_path.dsv
[1.944s] -- Up-to-date: /home/ubuntu/ros2_ws/install/robdep_interfaces/share/robdep_interfaces/environment/path.sh
[1.945s] -- Up-to-date: /home/ubuntu/ros2_ws/install/robdep_interfaces/share/robdep_interfaces/environment/path.dsv
[1.946s] -- Up-to-date: /home/ubuntu/ros2_ws/install/robdep_interfaces/share/robdep_interfaces/local_setup.bash
[1.946s] -- Up-to-date: /home/ubuntu/ros2_ws/install/robdep_interfaces/share/robdep_interfaces/local_setup.sh
[1.947s] -- Up-to-date: /home/ubuntu/ros2_ws/install/robdep_interfaces/share/robdep_interfaces/local_setup.zsh
[1.947s] -- Up-to-date: /home/ubuntu/ros2_ws/install/robdep_interfaces/share/robdep_interfaces/local_setup.dsv
[1.948s] -- Installing: /home/ubuntu/ros2_ws/install/robdep_interfaces/share/robdep_interfaces/package.dsv
[1.948s] -- Up-to-date: /home/ubuntu/ros2_ws/install/robdep_interfaces/share/ament_index/resource_index/packages/robdep_interfaces
[1.950s] -- Up-to-date: /home/ubuntu/ros2_ws/install/robdep_interfaces/share/robdep_interfaces/cmake/robdep_interfaces__rosidl_generator_cExport.cmake
[1.951s] -- Up-to-date: /home/ubuntu/ros2_ws/install/robdep_interfaces/share/robdep_interfaces/cmake/robdep_interfaces__rosidl_generator_cExport-noconfig.cmake
[1.952s] -- Up-to-date: /home/ubuntu/ros2_ws/install/robdep_interfaces/share/robdep_interfaces/cmake/robdep_interfaces__rosidl_typesupport_introspection_cExport.cmake
[1.952s] -- Up-to-date: /home/ubuntu/ros2_ws/install/robdep_interfaces/share/robdep_interfaces/cmake/robdep_interfaces__rosidl_typesupport_introspection_cExport-noconfig.cmake
[1.954s] -- Up-to-date: /home/ubuntu/ros2_ws/install/robdep_interfaces/share/robdep_interfaces/cmake/robdep_interfaces__rosidl_typesupport_cExport.cmake
[1.955s] -- Up-to-date: /home/ubuntu/ros2_ws/install/robdep_interfaces/share/robdep_interfaces/cmake/robdep_interfaces__rosidl_typesupport_cExport-noconfig.cmake
[1.957s] -- Up-to-date: /home/ubuntu/ros2_ws/install/robdep_interfaces/share/robdep_interfaces/cmake/robdep_interfaces__rosidl_generator_cppExport.cmake
[1.957s] -- Up-to-date: /home/ubuntu/ros2_ws/install/robdep_interfaces/share/robdep_interfaces/cmake/robdep_interfaces__rosidl_typesupport_introspection_cppExport.cmake
[1.958s] -- Up-to-date: /home/ubuntu/ros2_ws/install/robdep_interfaces/share/robdep_interfaces/cmake/robdep_interfaces__rosidl_typesupport_introspection_cppExport-noconfig.cmake
[1.959s] -- Up-to-date: /home/ubuntu/ros2_ws/install/robdep_interfaces/share/robdep_interfaces/cmake/robdep_interfaces__rosidl_typesupport_cppExport.cmake
[1.960s] -- Up-to-date: /home/ubuntu/ros2_ws/install/robdep_interfaces/share/robdep_interfaces/cmake/robdep_interfaces__rosidl_typesupport_cppExport-noconfig.cmake
[1.960s] -- Up-to-date: /home/ubuntu/ros2_ws/install/robdep_interfaces/share/robdep_interfaces/cmake/rosidl_cmake-extras.cmake
[1.961s] -- Up-to-date: /home/ubuntu/ros2_ws/install/robdep_interfaces/share/robdep_interfaces/cmake/ament_cmake_export_dependencies-extras.cmake
[1.961s] -- Up-to-date: /home/ubuntu/ros2_ws/install/robdep_interfaces/share/robdep_interfaces/cmake/ament_cmake_export_libraries-extras.cmake
[1.962s] -- Up-to-date: /home/ubuntu/ros2_ws/install/robdep_interfaces/share/robdep_interfaces/cmake/ament_cmake_export_targets-extras.cmake
[1.963s] -- Up-to-date: /home/ubuntu/ros2_ws/install/robdep_interfaces/share/robdep_interfaces/cmake/ament_cmake_export_include_directories-extras.cmake
[1.963s] -- Up-to-date: /home/ubuntu/ros2_ws/install/robdep_interfaces/share/robdep_interfaces/cmake/rosidl_cmake_export_typesupport_libraries-extras.cmake
[1.964s] -- Up-to-date: /home/ubuntu/ros2_ws/install/robdep_interfaces/share/robdep_interfaces/cmake/rosidl_cmake_export_typesupport_targets-extras.cmake
[1.965s] -- Up-to-date: /home/ubuntu/ros2_ws/install/robdep_interfaces/share/robdep_interfaces/cmake/robdep_interfacesConfig.cmake
[1.965s] -- Up-to-date: /home/ubuntu/ros2_ws/install/robdep_interfaces/share/robdep_interfaces/cmake/robdep_interfacesConfig-version.cmake
[1.966s] -- Up-to-date: /home/ubuntu/ros2_ws/install/robdep_interfaces/share/robdep_interfaces/package.xml
[1.975s] Invoked command in '/home/ubuntu/ros2_ws/build/robdep_interfaces' returned '0': CMAKE_PREFIX_PATH=${CMAKE_PREFIX_PATH}:/home/ubuntu/ros2_ws/install/robdep:/opt/ros/galactic /usr/bin/cmake --install /home/ubuntu/ros2_ws/build/robdep_interfaces
