[5.289s] Invoking command in '/home/ubuntu/ros2_ws/src/robdep_project': PYTHONPATH=/home/ubuntu/ros2_ws/build/robdep_project/prefix_override:/home/ubuntu/ros2_ws/install/robdep_project/lib/python3.8/site-packages:${PYTHONPATH} /usr/bin/python3 setup.py egg_info --egg-base ../../build/robdep_project build --build-base /home/ubuntu/ros2_ws/build/robdep_project/build install --record /home/ubuntu/ros2_ws/build/robdep_project/install.log --single-version-externally-managed
[7.103s] running egg_info
[7.108s] writing ../../build/robdep_project/robdep_project.egg-info/PKG-INFO
[7.112s] writing dependency_links to ../../build/robdep_project/robdep_project.egg-info/dependency_links.txt
[7.113s] writing entry points to ../../build/robdep_project/robdep_project.egg-info/entry_points.txt
[7.114s] writing requirements to ../../build/robdep_project/robdep_project.egg-info/requires.txt
[7.115s] writing top-level names to ../../build/robdep_project/robdep_project.egg-info/top_level.txt
[7.294s] reading manifest file '../../build/robdep_project/robdep_project.egg-info/SOURCES.txt'
[7.298s] writing manifest file '../../build/robdep_project/robdep_project.egg-info/SOURCES.txt'
[7.298s] running build
[7.299s] running build_py
[7.300s] copying robdep_project/depth_extraction.py -> /home/ubuntu/ros2_ws/build/robdep_project/build/lib/robdep_project
[7.300s] running install
[7.304s] running install_lib
[7.311s] copying /home/ubuntu/ros2_ws/build/robdep_project/build/lib/robdep_project/depth_extraction.py -> /home/ubuntu/ros2_ws/install/robdep_project/lib/python3.8/site-packages/robdep_project
[7.313s] byte-compiling /home/ubuntu/ros2_ws/install/robdep_project/lib/python3.8/site-packages/robdep_project/depth_extraction.py to depth_extraction.cpython-38.pyc
[7.319s] running install_data
[7.323s] running install_egg_info
[7.330s] removing '/home/ubuntu/ros2_ws/install/robdep_project/lib/python3.8/site-packages/robdep_project-0.0.0-py3.8.egg-info' (and everything under it)
[7.332s] Copying ../../build/robdep_project/robdep_project.egg-info to /home/ubuntu/ros2_ws/install/robdep_project/lib/python3.8/site-packages/robdep_project-0.0.0-py3.8.egg-info
[7.338s] running install_scripts
[7.425s] Installing custom_object_detection_node script to /home/ubuntu/ros2_ws/install/robdep_project/lib/robdep_project
[7.426s] Installing depth_extraction script to /home/ubuntu/ros2_ws/install/robdep_project/lib/robdep_project
[7.427s] Installing detections script to /home/ubuntu/ros2_ws/install/robdep_project/lib/robdep_project
[7.429s] writing list of installed files to '/home/ubuntu/ros2_ws/build/robdep_project/install.log'
[7.584s] Invoked command in '/home/ubuntu/ros2_ws/src/robdep_project' returned '0': PYTHONPATH=/home/ubuntu/ros2_ws/build/robdep_project/prefix_override:/home/ubuntu/ros2_ws/install/robdep_project/lib/python3.8/site-packages:${PYTHONPATH} /usr/bin/python3 setup.py egg_info --egg-base ../../build/robdep_project build --build-base /home/ubuntu/ros2_ws/build/robdep_project/build install --record /home/ubuntu/ros2_ws/build/robdep_project/install.log --single-version-externally-managed
