[4.384s] Invoking command in '/home/ubuntu/ros2_ws/src/robdep': CMAKE_PREFIX_PATH=/home/ubuntu/ros2_ws/install/robdep_interfaces:/home/ubuntu/ros2_ws/install/robdep_project_interfaces PYTHONPATH=/home/ubuntu/ros2_ws/build/robdep/prefix_override:/home/ubuntu/ros2_ws/install/robdep/lib/python3.8/site-packages:/home/ubuntu/ros2_ws/install/robdep_interfaces/lib/python3.8/site-packages:/home/ubuntu/ros2_ws/install/robdep_project/lib/python3.8/site-packages:/home/ubuntu/ros2_ws/install/robdep/lib/python3.8/site-packages:/opt/ros/galactic/lib/python3.8/site-packages /usr/bin/python3 setup.py egg_info --egg-base ../../build/robdep build --build-base /home/ubuntu/ros2_ws/build/robdep/build install --record /home/ubuntu/ros2_ws/build/robdep/install.log --single-version-externally-managed
[5.836s] running egg_info
[5.838s] writing ../../build/robdep/robdep.egg-info/PKG-INFO
[5.839s] writing dependency_links to ../../build/robdep/robdep.egg-info/dependency_links.txt
[5.839s] writing entry points to ../../build/robdep/robdep.egg-info/entry_points.txt
[5.840s] writing requirements to ../../build/robdep/robdep.egg-info/requires.txt
[5.841s] writing top-level names to ../../build/robdep/robdep.egg-info/top_level.txt
[5.990s] reading manifest file '../../build/robdep/robdep.egg-info/SOURCES.txt'
[5.994s] writing manifest file '../../build/robdep/robdep.egg-info/SOURCES.txt'
[5.995s] running build
[5.995s] running build_py
[5.997s] running install
[6.000s] running install_lib
[6.008s] running install_data
[6.012s] running install_egg_info
[6.022s] removing '/home/ubuntu/ros2_ws/install/robdep/lib/python3.8/site-packages/robdep-0.0.0-py3.8.egg-info' (and everything under it)
[6.023s] Copying ../../build/robdep/robdep.egg-info to /home/ubuntu/ros2_ws/install/robdep/lib/python3.8/site-packages/robdep-0.0.0-py3.8.egg-info
[6.029s] running install_scripts
[6.104s] Installing blob_detector script to /home/ubuntu/ros2_ws/install/robdep/lib/robdep
[6.105s] Installing blob_printer script to /home/ubuntu/ros2_ws/install/robdep/lib/robdep
[6.106s] Installing blob_runner script to /home/ubuntu/ros2_ws/install/robdep/lib/robdep
[6.107s] Installing bot_run script to /home/ubuntu/ros2_ws/install/robdep/lib/robdep
[6.109s] Installing get_images script to /home/ubuntu/ros2_ws/install/robdep/lib/robdep
[6.110s] Installing mask_publisher script to /home/ubuntu/ros2_ws/install/robdep/lib/robdep
[6.111s] writing list of installed files to '/home/ubuntu/ros2_ws/build/robdep/install.log'
[6.245s] Invoked command in '/home/ubuntu/ros2_ws/src/robdep' returned '0': CMAKE_PREFIX_PATH=/home/ubuntu/ros2_ws/install/robdep_interfaces:/home/ubuntu/ros2_ws/install/robdep_project_interfaces PYTHONPATH=/home/ubuntu/ros2_ws/build/robdep/prefix_override:/home/ubuntu/ros2_ws/install/robdep/lib/python3.8/site-packages:/home/ubuntu/ros2_ws/install/robdep_interfaces/lib/python3.8/site-packages:/home/ubuntu/ros2_ws/install/robdep_project/lib/python3.8/site-packages:/home/ubuntu/ros2_ws/install/robdep/lib/python3.8/site-packages:/opt/ros/galactic/lib/python3.8/site-packages /usr/bin/python3 setup.py egg_info --egg-base ../../build/robdep build --build-base /home/ubuntu/ros2_ws/build/robdep/build install --record /home/ubuntu/ros2_ws/build/robdep/install.log --single-version-externally-managed
