[6.096s] Invoking command in '/home/ubuntu/ros2_ws/src/robdep_project': PYTHONPATH=/home/ubuntu/ros2_ws/build/robdep_project/prefix_override:/home/ubuntu/ros2_ws/install/robdep_project/lib/python3.8/site-packages:${PYTHONPATH} /usr/bin/python3 setup.py egg_info --egg-base ../../build/robdep_project build --build-base /home/ubuntu/ros2_ws/build/robdep_project/build install --record /home/ubuntu/ros2_ws/build/robdep_project/install.log --single-version-externally-managed
[7.842s] running egg_info
[7.846s] writing ../../build/robdep_project/robdep_project.egg-info/PKG-INFO
[7.848s] writing dependency_links to ../../build/robdep_project/robdep_project.egg-info/dependency_links.txt
[7.852s] writing entry points to ../../build/robdep_project/robdep_project.egg-info/entry_points.txt
[7.854s] writing requirements to ../../build/robdep_project/robdep_project.egg-info/requires.txt
[7.855s] writing top-level names to ../../build/robdep_project/robdep_project.egg-info/top_level.txt
[8.046s] reading manifest file '../../build/robdep_project/robdep_project.egg-info/SOURCES.txt'
[8.051s] writing manifest file '../../build/robdep_project/robdep_project.egg-info/SOURCES.txt'
[8.052s] running build
[8.052s] running build_py
[8.055s] running install
[8.061s] running install_lib
[8.071s] running install_data
[8.079s] running install_egg_info
[8.084s] removing '/home/ubuntu/ros2_ws/install/robdep_project/lib/python3.8/site-packages/robdep_project-0.0.0-py3.8.egg-info' (and everything under it)
[8.086s] Copying ../../build/robdep_project/robdep_project.egg-info to /home/ubuntu/ros2_ws/install/robdep_project/lib/python3.8/site-packages/robdep_project-0.0.0-py3.8.egg-info
[8.094s] running install_scripts
[8.199s] Installing controller script to /home/ubuntu/ros2_ws/install/robdep_project/lib/robdep_project
[8.203s] Installing custom_object_detection_node script to /home/ubuntu/ros2_ws/install/robdep_project/lib/robdep_project
[8.204s] Installing depth_extraction script to /home/ubuntu/ros2_ws/install/robdep_project/lib/robdep_project
[8.205s] Installing detections script to /home/ubuntu/ros2_ws/install/robdep_project/lib/robdep_project
[8.206s] writing list of installed files to '/home/ubuntu/ros2_ws/build/robdep_project/install.log'
[8.382s] Invoked command in '/home/ubuntu/ros2_ws/src/robdep_project' returned '0': PYTHONPATH=/home/ubuntu/ros2_ws/build/robdep_project/prefix_override:/home/ubuntu/ros2_ws/install/robdep_project/lib/python3.8/site-packages:${PYTHONPATH} /usr/bin/python3 setup.py egg_info --egg-base ../../build/robdep_project build --build-base /home/ubuntu/ros2_ws/build/robdep_project/build install --record /home/ubuntu/ros2_ws/build/robdep_project/install.log --single-version-externally-managed
