[5.363s] Invoking command in '/home/ubuntu/ros2_ws/src/robdep_project': PYTHONPATH=/home/ubuntu/ros2_ws/build/robdep_project/prefix_override:/home/ubuntu/ros2_ws/install/robdep_project/lib/python3.8/site-packages:${PYTHONPATH} /usr/bin/python3 setup.py egg_info --egg-base ../../build/robdep_project build --build-base /home/ubuntu/ros2_ws/build/robdep_project/build install --record /home/ubuntu/ros2_ws/build/robdep_project/install.log --single-version-externally-managed
[6.783s] running egg_info
[6.787s] writing ../../build/robdep_project/robdep_project.egg-info/PKG-INFO
[6.792s] writing dependency_links to ../../build/robdep_project/robdep_project.egg-info/dependency_links.txt
[6.792s] writing entry points to ../../build/robdep_project/robdep_project.egg-info/entry_points.txt
[6.793s] writing requirements to ../../build/robdep_project/robdep_project.egg-info/requires.txt
[6.793s] writing top-level names to ../../build/robdep_project/robdep_project.egg-info/top_level.txt
[6.969s] reading manifest file '../../build/robdep_project/robdep_project.egg-info/SOURCES.txt'
[6.971s] writing manifest file '../../build/robdep_project/robdep_project.egg-info/SOURCES.txt'
[6.972s] running build
[6.972s] running build_py
[6.973s] copying robdep_project/detections.py -> /home/ubuntu/ros2_ws/build/robdep_project/build/lib/robdep_project
[6.974s] running install
[6.977s] running install_lib
[6.984s] copying /home/ubuntu/ros2_ws/build/robdep_project/build/lib/robdep_project/detections.py -> /home/ubuntu/ros2_ws/install/robdep_project/lib/python3.8/site-packages/robdep_project
[6.987s] byte-compiling /home/ubuntu/ros2_ws/install/robdep_project/lib/python3.8/site-packages/robdep_project/detections.py to detections.cpython-38.pyc
[6.995s] running install_data
[6.998s] running install_egg_info
[7.008s] removing '/home/ubuntu/ros2_ws/install/robdep_project/lib/python3.8/site-packages/robdep_project-0.0.0-py3.8.egg-info' (and everything under it)
[7.010s] Copying ../../build/robdep_project/robdep_project.egg-info to /home/ubuntu/ros2_ws/install/robdep_project/lib/python3.8/site-packages/robdep_project-0.0.0-py3.8.egg-info
[7.018s] running install_scripts
[7.113s] Installing detections script to /home/ubuntu/ros2_ws/install/robdep_project/lib/robdep_project
[7.114s] writing list of installed files to '/home/ubuntu/ros2_ws/build/robdep_project/install.log'
[7.279s] Invoked command in '/home/ubuntu/ros2_ws/src/robdep_project' returned '0': PYTHONPATH=/home/ubuntu/ros2_ws/build/robdep_project/prefix_override:/home/ubuntu/ros2_ws/install/robdep_project/lib/python3.8/site-packages:${PYTHONPATH} /usr/bin/python3 setup.py egg_info --egg-base ../../build/robdep_project build --build-base /home/ubuntu/ros2_ws/build/robdep_project/build install --record /home/ubuntu/ros2_ws/build/robdep_project/install.log --single-version-externally-managed
