[4.579s] Invoking command in '/home/ubuntu/ros2_ws/src/robdep': CMAKE_PREFIX_PATH=/home/ubuntu/ros2_ws/install/robdep_interfaces:/home/ubuntu/ros2_ws/install/robdep_project_interfaces PYTHONPATH=/home/ubuntu/ros2_ws/build/robdep/prefix_override:/home/ubuntu/ros2_ws/install/robdep/lib/python3.8/site-packages:/home/ubuntu/ros2_ws/install/robdep_interfaces/lib/python3.8/site-packages:/home/ubuntu/ros2_ws/install/robdep_project/lib/python3.8/site-packages:/home/ubuntu/ros2_ws/install/robdep/lib/python3.8/site-packages:/opt/ros/galactic/lib/python3.8/site-packages /usr/bin/python3 setup.py egg_info --egg-base ../../build/robdep build --build-base /home/ubuntu/ros2_ws/build/robdep/build install --record /home/ubuntu/ros2_ws/build/robdep/install.log --single-version-externally-managed
[6.035s] running egg_info
[6.037s] writing ../../build/robdep/robdep.egg-info/PKG-INFO
[6.039s] writing dependency_links to ../../build/robdep/robdep.egg-info/dependency_links.txt
[6.040s] writing entry points to ../../build/robdep/robdep.egg-info/entry_points.txt
[6.040s] writing requirements to ../../build/robdep/robdep.egg-info/requires.txt
[6.041s] writing top-level names to ../../build/robdep/robdep.egg-info/top_level.txt
[6.199s] reading manifest file '../../build/robdep/robdep.egg-info/SOURCES.txt'
[6.203s] writing manifest file '../../build/robdep/robdep.egg-info/SOURCES.txt'
[6.204s] running build
[6.204s] running build_py
[6.207s] running install
[6.210s] running install_lib
[6.217s] running install_data
[6.220s] running install_egg_info
[6.227s] removing '/home/ubuntu/ros2_ws/install/robdep/lib/python3.8/site-packages/robdep-0.0.0-py3.8.egg-info' (and everything under it)
[6.229s] Copying ../../build/robdep/robdep.egg-info to /home/ubuntu/ros2_ws/install/robdep/lib/python3.8/site-packages/robdep-0.0.0-py3.8.egg-info
[6.238s] running install_scripts
[6.314s] Installing blob_detector script to /home/ubuntu/ros2_ws/install/robdep/lib/robdep
[6.315s] Installing blob_printer script to /home/ubuntu/ros2_ws/install/robdep/lib/robdep
[6.316s] Installing blob_runner script to /home/ubuntu/ros2_ws/install/robdep/lib/robdep
[6.317s] Installing bot_run script to /home/ubuntu/ros2_ws/install/robdep/lib/robdep
[6.318s] Installing get_images script to /home/ubuntu/ros2_ws/install/robdep/lib/robdep
[6.318s] Installing mask_publisher script to /home/ubuntu/ros2_ws/install/robdep/lib/robdep
[6.321s] writing list of installed files to '/home/ubuntu/ros2_ws/build/robdep/install.log'
[6.453s] Invoked command in '/home/ubuntu/ros2_ws/src/robdep' returned '0': CMAKE_PREFIX_PATH=/home/ubuntu/ros2_ws/install/robdep_interfaces:/home/ubuntu/ros2_ws/install/robdep_project_interfaces PYTHONPATH=/home/ubuntu/ros2_ws/build/robdep/prefix_override:/home/ubuntu/ros2_ws/install/robdep/lib/python3.8/site-packages:/home/ubuntu/ros2_ws/install/robdep_interfaces/lib/python3.8/site-packages:/home/ubuntu/ros2_ws/install/robdep_project/lib/python3.8/site-packages:/home/ubuntu/ros2_ws/install/robdep/lib/python3.8/site-packages:/opt/ros/galactic/lib/python3.8/site-packages /usr/bin/python3 setup.py egg_info --egg-base ../../build/robdep build --build-base /home/ubuntu/ros2_ws/build/robdep/build install --record /home/ubuntu/ros2_ws/build/robdep/install.log --single-version-externally-managed
