[6.613s] Invoking command in '/home/ubuntu/ros2_ws/src/robdep': CMAKE_PREFIX_PATH=/home/ubuntu/ros2_ws/install/robdep_interfaces:/home/ubuntu/ros2_ws/install/robdep_project_interfaces PYTHONPATH=/home/ubuntu/ros2_ws/build/robdep/prefix_override:/home/ubuntu/ros2_ws/install/robdep/lib/python3.8/site-packages:/home/ubuntu/ros2_ws/install/robdep_interfaces/lib/python3.8/site-packages:/home/ubuntu/ros2_ws/install/robdep_project/lib/python3.8/site-packages:/home/ubuntu/ros2_ws/install/robdep/lib/python3.8/site-packages:/opt/ros/galactic/lib/python3.8/site-packages /usr/bin/python3 setup.py egg_info --egg-base ../../build/robdep build --build-base /home/ubuntu/ros2_ws/build/robdep/build install --record /home/ubuntu/ros2_ws/build/robdep/install.log --single-version-externally-managed
[9.115s] running egg_info
[9.119s] writing ../../build/robdep/robdep.egg-info/PKG-INFO
[9.123s] writing dependency_links to ../../build/robdep/robdep.egg-info/dependency_links.txt
[9.125s] writing entry points to ../../build/robdep/robdep.egg-info/entry_points.txt
[9.129s] writing requirements to ../../build/robdep/robdep.egg-info/requires.txt
[9.131s] writing top-level names to ../../build/robdep/robdep.egg-info/top_level.txt
[9.344s] reading manifest file '../../build/robdep/robdep.egg-info/SOURCES.txt'
[9.349s] writing manifest file '../../build/robdep/robdep.egg-info/SOURCES.txt'
[9.350s] running build
[9.350s] running build_py
[9.357s] running install
[9.362s] running install_lib
[9.393s] running install_data
[9.402s] running install_egg_info
[9.416s] removing '/home/ubuntu/ros2_ws/install/robdep/lib/python3.8/site-packages/robdep-0.0.0-py3.8.egg-info' (and everything under it)
[9.419s] Copying ../../build/robdep/robdep.egg-info to /home/ubuntu/ros2_ws/install/robdep/lib/python3.8/site-packages/robdep-0.0.0-py3.8.egg-info
[9.428s] running install_scripts
[9.563s] Installing blob_detector script to /home/ubuntu/ros2_ws/install/robdep/lib/robdep
[9.566s] Installing blob_printer script to /home/ubuntu/ros2_ws/install/robdep/lib/robdep
[9.567s] Installing blob_runner script to /home/ubuntu/ros2_ws/install/robdep/lib/robdep
[9.569s] Installing bot_run script to /home/ubuntu/ros2_ws/install/robdep/lib/robdep
[9.570s] Installing get_images script to /home/ubuntu/ros2_ws/install/robdep/lib/robdep
[9.571s] Installing mask_publisher script to /home/ubuntu/ros2_ws/install/robdep/lib/robdep
[9.574s] writing list of installed files to '/home/ubuntu/ros2_ws/build/robdep/install.log'
[9.781s] Invoked command in '/home/ubuntu/ros2_ws/src/robdep' returned '0': CMAKE_PREFIX_PATH=/home/ubuntu/ros2_ws/install/robdep_interfaces:/home/ubuntu/ros2_ws/install/robdep_project_interfaces PYTHONPATH=/home/ubuntu/ros2_ws/build/robdep/prefix_override:/home/ubuntu/ros2_ws/install/robdep/lib/python3.8/site-packages:/home/ubuntu/ros2_ws/install/robdep_interfaces/lib/python3.8/site-packages:/home/ubuntu/ros2_ws/install/robdep_project/lib/python3.8/site-packages:/home/ubuntu/ros2_ws/install/robdep/lib/python3.8/site-packages:/opt/ros/galactic/lib/python3.8/site-packages /usr/bin/python3 setup.py egg_info --egg-base ../../build/robdep build --build-base /home/ubuntu/ros2_ws/build/robdep/build install --record /home/ubuntu/ros2_ws/build/robdep/install.log --single-version-externally-managed
