[0.184s] Invoking command in '/home/ubuntu/ros2_ws/build/robdep_interfaces': CMAKE_PREFIX_PATH=/opt/ros/galactic /usr/bin/cmake --build /home/ubuntu/ros2_ws/build/robdep_interfaces -- -j4 -l4
[2.211s] [  2%] Built target robdep_interfaces__cpp
[2.214s] [ 12%] Built target robdep_interfaces__rosidl_generator_c
[2.214s] [ 23%] Built target robdep_interfaces__rosidl_typesupport_cpp
[2.215s] [ 33%] Built target robdep_interfaces__rosidl_typesupport_introspection_cpp
[2.216s] [ 43%] Built target robdep_interfaces__rosidl_typesupport_c
[2.217s] [ 53%] Built target robdep_interfaces__rosidl_typesupport_fastrtps_cpp
[2.217s] [ 64%] Built target robdep_interfaces__rosidl_typesupport_introspection_c
[2.218s] [ 74%] Built target robdep_interfaces__rosidl_typesupport_fastrtps_c
[2.219s] [ 74%] Built target robdep_interfaces
[2.220s] [ 76%] Built target robdep_interfaces__py
[2.220s] [ 84%] Built target robdep_interfaces__python
[2.221s] [ 89%] Built target robdep_interfaces__rosidl_typesupport_c__pyext
[2.229s] [ 94%] Built target robdep_interfaces__rosidl_typesupport_introspection_c__pyext
[2.235s] [100%] Built target robdep_interfaces__rosidl_typesupport_fastrtps_c__pyext
[2.246s] Invoked command in '/home/ubuntu/ros2_ws/build/robdep_interfaces' returned '0': CMAKE_PREFIX_PATH=/opt/ros/galactic /usr/bin/cmake --build /home/ubuntu/ros2_ws/build/robdep_interfaces -- -j4 -l4
[2.928s] Invoking command in '/home/ubuntu/ros2_ws/build/robdep_interfaces': CMAKE_PREFIX_PATH=/opt/ros/galactic /usr/bin/cmake --install /home/ubuntu/ros2_ws/build/robdep_interfaces
[2.993s] -- Install configuration: ""
[2.994s] -- Up-to-date: /home/ubuntu/ros2_ws/install/robdep_interfaces/share/ament_index/resource_index/rosidl_interfaces/robdep_interfaces
[2.995s] -- Up-to-date: /home/ubuntu/ros2_ws/install/robdep_interfaces/include/robdep_interfaces
[2.995s] -- Up-to-date: /home/ubuntu/ros2_ws/install/robdep_interfaces/include/robdep_interfaces/msg
[2.996s] -- Up-to-date: /home/ubuntu/ros2_ws/install/robdep_interfaces/include/robdep_interfaces/msg/blob_data.h
[2.997s] -- Up-to-date: /home/ubuntu/ros2_ws/install/robdep_interfaces/include/robdep_interfaces/msg/detail
[2.999s] -- Up-to-date: /home/ubuntu/ros2_ws/install/robdep_interfaces/include/robdep_interfaces/msg/detail/blob_data__struct.h
[3.000s] -- Up-to-date: /home/ubuntu/ros2_ws/install/robdep_interfaces/include/robdep_interfaces/msg/detail/blob_list__functions.h
[3.001s] -- Up-to-date: /home/ubuntu/ros2_ws/install/robdep_interfaces/include/robdep_interfaces/msg/detail/blob_list__struct.h
[3.001s] -- Up-to-date: /home/ubuntu/ros2_ws/install/robdep_interfaces/include/robdep_interfaces/msg/detail/blob_data__functions.c
[3.002s] -- Up-to-date: /home/ubuntu/ros2_ws/install/robdep_interfaces/include/robdep_interfaces/msg/detail/blob_data__functions.h
[3.003s] -- Up-to-date: /home/ubuntu/ros2_ws/install/robdep_interfaces/include/robdep_interfaces/msg/detail/blob_data__type_support.h
[3.011s] -- Up-to-date: /home/ubuntu/ros2_ws/install/robdep_interfaces/include/robdep_interfaces/msg/detail/blob_list__functions.c
[3.011s] -- Up-to-date: /home/ubuntu/ros2_ws/install/robdep_interfaces/include/robdep_interfaces/msg/detail/blob_list__type_support.h
[3.012s] -- Up-to-date: /home/ubuntu/ros2_ws/install/robdep_interfaces/include/robdep_interfaces/msg/blob_list.h
[3.012s] -- Up-to-date: /home/ubuntu/ros2_ws/install/robdep_interfaces/include/robdep_interfaces/msg/rosidl_generator_c__visibility_control.h
[3.014s] -- Up-to-date: /home/ubuntu/ros2_ws/install/robdep_interfaces/share/robdep_interfaces/environment/library_path.sh
[3.016s] -- Up-to-date: /home/ubuntu/ros2_ws/install/robdep_interfaces/share/robdep_interfaces/environment/library_path.dsv
[3.017s] -- Up-to-date: /home/ubuntu/ros2_ws/install/robdep_interfaces/lib/librobdep_interfaces__rosidl_generator_c.so
[3.018s] -- Up-to-date: /home/ubuntu/ros2_ws/install/robdep_interfaces/include/robdep_interfaces
[3.018s] -- Up-to-date: /home/ubuntu/ros2_ws/install/robdep_interfaces/include/robdep_interfaces/msg
[3.019s] -- Up-to-date: /home/ubuntu/ros2_ws/install/robdep_interfaces/include/robdep_interfaces/msg/rosidl_typesupport_fastrtps_c__visibility_control.h
[3.020s] -- Up-to-date: /home/ubuntu/ros2_ws/install/robdep_interfaces/include/robdep_interfaces/msg/detail
[3.020s] -- Up-to-date: /home/ubuntu/ros2_ws/install/robdep_interfaces/include/robdep_interfaces/msg/detail/blob_list__rosidl_typesupport_fastrtps_c.h
[3.022s] -- Up-to-date: /home/ubuntu/ros2_ws/install/robdep_interfaces/include/robdep_interfaces/msg/detail/blob_data__rosidl_typesupport_fastrtps_c.h
[3.023s] -- Up-to-date: /home/ubuntu/ros2_ws/install/robdep_interfaces/lib/librobdep_interfaces__rosidl_typesupport_fastrtps_c.so
[3.023s] -- Up-to-date: /home/ubuntu/ros2_ws/install/robdep_interfaces/include/robdep_interfaces
[3.024s] -- Up-to-date: /home/ubuntu/ros2_ws/install/robdep_interfaces/include/robdep_interfaces/msg
[3.025s] -- Up-to-date: /home/ubuntu/ros2_ws/install/robdep_interfaces/include/robdep_interfaces/msg/rosidl_typesupport_fastrtps_cpp__visibility_control.h
[3.027s] -- Up-to-date: /home/ubuntu/ros2_ws/install/robdep_interfaces/include/robdep_interfaces/msg/detail
[3.028s] -- Up-to-date: /home/ubuntu/ros2_ws/install/robdep_interfaces/include/robdep_interfaces/msg/detail/dds_fastrtps
[3.029s] -- Up-to-date: /home/ubuntu/ros2_ws/install/robdep_interfaces/include/robdep_interfaces/msg/detail/blob_data__rosidl_typesupport_fastrtps_cpp.hpp
[3.030s] -- Up-to-date: /home/ubuntu/ros2_ws/install/robdep_interfaces/include/robdep_interfaces/msg/detail/blob_list__rosidl_typesupport_fastrtps_cpp.hpp
[3.030s] -- Up-to-date: /home/ubuntu/ros2_ws/install/robdep_interfaces/lib/librobdep_interfaces__rosidl_typesupport_fastrtps_cpp.so
[3.031s] -- Up-to-date: /home/ubuntu/ros2_ws/install/robdep_interfaces/include/robdep_interfaces
[3.032s] -- Up-to-date: /home/ubuntu/ros2_ws/install/robdep_interfaces/include/robdep_interfaces/msg
[3.033s] -- Up-to-date: /home/ubuntu/ros2_ws/install/robdep_interfaces/include/robdep_interfaces/msg/detail
[3.034s] -- Up-to-date: /home/ubuntu/ros2_ws/install/robdep_interfaces/include/robdep_interfaces/msg/detail/blob_data__type_support.c
[3.035s] -- Up-to-date: /home/ubuntu/ros2_ws/install/robdep_interfaces/include/robdep_interfaces/msg/detail/blob_data__rosidl_typesupport_introspection_c.h
[3.035s] -- Up-to-date: /home/ubuntu/ros2_ws/install/robdep_interfaces/include/robdep_interfaces/msg/detail/blob_list__type_support.c
[3.036s] -- Up-to-date: /home/ubuntu/ros2_ws/install/robdep_interfaces/include/robdep_interfaces/msg/detail/blob_list__rosidl_typesupport_introspection_c.h
[3.036s] -- Up-to-date: /home/ubuntu/ros2_ws/install/robdep_interfaces/include/robdep_interfaces/msg/rosidl_typesupport_introspection_c__visibility_control.h
[3.037s] -- Up-to-date: /home/ubuntu/ros2_ws/install/robdep_interfaces/lib/librobdep_interfaces__rosidl_typesupport_introspection_c.so
[3.038s] -- Up-to-date: /home/ubuntu/ros2_ws/install/robdep_interfaces/lib/librobdep_interfaces__rosidl_typesupport_c.so
[3.044s] -- Up-to-date: /home/ubuntu/ros2_ws/install/robdep_interfaces/include/robdep_interfaces
[3.044s] -- Up-to-date: /home/ubuntu/ros2_ws/install/robdep_interfaces/include/robdep_interfaces/msg
[3.046s] -- Up-to-date: /home/ubuntu/ros2_ws/install/robdep_interfaces/include/robdep_interfaces/msg/blob_data.hpp
[3.047s] -- Up-to-date: /home/ubuntu/ros2_ws/install/robdep_interfaces/include/robdep_interfaces/msg/detail
[3.049s] -- Up-to-date: /home/ubuntu/ros2_ws/install/robdep_interfaces/include/robdep_interfaces/msg/detail/blob_data__struct.hpp
[3.050s] -- Up-to-date: /home/ubuntu/ros2_ws/install/robdep_interfaces/include/robdep_interfaces/msg/detail/blob_list__struct.hpp
[3.050s] -- Up-to-date: /home/ubuntu/ros2_ws/install/robdep_interfaces/include/robdep_interfaces/msg/detail/blob_data__builder.hpp
[3.052s] -- Up-to-date: /home/ubuntu/ros2_ws/install/robdep_interfaces/include/robdep_interfaces/msg/detail/blob_list__builder.hpp
[3.053s] -- Up-to-date: /home/ubuntu/ros2_ws/install/robdep_interfaces/include/robdep_interfaces/msg/detail/blob_list__traits.hpp
[3.055s] -- Up-to-date: /home/ubuntu/ros2_ws/install/robdep_interfaces/include/robdep_interfaces/msg/detail/blob_data__traits.hpp
[3.056s] -- Up-to-date: /home/ubuntu/ros2_ws/install/robdep_interfaces/include/robdep_interfaces/msg/blob_list.hpp
[3.057s] -- Up-to-date: /home/ubuntu/ros2_ws/install/robdep_interfaces/include/robdep_interfaces
[3.058s] -- Up-to-date: /home/ubuntu/ros2_ws/install/robdep_interfaces/include/robdep_interfaces/msg
[3.059s] -- Up-to-date: /home/ubuntu/ros2_ws/install/robdep_interfaces/include/robdep_interfaces/msg/detail
[3.060s] -- Up-to-date: /home/ubuntu/ros2_ws/install/robdep_interfaces/include/robdep_interfaces/msg/detail/blob_data__rosidl_typesupport_introspection_cpp.hpp
[3.061s] -- Up-to-date: /home/ubuntu/ros2_ws/install/robdep_interfaces/include/robdep_interfaces/msg/detail/blob_data__type_support.cpp
[3.061s] -- Up-to-date: /home/ubuntu/ros2_ws/install/robdep_interfaces/include/robdep_interfaces/msg/detail/blob_list__type_support.cpp
[3.062s] -- Up-to-date: /home/ubuntu/ros2_ws/install/robdep_interfaces/include/robdep_interfaces/msg/detail/blob_list__rosidl_typesupport_introspection_cpp.hpp
[3.063s] -- Up-to-date: /home/ubuntu/ros2_ws/install/robdep_interfaces/lib/librobdep_interfaces__rosidl_typesupport_introspection_cpp.so
[3.066s] -- Up-to-date: /home/ubuntu/ros2_ws/install/robdep_interfaces/lib/librobdep_interfaces__rosidl_typesupport_cpp.so
[3.066s] -- Up-to-date: /home/ubuntu/ros2_ws/install/robdep_interfaces/share/robdep_interfaces/environment/pythonpath.sh
[3.067s] -- Up-to-date: /home/ubuntu/ros2_ws/install/robdep_interfaces/share/robdep_interfaces/environment/pythonpath.dsv
[3.068s] -- Up-to-date: /home/ubuntu/ros2_ws/install/robdep_interfaces/lib/python3.8/site-packages/robdep_interfaces/__init__.py
[3.312s] -- Up-to-date: /home/ubuntu/ros2_ws/install/robdep_interfaces/lib/python3.8/site-packages/robdep_interfaces/msg
[3.324s] -- Up-to-date: /home/ubuntu/ros2_ws/install/robdep_interfaces/lib/python3.8/site-packages/robdep_interfaces/msg/_blob_list_s.c
[3.327s] -- Up-to-date: /home/ubuntu/ros2_ws/install/robdep_interfaces/lib/python3.8/site-packages/robdep_interfaces/msg/_blob_data_s.c
[3.327s] -- Up-to-date: /home/ubuntu/ros2_ws/install/robdep_interfaces/lib/python3.8/site-packages/robdep_interfaces/msg/_blob_list.py
[3.330s] -- Up-to-date: /home/ubuntu/ros2_ws/install/robdep_interfaces/lib/python3.8/site-packages/robdep_interfaces/msg/__init__.py
[3.332s] -- Up-to-date: /home/ubuntu/ros2_ws/install/robdep_interfaces/lib/python3.8/site-packages/robdep_interfaces/msg/_blob_data.py
[3.333s] -- Up-to-date: /home/ubuntu/ros2_ws/install/robdep_interfaces/lib/python3.8/site-packages/robdep_interfaces/robdep_interfaces_s__rosidl_typesupport_fastrtps_c.cpython-38-aarch64-linux-gnu.so
[3.333s] -- Up-to-date: /home/ubuntu/ros2_ws/install/robdep_interfaces/lib/python3.8/site-packages/robdep_interfaces/robdep_interfaces_s__rosidl_typesupport_introspection_c.cpython-38-aarch64-linux-gnu.so
[3.337s] -- Up-to-date: /home/ubuntu/ros2_ws/install/robdep_interfaces/lib/python3.8/site-packages/robdep_interfaces/robdep_interfaces_s__rosidl_typesupport_c.cpython-38-aarch64-linux-gnu.so
[3.343s] -- Up-to-date: /home/ubuntu/ros2_ws/install/robdep_interfaces/lib/librobdep_interfaces__python.so
[3.344s] -- Up-to-date: /home/ubuntu/ros2_ws/install/robdep_interfaces/share/robdep_interfaces/msg/BlobData.idl
[3.345s] -- Up-to-date: /home/ubuntu/ros2_ws/install/robdep_interfaces/share/robdep_interfaces/msg/BlobList.idl
[3.346s] -- Up-to-date: /home/ubuntu/ros2_ws/install/robdep_interfaces/share/robdep_interfaces/msg/BlobData.msg
[3.352s] -- Up-to-date: /home/ubuntu/ros2_ws/install/robdep_interfaces/share/robdep_interfaces/msg/BlobList.msg
[3.361s] -- Up-to-date: /home/ubuntu/ros2_ws/install/robdep_interfaces/share/ament_index/resource_index/package_run_dependencies/robdep_interfaces
[3.362s] -- Up-to-date: /home/ubuntu/ros2_ws/install/robdep_interfaces/share/ament_index/resource_index/parent_prefix_path/robdep_interfaces
[3.365s] -- Up-to-date: /home/ubuntu/ros2_ws/install/robdep_interfaces/share/robdep_interfaces/environment/ament_prefix_path.sh
[3.369s] -- Up-to-date: /home/ubuntu/ros2_ws/install/robdep_interfaces/share/robdep_interfaces/environment/ament_prefix_path.dsv
[3.372s] -- Up-to-date: /home/ubuntu/ros2_ws/install/robdep_interfaces/share/robdep_interfaces/environment/path.sh
[3.373s] -- Up-to-date: /home/ubuntu/ros2_ws/install/robdep_interfaces/share/robdep_interfaces/environment/path.dsv
[3.374s] -- Up-to-date: /home/ubuntu/ros2_ws/install/robdep_interfaces/share/robdep_interfaces/local_setup.bash
[3.376s] -- Up-to-date: /home/ubuntu/ros2_ws/install/robdep_interfaces/share/robdep_interfaces/local_setup.sh
[3.379s] -- Up-to-date: /home/ubuntu/ros2_ws/install/robdep_interfaces/share/robdep_interfaces/local_setup.zsh
[3.380s] -- Up-to-date: /home/ubuntu/ros2_ws/install/robdep_interfaces/share/robdep_interfaces/local_setup.dsv
[3.384s] -- Installing: /home/ubuntu/ros2_ws/install/robdep_interfaces/share/robdep_interfaces/package.dsv
[3.387s] -- Up-to-date: /home/ubuntu/ros2_ws/install/robdep_interfaces/share/ament_index/resource_index/packages/robdep_interfaces
[3.393s] -- Up-to-date: /home/ubuntu/ros2_ws/install/robdep_interfaces/share/robdep_interfaces/cmake/robdep_interfaces__rosidl_generator_cExport.cmake
[3.393s] -- Up-to-date: /home/ubuntu/ros2_ws/install/robdep_interfaces/share/robdep_interfaces/cmake/robdep_interfaces__rosidl_generator_cExport-noconfig.cmake
[3.407s] -- Up-to-date: /home/ubuntu/ros2_ws/install/robdep_interfaces/share/robdep_interfaces/cmake/robdep_interfaces__rosidl_typesupport_introspection_cExport.cmake
[3.409s] -- Up-to-date: /home/ubuntu/ros2_ws/install/robdep_interfaces/share/robdep_interfaces/cmake/robdep_interfaces__rosidl_typesupport_introspection_cExport-noconfig.cmake
[3.410s] -- Up-to-date: /home/ubuntu/ros2_ws/install/robdep_interfaces/share/robdep_interfaces/cmake/robdep_interfaces__rosidl_typesupport_cExport.cmake
[3.411s] -- Up-to-date: /home/ubuntu/ros2_ws/install/robdep_interfaces/share/robdep_interfaces/cmake/robdep_interfaces__rosidl_typesupport_cExport-noconfig.cmake
[3.412s] -- Up-to-date: /home/ubuntu/ros2_ws/install/robdep_interfaces/share/robdep_interfaces/cmake/robdep_interfaces__rosidl_generator_cppExport.cmake
[3.413s] -- Up-to-date: /home/ubuntu/ros2_ws/install/robdep_interfaces/share/robdep_interfaces/cmake/robdep_interfaces__rosidl_typesupport_introspection_cppExport.cmake
[3.414s] -- Up-to-date: /home/ubuntu/ros2_ws/install/robdep_interfaces/share/robdep_interfaces/cmake/robdep_interfaces__rosidl_typesupport_introspection_cppExport-noconfig.cmake
[3.420s] -- Up-to-date: /home/ubuntu/ros2_ws/install/robdep_interfaces/share/robdep_interfaces/cmake/robdep_interfaces__rosidl_typesupport_cppExport.cmake
[3.423s] -- Up-to-date: /home/ubuntu/ros2_ws/install/robdep_interfaces/share/robdep_interfaces/cmake/robdep_interfaces__rosidl_typesupport_cppExport-noconfig.cmake
[3.424s] -- Up-to-date: /home/ubuntu/ros2_ws/install/robdep_interfaces/share/robdep_interfaces/cmake/rosidl_cmake-extras.cmake
[3.424s] -- Up-to-date: /home/ubuntu/ros2_ws/install/robdep_interfaces/share/robdep_interfaces/cmake/ament_cmake_export_dependencies-extras.cmake
[3.427s] -- Up-to-date: /home/ubuntu/ros2_ws/install/robdep_interfaces/share/robdep_interfaces/cmake/ament_cmake_export_libraries-extras.cmake
[3.428s] -- Up-to-date: /home/ubuntu/ros2_ws/install/robdep_interfaces/share/robdep_interfaces/cmake/ament_cmake_export_targets-extras.cmake
[3.428s] -- Up-to-date: /home/ubuntu/ros2_ws/install/robdep_interfaces/share/robdep_interfaces/cmake/ament_cmake_export_include_directories-extras.cmake
[3.430s] -- Up-to-date: /home/ubuntu/ros2_ws/install/robdep_interfaces/share/robdep_interfaces/cmake/rosidl_cmake_export_typesupport_libraries-extras.cmake
[3.432s] -- Up-to-date: /home/ubuntu/ros2_ws/install/robdep_interfaces/share/robdep_interfaces/cmake/rosidl_cmake_export_typesupport_targets-extras.cmake
[3.432s] -- Up-to-date: /home/ubuntu/ros2_ws/install/robdep_interfaces/share/robdep_interfaces/cmake/robdep_interfacesConfig.cmake
[3.433s] -- Up-to-date: /home/ubuntu/ros2_ws/install/robdep_interfaces/share/robdep_interfaces/cmake/robdep_interfacesConfig-version.cmake
[3.434s] -- Up-to-date: /home/ubuntu/ros2_ws/install/robdep_interfaces/share/robdep_interfaces/package.xml
[3.434s] Invoked command in '/home/ubuntu/ros2_ws/build/robdep_interfaces' returned '0': CMAKE_PREFIX_PATH=/opt/ros/galactic /usr/bin/cmake --install /home/ubuntu/ros2_ws/build/robdep_interfaces
