[4.942s] Invoking command in '/home/ubuntu/ros2_ws/src/robdep_project': PYTHONPATH=/home/ubuntu/ros2_ws/build/robdep_project/prefix_override:/home/ubuntu/ros2_ws/install/robdep_project/lib/python3.8/site-packages:${PYTHONPATH} /usr/bin/python3 setup.py egg_info --egg-base ../../build/robdep_project build --build-base /home/ubuntu/ros2_ws/build/robdep_project/build install --record /home/ubuntu/ros2_ws/build/robdep_project/install.log --single-version-externally-managed
[6.748s] running egg_info
[6.751s] writing ../../build/robdep_project/robdep_project.egg-info/PKG-INFO
[6.752s] writing dependency_links to ../../build/robdep_project/robdep_project.egg-info/dependency_links.txt
[6.760s] writing entry points to ../../build/robdep_project/robdep_project.egg-info/entry_points.txt
[6.760s] writing requirements to ../../build/robdep_project/robdep_project.egg-info/requires.txt
[6.761s] writing top-level names to ../../build/robdep_project/robdep_project.egg-info/top_level.txt
[6.924s] reading manifest file '../../build/robdep_project/robdep_project.egg-info/SOURCES.txt'
[6.929s] writing manifest file '../../build/robdep_project/robdep_project.egg-info/SOURCES.txt'
[6.933s] running build
[6.936s] running build_py
[6.946s] copying robdep_project/depth_extraction.py -> /home/ubuntu/ros2_ws/build/robdep_project/build/lib/robdep_project
[6.946s] running install
[6.947s] running install_lib
[6.947s] copying /home/ubuntu/ros2_ws/build/robdep_project/build/lib/robdep_project/depth_extraction.py -> /home/ubuntu/ros2_ws/install/robdep_project/lib/python3.8/site-packages/robdep_project
[6.954s] Sorry: TabError: inconsistent use of tabs and spaces in indentation (depth_extraction.py, line 25)
[6.955s] byte-compiling /home/ubuntu/ros2_ws/install/robdep_project/lib/python3.8/site-packages/robdep_project/depth_extraction.py to depth_extraction.cpython-38.pyc
[6.956s] running install_data
[6.957s] running install_egg_info
[6.963s] removing '/home/ubuntu/ros2_ws/install/robdep_project/lib/python3.8/site-packages/robdep_project-0.0.0-py3.8.egg-info' (and everything under it)
[6.966s] Copying ../../build/robdep_project/robdep_project.egg-info to /home/ubuntu/ros2_ws/install/robdep_project/lib/python3.8/site-packages/robdep_project-0.0.0-py3.8.egg-info
[6.978s] running install_scripts
[7.087s] Installing custom_object_detection_node script to /home/ubuntu/ros2_ws/install/robdep_project/lib/robdep_project
[7.103s] Installing depth_extraction script to /home/ubuntu/ros2_ws/install/robdep_project/lib/robdep_project
[7.103s] Installing detections script to /home/ubuntu/ros2_ws/install/robdep_project/lib/robdep_project
[7.104s] writing list of installed files to '/home/ubuntu/ros2_ws/build/robdep_project/install.log'
[7.244s] Invoked command in '/home/ubuntu/ros2_ws/src/robdep_project' returned '0': PYTHONPATH=/home/ubuntu/ros2_ws/build/robdep_project/prefix_override:/home/ubuntu/ros2_ws/install/robdep_project/lib/python3.8/site-packages:${PYTHONPATH} /usr/bin/python3 setup.py egg_info --egg-base ../../build/robdep_project build --build-base /home/ubuntu/ros2_ws/build/robdep_project/build install --record /home/ubuntu/ros2_ws/build/robdep_project/install.log --single-version-externally-managed
