[2.016s] DEBUG:colcon:Command line arguments: ['/usr/bin/colcon', 'build']
[2.017s] DEBUG:colcon:Parsed command line arguments: Namespace(allow_overriding=[], ament_cmake_args=None, base_paths=['.'], build_base='build', catkin_cmake_args=None, catkin_skip_building_tests=False, cmake_args=None, cmake_clean_cache=False, cmake_clean_first=False, cmake_force_configure=False, cmake_target=None, cmake_target_skip_unavailable=False, continue_on_error=False, event_handlers=None, executor='parallel', ignore_user_meta=False, install_base='install', log_base=None, log_level=None, main=<bound method BuildVerb.main of <colcon_core.verb.build.BuildVerb object at 0xffff86f027f0>>, merge_install=False, metas=['./colcon.meta'], packages_above=None, packages_above_and_dependencies=None, packages_above_depth=None, packages_end=None, packages_ignore=None, packages_ignore_regex=None, packages_select=None, packages_select_build_failed=False, packages_select_by_dep=None, packages_select_regex=None, packages_select_test_failures=False, packages_skip=None, packages_skip_build_finished=False, packages_skip_by_dep=None, packages_skip_regex=None, packages_skip_test_passed=False, packages_skip_up_to=None, packages_start=None, packages_up_to=None, packages_up_to_regex=None, parallel_workers=4, paths=None, symlink_install=False, test_result_base=None, verb_extension=<colcon_core.verb.build.BuildVerb object at 0xffff86f027f0>, verb_name='build', verb_parser=<colcon_defaults.argument_parser.defaults.DefaultArgumentsDecorator object at 0xffff86f02d60>)
[2.173s] Level 1:colcon.colcon_core.package_discovery:discover_packages(colcon_meta) check parameters
[2.174s] Level 1:colcon.colcon_core.package_discovery:discover_packages(recursive) check parameters
[2.174s] Level 1:colcon.colcon_core.package_discovery:discover_packages(ignore) check parameters
[2.174s] Level 1:colcon.colcon_core.package_discovery:discover_packages(path) check parameters
[2.174s] Level 1:colcon.colcon_core.package_discovery:discover_packages(colcon_meta) discover
[2.175s] Level 1:colcon.colcon_core.package_discovery:discover_packages(recursive) discover
[2.175s] INFO:colcon.colcon_core.package_discovery:Crawling recursively for packages in '/home/ubuntu/ros2_ws'
[2.175s] Level 1:colcon.colcon_core.package_identification:_identify(.) by extensions ['ignore', 'ignore_ament_install']
[2.176s] Level 1:colcon.colcon_core.package_identification:_identify(.) by extension 'ignore'
[2.176s] Level 1:colcon.colcon_core.package_identification:_identify(.) by extension 'ignore_ament_install'
[2.177s] Level 1:colcon.colcon_core.package_identification:_identify(.) by extensions ['colcon_pkg']
[2.177s] Level 1:colcon.colcon_core.package_identification:_identify(.) by extension 'colcon_pkg'
[2.177s] Level 1:colcon.colcon_core.package_identification:_identify(.) by extensions ['colcon_meta']
[2.177s] Level 1:colcon.colcon_core.package_identification:_identify(.) by extension 'colcon_meta'
[2.177s] Level 1:colcon.colcon_core.package_identification:_identify(.) by extensions ['ros']
[2.178s] Level 1:colcon.colcon_core.package_identification:_identify(.) by extension 'ros'
[2.232s] Level 1:colcon.colcon_core.package_identification:_identify(.) by extensions ['cmake', 'python']
[2.232s] Level 1:colcon.colcon_core.package_identification:_identify(.) by extension 'cmake'
[2.233s] Level 1:colcon.colcon_core.package_identification:_identify(.) by extension 'python'
[2.233s] Level 1:colcon.colcon_core.package_identification:_identify(.) by extensions ['python_setup_py']
[2.233s] Level 1:colcon.colcon_core.package_identification:_identify(.) by extension 'python_setup_py'
[2.234s] Level 1:colcon.colcon_core.package_identification:_identify(build) by extensions ['ignore', 'ignore_ament_install']
[2.234s] Level 1:colcon.colcon_core.package_identification:_identify(build) by extension 'ignore'
[2.234s] Level 1:colcon.colcon_core.package_identification:_identify(build) ignored
[2.235s] Level 1:colcon.colcon_core.package_identification:_identify(install) by extensions ['ignore', 'ignore_ament_install']
[2.236s] Level 1:colcon.colcon_core.package_identification:_identify(install) by extension 'ignore'
[2.236s] Level 1:colcon.colcon_core.package_identification:_identify(install) ignored
[2.238s] Level 1:colcon.colcon_core.package_identification:_identify(log) by extensions ['ignore', 'ignore_ament_install']
[2.239s] Level 1:colcon.colcon_core.package_identification:_identify(log) by extension 'ignore'
[2.239s] Level 1:colcon.colcon_core.package_identification:_identify(log) ignored
[2.240s] Level 1:colcon.colcon_core.package_identification:_identify(src) by extensions ['ignore', 'ignore_ament_install']
[2.240s] Level 1:colcon.colcon_core.package_identification:_identify(src) by extension 'ignore'
[2.240s] Level 1:colcon.colcon_core.package_identification:_identify(src) by extension 'ignore_ament_install'
[2.241s] Level 1:colcon.colcon_core.package_identification:_identify(src) by extensions ['colcon_pkg']
[2.241s] Level 1:colcon.colcon_core.package_identification:_identify(src) by extension 'colcon_pkg'
[2.241s] Level 1:colcon.colcon_core.package_identification:_identify(src) by extensions ['colcon_meta']
[2.241s] Level 1:colcon.colcon_core.package_identification:_identify(src) by extension 'colcon_meta'
[2.242s] Level 1:colcon.colcon_core.package_identification:_identify(src) by extensions ['ros']
[2.242s] Level 1:colcon.colcon_core.package_identification:_identify(src) by extension 'ros'
[2.242s] Level 1:colcon.colcon_core.package_identification:_identify(src) by extensions ['cmake', 'python']
[2.242s] Level 1:colcon.colcon_core.package_identification:_identify(src) by extension 'cmake'
[2.242s] Level 1:colcon.colcon_core.package_identification:_identify(src) by extension 'python'
[2.243s] Level 1:colcon.colcon_core.package_identification:_identify(src) by extensions ['python_setup_py']
[2.243s] Level 1:colcon.colcon_core.package_identification:_identify(src) by extension 'python_setup_py'
[2.243s] Level 1:colcon.colcon_core.package_identification:_identify(src/robdep) by extensions ['ignore', 'ignore_ament_install']
[2.244s] Level 1:colcon.colcon_core.package_identification:_identify(src/robdep) by extension 'ignore'
[2.244s] Level 1:colcon.colcon_core.package_identification:_identify(src/robdep) by extension 'ignore_ament_install'
[2.244s] Level 1:colcon.colcon_core.package_identification:_identify(src/robdep) by extensions ['colcon_pkg']
[2.244s] Level 1:colcon.colcon_core.package_identification:_identify(src/robdep) by extension 'colcon_pkg'
[2.244s] Level 1:colcon.colcon_core.package_identification:_identify(src/robdep) by extensions ['colcon_meta']
[2.245s] Level 1:colcon.colcon_core.package_identification:_identify(src/robdep) by extension 'colcon_meta'
[2.245s] Level 1:colcon.colcon_core.package_identification:_identify(src/robdep) by extensions ['ros']
[2.245s] Level 1:colcon.colcon_core.package_identification:_identify(src/robdep) by extension 'ros'
[2.257s] DEBUG:colcon.colcon_core.package_identification:Package 'src/robdep' with type 'ros.ament_python' and name 'robdep'
[2.259s] Level 1:colcon.colcon_core.package_identification:_identify(src/robdep_interfaces) by extensions ['ignore', 'ignore_ament_install']
[2.261s] Level 1:colcon.colcon_core.package_identification:_identify(src/robdep_interfaces) by extension 'ignore'
[2.261s] Level 1:colcon.colcon_core.package_identification:_identify(src/robdep_interfaces) by extension 'ignore_ament_install'
[2.262s] Level 1:colcon.colcon_core.package_identification:_identify(src/robdep_interfaces) by extensions ['colcon_pkg']
[2.262s] Level 1:colcon.colcon_core.package_identification:_identify(src/robdep_interfaces) by extension 'colcon_pkg'
[2.262s] Level 1:colcon.colcon_core.package_identification:_identify(src/robdep_interfaces) by extensions ['colcon_meta']
[2.263s] Level 1:colcon.colcon_core.package_identification:_identify(src/robdep_interfaces) by extension 'colcon_meta'
[2.264s] Level 1:colcon.colcon_core.package_identification:_identify(src/robdep_interfaces) by extensions ['ros']
[2.264s] Level 1:colcon.colcon_core.package_identification:_identify(src/robdep_interfaces) by extension 'ros'
[2.267s] DEBUG:colcon.colcon_core.package_identification:Package 'src/robdep_interfaces' with type 'ros.ament_cmake' and name 'robdep_interfaces'
[2.268s] Level 1:colcon.colcon_core.package_identification:_identify(src/robdep_project) by extensions ['ignore', 'ignore_ament_install']
[2.269s] Level 1:colcon.colcon_core.package_identification:_identify(src/robdep_project) by extension 'ignore'
[2.269s] Level 1:colcon.colcon_core.package_identification:_identify(src/robdep_project) by extension 'ignore_ament_install'
[2.269s] Level 1:colcon.colcon_core.package_identification:_identify(src/robdep_project) by extensions ['colcon_pkg']
[2.269s] Level 1:colcon.colcon_core.package_identification:_identify(src/robdep_project) by extension 'colcon_pkg'
[2.270s] Level 1:colcon.colcon_core.package_identification:_identify(src/robdep_project) by extensions ['colcon_meta']
[2.270s] Level 1:colcon.colcon_core.package_identification:_identify(src/robdep_project) by extension 'colcon_meta'
[2.270s] Level 1:colcon.colcon_core.package_identification:_identify(src/robdep_project) by extensions ['ros']
[2.270s] Level 1:colcon.colcon_core.package_identification:_identify(src/robdep_project) by extension 'ros'
[2.272s] DEBUG:colcon.colcon_core.package_identification:Package 'src/robdep_project' with type 'ros.ament_python' and name 'robdep_project'
[2.273s] Level 1:colcon.colcon_core.package_identification:_identify(src/robdep_project_interfaces) by extensions ['ignore', 'ignore_ament_install']
[2.273s] Level 1:colcon.colcon_core.package_identification:_identify(src/robdep_project_interfaces) by extension 'ignore'
[2.274s] Level 1:colcon.colcon_core.package_identification:_identify(src/robdep_project_interfaces) by extension 'ignore_ament_install'
[2.274s] Level 1:colcon.colcon_core.package_identification:_identify(src/robdep_project_interfaces) by extensions ['colcon_pkg']
[2.274s] Level 1:colcon.colcon_core.package_identification:_identify(src/robdep_project_interfaces) by extension 'colcon_pkg'
[2.274s] Level 1:colcon.colcon_core.package_identification:_identify(src/robdep_project_interfaces) by extensions ['colcon_meta']
[2.274s] Level 1:colcon.colcon_core.package_identification:_identify(src/robdep_project_interfaces) by extension 'colcon_meta'
[2.275s] Level 1:colcon.colcon_core.package_identification:_identify(src/robdep_project_interfaces) by extensions ['ros']
[2.275s] Level 1:colcon.colcon_core.package_identification:_identify(src/robdep_project_interfaces) by extension 'ros'
[2.277s] DEBUG:colcon.colcon_core.package_identification:Package 'src/robdep_project_interfaces' with type 'ros.ament_cmake' and name 'robdep_project_interfaces'
[2.277s] Level 1:colcon.colcon_core.package_discovery:discover_packages(recursive) using defaults
[2.277s] Level 1:colcon.colcon_core.package_discovery:discover_packages(ignore) discover
[2.277s] Level 1:colcon.colcon_core.package_discovery:discover_packages(ignore) using defaults
[2.277s] Level 1:colcon.colcon_core.package_discovery:discover_packages(path) discover
[2.277s] Level 1:colcon.colcon_core.package_discovery:discover_packages(path) using defaults
[2.395s] Level 1:colcon.colcon_core.package_discovery:discover_packages(prefix_path) check parameters
[2.395s] Level 1:colcon.colcon_core.package_discovery:discover_packages(prefix_path) discover
[2.414s] DEBUG:colcon.colcon_installed_package_information.package_discovery:Found 4 installed packages in /home/ubuntu/ros2_ws/install
[2.425s] DEBUG:colcon.colcon_installed_package_information.package_discovery:Found 288 installed packages in /opt/ros/galactic
[2.434s] Level 1:colcon.colcon_core.package_discovery:discover_packages(prefix_path) using defaults
[2.795s] Level 5:colcon.colcon_core.verb:set package 'robdep_interfaces' build argument 'cmake_args' from command line to 'None'
[2.796s] Level 5:colcon.colcon_core.verb:set package 'robdep_interfaces' build argument 'cmake_target' from command line to 'None'
[2.797s] Level 5:colcon.colcon_core.verb:set package 'robdep_interfaces' build argument 'cmake_target_skip_unavailable' from command line to 'False'
[2.797s] Level 5:colcon.colcon_core.verb:set package 'robdep_interfaces' build argument 'cmake_clean_cache' from command line to 'False'
[2.798s] Level 5:colcon.colcon_core.verb:set package 'robdep_interfaces' build argument 'cmake_clean_first' from command line to 'False'
[2.798s] Level 5:colcon.colcon_core.verb:set package 'robdep_interfaces' build argument 'cmake_force_configure' from command line to 'False'
[2.798s] Level 5:colcon.colcon_core.verb:set package 'robdep_interfaces' build argument 'ament_cmake_args' from command line to 'None'
[2.798s] Level 5:colcon.colcon_core.verb:set package 'robdep_interfaces' build argument 'catkin_cmake_args' from command line to 'None'
[2.798s] Level 5:colcon.colcon_core.verb:set package 'robdep_interfaces' build argument 'catkin_skip_building_tests' from command line to 'False'
[2.799s] DEBUG:colcon.colcon_core.verb:Building package 'robdep_interfaces' with the following arguments: {'ament_cmake_args': None, 'build_base': '/home/ubuntu/ros2_ws/build/robdep_interfaces', 'catkin_cmake_args': None, 'catkin_skip_building_tests': False, 'cmake_args': None, 'cmake_clean_cache': False, 'cmake_clean_first': False, 'cmake_force_configure': False, 'cmake_target': None, 'cmake_target_skip_unavailable': False, 'install_base': '/home/ubuntu/ros2_ws/install/robdep_interfaces', 'merge_install': False, 'path': '/home/ubuntu/ros2_ws/src/robdep_interfaces', 'symlink_install': False, 'test_result_base': None}
[2.805s] Level 5:colcon.colcon_core.verb:set package 'robdep_project' build argument 'cmake_args' from command line to 'None'
[2.805s] Level 5:colcon.colcon_core.verb:set package 'robdep_project' build argument 'cmake_target' from command line to 'None'
[2.805s] Level 5:colcon.colcon_core.verb:set package 'robdep_project' build argument 'cmake_target_skip_unavailable' from command line to 'False'
[2.805s] Level 5:colcon.colcon_core.verb:set package 'robdep_project' build argument 'cmake_clean_cache' from command line to 'False'
[2.805s] Level 5:colcon.colcon_core.verb:set package 'robdep_project' build argument 'cmake_clean_first' from command line to 'False'
[2.805s] Level 5:colcon.colcon_core.verb:set package 'robdep_project' build argument 'cmake_force_configure' from command line to 'False'
[2.805s] Level 5:colcon.colcon_core.verb:set package 'robdep_project' build argument 'ament_cmake_args' from command line to 'None'
[2.806s] Level 5:colcon.colcon_core.verb:set package 'robdep_project' build argument 'catkin_cmake_args' from command line to 'None'
[2.806s] Level 5:colcon.colcon_core.verb:set package 'robdep_project' build argument 'catkin_skip_building_tests' from command line to 'False'
[2.806s] DEBUG:colcon.colcon_core.verb:Building package 'robdep_project' with the following arguments: {'ament_cmake_args': None, 'build_base': '/home/ubuntu/ros2_ws/build/robdep_project', 'catkin_cmake_args': None, 'catkin_skip_building_tests': False, 'cmake_args': None, 'cmake_clean_cache': False, 'cmake_clean_first': False, 'cmake_force_configure': False, 'cmake_target': None, 'cmake_target_skip_unavailable': False, 'install_base': '/home/ubuntu/ros2_ws/install/robdep_project', 'merge_install': False, 'path': '/home/ubuntu/ros2_ws/src/robdep_project', 'symlink_install': False, 'test_result_base': None}
[2.810s] Level 5:colcon.colcon_core.verb:set package 'robdep_project_interfaces' build argument 'cmake_args' from command line to 'None'
[2.811s] Level 5:colcon.colcon_core.verb:set package 'robdep_project_interfaces' build argument 'cmake_target' from command line to 'None'
[2.811s] Level 5:colcon.colcon_core.verb:set package 'robdep_project_interfaces' build argument 'cmake_target_skip_unavailable' from command line to 'False'
[2.811s] Level 5:colcon.colcon_core.verb:set package 'robdep_project_interfaces' build argument 'cmake_clean_cache' from command line to 'False'
[2.811s] Level 5:colcon.colcon_core.verb:set package 'robdep_project_interfaces' build argument 'cmake_clean_first' from command line to 'False'
[2.811s] Level 5:colcon.colcon_core.verb:set package 'robdep_project_interfaces' build argument 'cmake_force_configure' from command line to 'False'
[2.811s] Level 5:colcon.colcon_core.verb:set package 'robdep_project_interfaces' build argument 'ament_cmake_args' from command line to 'None'
[2.811s] Level 5:colcon.colcon_core.verb:set package 'robdep_project_interfaces' build argument 'catkin_cmake_args' from command line to 'None'
[2.812s] Level 5:colcon.colcon_core.verb:set package 'robdep_project_interfaces' build argument 'catkin_skip_building_tests' from command line to 'False'
[2.812s] DEBUG:colcon.colcon_core.verb:Building package 'robdep_project_interfaces' with the following arguments: {'ament_cmake_args': None, 'build_base': '/home/ubuntu/ros2_ws/build/robdep_project_interfaces', 'catkin_cmake_args': None, 'catkin_skip_building_tests': False, 'cmake_args': None, 'cmake_clean_cache': False, 'cmake_clean_first': False, 'cmake_force_configure': False, 'cmake_target': None, 'cmake_target_skip_unavailable': False, 'install_base': '/home/ubuntu/ros2_ws/install/robdep_project_interfaces', 'merge_install': False, 'path': '/home/ubuntu/ros2_ws/src/robdep_project_interfaces', 'symlink_install': False, 'test_result_base': None}
[2.817s] Level 5:colcon.colcon_core.verb:set package 'robdep' build argument 'cmake_args' from command line to 'None'
[2.817s] Level 5:colcon.colcon_core.verb:set package 'robdep' build argument 'cmake_target' from command line to 'None'
[2.817s] Level 5:colcon.colcon_core.verb:set package 'robdep' build argument 'cmake_target_skip_unavailable' from command line to 'False'
[2.817s] Level 5:colcon.colcon_core.verb:set package 'robdep' build argument 'cmake_clean_cache' from command line to 'False'
[2.818s] Level 5:colcon.colcon_core.verb:set package 'robdep' build argument 'cmake_clean_first' from command line to 'False'
[2.818s] Level 5:colcon.colcon_core.verb:set package 'robdep' build argument 'cmake_force_configure' from command line to 'False'
[2.818s] Level 5:colcon.colcon_core.verb:set package 'robdep' build argument 'ament_cmake_args' from command line to 'None'
[2.818s] Level 5:colcon.colcon_core.verb:set package 'robdep' build argument 'catkin_cmake_args' from command line to 'None'
[2.818s] Level 5:colcon.colcon_core.verb:set package 'robdep' build argument 'catkin_skip_building_tests' from command line to 'False'
[2.818s] DEBUG:colcon.colcon_core.verb:Building package 'robdep' with the following arguments: {'ament_cmake_args': None, 'build_base': '/home/ubuntu/ros2_ws/build/robdep', 'catkin_cmake_args': None, 'catkin_skip_building_tests': False, 'cmake_args': None, 'cmake_clean_cache': False, 'cmake_clean_first': False, 'cmake_force_configure': False, 'cmake_target': None, 'cmake_target_skip_unavailable': False, 'install_base': '/home/ubuntu/ros2_ws/install/robdep', 'merge_install': False, 'path': '/home/ubuntu/ros2_ws/src/robdep', 'symlink_install': False, 'test_result_base': None}
[2.822s] INFO:colcon.colcon_core.executor:Executing jobs using 'parallel' executor
[2.843s] DEBUG:colcon.colcon_parallel_executor.executor.parallel:run_until_complete
[2.845s] INFO:colcon.colcon_ros.task.ament_cmake.build:Building ROS package in '/home/ubuntu/ros2_ws/src/robdep_interfaces' with build type 'ament_cmake'
[2.846s] INFO:colcon.colcon_cmake.task.cmake.build:Building CMake package in '/home/ubuntu/ros2_ws/src/robdep_interfaces'
[2.872s] INFO:colcon.colcon_core.plugin_system:Skipping extension 'colcon_core.shell.bat': Not used on non-Windows systems
[2.873s] INFO:colcon.colcon_core.shell:Skip shell extension 'powershell' for command environment: Not usable outside of PowerShell
[2.873s] DEBUG:colcon.colcon_core.shell:Skip shell extension 'dsv' for command environment
[2.907s] INFO:colcon.colcon_ros.task.ament_python.build:Building ROS package in '/home/ubuntu/ros2_ws/src/robdep_project' with build type 'ament_python'
[2.908s] Level 1:colcon.colcon_core.shell:create_environment_hook('robdep_project', 'ament_prefix_path')
[2.917s] INFO:colcon.colcon_core.shell:Creating environment hook '/home/ubuntu/ros2_ws/install/robdep_project/share/robdep_project/hook/ament_prefix_path.ps1'
[2.920s] INFO:colcon.colcon_core.shell:Creating environment descriptor '/home/ubuntu/ros2_ws/install/robdep_project/share/robdep_project/hook/ament_prefix_path.dsv'
[2.923s] INFO:colcon.colcon_core.shell:Creating environment hook '/home/ubuntu/ros2_ws/install/robdep_project/share/robdep_project/hook/ament_prefix_path.sh'
[2.936s] INFO:colcon.colcon_core.shell:Skip shell extension 'powershell' for command environment: Not usable outside of PowerShell
[2.936s] DEBUG:colcon.colcon_core.shell:Skip shell extension 'dsv' for command environment
[2.969s] INFO:colcon.colcon_ros.task.ament_cmake.build:Building ROS package in '/home/ubuntu/ros2_ws/src/robdep_project_interfaces' with build type 'ament_cmake'
[2.970s] INFO:colcon.colcon_cmake.task.cmake.build:Building CMake package in '/home/ubuntu/ros2_ws/src/robdep_project_interfaces'
[2.979s] INFO:colcon.colcon_core.shell:Skip shell extension 'powershell' for command environment: Not usable outside of PowerShell
[2.980s] DEBUG:colcon.colcon_core.shell:Skip shell extension 'dsv' for command environment
[3.037s] DEBUG:colcon.colcon_core.event_handler.log_command:Invoking command in '/home/ubuntu/ros2_ws/build/robdep_interfaces': CMAKE_PREFIX_PATH=${CMAKE_PREFIX_PATH}:/home/ubuntu/ros2_ws/install/robdep_project:/home/ubuntu/ros2_ws/install/robdep:/opt/ros/galactic /usr/bin/cmake --build /home/ubuntu/ros2_ws/build/robdep_interfaces -- -j4 -l4
[5.060s] INFO:colcon.colcon_core.task.python.build:Building Python package in '/home/ubuntu/ros2_ws/src/robdep_project'
[5.068s] INFO:colcon.colcon_core.shell:Skip shell extension 'powershell' for command environment: Not usable outside of PowerShell
[5.068s] DEBUG:colcon.colcon_core.shell:Skip shell extension 'dsv' for command environment
[5.138s] DEBUG:colcon.colcon_core.event_handler.log_command:Invoked command in '/home/ubuntu/ros2_ws/build/robdep_interfaces' returned '0': CMAKE_PREFIX_PATH=${CMAKE_PREFIX_PATH}:/home/ubuntu/ros2_ws/install/robdep_project:/home/ubuntu/ros2_ws/install/robdep:/opt/ros/galactic /usr/bin/cmake --build /home/ubuntu/ros2_ws/build/robdep_interfaces -- -j4 -l4
[5.159s] DEBUG:colcon.colcon_core.event_handler.log_command:Invoking command in '/home/ubuntu/ros2_ws/build/robdep_project_interfaces': CMAKE_PREFIX_PATH=${CMAKE_PREFIX_PATH}:/home/ubuntu/ros2_ws/install/robdep_project:/home/ubuntu/ros2_ws/install/robdep:/opt/ros/galactic /usr/bin/cmake --build /home/ubuntu/ros2_ws/build/robdep_project_interfaces -- -j4 -l4
[5.394s] DEBUG:colcon.colcon_core.event_handler.log_command:Invoked command in '/home/ubuntu/ros2_ws/build/robdep_project_interfaces' returned '0': CMAKE_PREFIX_PATH=${CMAKE_PREFIX_PATH}:/home/ubuntu/ros2_ws/install/robdep_project:/home/ubuntu/ros2_ws/install/robdep:/opt/ros/galactic /usr/bin/cmake --build /home/ubuntu/ros2_ws/build/robdep_project_interfaces -- -j4 -l4
[5.653s] DEBUG:colcon.colcon_core.event_handler.log_command:Invoking command in '/home/ubuntu/ros2_ws/build/robdep_project_interfaces': CMAKE_PREFIX_PATH=${CMAKE_PREFIX_PATH}:/home/ubuntu/ros2_ws/install/robdep_project:/home/ubuntu/ros2_ws/install/robdep:/opt/ros/galactic /usr/bin/cmake --install /home/ubuntu/ros2_ws/build/robdep_project_interfaces
[5.743s] Level 1:colcon.colcon_core.environment:create_environment_scripts_only(robdep_project_interfaces)
[5.767s] DEBUG:colcon.colcon_core.event_handler.log_command:Invoked command in '/home/ubuntu/ros2_ws/build/robdep_project_interfaces' returned '0': CMAKE_PREFIX_PATH=${CMAKE_PREFIX_PATH}:/home/ubuntu/ros2_ws/install/robdep_project:/home/ubuntu/ros2_ws/install/robdep:/opt/ros/galactic /usr/bin/cmake --install /home/ubuntu/ros2_ws/build/robdep_project_interfaces
[5.793s] Level 1:colcon.colcon_core.environment:checking '/home/ubuntu/ros2_ws/install/robdep_project_interfaces' for CMake module files
[5.797s] Level 1:colcon.colcon_core.environment:checking '/home/ubuntu/ros2_ws/install/robdep_project_interfaces' for CMake config files
[5.798s] Level 1:colcon.colcon_core.shell:create_environment_hook('robdep_project_interfaces', 'cmake_prefix_path')
[5.806s] INFO:colcon.colcon_core.shell:Creating environment hook '/home/ubuntu/ros2_ws/install/robdep_project_interfaces/share/robdep_project_interfaces/hook/cmake_prefix_path.ps1'
[5.809s] INFO:colcon.colcon_core.shell:Creating environment descriptor '/home/ubuntu/ros2_ws/install/robdep_project_interfaces/share/robdep_project_interfaces/hook/cmake_prefix_path.dsv'
[5.812s] INFO:colcon.colcon_core.shell:Creating environment hook '/home/ubuntu/ros2_ws/install/robdep_project_interfaces/share/robdep_project_interfaces/hook/cmake_prefix_path.sh'
[5.815s] Level 1:colcon.colcon_core.environment:checking '/home/ubuntu/ros2_ws/install/robdep_project_interfaces/bin'
[5.816s] Level 1:colcon.colcon_core.environment:checking '/home/ubuntu/ros2_ws/install/robdep_project_interfaces/lib/pkgconfig/robdep_project_interfaces.pc'
[5.817s] Level 1:colcon.colcon_core.environment:checking '/home/ubuntu/ros2_ws/install/robdep_project_interfaces/lib/python3.8/site-packages'
[5.818s] Level 1:colcon.colcon_core.environment:checking '/home/ubuntu/ros2_ws/install/robdep_project_interfaces/bin'
[5.827s] INFO:colcon.colcon_core.shell:Creating package script '/home/ubuntu/ros2_ws/install/robdep_project_interfaces/share/robdep_project_interfaces/package.ps1'
[5.834s] INFO:colcon.colcon_core.shell:Creating package descriptor '/home/ubuntu/ros2_ws/install/robdep_project_interfaces/share/robdep_project_interfaces/package.dsv'
[5.837s] INFO:colcon.colcon_core.shell:Creating package script '/home/ubuntu/ros2_ws/install/robdep_project_interfaces/share/robdep_project_interfaces/package.sh'
[5.842s] INFO:colcon.colcon_core.shell:Creating package script '/home/ubuntu/ros2_ws/install/robdep_project_interfaces/share/robdep_project_interfaces/package.bash'
[5.846s] INFO:colcon.colcon_core.shell:Creating package script '/home/ubuntu/ros2_ws/install/robdep_project_interfaces/share/robdep_project_interfaces/package.zsh'
[5.849s] Level 1:colcon.colcon_core.environment:create_file_with_runtime_dependencies(/home/ubuntu/ros2_ws/install/robdep_project_interfaces/share/colcon-core/packages/robdep_project_interfaces)
[5.874s] DEBUG:colcon.colcon_core.event_handler.log_command:Invoking command in '/home/ubuntu/ros2_ws/build/robdep_interfaces': CMAKE_PREFIX_PATH=${CMAKE_PREFIX_PATH}:/home/ubuntu/ros2_ws/install/robdep_project:/home/ubuntu/ros2_ws/install/robdep:/opt/ros/galactic /usr/bin/cmake --install /home/ubuntu/ros2_ws/build/robdep_interfaces
[6.027s] Level 1:colcon.colcon_core.environment:create_environment_scripts_only(robdep_project_interfaces)
[6.042s] Level 1:colcon.colcon_core.environment:checking '/home/ubuntu/ros2_ws/install/robdep_project_interfaces' for CMake module files
[6.046s] Level 1:colcon.colcon_core.environment:checking '/home/ubuntu/ros2_ws/install/robdep_project_interfaces' for CMake config files
[6.050s] Level 1:colcon.colcon_core.shell:create_environment_hook('robdep_project_interfaces', 'cmake_prefix_path')
[6.059s] INFO:colcon.colcon_core.shell:Creating environment hook '/home/ubuntu/ros2_ws/install/robdep_project_interfaces/share/robdep_project_interfaces/hook/cmake_prefix_path.ps1'
[6.062s] INFO:colcon.colcon_core.shell:Creating environment descriptor '/home/ubuntu/ros2_ws/install/robdep_project_interfaces/share/robdep_project_interfaces/hook/cmake_prefix_path.dsv'
[6.064s] INFO:colcon.colcon_core.shell:Creating environment hook '/home/ubuntu/ros2_ws/install/robdep_project_interfaces/share/robdep_project_interfaces/hook/cmake_prefix_path.sh'
[6.069s] Level 1:colcon.colcon_core.environment:checking '/home/ubuntu/ros2_ws/install/robdep_project_interfaces/bin'
[6.069s] Level 1:colcon.colcon_core.environment:checking '/home/ubuntu/ros2_ws/install/robdep_project_interfaces/lib/pkgconfig/robdep_project_interfaces.pc'
[6.071s] Level 1:colcon.colcon_core.environment:checking '/home/ubuntu/ros2_ws/install/robdep_project_interfaces/lib/python3.8/site-packages'
[6.072s] Level 1:colcon.colcon_core.environment:checking '/home/ubuntu/ros2_ws/install/robdep_project_interfaces/bin'
[6.092s] INFO:colcon.colcon_core.shell:Creating package script '/home/ubuntu/ros2_ws/install/robdep_project_interfaces/share/robdep_project_interfaces/package.ps1'
[6.099s] INFO:colcon.colcon_core.shell:Creating package descriptor '/home/ubuntu/ros2_ws/install/robdep_project_interfaces/share/robdep_project_interfaces/package.dsv'
[6.101s] INFO:colcon.colcon_core.shell:Creating package script '/home/ubuntu/ros2_ws/install/robdep_project_interfaces/share/robdep_project_interfaces/package.sh'
[6.104s] INFO:colcon.colcon_core.shell:Creating package script '/home/ubuntu/ros2_ws/install/robdep_project_interfaces/share/robdep_project_interfaces/package.bash'
[6.108s] INFO:colcon.colcon_core.shell:Creating package script '/home/ubuntu/ros2_ws/install/robdep_project_interfaces/share/robdep_project_interfaces/package.zsh'
[6.111s] Level 1:colcon.colcon_core.environment:create_file_with_runtime_dependencies(/home/ubuntu/ros2_ws/install/robdep_project_interfaces/share/colcon-core/packages/robdep_project_interfaces)
[6.280s] Level 1:colcon.colcon_core.environment:create_environment_scripts_only(robdep_interfaces)
[6.299s] Level 1:colcon.colcon_core.environment:checking '/home/ubuntu/ros2_ws/install/robdep_interfaces' for CMake module files
[6.303s] DEBUG:colcon.colcon_core.event_handler.log_command:Invoked command in '/home/ubuntu/ros2_ws/build/robdep_interfaces' returned '0': CMAKE_PREFIX_PATH=${CMAKE_PREFIX_PATH}:/home/ubuntu/ros2_ws/install/robdep_project:/home/ubuntu/ros2_ws/install/robdep:/opt/ros/galactic /usr/bin/cmake --install /home/ubuntu/ros2_ws/build/robdep_interfaces
[6.309s] Level 1:colcon.colcon_core.environment:checking '/home/ubuntu/ros2_ws/install/robdep_interfaces' for CMake config files
[6.313s] Level 1:colcon.colcon_core.shell:create_environment_hook('robdep_interfaces', 'cmake_prefix_path')
[6.323s] INFO:colcon.colcon_core.shell:Creating environment hook '/home/ubuntu/ros2_ws/install/robdep_interfaces/share/robdep_interfaces/hook/cmake_prefix_path.ps1'
[6.326s] INFO:colcon.colcon_core.shell:Creating environment descriptor '/home/ubuntu/ros2_ws/install/robdep_interfaces/share/robdep_interfaces/hook/cmake_prefix_path.dsv'
[6.329s] INFO:colcon.colcon_core.shell:Creating environment hook '/home/ubuntu/ros2_ws/install/robdep_interfaces/share/robdep_interfaces/hook/cmake_prefix_path.sh'
[6.335s] Level 1:colcon.colcon_core.environment:checking '/home/ubuntu/ros2_ws/install/robdep_interfaces/lib'
[6.337s] Level 1:colcon.colcon_core.shell:create_environment_hook('robdep_interfaces', 'ld_library_path_lib')
[6.344s] INFO:colcon.colcon_core.shell:Creating environment hook '/home/ubuntu/ros2_ws/install/robdep_interfaces/share/robdep_interfaces/hook/ld_library_path_lib.ps1'
[6.346s] INFO:colcon.colcon_core.shell:Creating environment descriptor '/home/ubuntu/ros2_ws/install/robdep_interfaces/share/robdep_interfaces/hook/ld_library_path_lib.dsv'
[6.347s] INFO:colcon.colcon_core.shell:Creating environment hook '/home/ubuntu/ros2_ws/install/robdep_interfaces/share/robdep_interfaces/hook/ld_library_path_lib.sh'
[6.351s] Level 1:colcon.colcon_core.environment:checking '/home/ubuntu/ros2_ws/install/robdep_interfaces/bin'
[6.352s] Level 1:colcon.colcon_core.environment:checking '/home/ubuntu/ros2_ws/install/robdep_interfaces/lib/pkgconfig/robdep_interfaces.pc'
[6.353s] Level 1:colcon.colcon_core.environment:checking '/home/ubuntu/ros2_ws/install/robdep_interfaces/lib/python3.8/site-packages'
[6.353s] Level 1:colcon.colcon_core.shell:create_environment_hook('robdep_interfaces', 'pythonpath')
[6.365s] INFO:colcon.colcon_core.shell:Creating environment hook '/home/ubuntu/ros2_ws/install/robdep_interfaces/share/robdep_interfaces/hook/pythonpath.ps1'
[6.367s] INFO:colcon.colcon_core.shell:Creating environment descriptor '/home/ubuntu/ros2_ws/install/robdep_interfaces/share/robdep_interfaces/hook/pythonpath.dsv'
[6.370s] INFO:colcon.colcon_core.shell:Creating environment hook '/home/ubuntu/ros2_ws/install/robdep_interfaces/share/robdep_interfaces/hook/pythonpath.sh'
[6.372s] Level 1:colcon.colcon_core.environment:checking '/home/ubuntu/ros2_ws/install/robdep_interfaces/bin'
[6.380s] INFO:colcon.colcon_core.shell:Creating package script '/home/ubuntu/ros2_ws/install/robdep_interfaces/share/robdep_interfaces/package.ps1'
[6.382s] INFO:colcon.colcon_core.shell:Creating package descriptor '/home/ubuntu/ros2_ws/install/robdep_interfaces/share/robdep_interfaces/package.dsv'
[6.385s] INFO:colcon.colcon_core.shell:Creating package script '/home/ubuntu/ros2_ws/install/robdep_interfaces/share/robdep_interfaces/package.sh'
[6.388s] INFO:colcon.colcon_core.shell:Creating package script '/home/ubuntu/ros2_ws/install/robdep_interfaces/share/robdep_interfaces/package.bash'
[6.391s] INFO:colcon.colcon_core.shell:Creating package script '/home/ubuntu/ros2_ws/install/robdep_interfaces/share/robdep_interfaces/package.zsh'
[6.393s] Level 1:colcon.colcon_core.environment:create_file_with_runtime_dependencies(/home/ubuntu/ros2_ws/install/robdep_interfaces/share/colcon-core/packages/robdep_interfaces)
[6.852s] Level 1:colcon.colcon_core.environment:create_environment_scripts_only(robdep_interfaces)
[6.867s] Level 1:colcon.colcon_core.environment:checking '/home/ubuntu/ros2_ws/install/robdep_interfaces' for CMake module files
[6.873s] Level 1:colcon.colcon_core.environment:checking '/home/ubuntu/ros2_ws/install/robdep_interfaces' for CMake config files
[6.879s] Level 1:colcon.colcon_core.shell:create_environment_hook('robdep_interfaces', 'cmake_prefix_path')
[6.887s] INFO:colcon.colcon_core.shell:Creating environment hook '/home/ubuntu/ros2_ws/install/robdep_interfaces/share/robdep_interfaces/hook/cmake_prefix_path.ps1'
[6.889s] INFO:colcon.colcon_core.shell:Creating environment descriptor '/home/ubuntu/ros2_ws/install/robdep_interfaces/share/robdep_interfaces/hook/cmake_prefix_path.dsv'
[6.892s] INFO:colcon.colcon_core.shell:Creating environment hook '/home/ubuntu/ros2_ws/install/robdep_interfaces/share/robdep_interfaces/hook/cmake_prefix_path.sh'
[6.899s] Level 1:colcon.colcon_core.environment:checking '/home/ubuntu/ros2_ws/install/robdep_interfaces/lib'
[6.900s] Level 1:colcon.colcon_core.shell:create_environment_hook('robdep_interfaces', 'ld_library_path_lib')
[6.913s] INFO:colcon.colcon_core.shell:Creating environment hook '/home/ubuntu/ros2_ws/install/robdep_interfaces/share/robdep_interfaces/hook/ld_library_path_lib.ps1'
[6.917s] INFO:colcon.colcon_core.shell:Creating environment descriptor '/home/ubuntu/ros2_ws/install/robdep_interfaces/share/robdep_interfaces/hook/ld_library_path_lib.dsv'
[6.919s] INFO:colcon.colcon_core.shell:Creating environment hook '/home/ubuntu/ros2_ws/install/robdep_interfaces/share/robdep_interfaces/hook/ld_library_path_lib.sh'
[6.922s] Level 1:colcon.colcon_core.environment:checking '/home/ubuntu/ros2_ws/install/robdep_interfaces/bin'
[6.922s] Level 1:colcon.colcon_core.environment:checking '/home/ubuntu/ros2_ws/install/robdep_interfaces/lib/pkgconfig/robdep_interfaces.pc'
[6.923s] Level 1:colcon.colcon_core.environment:checking '/home/ubuntu/ros2_ws/install/robdep_interfaces/lib/python3.8/site-packages'
[6.924s] Level 1:colcon.colcon_core.shell:create_environment_hook('robdep_interfaces', 'pythonpath')
[6.934s] INFO:colcon.colcon_core.shell:Creating environment hook '/home/ubuntu/ros2_ws/install/robdep_interfaces/share/robdep_interfaces/hook/pythonpath.ps1'
[6.938s] INFO:colcon.colcon_core.shell:Creating environment descriptor '/home/ubuntu/ros2_ws/install/robdep_interfaces/share/robdep_interfaces/hook/pythonpath.dsv'
[6.942s] INFO:colcon.colcon_core.shell:Creating environment hook '/home/ubuntu/ros2_ws/install/robdep_interfaces/share/robdep_interfaces/hook/pythonpath.sh'
[6.946s] Level 1:colcon.colcon_core.environment:checking '/home/ubuntu/ros2_ws/install/robdep_interfaces/bin'
[6.956s] INFO:colcon.colcon_core.shell:Creating package script '/home/ubuntu/ros2_ws/install/robdep_interfaces/share/robdep_interfaces/package.ps1'
[6.961s] INFO:colcon.colcon_core.shell:Creating package descriptor '/home/ubuntu/ros2_ws/install/robdep_interfaces/share/robdep_interfaces/package.dsv'
[6.965s] INFO:colcon.colcon_core.shell:Creating package script '/home/ubuntu/ros2_ws/install/robdep_interfaces/share/robdep_interfaces/package.sh'
[6.967s] INFO:colcon.colcon_core.shell:Creating package script '/home/ubuntu/ros2_ws/install/robdep_interfaces/share/robdep_interfaces/package.bash'
[6.970s] INFO:colcon.colcon_core.shell:Creating package script '/home/ubuntu/ros2_ws/install/robdep_interfaces/share/robdep_interfaces/package.zsh'
[6.976s] Level 1:colcon.colcon_core.environment:create_file_with_runtime_dependencies(/home/ubuntu/ros2_ws/install/robdep_interfaces/share/colcon-core/packages/robdep_interfaces)
[6.982s] INFO:colcon.colcon_ros.task.ament_python.build:Building ROS package in '/home/ubuntu/ros2_ws/src/robdep' with build type 'ament_python'
[6.983s] Level 1:colcon.colcon_core.shell:create_environment_hook('robdep', 'ament_prefix_path')
[6.992s] INFO:colcon.colcon_core.shell:Creating environment hook '/home/ubuntu/ros2_ws/install/robdep/share/robdep/hook/ament_prefix_path.ps1'
[6.994s] INFO:colcon.colcon_core.shell:Creating environment descriptor '/home/ubuntu/ros2_ws/install/robdep/share/robdep/hook/ament_prefix_path.dsv'
[6.997s] INFO:colcon.colcon_core.shell:Creating environment hook '/home/ubuntu/ros2_ws/install/robdep/share/robdep/hook/ament_prefix_path.sh'
[7.014s] INFO:colcon.colcon_core.shell:Skip shell extension 'powershell' for command environment: Not usable outside of PowerShell
[7.015s] DEBUG:colcon.colcon_core.shell:Skip shell extension 'dsv' for command environment
[8.824s] INFO:colcon.colcon_core.task.python.build:Building Python package in '/home/ubuntu/ros2_ws/src/robdep'
[8.832s] INFO:colcon.colcon_core.shell:Skip shell extension 'powershell' for command environment: Not usable outside of PowerShell
[8.832s] DEBUG:colcon.colcon_core.shell:Skip shell extension 'dsv' for command environment
[8.886s] DEBUG:colcon.colcon_core.event_handler.log_command:Invoking command in '/home/ubuntu/ros2_ws/src/robdep_project': PYTHONPATH=/home/ubuntu/ros2_ws/build/robdep_project/prefix_override:/home/ubuntu/ros2_ws/install/robdep_project/lib/python3.8/site-packages:${PYTHONPATH} /usr/bin/python3 setup.py egg_info --egg-base ../../build/robdep_project build --build-base /home/ubuntu/ros2_ws/build/robdep_project/build install --record /home/ubuntu/ros2_ws/build/robdep_project/install.log --single-version-externally-managed
[11.059s] Level 1:colcon.colcon_core.environment:checking '/home/ubuntu/ros2_ws/install/robdep_project' for CMake module files
[11.061s] DEBUG:colcon.colcon_core.event_handler.log_command:Invoked command in '/home/ubuntu/ros2_ws/src/robdep_project' returned '0': PYTHONPATH=/home/ubuntu/ros2_ws/build/robdep_project/prefix_override:/home/ubuntu/ros2_ws/install/robdep_project/lib/python3.8/site-packages:${PYTHONPATH} /usr/bin/python3 setup.py egg_info --egg-base ../../build/robdep_project build --build-base /home/ubuntu/ros2_ws/build/robdep_project/build install --record /home/ubuntu/ros2_ws/build/robdep_project/install.log --single-version-externally-managed
[11.064s] Level 1:colcon.colcon_core.environment:checking '/home/ubuntu/ros2_ws/install/robdep_project' for CMake config files
[11.071s] Level 1:colcon.colcon_core.environment:checking '/home/ubuntu/ros2_ws/install/robdep_project/lib'
[11.072s] Level 1:colcon.colcon_core.environment:checking '/home/ubuntu/ros2_ws/install/robdep_project/bin'
[11.073s] Level 1:colcon.colcon_core.environment:checking '/home/ubuntu/ros2_ws/install/robdep_project/lib/pkgconfig/robdep_project.pc'
[11.074s] Level 1:colcon.colcon_core.environment:checking '/home/ubuntu/ros2_ws/install/robdep_project/lib/python3.8/site-packages'
[11.075s] Level 1:colcon.colcon_core.shell:create_environment_hook('robdep_project', 'pythonpath')
[11.084s] INFO:colcon.colcon_core.shell:Creating environment hook '/home/ubuntu/ros2_ws/install/robdep_project/share/robdep_project/hook/pythonpath.ps1'
[11.086s] INFO:colcon.colcon_core.shell:Creating environment descriptor '/home/ubuntu/ros2_ws/install/robdep_project/share/robdep_project/hook/pythonpath.dsv'
[11.088s] INFO:colcon.colcon_core.shell:Creating environment hook '/home/ubuntu/ros2_ws/install/robdep_project/share/robdep_project/hook/pythonpath.sh'
[11.091s] Level 1:colcon.colcon_core.environment:checking '/home/ubuntu/ros2_ws/install/robdep_project/bin'
[11.092s] Level 1:colcon.colcon_core.environment:create_environment_scripts_only(robdep_project)
[11.101s] INFO:colcon.colcon_core.shell:Creating package script '/home/ubuntu/ros2_ws/install/robdep_project/share/robdep_project/package.ps1'
[11.106s] INFO:colcon.colcon_core.shell:Creating package descriptor '/home/ubuntu/ros2_ws/install/robdep_project/share/robdep_project/package.dsv'
[11.110s] INFO:colcon.colcon_core.shell:Creating package script '/home/ubuntu/ros2_ws/install/robdep_project/share/robdep_project/package.sh'
[11.113s] INFO:colcon.colcon_core.shell:Creating package script '/home/ubuntu/ros2_ws/install/robdep_project/share/robdep_project/package.bash'
[11.115s] INFO:colcon.colcon_core.shell:Creating package script '/home/ubuntu/ros2_ws/install/robdep_project/share/robdep_project/package.zsh'
[11.117s] Level 1:colcon.colcon_core.environment:create_file_with_runtime_dependencies(/home/ubuntu/ros2_ws/install/robdep_project/share/colcon-core/packages/robdep_project)
[11.361s] DEBUG:colcon.colcon_core.event_handler.log_command:Invoking command in '/home/ubuntu/ros2_ws/src/robdep': CMAKE_PREFIX_PATH=/home/ubuntu/ros2_ws/install/robdep_interfaces:/home/ubuntu/ros2_ws/install/robdep_project_interfaces PYTHONPATH=/home/ubuntu/ros2_ws/build/robdep/prefix_override:/home/ubuntu/ros2_ws/install/robdep/lib/python3.8/site-packages:/home/ubuntu/ros2_ws/install/robdep_interfaces/lib/python3.8/site-packages:/home/ubuntu/ros2_ws/install/robdep_project/lib/python3.8/site-packages:/home/ubuntu/ros2_ws/install/robdep/lib/python3.8/site-packages:/opt/ros/galactic/lib/python3.8/site-packages /usr/bin/python3 setup.py egg_info --egg-base ../../build/robdep build --build-base /home/ubuntu/ros2_ws/build/robdep/build install --record /home/ubuntu/ros2_ws/build/robdep/install.log --single-version-externally-managed
[13.340s] Level 1:colcon.colcon_core.environment:checking '/home/ubuntu/ros2_ws/install/robdep' for CMake module files
[13.342s] DEBUG:colcon.colcon_core.event_handler.log_command:Invoked command in '/home/ubuntu/ros2_ws/src/robdep' returned '0': CMAKE_PREFIX_PATH=/home/ubuntu/ros2_ws/install/robdep_interfaces:/home/ubuntu/ros2_ws/install/robdep_project_interfaces PYTHONPATH=/home/ubuntu/ros2_ws/build/robdep/prefix_override:/home/ubuntu/ros2_ws/install/robdep/lib/python3.8/site-packages:/home/ubuntu/ros2_ws/install/robdep_interfaces/lib/python3.8/site-packages:/home/ubuntu/ros2_ws/install/robdep_project/lib/python3.8/site-packages:/home/ubuntu/ros2_ws/install/robdep/lib/python3.8/site-packages:/opt/ros/galactic/lib/python3.8/site-packages /usr/bin/python3 setup.py egg_info --egg-base ../../build/robdep build --build-base /home/ubuntu/ros2_ws/build/robdep/build install --record /home/ubuntu/ros2_ws/build/robdep/install.log --single-version-externally-managed
[13.344s] Level 1:colcon.colcon_core.environment:checking '/home/ubuntu/ros2_ws/install/robdep' for CMake config files
[13.348s] Level 1:colcon.colcon_core.environment:checking '/home/ubuntu/ros2_ws/install/robdep/lib'
[13.348s] Level 1:colcon.colcon_core.environment:checking '/home/ubuntu/ros2_ws/install/robdep/bin'
[13.348s] Level 1:colcon.colcon_core.environment:checking '/home/ubuntu/ros2_ws/install/robdep/lib/pkgconfig/robdep.pc'
[13.349s] Level 1:colcon.colcon_core.environment:checking '/home/ubuntu/ros2_ws/install/robdep/lib/python3.8/site-packages'
[13.350s] Level 1:colcon.colcon_core.shell:create_environment_hook('robdep', 'pythonpath')
[13.359s] INFO:colcon.colcon_core.shell:Creating environment hook '/home/ubuntu/ros2_ws/install/robdep/share/robdep/hook/pythonpath.ps1'
[13.362s] INFO:colcon.colcon_core.shell:Creating environment descriptor '/home/ubuntu/ros2_ws/install/robdep/share/robdep/hook/pythonpath.dsv'
[13.366s] INFO:colcon.colcon_core.shell:Creating environment hook '/home/ubuntu/ros2_ws/install/robdep/share/robdep/hook/pythonpath.sh'
[13.368s] Level 1:colcon.colcon_core.environment:checking '/home/ubuntu/ros2_ws/install/robdep/bin'
[13.369s] Level 1:colcon.colcon_core.environment:create_environment_scripts_only(robdep)
[13.376s] INFO:colcon.colcon_core.shell:Creating package script '/home/ubuntu/ros2_ws/install/robdep/share/robdep/package.ps1'
[13.378s] INFO:colcon.colcon_core.shell:Creating package descriptor '/home/ubuntu/ros2_ws/install/robdep/share/robdep/package.dsv'
[13.381s] INFO:colcon.colcon_core.shell:Creating package script '/home/ubuntu/ros2_ws/install/robdep/share/robdep/package.sh'
[13.383s] INFO:colcon.colcon_core.shell:Creating package script '/home/ubuntu/ros2_ws/install/robdep/share/robdep/package.bash'
[13.384s] INFO:colcon.colcon_core.shell:Creating package script '/home/ubuntu/ros2_ws/install/robdep/share/robdep/package.zsh'
[13.386s] Level 1:colcon.colcon_core.environment:create_file_with_runtime_dependencies(/home/ubuntu/ros2_ws/install/robdep/share/colcon-core/packages/robdep)
[13.387s] DEBUG:colcon.colcon_parallel_executor.executor.parallel:closing loop
[13.388s] DEBUG:colcon.colcon_parallel_executor.executor.parallel:loop closed
[13.389s] DEBUG:colcon.colcon_parallel_executor.executor.parallel:run_until_complete finished with '0'
[13.389s] DEBUG:colcon.colcon_core.event_reactor:joining thread
[13.422s] INFO:colcon.colcon_core.plugin_system:Skipping extension 'colcon_notification.desktop_notification.notify_send': Could not find 'notify-send'
[13.422s] INFO:colcon.colcon_core.plugin_system:Skipping extension 'colcon_notification.desktop_notification.terminal_notifier': Not used on non-Darwin systems
[13.423s] INFO:colcon.colcon_core.plugin_system:Skipping extension 'colcon_notification.desktop_notification.win32': Not used on non-Windows systems
[13.423s] INFO:colcon.colcon_notification.desktop_notification:Sending desktop notification using 'notify2'
[13.426s] DEBUG:colcon.colcon_notification.desktop_notification.notify2:Failed to initialize notify2: org.freedesktop.DBus.Error.ServiceUnknown: The name org.freedesktop.Notifications was not provided by any .service files
[13.427s] DEBUG:colcon.colcon_core.event_reactor:joined thread
[13.434s] INFO:colcon.colcon_core.shell:Creating prefix script '/home/ubuntu/ros2_ws/install/local_setup.ps1'
[13.439s] INFO:colcon.colcon_core.shell:Creating prefix util module '/home/ubuntu/ros2_ws/install/_local_setup_util_ps1.py'
[13.445s] INFO:colcon.colcon_core.shell:Creating prefix chain script '/home/ubuntu/ros2_ws/install/setup.ps1'
[13.456s] INFO:colcon.colcon_core.shell:Creating prefix script '/home/ubuntu/ros2_ws/install/local_setup.sh'
[13.458s] INFO:colcon.colcon_core.shell:Creating prefix util module '/home/ubuntu/ros2_ws/install/_local_setup_util_sh.py'
[13.461s] INFO:colcon.colcon_core.shell:Creating prefix chain script '/home/ubuntu/ros2_ws/install/setup.sh'
[13.468s] INFO:colcon.colcon_core.shell:Creating prefix script '/home/ubuntu/ros2_ws/install/local_setup.bash'
[13.470s] INFO:colcon.colcon_core.shell:Creating prefix chain script '/home/ubuntu/ros2_ws/install/setup.bash'
[13.477s] INFO:colcon.colcon_core.shell:Creating prefix script '/home/ubuntu/ros2_ws/install/local_setup.zsh'
[13.480s] INFO:colcon.colcon_core.shell:Creating prefix chain script '/home/ubuntu/ros2_ws/install/setup.zsh'
