[1.957s] DEBUG:colcon:Command line arguments: ['/usr/bin/colcon', 'build']
[1.958s] DEBUG:colcon:Parsed command line arguments: Namespace(allow_overriding=[], ament_cmake_args=None, base_paths=['.'], build_base='build', catkin_cmake_args=None, catkin_skip_building_tests=False, cmake_args=None, cmake_clean_cache=False, cmake_clean_first=False, cmake_force_configure=False, cmake_target=None, cmake_target_skip_unavailable=False, continue_on_error=False, event_handlers=None, executor='parallel', ignore_user_meta=False, install_base='install', log_base=None, log_level=None, main=<bound method BuildVerb.main of <colcon_core.verb.build.BuildVerb object at 0xffffba1878b0>>, merge_install=False, metas=['./colcon.meta'], packages_above=None, packages_above_and_dependencies=None, packages_above_depth=None, packages_end=None, packages_ignore=None, packages_ignore_regex=None, packages_select=None, packages_select_build_failed=False, packages_select_by_dep=None, packages_select_regex=None, packages_select_test_failures=False, packages_skip=None, packages_skip_build_finished=False, packages_skip_by_dep=None, packages_skip_regex=None, packages_skip_test_passed=False, packages_skip_up_to=None, packages_start=None, packages_up_to=None, packages_up_to_regex=None, parallel_workers=4, paths=None, symlink_install=False, test_result_base=None, verb_extension=<colcon_core.verb.build.BuildVerb object at 0xffffba1878b0>, verb_name='build', verb_parser=<colcon_defaults.argument_parser.defaults.DefaultArgumentsDecorator object at 0xffffba187e20>)
[2.107s] Level 1:colcon.colcon_core.package_discovery:discover_packages(colcon_meta) check parameters
[2.108s] Level 1:colcon.colcon_core.package_discovery:discover_packages(recursive) check parameters
[2.108s] Level 1:colcon.colcon_core.package_discovery:discover_packages(ignore) check parameters
[2.108s] Level 1:colcon.colcon_core.package_discovery:discover_packages(path) check parameters
[2.108s] Level 1:colcon.colcon_core.package_discovery:discover_packages(colcon_meta) discover
[2.108s] Level 1:colcon.colcon_core.package_discovery:discover_packages(recursive) discover
[2.108s] INFO:colcon.colcon_core.package_discovery:Crawling recursively for packages in '/home/ubuntu/ros2_ws'
[2.109s] Level 1:colcon.colcon_core.package_identification:_identify(.) by extensions ['ignore', 'ignore_ament_install']
[2.109s] Level 1:colcon.colcon_core.package_identification:_identify(.) by extension 'ignore'
[2.109s] Level 1:colcon.colcon_core.package_identification:_identify(.) by extension 'ignore_ament_install'
[2.109s] Level 1:colcon.colcon_core.package_identification:_identify(.) by extensions ['colcon_pkg']
[2.110s] Level 1:colcon.colcon_core.package_identification:_identify(.) by extension 'colcon_pkg'
[2.110s] Level 1:colcon.colcon_core.package_identification:_identify(.) by extensions ['colcon_meta']
[2.110s] Level 1:colcon.colcon_core.package_identification:_identify(.) by extension 'colcon_meta'
[2.110s] Level 1:colcon.colcon_core.package_identification:_identify(.) by extensions ['ros']
[2.110s] Level 1:colcon.colcon_core.package_identification:_identify(.) by extension 'ros'
[2.163s] Level 1:colcon.colcon_core.package_identification:_identify(.) by extensions ['cmake', 'python']
[2.163s] Level 1:colcon.colcon_core.package_identification:_identify(.) by extension 'cmake'
[2.164s] Level 1:colcon.colcon_core.package_identification:_identify(.) by extension 'python'
[2.164s] Level 1:colcon.colcon_core.package_identification:_identify(.) by extensions ['python_setup_py']
[2.165s] Level 1:colcon.colcon_core.package_identification:_identify(.) by extension 'python_setup_py'
[2.165s] Level 1:colcon.colcon_core.package_identification:_identify(build) by extensions ['ignore', 'ignore_ament_install']
[2.166s] Level 1:colcon.colcon_core.package_identification:_identify(build) by extension 'ignore'
[2.166s] Level 1:colcon.colcon_core.package_identification:_identify(build) ignored
[2.167s] Level 1:colcon.colcon_core.package_identification:_identify(install) by extensions ['ignore', 'ignore_ament_install']
[2.167s] Level 1:colcon.colcon_core.package_identification:_identify(install) by extension 'ignore'
[2.168s] Level 1:colcon.colcon_core.package_identification:_identify(install) ignored
[2.169s] Level 1:colcon.colcon_core.package_identification:_identify(log) by extensions ['ignore', 'ignore_ament_install']
[2.170s] Level 1:colcon.colcon_core.package_identification:_identify(log) by extension 'ignore'
[2.170s] Level 1:colcon.colcon_core.package_identification:_identify(log) ignored
[2.170s] Level 1:colcon.colcon_core.package_identification:_identify(src) by extensions ['ignore', 'ignore_ament_install']
[2.170s] Level 1:colcon.colcon_core.package_identification:_identify(src) by extension 'ignore'
[2.170s] Level 1:colcon.colcon_core.package_identification:_identify(src) by extension 'ignore_ament_install'
[2.171s] Level 1:colcon.colcon_core.package_identification:_identify(src) by extensions ['colcon_pkg']
[2.171s] Level 1:colcon.colcon_core.package_identification:_identify(src) by extension 'colcon_pkg'
[2.171s] Level 1:colcon.colcon_core.package_identification:_identify(src) by extensions ['colcon_meta']
[2.171s] Level 1:colcon.colcon_core.package_identification:_identify(src) by extension 'colcon_meta'
[2.171s] Level 1:colcon.colcon_core.package_identification:_identify(src) by extensions ['ros']
[2.171s] Level 1:colcon.colcon_core.package_identification:_identify(src) by extension 'ros'
[2.172s] Level 1:colcon.colcon_core.package_identification:_identify(src) by extensions ['cmake', 'python']
[2.172s] Level 1:colcon.colcon_core.package_identification:_identify(src) by extension 'cmake'
[2.172s] Level 1:colcon.colcon_core.package_identification:_identify(src) by extension 'python'
[2.172s] Level 1:colcon.colcon_core.package_identification:_identify(src) by extensions ['python_setup_py']
[2.172s] Level 1:colcon.colcon_core.package_identification:_identify(src) by extension 'python_setup_py'
[2.173s] Level 1:colcon.colcon_core.package_identification:_identify(src/robdep) by extensions ['ignore', 'ignore_ament_install']
[2.173s] Level 1:colcon.colcon_core.package_identification:_identify(src/robdep) by extension 'ignore'
[2.173s] Level 1:colcon.colcon_core.package_identification:_identify(src/robdep) by extension 'ignore_ament_install'
[2.173s] Level 1:colcon.colcon_core.package_identification:_identify(src/robdep) by extensions ['colcon_pkg']
[2.173s] Level 1:colcon.colcon_core.package_identification:_identify(src/robdep) by extension 'colcon_pkg'
[2.174s] Level 1:colcon.colcon_core.package_identification:_identify(src/robdep) by extensions ['colcon_meta']
[2.174s] Level 1:colcon.colcon_core.package_identification:_identify(src/robdep) by extension 'colcon_meta'
[2.174s] Level 1:colcon.colcon_core.package_identification:_identify(src/robdep) by extensions ['ros']
[2.174s] Level 1:colcon.colcon_core.package_identification:_identify(src/robdep) by extension 'ros'
[2.186s] DEBUG:colcon.colcon_core.package_identification:Package 'src/robdep' with type 'ros.ament_python' and name 'robdep'
[2.186s] Level 1:colcon.colcon_core.package_identification:_identify(src/robdep_interfaces) by extensions ['ignore', 'ignore_ament_install']
[2.187s] Level 1:colcon.colcon_core.package_identification:_identify(src/robdep_interfaces) by extension 'ignore'
[2.187s] Level 1:colcon.colcon_core.package_identification:_identify(src/robdep_interfaces) by extension 'ignore_ament_install'
[2.187s] Level 1:colcon.colcon_core.package_identification:_identify(src/robdep_interfaces) by extensions ['colcon_pkg']
[2.188s] Level 1:colcon.colcon_core.package_identification:_identify(src/robdep_interfaces) by extension 'colcon_pkg'
[2.188s] Level 1:colcon.colcon_core.package_identification:_identify(src/robdep_interfaces) by extensions ['colcon_meta']
[2.188s] Level 1:colcon.colcon_core.package_identification:_identify(src/robdep_interfaces) by extension 'colcon_meta'
[2.188s] Level 1:colcon.colcon_core.package_identification:_identify(src/robdep_interfaces) by extensions ['ros']
[2.188s] Level 1:colcon.colcon_core.package_identification:_identify(src/robdep_interfaces) by extension 'ros'
[2.192s] DEBUG:colcon.colcon_core.package_identification:Package 'src/robdep_interfaces' with type 'ros.ament_cmake' and name 'robdep_interfaces'
[2.193s] Level 1:colcon.colcon_core.package_identification:_identify(src/robdep_project) by extensions ['ignore', 'ignore_ament_install']
[2.194s] Level 1:colcon.colcon_core.package_identification:_identify(src/robdep_project) by extension 'ignore'
[2.195s] Level 1:colcon.colcon_core.package_identification:_identify(src/robdep_project) by extension 'ignore_ament_install'
[2.195s] Level 1:colcon.colcon_core.package_identification:_identify(src/robdep_project) by extensions ['colcon_pkg']
[2.196s] Level 1:colcon.colcon_core.package_identification:_identify(src/robdep_project) by extension 'colcon_pkg'
[2.196s] Level 1:colcon.colcon_core.package_identification:_identify(src/robdep_project) by extensions ['colcon_meta']
[2.196s] Level 1:colcon.colcon_core.package_identification:_identify(src/robdep_project) by extension 'colcon_meta'
[2.196s] Level 1:colcon.colcon_core.package_identification:_identify(src/robdep_project) by extensions ['ros']
[2.197s] Level 1:colcon.colcon_core.package_identification:_identify(src/robdep_project) by extension 'ros'
[2.199s] DEBUG:colcon.colcon_core.package_identification:Package 'src/robdep_project' with type 'ros.ament_python' and name 'robdep_project'
[2.200s] Level 1:colcon.colcon_core.package_identification:_identify(src/robdep_project_interfaces) by extensions ['ignore', 'ignore_ament_install']
[2.200s] Level 1:colcon.colcon_core.package_identification:_identify(src/robdep_project_interfaces) by extension 'ignore'
[2.200s] Level 1:colcon.colcon_core.package_identification:_identify(src/robdep_project_interfaces) by extension 'ignore_ament_install'
[2.200s] Level 1:colcon.colcon_core.package_identification:_identify(src/robdep_project_interfaces) by extensions ['colcon_pkg']
[2.201s] Level 1:colcon.colcon_core.package_identification:_identify(src/robdep_project_interfaces) by extension 'colcon_pkg'
[2.201s] Level 1:colcon.colcon_core.package_identification:_identify(src/robdep_project_interfaces) by extensions ['colcon_meta']
[2.201s] Level 1:colcon.colcon_core.package_identification:_identify(src/robdep_project_interfaces) by extension 'colcon_meta'
[2.201s] Level 1:colcon.colcon_core.package_identification:_identify(src/robdep_project_interfaces) by extensions ['ros']
[2.201s] Level 1:colcon.colcon_core.package_identification:_identify(src/robdep_project_interfaces) by extension 'ros'
[2.203s] DEBUG:colcon.colcon_core.package_identification:Package 'src/robdep_project_interfaces' with type 'ros.ament_cmake' and name 'robdep_project_interfaces'
[2.203s] Level 1:colcon.colcon_core.package_discovery:discover_packages(recursive) using defaults
[2.204s] Level 1:colcon.colcon_core.package_discovery:discover_packages(ignore) discover
[2.204s] Level 1:colcon.colcon_core.package_discovery:discover_packages(ignore) using defaults
[2.204s] Level 1:colcon.colcon_core.package_discovery:discover_packages(path) discover
[2.204s] Level 1:colcon.colcon_core.package_discovery:discover_packages(path) using defaults
[2.315s] Level 1:colcon.colcon_core.package_discovery:discover_packages(prefix_path) check parameters
[2.315s] Level 1:colcon.colcon_core.package_discovery:discover_packages(prefix_path) discover
[2.334s] DEBUG:colcon.colcon_installed_package_information.package_discovery:Found 4 installed packages in /home/ubuntu/ros2_ws/install
[2.346s] DEBUG:colcon.colcon_installed_package_information.package_discovery:Found 288 installed packages in /opt/ros/galactic
[2.353s] Level 1:colcon.colcon_core.package_discovery:discover_packages(prefix_path) using defaults
[2.700s] Level 5:colcon.colcon_core.verb:set package 'robdep_interfaces' build argument 'cmake_args' from command line to 'None'
[2.700s] Level 5:colcon.colcon_core.verb:set package 'robdep_interfaces' build argument 'cmake_target' from command line to 'None'
[2.700s] Level 5:colcon.colcon_core.verb:set package 'robdep_interfaces' build argument 'cmake_target_skip_unavailable' from command line to 'False'
[2.700s] Level 5:colcon.colcon_core.verb:set package 'robdep_interfaces' build argument 'cmake_clean_cache' from command line to 'False'
[2.700s] Level 5:colcon.colcon_core.verb:set package 'robdep_interfaces' build argument 'cmake_clean_first' from command line to 'False'
[2.700s] Level 5:colcon.colcon_core.verb:set package 'robdep_interfaces' build argument 'cmake_force_configure' from command line to 'False'
[2.700s] Level 5:colcon.colcon_core.verb:set package 'robdep_interfaces' build argument 'ament_cmake_args' from command line to 'None'
[2.701s] Level 5:colcon.colcon_core.verb:set package 'robdep_interfaces' build argument 'catkin_cmake_args' from command line to 'None'
[2.701s] Level 5:colcon.colcon_core.verb:set package 'robdep_interfaces' build argument 'catkin_skip_building_tests' from command line to 'False'
[2.701s] DEBUG:colcon.colcon_core.verb:Building package 'robdep_interfaces' with the following arguments: {'ament_cmake_args': None, 'build_base': '/home/ubuntu/ros2_ws/build/robdep_interfaces', 'catkin_cmake_args': None, 'catkin_skip_building_tests': False, 'cmake_args': None, 'cmake_clean_cache': False, 'cmake_clean_first': False, 'cmake_force_configure': False, 'cmake_target': None, 'cmake_target_skip_unavailable': False, 'install_base': '/home/ubuntu/ros2_ws/install/robdep_interfaces', 'merge_install': False, 'path': '/home/ubuntu/ros2_ws/src/robdep_interfaces', 'symlink_install': False, 'test_result_base': None}
[2.705s] Level 5:colcon.colcon_core.verb:set package 'robdep_project' build argument 'cmake_args' from command line to 'None'
[2.706s] Level 5:colcon.colcon_core.verb:set package 'robdep_project' build argument 'cmake_target' from command line to 'None'
[2.706s] Level 5:colcon.colcon_core.verb:set package 'robdep_project' build argument 'cmake_target_skip_unavailable' from command line to 'False'
[2.706s] Level 5:colcon.colcon_core.verb:set package 'robdep_project' build argument 'cmake_clean_cache' from command line to 'False'
[2.706s] Level 5:colcon.colcon_core.verb:set package 'robdep_project' build argument 'cmake_clean_first' from command line to 'False'
[2.706s] Level 5:colcon.colcon_core.verb:set package 'robdep_project' build argument 'cmake_force_configure' from command line to 'False'
[2.706s] Level 5:colcon.colcon_core.verb:set package 'robdep_project' build argument 'ament_cmake_args' from command line to 'None'
[2.706s] Level 5:colcon.colcon_core.verb:set package 'robdep_project' build argument 'catkin_cmake_args' from command line to 'None'
[2.707s] Level 5:colcon.colcon_core.verb:set package 'robdep_project' build argument 'catkin_skip_building_tests' from command line to 'False'
[2.707s] DEBUG:colcon.colcon_core.verb:Building package 'robdep_project' with the following arguments: {'ament_cmake_args': None, 'build_base': '/home/ubuntu/ros2_ws/build/robdep_project', 'catkin_cmake_args': None, 'catkin_skip_building_tests': False, 'cmake_args': None, 'cmake_clean_cache': False, 'cmake_clean_first': False, 'cmake_force_configure': False, 'cmake_target': None, 'cmake_target_skip_unavailable': False, 'install_base': '/home/ubuntu/ros2_ws/install/robdep_project', 'merge_install': False, 'path': '/home/ubuntu/ros2_ws/src/robdep_project', 'symlink_install': False, 'test_result_base': None}
[2.712s] Level 5:colcon.colcon_core.verb:set package 'robdep_project_interfaces' build argument 'cmake_args' from command line to 'None'
[2.713s] Level 5:colcon.colcon_core.verb:set package 'robdep_project_interfaces' build argument 'cmake_target' from command line to 'None'
[2.713s] Level 5:colcon.colcon_core.verb:set package 'robdep_project_interfaces' build argument 'cmake_target_skip_unavailable' from command line to 'False'
[2.713s] Level 5:colcon.colcon_core.verb:set package 'robdep_project_interfaces' build argument 'cmake_clean_cache' from command line to 'False'
[2.713s] Level 5:colcon.colcon_core.verb:set package 'robdep_project_interfaces' build argument 'cmake_clean_first' from command line to 'False'
[2.713s] Level 5:colcon.colcon_core.verb:set package 'robdep_project_interfaces' build argument 'cmake_force_configure' from command line to 'False'
[2.713s] Level 5:colcon.colcon_core.verb:set package 'robdep_project_interfaces' build argument 'ament_cmake_args' from command line to 'None'
[2.713s] Level 5:colcon.colcon_core.verb:set package 'robdep_project_interfaces' build argument 'catkin_cmake_args' from command line to 'None'
[2.713s] Level 5:colcon.colcon_core.verb:set package 'robdep_project_interfaces' build argument 'catkin_skip_building_tests' from command line to 'False'
[2.713s] DEBUG:colcon.colcon_core.verb:Building package 'robdep_project_interfaces' with the following arguments: {'ament_cmake_args': None, 'build_base': '/home/ubuntu/ros2_ws/build/robdep_project_interfaces', 'catkin_cmake_args': None, 'catkin_skip_building_tests': False, 'cmake_args': None, 'cmake_clean_cache': False, 'cmake_clean_first': False, 'cmake_force_configure': False, 'cmake_target': None, 'cmake_target_skip_unavailable': False, 'install_base': '/home/ubuntu/ros2_ws/install/robdep_project_interfaces', 'merge_install': False, 'path': '/home/ubuntu/ros2_ws/src/robdep_project_interfaces', 'symlink_install': False, 'test_result_base': None}
[2.718s] Level 5:colcon.colcon_core.verb:set package 'robdep' build argument 'cmake_args' from command line to 'None'
[2.719s] Level 5:colcon.colcon_core.verb:set package 'robdep' build argument 'cmake_target' from command line to 'None'
[2.719s] Level 5:colcon.colcon_core.verb:set package 'robdep' build argument 'cmake_target_skip_unavailable' from command line to 'False'
[2.719s] Level 5:colcon.colcon_core.verb:set package 'robdep' build argument 'cmake_clean_cache' from command line to 'False'
[2.719s] Level 5:colcon.colcon_core.verb:set package 'robdep' build argument 'cmake_clean_first' from command line to 'False'
[2.719s] Level 5:colcon.colcon_core.verb:set package 'robdep' build argument 'cmake_force_configure' from command line to 'False'
[2.719s] Level 5:colcon.colcon_core.verb:set package 'robdep' build argument 'ament_cmake_args' from command line to 'None'
[2.720s] Level 5:colcon.colcon_core.verb:set package 'robdep' build argument 'catkin_cmake_args' from command line to 'None'
[2.720s] Level 5:colcon.colcon_core.verb:set package 'robdep' build argument 'catkin_skip_building_tests' from command line to 'False'
[2.720s] DEBUG:colcon.colcon_core.verb:Building package 'robdep' with the following arguments: {'ament_cmake_args': None, 'build_base': '/home/ubuntu/ros2_ws/build/robdep', 'catkin_cmake_args': None, 'catkin_skip_building_tests': False, 'cmake_args': None, 'cmake_clean_cache': False, 'cmake_clean_first': False, 'cmake_force_configure': False, 'cmake_target': None, 'cmake_target_skip_unavailable': False, 'install_base': '/home/ubuntu/ros2_ws/install/robdep', 'merge_install': False, 'path': '/home/ubuntu/ros2_ws/src/robdep', 'symlink_install': False, 'test_result_base': None}
[2.724s] INFO:colcon.colcon_core.executor:Executing jobs using 'parallel' executor
[2.743s] DEBUG:colcon.colcon_parallel_executor.executor.parallel:run_until_complete
[2.745s] INFO:colcon.colcon_ros.task.ament_cmake.build:Building ROS package in '/home/ubuntu/ros2_ws/src/robdep_interfaces' with build type 'ament_cmake'
[2.746s] INFO:colcon.colcon_cmake.task.cmake.build:Building CMake package in '/home/ubuntu/ros2_ws/src/robdep_interfaces'
[2.770s] INFO:colcon.colcon_core.plugin_system:Skipping extension 'colcon_core.shell.bat': Not used on non-Windows systems
[2.771s] INFO:colcon.colcon_core.shell:Skip shell extension 'powershell' for command environment: Not usable outside of PowerShell
[2.771s] DEBUG:colcon.colcon_core.shell:Skip shell extension 'dsv' for command environment
[2.803s] INFO:colcon.colcon_ros.task.ament_python.build:Building ROS package in '/home/ubuntu/ros2_ws/src/robdep_project' with build type 'ament_python'
[2.805s] Level 1:colcon.colcon_core.shell:create_environment_hook('robdep_project', 'ament_prefix_path')
[2.813s] INFO:colcon.colcon_core.shell:Creating environment hook '/home/ubuntu/ros2_ws/install/robdep_project/share/robdep_project/hook/ament_prefix_path.ps1'
[2.816s] INFO:colcon.colcon_core.shell:Creating environment descriptor '/home/ubuntu/ros2_ws/install/robdep_project/share/robdep_project/hook/ament_prefix_path.dsv'
[2.818s] INFO:colcon.colcon_core.shell:Creating environment hook '/home/ubuntu/ros2_ws/install/robdep_project/share/robdep_project/hook/ament_prefix_path.sh'
[2.831s] INFO:colcon.colcon_core.shell:Skip shell extension 'powershell' for command environment: Not usable outside of PowerShell
[2.831s] DEBUG:colcon.colcon_core.shell:Skip shell extension 'dsv' for command environment
[2.864s] INFO:colcon.colcon_ros.task.ament_cmake.build:Building ROS package in '/home/ubuntu/ros2_ws/src/robdep_project_interfaces' with build type 'ament_cmake'
[2.865s] INFO:colcon.colcon_cmake.task.cmake.build:Building CMake package in '/home/ubuntu/ros2_ws/src/robdep_project_interfaces'
[2.874s] INFO:colcon.colcon_core.shell:Skip shell extension 'powershell' for command environment: Not usable outside of PowerShell
[2.874s] DEBUG:colcon.colcon_core.shell:Skip shell extension 'dsv' for command environment
[2.935s] DEBUG:colcon.colcon_core.event_handler.log_command:Invoking command in '/home/ubuntu/ros2_ws/build/robdep_interfaces': CMAKE_PREFIX_PATH=${CMAKE_PREFIX_PATH}:/home/ubuntu/ros2_ws/install/robdep_project:/home/ubuntu/ros2_ws/install/robdep:/opt/ros/galactic /usr/bin/cmake --build /home/ubuntu/ros2_ws/build/robdep_interfaces -- -j4 -l4
[4.841s] INFO:colcon.colcon_core.task.python.build:Building Python package in '/home/ubuntu/ros2_ws/src/robdep_project'
[4.849s] INFO:colcon.colcon_core.shell:Skip shell extension 'powershell' for command environment: Not usable outside of PowerShell
[4.850s] DEBUG:colcon.colcon_core.shell:Skip shell extension 'dsv' for command environment
[4.931s] DEBUG:colcon.colcon_core.event_handler.log_command:Invoking command in '/home/ubuntu/ros2_ws/build/robdep_project_interfaces': CMAKE_PREFIX_PATH=${CMAKE_PREFIX_PATH}:/home/ubuntu/ros2_ws/install/robdep_project:/home/ubuntu/ros2_ws/install/robdep:/opt/ros/galactic /usr/bin/cmake --build /home/ubuntu/ros2_ws/build/robdep_project_interfaces -- -j4 -l4
[4.936s] DEBUG:colcon.colcon_core.event_handler.log_command:Invoked command in '/home/ubuntu/ros2_ws/build/robdep_interfaces' returned '0': CMAKE_PREFIX_PATH=${CMAKE_PREFIX_PATH}:/home/ubuntu/ros2_ws/install/robdep_project:/home/ubuntu/ros2_ws/install/robdep:/opt/ros/galactic /usr/bin/cmake --build /home/ubuntu/ros2_ws/build/robdep_interfaces -- -j4 -l4
[5.150s] DEBUG:colcon.colcon_core.event_handler.log_command:Invoked command in '/home/ubuntu/ros2_ws/build/robdep_project_interfaces' returned '0': CMAKE_PREFIX_PATH=${CMAKE_PREFIX_PATH}:/home/ubuntu/ros2_ws/install/robdep_project:/home/ubuntu/ros2_ws/install/robdep:/opt/ros/galactic /usr/bin/cmake --build /home/ubuntu/ros2_ws/build/robdep_project_interfaces -- -j4 -l4
[5.377s] DEBUG:colcon.colcon_core.event_handler.log_command:Invoking command in '/home/ubuntu/ros2_ws/build/robdep_project_interfaces': CMAKE_PREFIX_PATH=${CMAKE_PREFIX_PATH}:/home/ubuntu/ros2_ws/install/robdep_project:/home/ubuntu/ros2_ws/install/robdep:/opt/ros/galactic /usr/bin/cmake --install /home/ubuntu/ros2_ws/build/robdep_project_interfaces
[5.446s] Level 1:colcon.colcon_core.environment:create_environment_scripts_only(robdep_project_interfaces)
[5.454s] DEBUG:colcon.colcon_core.event_handler.log_command:Invoked command in '/home/ubuntu/ros2_ws/build/robdep_project_interfaces' returned '0': CMAKE_PREFIX_PATH=${CMAKE_PREFIX_PATH}:/home/ubuntu/ros2_ws/install/robdep_project:/home/ubuntu/ros2_ws/install/robdep:/opt/ros/galactic /usr/bin/cmake --install /home/ubuntu/ros2_ws/build/robdep_project_interfaces
[5.481s] Level 1:colcon.colcon_core.environment:checking '/home/ubuntu/ros2_ws/install/robdep_project_interfaces' for CMake module files
[5.485s] Level 1:colcon.colcon_core.environment:checking '/home/ubuntu/ros2_ws/install/robdep_project_interfaces' for CMake config files
[5.486s] Level 1:colcon.colcon_core.shell:create_environment_hook('robdep_project_interfaces', 'cmake_prefix_path')
[5.495s] INFO:colcon.colcon_core.shell:Creating environment hook '/home/ubuntu/ros2_ws/install/robdep_project_interfaces/share/robdep_project_interfaces/hook/cmake_prefix_path.ps1'
[5.499s] INFO:colcon.colcon_core.shell:Creating environment descriptor '/home/ubuntu/ros2_ws/install/robdep_project_interfaces/share/robdep_project_interfaces/hook/cmake_prefix_path.dsv'
[5.501s] INFO:colcon.colcon_core.shell:Creating environment hook '/home/ubuntu/ros2_ws/install/robdep_project_interfaces/share/robdep_project_interfaces/hook/cmake_prefix_path.sh'
[5.506s] Level 1:colcon.colcon_core.environment:checking '/home/ubuntu/ros2_ws/install/robdep_project_interfaces/bin'
[5.507s] Level 1:colcon.colcon_core.environment:checking '/home/ubuntu/ros2_ws/install/robdep_project_interfaces/lib/pkgconfig/robdep_project_interfaces.pc'
[5.508s] Level 1:colcon.colcon_core.environment:checking '/home/ubuntu/ros2_ws/install/robdep_project_interfaces/lib/python3.8/site-packages'
[5.509s] Level 1:colcon.colcon_core.environment:checking '/home/ubuntu/ros2_ws/install/robdep_project_interfaces/bin'
[5.517s] INFO:colcon.colcon_core.shell:Creating package script '/home/ubuntu/ros2_ws/install/robdep_project_interfaces/share/robdep_project_interfaces/package.ps1'
[5.522s] INFO:colcon.colcon_core.shell:Creating package descriptor '/home/ubuntu/ros2_ws/install/robdep_project_interfaces/share/robdep_project_interfaces/package.dsv'
[5.526s] INFO:colcon.colcon_core.shell:Creating package script '/home/ubuntu/ros2_ws/install/robdep_project_interfaces/share/robdep_project_interfaces/package.sh'
[5.531s] INFO:colcon.colcon_core.shell:Creating package script '/home/ubuntu/ros2_ws/install/robdep_project_interfaces/share/robdep_project_interfaces/package.bash'
[5.535s] INFO:colcon.colcon_core.shell:Creating package script '/home/ubuntu/ros2_ws/install/robdep_project_interfaces/share/robdep_project_interfaces/package.zsh'
[5.538s] Level 1:colcon.colcon_core.environment:create_file_with_runtime_dependencies(/home/ubuntu/ros2_ws/install/robdep_project_interfaces/share/colcon-core/packages/robdep_project_interfaces)
[5.631s] DEBUG:colcon.colcon_core.event_handler.log_command:Invoking command in '/home/ubuntu/ros2_ws/build/robdep_interfaces': CMAKE_PREFIX_PATH=${CMAKE_PREFIX_PATH}:/home/ubuntu/ros2_ws/install/robdep_project:/home/ubuntu/ros2_ws/install/robdep:/opt/ros/galactic /usr/bin/cmake --install /home/ubuntu/ros2_ws/build/robdep_interfaces
[5.741s] Level 1:colcon.colcon_core.environment:create_environment_scripts_only(robdep_project_interfaces)
[5.758s] Level 1:colcon.colcon_core.environment:checking '/home/ubuntu/ros2_ws/install/robdep_project_interfaces' for CMake module files
[5.774s] Level 1:colcon.colcon_core.environment:checking '/home/ubuntu/ros2_ws/install/robdep_project_interfaces' for CMake config files
[5.775s] Level 1:colcon.colcon_core.shell:create_environment_hook('robdep_project_interfaces', 'cmake_prefix_path')
[5.785s] INFO:colcon.colcon_core.shell:Creating environment hook '/home/ubuntu/ros2_ws/install/robdep_project_interfaces/share/robdep_project_interfaces/hook/cmake_prefix_path.ps1'
[5.788s] INFO:colcon.colcon_core.shell:Creating environment descriptor '/home/ubuntu/ros2_ws/install/robdep_project_interfaces/share/robdep_project_interfaces/hook/cmake_prefix_path.dsv'
[5.796s] INFO:colcon.colcon_core.shell:Creating environment hook '/home/ubuntu/ros2_ws/install/robdep_project_interfaces/share/robdep_project_interfaces/hook/cmake_prefix_path.sh'
[5.813s] Level 1:colcon.colcon_core.environment:checking '/home/ubuntu/ros2_ws/install/robdep_project_interfaces/bin'
[5.814s] Level 1:colcon.colcon_core.environment:checking '/home/ubuntu/ros2_ws/install/robdep_project_interfaces/lib/pkgconfig/robdep_project_interfaces.pc'
[5.815s] Level 1:colcon.colcon_core.environment:checking '/home/ubuntu/ros2_ws/install/robdep_project_interfaces/lib/python3.8/site-packages'
[5.816s] Level 1:colcon.colcon_core.environment:checking '/home/ubuntu/ros2_ws/install/robdep_project_interfaces/bin'
[5.826s] INFO:colcon.colcon_core.shell:Creating package script '/home/ubuntu/ros2_ws/install/robdep_project_interfaces/share/robdep_project_interfaces/package.ps1'
[5.836s] INFO:colcon.colcon_core.shell:Creating package descriptor '/home/ubuntu/ros2_ws/install/robdep_project_interfaces/share/robdep_project_interfaces/package.dsv'
[5.843s] INFO:colcon.colcon_core.shell:Creating package script '/home/ubuntu/ros2_ws/install/robdep_project_interfaces/share/robdep_project_interfaces/package.sh'
[5.848s] INFO:colcon.colcon_core.shell:Creating package script '/home/ubuntu/ros2_ws/install/robdep_project_interfaces/share/robdep_project_interfaces/package.bash'
[5.851s] INFO:colcon.colcon_core.shell:Creating package script '/home/ubuntu/ros2_ws/install/robdep_project_interfaces/share/robdep_project_interfaces/package.zsh'
[5.854s] Level 1:colcon.colcon_core.environment:create_file_with_runtime_dependencies(/home/ubuntu/ros2_ws/install/robdep_project_interfaces/share/colcon-core/packages/robdep_project_interfaces)
[6.050s] Level 1:colcon.colcon_core.environment:create_environment_scripts_only(robdep_interfaces)
[6.066s] Level 1:colcon.colcon_core.environment:checking '/home/ubuntu/ros2_ws/install/robdep_interfaces' for CMake module files
[6.070s] Level 1:colcon.colcon_core.environment:checking '/home/ubuntu/ros2_ws/install/robdep_interfaces' for CMake config files
[6.079s] DEBUG:colcon.colcon_core.event_handler.log_command:Invoked command in '/home/ubuntu/ros2_ws/build/robdep_interfaces' returned '0': CMAKE_PREFIX_PATH=${CMAKE_PREFIX_PATH}:/home/ubuntu/ros2_ws/install/robdep_project:/home/ubuntu/ros2_ws/install/robdep:/opt/ros/galactic /usr/bin/cmake --install /home/ubuntu/ros2_ws/build/robdep_interfaces
[6.081s] Level 1:colcon.colcon_core.shell:create_environment_hook('robdep_interfaces', 'cmake_prefix_path')
[6.091s] INFO:colcon.colcon_core.shell:Creating environment hook '/home/ubuntu/ros2_ws/install/robdep_interfaces/share/robdep_interfaces/hook/cmake_prefix_path.ps1'
[6.096s] INFO:colcon.colcon_core.shell:Creating environment descriptor '/home/ubuntu/ros2_ws/install/robdep_interfaces/share/robdep_interfaces/hook/cmake_prefix_path.dsv'
[6.100s] INFO:colcon.colcon_core.shell:Creating environment hook '/home/ubuntu/ros2_ws/install/robdep_interfaces/share/robdep_interfaces/hook/cmake_prefix_path.sh'
[6.104s] Level 1:colcon.colcon_core.environment:checking '/home/ubuntu/ros2_ws/install/robdep_interfaces/lib'
[6.105s] Level 1:colcon.colcon_core.shell:create_environment_hook('robdep_interfaces', 'ld_library_path_lib')
[6.112s] INFO:colcon.colcon_core.shell:Creating environment hook '/home/ubuntu/ros2_ws/install/robdep_interfaces/share/robdep_interfaces/hook/ld_library_path_lib.ps1'
[6.116s] INFO:colcon.colcon_core.shell:Creating environment descriptor '/home/ubuntu/ros2_ws/install/robdep_interfaces/share/robdep_interfaces/hook/ld_library_path_lib.dsv'
[6.119s] INFO:colcon.colcon_core.shell:Creating environment hook '/home/ubuntu/ros2_ws/install/robdep_interfaces/share/robdep_interfaces/hook/ld_library_path_lib.sh'
[6.121s] Level 1:colcon.colcon_core.environment:checking '/home/ubuntu/ros2_ws/install/robdep_interfaces/bin'
[6.123s] Level 1:colcon.colcon_core.environment:checking '/home/ubuntu/ros2_ws/install/robdep_interfaces/lib/pkgconfig/robdep_interfaces.pc'
[6.125s] Level 1:colcon.colcon_core.environment:checking '/home/ubuntu/ros2_ws/install/robdep_interfaces/lib/python3.8/site-packages'
[6.125s] Level 1:colcon.colcon_core.shell:create_environment_hook('robdep_interfaces', 'pythonpath')
[6.137s] INFO:colcon.colcon_core.shell:Creating environment hook '/home/ubuntu/ros2_ws/install/robdep_interfaces/share/robdep_interfaces/hook/pythonpath.ps1'
[6.139s] INFO:colcon.colcon_core.shell:Creating environment descriptor '/home/ubuntu/ros2_ws/install/robdep_interfaces/share/robdep_interfaces/hook/pythonpath.dsv'
[6.141s] INFO:colcon.colcon_core.shell:Creating environment hook '/home/ubuntu/ros2_ws/install/robdep_interfaces/share/robdep_interfaces/hook/pythonpath.sh'
[6.143s] Level 1:colcon.colcon_core.environment:checking '/home/ubuntu/ros2_ws/install/robdep_interfaces/bin'
[6.155s] INFO:colcon.colcon_core.shell:Creating package script '/home/ubuntu/ros2_ws/install/robdep_interfaces/share/robdep_interfaces/package.ps1'
[6.157s] INFO:colcon.colcon_core.shell:Creating package descriptor '/home/ubuntu/ros2_ws/install/robdep_interfaces/share/robdep_interfaces/package.dsv'
[6.160s] INFO:colcon.colcon_core.shell:Creating package script '/home/ubuntu/ros2_ws/install/robdep_interfaces/share/robdep_interfaces/package.sh'
[6.163s] INFO:colcon.colcon_core.shell:Creating package script '/home/ubuntu/ros2_ws/install/robdep_interfaces/share/robdep_interfaces/package.bash'
[6.167s] INFO:colcon.colcon_core.shell:Creating package script '/home/ubuntu/ros2_ws/install/robdep_interfaces/share/robdep_interfaces/package.zsh'
[6.169s] Level 1:colcon.colcon_core.environment:create_file_with_runtime_dependencies(/home/ubuntu/ros2_ws/install/robdep_interfaces/share/colcon-core/packages/robdep_interfaces)
[6.632s] Level 1:colcon.colcon_core.environment:create_environment_scripts_only(robdep_interfaces)
[6.645s] Level 1:colcon.colcon_core.environment:checking '/home/ubuntu/ros2_ws/install/robdep_interfaces' for CMake module files
[6.649s] Level 1:colcon.colcon_core.environment:checking '/home/ubuntu/ros2_ws/install/robdep_interfaces' for CMake config files
[6.653s] Level 1:colcon.colcon_core.shell:create_environment_hook('robdep_interfaces', 'cmake_prefix_path')
[6.663s] INFO:colcon.colcon_core.shell:Creating environment hook '/home/ubuntu/ros2_ws/install/robdep_interfaces/share/robdep_interfaces/hook/cmake_prefix_path.ps1'
[6.667s] INFO:colcon.colcon_core.shell:Creating environment descriptor '/home/ubuntu/ros2_ws/install/robdep_interfaces/share/robdep_interfaces/hook/cmake_prefix_path.dsv'
[6.669s] INFO:colcon.colcon_core.shell:Creating environment hook '/home/ubuntu/ros2_ws/install/robdep_interfaces/share/robdep_interfaces/hook/cmake_prefix_path.sh'
[6.673s] Level 1:colcon.colcon_core.environment:checking '/home/ubuntu/ros2_ws/install/robdep_interfaces/lib'
[6.674s] Level 1:colcon.colcon_core.shell:create_environment_hook('robdep_interfaces', 'ld_library_path_lib')
[6.681s] INFO:colcon.colcon_core.shell:Creating environment hook '/home/ubuntu/ros2_ws/install/robdep_interfaces/share/robdep_interfaces/hook/ld_library_path_lib.ps1'
[6.684s] INFO:colcon.colcon_core.shell:Creating environment descriptor '/home/ubuntu/ros2_ws/install/robdep_interfaces/share/robdep_interfaces/hook/ld_library_path_lib.dsv'
[6.686s] INFO:colcon.colcon_core.shell:Creating environment hook '/home/ubuntu/ros2_ws/install/robdep_interfaces/share/robdep_interfaces/hook/ld_library_path_lib.sh'
[6.688s] Level 1:colcon.colcon_core.environment:checking '/home/ubuntu/ros2_ws/install/robdep_interfaces/bin'
[6.689s] Level 1:colcon.colcon_core.environment:checking '/home/ubuntu/ros2_ws/install/robdep_interfaces/lib/pkgconfig/robdep_interfaces.pc'
[6.690s] Level 1:colcon.colcon_core.environment:checking '/home/ubuntu/ros2_ws/install/robdep_interfaces/lib/python3.8/site-packages'
[6.690s] Level 1:colcon.colcon_core.shell:create_environment_hook('robdep_interfaces', 'pythonpath')
[6.702s] INFO:colcon.colcon_core.shell:Creating environment hook '/home/ubuntu/ros2_ws/install/robdep_interfaces/share/robdep_interfaces/hook/pythonpath.ps1'
[6.704s] INFO:colcon.colcon_core.shell:Creating environment descriptor '/home/ubuntu/ros2_ws/install/robdep_interfaces/share/robdep_interfaces/hook/pythonpath.dsv'
[6.706s] INFO:colcon.colcon_core.shell:Creating environment hook '/home/ubuntu/ros2_ws/install/robdep_interfaces/share/robdep_interfaces/hook/pythonpath.sh'
[6.709s] Level 1:colcon.colcon_core.environment:checking '/home/ubuntu/ros2_ws/install/robdep_interfaces/bin'
[6.717s] INFO:colcon.colcon_core.shell:Creating package script '/home/ubuntu/ros2_ws/install/robdep_interfaces/share/robdep_interfaces/package.ps1'
[6.721s] INFO:colcon.colcon_core.shell:Creating package descriptor '/home/ubuntu/ros2_ws/install/robdep_interfaces/share/robdep_interfaces/package.dsv'
[6.724s] INFO:colcon.colcon_core.shell:Creating package script '/home/ubuntu/ros2_ws/install/robdep_interfaces/share/robdep_interfaces/package.sh'
[6.729s] INFO:colcon.colcon_core.shell:Creating package script '/home/ubuntu/ros2_ws/install/robdep_interfaces/share/robdep_interfaces/package.bash'
[6.734s] INFO:colcon.colcon_core.shell:Creating package script '/home/ubuntu/ros2_ws/install/robdep_interfaces/share/robdep_interfaces/package.zsh'
[6.737s] Level 1:colcon.colcon_core.environment:create_file_with_runtime_dependencies(/home/ubuntu/ros2_ws/install/robdep_interfaces/share/colcon-core/packages/robdep_interfaces)
[6.739s] INFO:colcon.colcon_ros.task.ament_python.build:Building ROS package in '/home/ubuntu/ros2_ws/src/robdep' with build type 'ament_python'
[6.740s] Level 1:colcon.colcon_core.shell:create_environment_hook('robdep', 'ament_prefix_path')
[6.749s] INFO:colcon.colcon_core.shell:Creating environment hook '/home/ubuntu/ros2_ws/install/robdep/share/robdep/hook/ament_prefix_path.ps1'
[6.753s] INFO:colcon.colcon_core.shell:Creating environment descriptor '/home/ubuntu/ros2_ws/install/robdep/share/robdep/hook/ament_prefix_path.dsv'
[6.756s] INFO:colcon.colcon_core.shell:Creating environment hook '/home/ubuntu/ros2_ws/install/robdep/share/robdep/hook/ament_prefix_path.sh'
[6.772s] INFO:colcon.colcon_core.shell:Skip shell extension 'powershell' for command environment: Not usable outside of PowerShell
[6.773s] DEBUG:colcon.colcon_core.shell:Skip shell extension 'dsv' for command environment
[8.474s] INFO:colcon.colcon_core.task.python.build:Building Python package in '/home/ubuntu/ros2_ws/src/robdep'
[8.481s] INFO:colcon.colcon_core.shell:Skip shell extension 'powershell' for command environment: Not usable outside of PowerShell
[8.482s] DEBUG:colcon.colcon_core.shell:Skip shell extension 'dsv' for command environment
[8.530s] DEBUG:colcon.colcon_core.event_handler.log_command:Invoking command in '/home/ubuntu/ros2_ws/src/robdep_project': PYTHONPATH=/home/ubuntu/ros2_ws/build/robdep_project/prefix_override:/home/ubuntu/ros2_ws/install/robdep_project/lib/python3.8/site-packages:${PYTHONPATH} /usr/bin/python3 setup.py egg_info --egg-base ../../build/robdep_project build --build-base /home/ubuntu/ros2_ws/build/robdep_project/build install --record /home/ubuntu/ros2_ws/build/robdep_project/install.log --single-version-externally-managed
[10.591s] Level 1:colcon.colcon_core.environment:checking '/home/ubuntu/ros2_ws/install/robdep_project' for CMake module files
[10.594s] DEBUG:colcon.colcon_core.event_handler.log_command:Invoked command in '/home/ubuntu/ros2_ws/src/robdep_project' returned '0': PYTHONPATH=/home/ubuntu/ros2_ws/build/robdep_project/prefix_override:/home/ubuntu/ros2_ws/install/robdep_project/lib/python3.8/site-packages:${PYTHONPATH} /usr/bin/python3 setup.py egg_info --egg-base ../../build/robdep_project build --build-base /home/ubuntu/ros2_ws/build/robdep_project/build install --record /home/ubuntu/ros2_ws/build/robdep_project/install.log --single-version-externally-managed
[10.596s] Level 1:colcon.colcon_core.environment:checking '/home/ubuntu/ros2_ws/install/robdep_project' for CMake config files
[10.600s] Level 1:colcon.colcon_core.environment:checking '/home/ubuntu/ros2_ws/install/robdep_project/lib'
[10.601s] Level 1:colcon.colcon_core.environment:checking '/home/ubuntu/ros2_ws/install/robdep_project/bin'
[10.601s] Level 1:colcon.colcon_core.environment:checking '/home/ubuntu/ros2_ws/install/robdep_project/lib/pkgconfig/robdep_project.pc'
[10.602s] Level 1:colcon.colcon_core.environment:checking '/home/ubuntu/ros2_ws/install/robdep_project/lib/python3.8/site-packages'
[10.603s] Level 1:colcon.colcon_core.shell:create_environment_hook('robdep_project', 'pythonpath')
[10.614s] INFO:colcon.colcon_core.shell:Creating environment hook '/home/ubuntu/ros2_ws/install/robdep_project/share/robdep_project/hook/pythonpath.ps1'
[10.617s] INFO:colcon.colcon_core.shell:Creating environment descriptor '/home/ubuntu/ros2_ws/install/robdep_project/share/robdep_project/hook/pythonpath.dsv'
[10.620s] INFO:colcon.colcon_core.shell:Creating environment hook '/home/ubuntu/ros2_ws/install/robdep_project/share/robdep_project/hook/pythonpath.sh'
[10.624s] Level 1:colcon.colcon_core.environment:checking '/home/ubuntu/ros2_ws/install/robdep_project/bin'
[10.624s] Level 1:colcon.colcon_core.environment:create_environment_scripts_only(robdep_project)
[10.633s] INFO:colcon.colcon_core.shell:Creating package script '/home/ubuntu/ros2_ws/install/robdep_project/share/robdep_project/package.ps1'
[10.638s] INFO:colcon.colcon_core.shell:Creating package descriptor '/home/ubuntu/ros2_ws/install/robdep_project/share/robdep_project/package.dsv'
[10.644s] INFO:colcon.colcon_core.shell:Creating package script '/home/ubuntu/ros2_ws/install/robdep_project/share/robdep_project/package.sh'
[10.648s] INFO:colcon.colcon_core.shell:Creating package script '/home/ubuntu/ros2_ws/install/robdep_project/share/robdep_project/package.bash'
[10.650s] INFO:colcon.colcon_core.shell:Creating package script '/home/ubuntu/ros2_ws/install/robdep_project/share/robdep_project/package.zsh'
[10.652s] Level 1:colcon.colcon_core.environment:create_file_with_runtime_dependencies(/home/ubuntu/ros2_ws/install/robdep_project/share/colcon-core/packages/robdep_project)
[10.871s] DEBUG:colcon.colcon_core.event_handler.log_command:Invoking command in '/home/ubuntu/ros2_ws/src/robdep': CMAKE_PREFIX_PATH=/home/ubuntu/ros2_ws/install/robdep_interfaces:/home/ubuntu/ros2_ws/install/robdep_project_interfaces PYTHONPATH=/home/ubuntu/ros2_ws/build/robdep/prefix_override:/home/ubuntu/ros2_ws/install/robdep/lib/python3.8/site-packages:/home/ubuntu/ros2_ws/install/robdep_interfaces/lib/python3.8/site-packages:/home/ubuntu/ros2_ws/install/robdep_project/lib/python3.8/site-packages:/home/ubuntu/ros2_ws/install/robdep/lib/python3.8/site-packages:/opt/ros/galactic/lib/python3.8/site-packages /usr/bin/python3 setup.py egg_info --egg-base ../../build/robdep build --build-base /home/ubuntu/ros2_ws/build/robdep/build install --record /home/ubuntu/ros2_ws/build/robdep/install.log --single-version-externally-managed
[12.683s] Level 1:colcon.colcon_core.environment:checking '/home/ubuntu/ros2_ws/install/robdep' for CMake module files
[12.685s] DEBUG:colcon.colcon_core.event_handler.log_command:Invoked command in '/home/ubuntu/ros2_ws/src/robdep' returned '0': CMAKE_PREFIX_PATH=/home/ubuntu/ros2_ws/install/robdep_interfaces:/home/ubuntu/ros2_ws/install/robdep_project_interfaces PYTHONPATH=/home/ubuntu/ros2_ws/build/robdep/prefix_override:/home/ubuntu/ros2_ws/install/robdep/lib/python3.8/site-packages:/home/ubuntu/ros2_ws/install/robdep_interfaces/lib/python3.8/site-packages:/home/ubuntu/ros2_ws/install/robdep_project/lib/python3.8/site-packages:/home/ubuntu/ros2_ws/install/robdep/lib/python3.8/site-packages:/opt/ros/galactic/lib/python3.8/site-packages /usr/bin/python3 setup.py egg_info --egg-base ../../build/robdep build --build-base /home/ubuntu/ros2_ws/build/robdep/build install --record /home/ubuntu/ros2_ws/build/robdep/install.log --single-version-externally-managed
[12.687s] Level 1:colcon.colcon_core.environment:checking '/home/ubuntu/ros2_ws/install/robdep' for CMake config files
[12.691s] Level 1:colcon.colcon_core.environment:checking '/home/ubuntu/ros2_ws/install/robdep/lib'
[12.691s] Level 1:colcon.colcon_core.environment:checking '/home/ubuntu/ros2_ws/install/robdep/bin'
[12.692s] Level 1:colcon.colcon_core.environment:checking '/home/ubuntu/ros2_ws/install/robdep/lib/pkgconfig/robdep.pc'
[12.694s] Level 1:colcon.colcon_core.environment:checking '/home/ubuntu/ros2_ws/install/robdep/lib/python3.8/site-packages'
[12.696s] Level 1:colcon.colcon_core.shell:create_environment_hook('robdep', 'pythonpath')
[12.704s] INFO:colcon.colcon_core.shell:Creating environment hook '/home/ubuntu/ros2_ws/install/robdep/share/robdep/hook/pythonpath.ps1'
[12.706s] INFO:colcon.colcon_core.shell:Creating environment descriptor '/home/ubuntu/ros2_ws/install/robdep/share/robdep/hook/pythonpath.dsv'
[12.709s] INFO:colcon.colcon_core.shell:Creating environment hook '/home/ubuntu/ros2_ws/install/robdep/share/robdep/hook/pythonpath.sh'
[12.711s] Level 1:colcon.colcon_core.environment:checking '/home/ubuntu/ros2_ws/install/robdep/bin'
[12.712s] Level 1:colcon.colcon_core.environment:create_environment_scripts_only(robdep)
[12.721s] INFO:colcon.colcon_core.shell:Creating package script '/home/ubuntu/ros2_ws/install/robdep/share/robdep/package.ps1'
[12.727s] INFO:colcon.colcon_core.shell:Creating package descriptor '/home/ubuntu/ros2_ws/install/robdep/share/robdep/package.dsv'
[12.730s] INFO:colcon.colcon_core.shell:Creating package script '/home/ubuntu/ros2_ws/install/robdep/share/robdep/package.sh'
[12.733s] INFO:colcon.colcon_core.shell:Creating package script '/home/ubuntu/ros2_ws/install/robdep/share/robdep/package.bash'
[12.735s] INFO:colcon.colcon_core.shell:Creating package script '/home/ubuntu/ros2_ws/install/robdep/share/robdep/package.zsh'
[12.737s] Level 1:colcon.colcon_core.environment:create_file_with_runtime_dependencies(/home/ubuntu/ros2_ws/install/robdep/share/colcon-core/packages/robdep)
[12.739s] DEBUG:colcon.colcon_parallel_executor.executor.parallel:closing loop
[12.740s] DEBUG:colcon.colcon_parallel_executor.executor.parallel:loop closed
[12.741s] DEBUG:colcon.colcon_parallel_executor.executor.parallel:run_until_complete finished with '0'
[12.741s] DEBUG:colcon.colcon_core.event_reactor:joining thread
[12.772s] INFO:colcon.colcon_core.plugin_system:Skipping extension 'colcon_notification.desktop_notification.notify_send': Could not find 'notify-send'
[12.772s] INFO:colcon.colcon_core.plugin_system:Skipping extension 'colcon_notification.desktop_notification.terminal_notifier': Not used on non-Darwin systems
[12.773s] INFO:colcon.colcon_core.plugin_system:Skipping extension 'colcon_notification.desktop_notification.win32': Not used on non-Windows systems
[12.773s] INFO:colcon.colcon_notification.desktop_notification:Sending desktop notification using 'notify2'
[12.776s] DEBUG:colcon.colcon_notification.desktop_notification.notify2:Failed to initialize notify2: org.freedesktop.DBus.Error.ServiceUnknown: The name org.freedesktop.Notifications was not provided by any .service files
[12.776s] DEBUG:colcon.colcon_core.event_reactor:joined thread
[12.783s] INFO:colcon.colcon_core.shell:Creating prefix script '/home/ubuntu/ros2_ws/install/local_setup.ps1'
[12.786s] INFO:colcon.colcon_core.shell:Creating prefix util module '/home/ubuntu/ros2_ws/install/_local_setup_util_ps1.py'
[12.793s] INFO:colcon.colcon_core.shell:Creating prefix chain script '/home/ubuntu/ros2_ws/install/setup.ps1'
[12.801s] INFO:colcon.colcon_core.shell:Creating prefix script '/home/ubuntu/ros2_ws/install/local_setup.sh'
[12.804s] INFO:colcon.colcon_core.shell:Creating prefix util module '/home/ubuntu/ros2_ws/install/_local_setup_util_sh.py'
[12.807s] INFO:colcon.colcon_core.shell:Creating prefix chain script '/home/ubuntu/ros2_ws/install/setup.sh'
[12.814s] INFO:colcon.colcon_core.shell:Creating prefix script '/home/ubuntu/ros2_ws/install/local_setup.bash'
[12.816s] INFO:colcon.colcon_core.shell:Creating prefix chain script '/home/ubuntu/ros2_ws/install/setup.bash'
[12.825s] INFO:colcon.colcon_core.shell:Creating prefix script '/home/ubuntu/ros2_ws/install/local_setup.zsh'
[12.828s] INFO:colcon.colcon_core.shell:Creating prefix chain script '/home/ubuntu/ros2_ws/install/setup.zsh'
