[3.451s] Invoking command in '/home/ubuntu/ros2_ws/src/robdep': PYTHONPATH=/home/ubuntu/ros2_ws/build/robdep/prefix_override:/home/ubuntu/ros2_ws/install/robdep/lib/python3.8/site-packages:/home/ubuntu/ros2_ws/install/robdep_interfaces/lib/python3.8/site-packages:/home/ubuntu/ros2_ws/install/robdep/lib/python3.8/site-packages:/opt/ros/galactic/lib/python3.8/site-packages /usr/bin/python3 setup.py egg_info --egg-base ../../build/robdep build --build-base /home/ubuntu/ros2_ws/build/robdep/build install --record /home/ubuntu/ros2_ws/build/robdep/install.log --single-version-externally-managed
[4.658s] running egg_info
[4.661s] writing ../../build/robdep/robdep.egg-info/PKG-INFO
[4.662s] writing dependency_links to ../../build/robdep/robdep.egg-info/dependency_links.txt
[4.663s] writing entry points to ../../build/robdep/robdep.egg-info/entry_points.txt
[4.664s] writing requirements to ../../build/robdep/robdep.egg-info/requires.txt
[4.665s] writing top-level names to ../../build/robdep/robdep.egg-info/top_level.txt
[4.822s] reading manifest file '../../build/robdep/robdep.egg-info/SOURCES.txt'
[4.827s] writing manifest file '../../build/robdep/robdep.egg-info/SOURCES.txt'
[4.828s] running build
[4.828s] running build_py
[4.829s] copying robdep/blob_printer.py -> /home/ubuntu/ros2_ws/build/robdep/build/lib/robdep
[4.831s] running install
[4.834s] running install_lib
[4.841s] copying /home/ubuntu/ros2_ws/build/robdep/build/lib/robdep/blob_printer.py -> /home/ubuntu/ros2_ws/install/robdep/lib/python3.8/site-packages/robdep
[4.844s] byte-compiling /home/ubuntu/ros2_ws/install/robdep/lib/python3.8/site-packages/robdep/blob_printer.py to blob_printer.cpython-38.pyc
[4.851s] running install_data
[4.853s] running install_egg_info
[4.861s] removing '/home/ubuntu/ros2_ws/install/robdep/lib/python3.8/site-packages/robdep-0.0.0-py3.8.egg-info' (and everything under it)
[4.862s] Copying ../../build/robdep/robdep.egg-info to /home/ubuntu/ros2_ws/install/robdep/lib/python3.8/site-packages/robdep-0.0.0-py3.8.egg-info
[4.870s] running install_scripts
[4.953s] Installing blob_detector script to /home/ubuntu/ros2_ws/install/robdep/lib/robdep
[4.954s] Installing blob_printer script to /home/ubuntu/ros2_ws/install/robdep/lib/robdep
[4.955s] Installing bot_run script to /home/ubuntu/ros2_ws/install/robdep/lib/robdep
[4.957s] writing list of installed files to '/home/ubuntu/ros2_ws/build/robdep/install.log'
[5.096s] Invoked command in '/home/ubuntu/ros2_ws/src/robdep' returned '0': PYTHONPATH=/home/ubuntu/ros2_ws/build/robdep/prefix_override:/home/ubuntu/ros2_ws/install/robdep/lib/python3.8/site-packages:/home/ubuntu/ros2_ws/install/robdep_interfaces/lib/python3.8/site-packages:/home/ubuntu/ros2_ws/install/robdep/lib/python3.8/site-packages:/opt/ros/galactic/lib/python3.8/site-packages /usr/bin/python3 setup.py egg_info --egg-base ../../build/robdep build --build-base /home/ubuntu/ros2_ws/build/robdep/build install --record /home/ubuntu/ros2_ws/build/robdep/install.log --single-version-externally-managed
