[5.275s] Invoking command in '/home/ubuntu/ros2_ws/src/robdep_project': PYTHONPATH=/home/ubuntu/ros2_ws/build/robdep_project/prefix_override:/home/ubuntu/ros2_ws/install/robdep_project/lib/python3.8/site-packages:${PYTHONPATH} /usr/bin/python3 setup.py egg_info --egg-base ../../build/robdep_project build --build-base /home/ubuntu/ros2_ws/build/robdep_project/build install --record /home/ubuntu/ros2_ws/build/robdep_project/install.log --single-version-externally-managed
[6.617s] running egg_info
[6.619s] writing ../../build/robdep_project/robdep_project.egg-info/PKG-INFO
[6.620s] writing dependency_links to ../../build/robdep_project/robdep_project.egg-info/dependency_links.txt
[6.621s] writing entry points to ../../build/robdep_project/robdep_project.egg-info/entry_points.txt
[6.622s] writing requirements to ../../build/robdep_project/robdep_project.egg-info/requires.txt
[6.623s] writing top-level names to ../../build/robdep_project/robdep_project.egg-info/top_level.txt
[6.783s] reading manifest file '../../build/robdep_project/robdep_project.egg-info/SOURCES.txt'
[6.787s] writing manifest file '../../build/robdep_project/robdep_project.egg-info/SOURCES.txt'
[6.787s] running build
[6.788s] running build_py
[6.789s] running install
[6.793s] running install_lib
[6.801s] running install_data
[6.810s] running install_egg_info
[6.816s] removing '/home/ubuntu/ros2_ws/install/robdep_project/lib/python3.8/site-packages/robdep_project-0.0.0-py3.8.egg-info' (and everything under it)
[6.819s] Copying ../../build/robdep_project/robdep_project.egg-info to /home/ubuntu/ros2_ws/install/robdep_project/lib/python3.8/site-packages/robdep_project-0.0.0-py3.8.egg-info
[6.826s] running install_scripts
[6.916s] Installing custom_object_detection_node script to /home/ubuntu/ros2_ws/install/robdep_project/lib/robdep_project
[6.916s] Installing detections script to /home/ubuntu/ros2_ws/install/robdep_project/lib/robdep_project
[6.918s] writing list of installed files to '/home/ubuntu/ros2_ws/build/robdep_project/install.log'
[7.063s] Invoked command in '/home/ubuntu/ros2_ws/src/robdep_project' returned '0': PYTHONPATH=/home/ubuntu/ros2_ws/build/robdep_project/prefix_override:/home/ubuntu/ros2_ws/install/robdep_project/lib/python3.8/site-packages:${PYTHONPATH} /usr/bin/python3 setup.py egg_info --egg-base ../../build/robdep_project build --build-base /home/ubuntu/ros2_ws/build/robdep_project/build install --record /home/ubuntu/ros2_ws/build/robdep_project/install.log --single-version-externally-managed
