[0.204s] Invoking command in '/home/ubuntu/ros2_ws/build/robdep_interfaces': CMAKE_PREFIX_PATH=/opt/ros/galactic /usr/bin/cmake --build /home/ubuntu/ros2_ws/build/robdep_interfaces -- -j4 -l4
[1.704s] [  2%] Built target robdep_interfaces__cpp
[1.706s] [ 12%] Built target robdep_interfaces__rosidl_generator_c
[1.707s] [ 23%] Built target robdep_interfaces__rosidl_typesupport_introspection_cpp
[1.708s] [ 33%] Built target robdep_interfaces__rosidl_typesupport_cpp
[1.708s] [ 43%] Built target robdep_interfaces__rosidl_typesupport_fastrtps_cpp
[1.709s] [ 53%] Built target robdep_interfaces__rosidl_typesupport_c
[1.788s] [ 64%] Built target robdep_interfaces__rosidl_typesupport_introspection_c
[1.815s] [ 74%] Built target robdep_interfaces__rosidl_typesupport_fastrtps_c
[1.968s] [ 74%] Built target robdep_interfaces
[2.172s] [ 76%] Built target robdep_interfaces__py
[2.402s] [ 84%] Built target robdep_interfaces__python
[2.721s] [ 89%] Built target robdep_interfaces__rosidl_typesupport_c__pyext
[2.738s] [ 94%] Built target robdep_interfaces__rosidl_typesupport_fastrtps_c__pyext
[2.769s] [100%] Built target robdep_interfaces__rosidl_typesupport_introspection_c__pyext
[2.905s] Invoked command in '/home/ubuntu/ros2_ws/build/robdep_interfaces' returned '0': CMAKE_PREFIX_PATH=/opt/ros/galactic /usr/bin/cmake --build /home/ubuntu/ros2_ws/build/robdep_interfaces -- -j4 -l4
[3.336s] Invoking command in '/home/ubuntu/ros2_ws/build/robdep_interfaces': CMAKE_PREFIX_PATH=/opt/ros/galactic /usr/bin/cmake --install /home/ubuntu/ros2_ws/build/robdep_interfaces
[3.383s] -- Install configuration: ""
[3.389s] -- Up-to-date: /home/ubuntu/ros2_ws/install/robdep_interfaces/share/ament_index/resource_index/rosidl_interfaces/robdep_interfaces
[3.392s] -- Up-to-date: /home/ubuntu/ros2_ws/install/robdep_interfaces/include/robdep_interfaces
[3.393s] -- Up-to-date: /home/ubuntu/ros2_ws/install/robdep_interfaces/include/robdep_interfaces/msg
[3.395s] -- Up-to-date: /home/ubuntu/ros2_ws/install/robdep_interfaces/include/robdep_interfaces/msg/blob_data.h
[3.395s] -- Up-to-date: /home/ubuntu/ros2_ws/install/robdep_interfaces/include/robdep_interfaces/msg/detail
[3.397s] -- Up-to-date: /home/ubuntu/ros2_ws/install/robdep_interfaces/include/robdep_interfaces/msg/detail/blob_data__struct.h
[3.399s] -- Up-to-date: /home/ubuntu/ros2_ws/install/robdep_interfaces/include/robdep_interfaces/msg/detail/blob_list__functions.h
[3.400s] -- Up-to-date: /home/ubuntu/ros2_ws/install/robdep_interfaces/include/robdep_interfaces/msg/detail/blob_list__struct.h
[3.407s] -- Up-to-date: /home/ubuntu/ros2_ws/install/robdep_interfaces/include/robdep_interfaces/msg/detail/blob_data__functions.c
[3.409s] -- Up-to-date: /home/ubuntu/ros2_ws/install/robdep_interfaces/include/robdep_interfaces/msg/detail/blob_data__functions.h
[3.410s] -- Up-to-date: /home/ubuntu/ros2_ws/install/robdep_interfaces/include/robdep_interfaces/msg/detail/blob_data__type_support.h
[3.411s] -- Up-to-date: /home/ubuntu/ros2_ws/install/robdep_interfaces/include/robdep_interfaces/msg/detail/blob_list__functions.c
[3.413s] -- Up-to-date: /home/ubuntu/ros2_ws/install/robdep_interfaces/include/robdep_interfaces/msg/detail/blob_list__type_support.h
[3.413s] -- Up-to-date: /home/ubuntu/ros2_ws/install/robdep_interfaces/include/robdep_interfaces/msg/blob_list.h
[3.414s] -- Up-to-date: /home/ubuntu/ros2_ws/install/robdep_interfaces/include/robdep_interfaces/msg/rosidl_generator_c__visibility_control.h
[3.415s] -- Up-to-date: /home/ubuntu/ros2_ws/install/robdep_interfaces/share/robdep_interfaces/environment/library_path.sh
[3.415s] -- Up-to-date: /home/ubuntu/ros2_ws/install/robdep_interfaces/share/robdep_interfaces/environment/library_path.dsv
[3.416s] -- Up-to-date: /home/ubuntu/ros2_ws/install/robdep_interfaces/lib/librobdep_interfaces__rosidl_generator_c.so
[3.417s] -- Up-to-date: /home/ubuntu/ros2_ws/install/robdep_interfaces/include/robdep_interfaces
[3.418s] -- Up-to-date: /home/ubuntu/ros2_ws/install/robdep_interfaces/include/robdep_interfaces/msg
[3.419s] -- Up-to-date: /home/ubuntu/ros2_ws/install/robdep_interfaces/include/robdep_interfaces/msg/rosidl_typesupport_fastrtps_c__visibility_control.h
[3.420s] -- Up-to-date: /home/ubuntu/ros2_ws/install/robdep_interfaces/include/robdep_interfaces/msg/detail
[3.421s] -- Up-to-date: /home/ubuntu/ros2_ws/install/robdep_interfaces/include/robdep_interfaces/msg/detail/blob_list__rosidl_typesupport_fastrtps_c.h
[3.422s] -- Up-to-date: /home/ubuntu/ros2_ws/install/robdep_interfaces/include/robdep_interfaces/msg/detail/blob_data__rosidl_typesupport_fastrtps_c.h
[3.422s] -- Up-to-date: /home/ubuntu/ros2_ws/install/robdep_interfaces/lib/librobdep_interfaces__rosidl_typesupport_fastrtps_c.so
[3.423s] -- Up-to-date: /home/ubuntu/ros2_ws/install/robdep_interfaces/include/robdep_interfaces
[3.423s] -- Up-to-date: /home/ubuntu/ros2_ws/install/robdep_interfaces/include/robdep_interfaces/msg
[3.425s] -- Up-to-date: /home/ubuntu/ros2_ws/install/robdep_interfaces/include/robdep_interfaces/msg/rosidl_typesupport_fastrtps_cpp__visibility_control.h
[3.427s] -- Up-to-date: /home/ubuntu/ros2_ws/install/robdep_interfaces/include/robdep_interfaces/msg/detail
[3.428s] -- Up-to-date: /home/ubuntu/ros2_ws/install/robdep_interfaces/include/robdep_interfaces/msg/detail/dds_fastrtps
[3.428s] -- Up-to-date: /home/ubuntu/ros2_ws/install/robdep_interfaces/include/robdep_interfaces/msg/detail/blob_data__rosidl_typesupport_fastrtps_cpp.hpp
[3.429s] -- Up-to-date: /home/ubuntu/ros2_ws/install/robdep_interfaces/include/robdep_interfaces/msg/detail/blob_list__rosidl_typesupport_fastrtps_cpp.hpp
[3.430s] -- Up-to-date: /home/ubuntu/ros2_ws/install/robdep_interfaces/lib/librobdep_interfaces__rosidl_typesupport_fastrtps_cpp.so
[3.432s] -- Up-to-date: /home/ubuntu/ros2_ws/install/robdep_interfaces/include/robdep_interfaces
[3.432s] -- Up-to-date: /home/ubuntu/ros2_ws/install/robdep_interfaces/include/robdep_interfaces/msg
[3.433s] -- Up-to-date: /home/ubuntu/ros2_ws/install/robdep_interfaces/include/robdep_interfaces/msg/detail
[3.434s] -- Up-to-date: /home/ubuntu/ros2_ws/install/robdep_interfaces/include/robdep_interfaces/msg/detail/blob_data__type_support.c
[3.434s] -- Up-to-date: /home/ubuntu/ros2_ws/install/robdep_interfaces/include/robdep_interfaces/msg/detail/blob_data__rosidl_typesupport_introspection_c.h
[3.434s] -- Up-to-date: /home/ubuntu/ros2_ws/install/robdep_interfaces/include/robdep_interfaces/msg/detail/blob_list__type_support.c
[3.435s] -- Up-to-date: /home/ubuntu/ros2_ws/install/robdep_interfaces/include/robdep_interfaces/msg/detail/blob_list__rosidl_typesupport_introspection_c.h
[3.435s] -- Up-to-date: /home/ubuntu/ros2_ws/install/robdep_interfaces/include/robdep_interfaces/msg/rosidl_typesupport_introspection_c__visibility_control.h
[3.440s] -- Up-to-date: /home/ubuntu/ros2_ws/install/robdep_interfaces/lib/librobdep_interfaces__rosidl_typesupport_introspection_c.so
[3.449s] -- Up-to-date: /home/ubuntu/ros2_ws/install/robdep_interfaces/lib/librobdep_interfaces__rosidl_typesupport_c.so
[3.450s] -- Up-to-date: /home/ubuntu/ros2_ws/install/robdep_interfaces/include/robdep_interfaces
[3.451s] -- Up-to-date: /home/ubuntu/ros2_ws/install/robdep_interfaces/include/robdep_interfaces/msg
[3.452s] -- Up-to-date: /home/ubuntu/ros2_ws/install/robdep_interfaces/include/robdep_interfaces/msg/blob_data.hpp
[3.452s] -- Up-to-date: /home/ubuntu/ros2_ws/install/robdep_interfaces/include/robdep_interfaces/msg/detail
[3.453s] -- Up-to-date: /home/ubuntu/ros2_ws/install/robdep_interfaces/include/robdep_interfaces/msg/detail/blob_data__struct.hpp
[3.453s] -- Up-to-date: /home/ubuntu/ros2_ws/install/robdep_interfaces/include/robdep_interfaces/msg/detail/blob_list__struct.hpp
[3.453s] -- Up-to-date: /home/ubuntu/ros2_ws/install/robdep_interfaces/include/robdep_interfaces/msg/detail/blob_data__builder.hpp
[3.454s] -- Up-to-date: /home/ubuntu/ros2_ws/install/robdep_interfaces/include/robdep_interfaces/msg/detail/blob_list__builder.hpp
[3.454s] -- Up-to-date: /home/ubuntu/ros2_ws/install/robdep_interfaces/include/robdep_interfaces/msg/detail/blob_list__traits.hpp
[3.455s] -- Up-to-date: /home/ubuntu/ros2_ws/install/robdep_interfaces/include/robdep_interfaces/msg/detail/blob_data__traits.hpp
[3.456s] -- Up-to-date: /home/ubuntu/ros2_ws/install/robdep_interfaces/include/robdep_interfaces/msg/blob_list.hpp
[3.457s] -- Up-to-date: /home/ubuntu/ros2_ws/install/robdep_interfaces/include/robdep_interfaces
[3.458s] -- Up-to-date: /home/ubuntu/ros2_ws/install/robdep_interfaces/include/robdep_interfaces/msg
[3.458s] -- Up-to-date: /home/ubuntu/ros2_ws/install/robdep_interfaces/include/robdep_interfaces/msg/detail
[3.459s] -- Up-to-date: /home/ubuntu/ros2_ws/install/robdep_interfaces/include/robdep_interfaces/msg/detail/blob_data__rosidl_typesupport_introspection_cpp.hpp
[3.459s] -- Up-to-date: /home/ubuntu/ros2_ws/install/robdep_interfaces/include/robdep_interfaces/msg/detail/blob_data__type_support.cpp
[3.459s] -- Up-to-date: /home/ubuntu/ros2_ws/install/robdep_interfaces/include/robdep_interfaces/msg/detail/blob_list__type_support.cpp
[3.460s] -- Up-to-date: /home/ubuntu/ros2_ws/install/robdep_interfaces/include/robdep_interfaces/msg/detail/blob_list__rosidl_typesupport_introspection_cpp.hpp
[3.460s] -- Up-to-date: /home/ubuntu/ros2_ws/install/robdep_interfaces/lib/librobdep_interfaces__rosidl_typesupport_introspection_cpp.so
[3.463s] -- Up-to-date: /home/ubuntu/ros2_ws/install/robdep_interfaces/lib/librobdep_interfaces__rosidl_typesupport_cpp.so
[3.464s] -- Up-to-date: /home/ubuntu/ros2_ws/install/robdep_interfaces/share/robdep_interfaces/environment/pythonpath.sh
[3.465s] -- Up-to-date: /home/ubuntu/ros2_ws/install/robdep_interfaces/share/robdep_interfaces/environment/pythonpath.dsv
[3.473s] -- Up-to-date: /home/ubuntu/ros2_ws/install/robdep_interfaces/lib/python3.8/site-packages/robdep_interfaces/__init__.py
[3.683s] -- Up-to-date: /home/ubuntu/ros2_ws/install/robdep_interfaces/lib/python3.8/site-packages/robdep_interfaces/msg
[3.684s] -- Up-to-date: /home/ubuntu/ros2_ws/install/robdep_interfaces/lib/python3.8/site-packages/robdep_interfaces/msg/_blob_list_s.c
[3.685s] -- Up-to-date: /home/ubuntu/ros2_ws/install/robdep_interfaces/lib/python3.8/site-packages/robdep_interfaces/msg/_blob_data_s.c
[3.686s] -- Up-to-date: /home/ubuntu/ros2_ws/install/robdep_interfaces/lib/python3.8/site-packages/robdep_interfaces/msg/_blob_list.py
[3.687s] -- Up-to-date: /home/ubuntu/ros2_ws/install/robdep_interfaces/lib/python3.8/site-packages/robdep_interfaces/msg/__init__.py
[3.688s] -- Up-to-date: /home/ubuntu/ros2_ws/install/robdep_interfaces/lib/python3.8/site-packages/robdep_interfaces/msg/_blob_data.py
[3.688s] -- Up-to-date: /home/ubuntu/ros2_ws/install/robdep_interfaces/lib/python3.8/site-packages/robdep_interfaces/robdep_interfaces_s__rosidl_typesupport_fastrtps_c.cpython-38-aarch64-linux-gnu.so
[3.693s] -- Up-to-date: /home/ubuntu/ros2_ws/install/robdep_interfaces/lib/python3.8/site-packages/robdep_interfaces/robdep_interfaces_s__rosidl_typesupport_introspection_c.cpython-38-aarch64-linux-gnu.so
[3.698s] -- Up-to-date: /home/ubuntu/ros2_ws/install/robdep_interfaces/lib/python3.8/site-packages/robdep_interfaces/robdep_interfaces_s__rosidl_typesupport_c.cpython-38-aarch64-linux-gnu.so
[3.709s] -- Up-to-date: /home/ubuntu/ros2_ws/install/robdep_interfaces/lib/librobdep_interfaces__python.so
[3.714s] -- Up-to-date: /home/ubuntu/ros2_ws/install/robdep_interfaces/share/robdep_interfaces/msg/BlobData.idl
[3.715s] -- Up-to-date: /home/ubuntu/ros2_ws/install/robdep_interfaces/share/robdep_interfaces/msg/BlobList.idl
[3.716s] -- Up-to-date: /home/ubuntu/ros2_ws/install/robdep_interfaces/share/robdep_interfaces/msg/BlobData.msg
[3.717s] -- Up-to-date: /home/ubuntu/ros2_ws/install/robdep_interfaces/share/robdep_interfaces/msg/BlobList.msg
[3.718s] -- Up-to-date: /home/ubuntu/ros2_ws/install/robdep_interfaces/share/ament_index/resource_index/package_run_dependencies/robdep_interfaces
[3.720s] -- Up-to-date: /home/ubuntu/ros2_ws/install/robdep_interfaces/share/ament_index/resource_index/parent_prefix_path/robdep_interfaces
[3.721s] -- Up-to-date: /home/ubuntu/ros2_ws/install/robdep_interfaces/share/robdep_interfaces/environment/ament_prefix_path.sh
[3.723s] -- Up-to-date: /home/ubuntu/ros2_ws/install/robdep_interfaces/share/robdep_interfaces/environment/ament_prefix_path.dsv
[3.724s] -- Up-to-date: /home/ubuntu/ros2_ws/install/robdep_interfaces/share/robdep_interfaces/environment/path.sh
[3.725s] -- Up-to-date: /home/ubuntu/ros2_ws/install/robdep_interfaces/share/robdep_interfaces/environment/path.dsv
[3.725s] -- Up-to-date: /home/ubuntu/ros2_ws/install/robdep_interfaces/share/robdep_interfaces/local_setup.bash
[3.725s] -- Up-to-date: /home/ubuntu/ros2_ws/install/robdep_interfaces/share/robdep_interfaces/local_setup.sh
[3.726s] -- Up-to-date: /home/ubuntu/ros2_ws/install/robdep_interfaces/share/robdep_interfaces/local_setup.zsh
[3.727s] -- Up-to-date: /home/ubuntu/ros2_ws/install/robdep_interfaces/share/robdep_interfaces/local_setup.dsv
[3.727s] -- Installing: /home/ubuntu/ros2_ws/install/robdep_interfaces/share/robdep_interfaces/package.dsv
[3.728s] -- Up-to-date: /home/ubuntu/ros2_ws/install/robdep_interfaces/share/ament_index/resource_index/packages/robdep_interfaces
[3.743s] -- Up-to-date: /home/ubuntu/ros2_ws/install/robdep_interfaces/share/robdep_interfaces/cmake/robdep_interfaces__rosidl_generator_cExport.cmake
[3.744s] -- Up-to-date: /home/ubuntu/ros2_ws/install/robdep_interfaces/share/robdep_interfaces/cmake/robdep_interfaces__rosidl_generator_cExport-noconfig.cmake
[3.747s] -- Up-to-date: /home/ubuntu/ros2_ws/install/robdep_interfaces/share/robdep_interfaces/cmake/robdep_interfaces__rosidl_typesupport_introspection_cExport.cmake
[3.749s] -- Up-to-date: /home/ubuntu/ros2_ws/install/robdep_interfaces/share/robdep_interfaces/cmake/robdep_interfaces__rosidl_typesupport_introspection_cExport-noconfig.cmake
[3.753s] -- Up-to-date: /home/ubuntu/ros2_ws/install/robdep_interfaces/share/robdep_interfaces/cmake/robdep_interfaces__rosidl_typesupport_cExport.cmake
[3.753s] -- Up-to-date: /home/ubuntu/ros2_ws/install/robdep_interfaces/share/robdep_interfaces/cmake/robdep_interfaces__rosidl_typesupport_cExport-noconfig.cmake
[3.758s] -- Up-to-date: /home/ubuntu/ros2_ws/install/robdep_interfaces/share/robdep_interfaces/cmake/robdep_interfaces__rosidl_generator_cppExport.cmake
[3.763s] -- Up-to-date: /home/ubuntu/ros2_ws/install/robdep_interfaces/share/robdep_interfaces/cmake/robdep_interfaces__rosidl_typesupport_introspection_cppExport.cmake
[3.764s] -- Up-to-date: /home/ubuntu/ros2_ws/install/robdep_interfaces/share/robdep_interfaces/cmake/robdep_interfaces__rosidl_typesupport_introspection_cppExport-noconfig.cmake
[3.766s] -- Up-to-date: /home/ubuntu/ros2_ws/install/robdep_interfaces/share/robdep_interfaces/cmake/robdep_interfaces__rosidl_typesupport_cppExport.cmake
[3.767s] -- Up-to-date: /home/ubuntu/ros2_ws/install/robdep_interfaces/share/robdep_interfaces/cmake/robdep_interfaces__rosidl_typesupport_cppExport-noconfig.cmake
[3.770s] -- Up-to-date: /home/ubuntu/ros2_ws/install/robdep_interfaces/share/robdep_interfaces/cmake/rosidl_cmake-extras.cmake
[3.774s] -- Up-to-date: /home/ubuntu/ros2_ws/install/robdep_interfaces/share/robdep_interfaces/cmake/ament_cmake_export_dependencies-extras.cmake
[3.775s] -- Up-to-date: /home/ubuntu/ros2_ws/install/robdep_interfaces/share/robdep_interfaces/cmake/ament_cmake_export_libraries-extras.cmake
[3.777s] -- Up-to-date: /home/ubuntu/ros2_ws/install/robdep_interfaces/share/robdep_interfaces/cmake/ament_cmake_export_targets-extras.cmake
[3.778s] -- Up-to-date: /home/ubuntu/ros2_ws/install/robdep_interfaces/share/robdep_interfaces/cmake/ament_cmake_export_include_directories-extras.cmake
[3.780s] -- Up-to-date: /home/ubuntu/ros2_ws/install/robdep_interfaces/share/robdep_interfaces/cmake/rosidl_cmake_export_typesupport_libraries-extras.cmake
[3.782s] -- Up-to-date: /home/ubuntu/ros2_ws/install/robdep_interfaces/share/robdep_interfaces/cmake/rosidl_cmake_export_typesupport_targets-extras.cmake
[3.783s] -- Up-to-date: /home/ubuntu/ros2_ws/install/robdep_interfaces/share/robdep_interfaces/cmake/robdep_interfacesConfig.cmake
[3.784s] -- Up-to-date: /home/ubuntu/ros2_ws/install/robdep_interfaces/share/robdep_interfaces/cmake/robdep_interfacesConfig-version.cmake
[3.786s] -- Up-to-date: /home/ubuntu/ros2_ws/install/robdep_interfaces/share/robdep_interfaces/package.xml
[3.798s] Invoked command in '/home/ubuntu/ros2_ws/build/robdep_interfaces' returned '0': CMAKE_PREFIX_PATH=/opt/ros/galactic /usr/bin/cmake --install /home/ubuntu/ros2_ws/build/robdep_interfaces
