[4.382s] Invoking command in '/home/ubuntu/ros2_ws/src/robdep': CMAKE_PREFIX_PATH=/home/ubuntu/ros2_ws/install/robdep_interfaces:/home/ubuntu/ros2_ws/install/robdep_project_interfaces PYTHONPATH=/home/ubuntu/ros2_ws/build/robdep/prefix_override:/home/ubuntu/ros2_ws/install/robdep/lib/python3.8/site-packages:/home/ubuntu/ros2_ws/install/robdep_interfaces/lib/python3.8/site-packages:/home/ubuntu/ros2_ws/install/robdep_project/lib/python3.8/site-packages:/home/ubuntu/ros2_ws/install/robdep/lib/python3.8/site-packages:/opt/ros/galactic/lib/python3.8/site-packages /usr/bin/python3 setup.py egg_info --egg-base ../../build/robdep build --build-base /home/ubuntu/ros2_ws/build/robdep/build install --record /home/ubuntu/ros2_ws/build/robdep/install.log --single-version-externally-managed
[5.825s] running egg_info
[5.828s] writing ../../build/robdep/robdep.egg-info/PKG-INFO
[5.829s] writing dependency_links to ../../build/robdep/robdep.egg-info/dependency_links.txt
[5.831s] writing entry points to ../../build/robdep/robdep.egg-info/entry_points.txt
[5.832s] writing requirements to ../../build/robdep/robdep.egg-info/requires.txt
[5.832s] writing top-level names to ../../build/robdep/robdep.egg-info/top_level.txt
[5.982s] reading manifest file '../../build/robdep/robdep.egg-info/SOURCES.txt'
[5.986s] writing manifest file '../../build/robdep/robdep.egg-info/SOURCES.txt'
[5.987s] running build
[5.987s] running build_py
[5.990s] running install
[5.993s] running install_lib
[6.001s] running install_data
[6.004s] running install_egg_info
[6.013s] removing '/home/ubuntu/ros2_ws/install/robdep/lib/python3.8/site-packages/robdep-0.0.0-py3.8.egg-info' (and everything under it)
[6.015s] Copying ../../build/robdep/robdep.egg-info to /home/ubuntu/ros2_ws/install/robdep/lib/python3.8/site-packages/robdep-0.0.0-py3.8.egg-info
[6.020s] running install_scripts
[6.095s] Installing blob_detector script to /home/ubuntu/ros2_ws/install/robdep/lib/robdep
[6.096s] Installing blob_printer script to /home/ubuntu/ros2_ws/install/robdep/lib/robdep
[6.097s] Installing blob_runner script to /home/ubuntu/ros2_ws/install/robdep/lib/robdep
[6.098s] Installing bot_run script to /home/ubuntu/ros2_ws/install/robdep/lib/robdep
[6.099s] Installing get_images script to /home/ubuntu/ros2_ws/install/robdep/lib/robdep
[6.100s] Installing mask_publisher script to /home/ubuntu/ros2_ws/install/robdep/lib/robdep
[6.102s] writing list of installed files to '/home/ubuntu/ros2_ws/build/robdep/install.log'
[6.232s] Invoked command in '/home/ubuntu/ros2_ws/src/robdep' returned '0': CMAKE_PREFIX_PATH=/home/ubuntu/ros2_ws/install/robdep_interfaces:/home/ubuntu/ros2_ws/install/robdep_project_interfaces PYTHONPATH=/home/ubuntu/ros2_ws/build/robdep/prefix_override:/home/ubuntu/ros2_ws/install/robdep/lib/python3.8/site-packages:/home/ubuntu/ros2_ws/install/robdep_interfaces/lib/python3.8/site-packages:/home/ubuntu/ros2_ws/install/robdep_project/lib/python3.8/site-packages:/home/ubuntu/ros2_ws/install/robdep/lib/python3.8/site-packages:/opt/ros/galactic/lib/python3.8/site-packages /usr/bin/python3 setup.py egg_info --egg-base ../../build/robdep build --build-base /home/ubuntu/ros2_ws/build/robdep/build install --record /home/ubuntu/ros2_ws/build/robdep/install.log --single-version-externally-managed
