[6.118s] Invoking command in '/home/ubuntu/ros2_ws/src/robdep_project': PYTHONPATH=/home/ubuntu/ros2_ws/build/robdep_project/prefix_override:/home/ubuntu/ros2_ws/install/robdep_project/lib/python3.8/site-packages:${PYTHONPATH} /usr/bin/python3 setup.py egg_info --egg-base ../../build/robdep_project build --build-base /home/ubuntu/ros2_ws/build/robdep_project/build install --record /home/ubuntu/ros2_ws/build/robdep_project/install.log --single-version-externally-managed
[7.868s] running egg_info
[7.877s] writing ../../build/robdep_project/robdep_project.egg-info/PKG-INFO
[7.878s] writing dependency_links to ../../build/robdep_project/robdep_project.egg-info/dependency_links.txt
[7.878s] writing entry points to ../../build/robdep_project/robdep_project.egg-info/entry_points.txt
[7.880s] writing requirements to ../../build/robdep_project/robdep_project.egg-info/requires.txt
[7.881s] writing top-level names to ../../build/robdep_project/robdep_project.egg-info/top_level.txt
[8.055s] reading manifest file '../../build/robdep_project/robdep_project.egg-info/SOURCES.txt'
[8.060s] writing manifest file '../../build/robdep_project/robdep_project.egg-info/SOURCES.txt'
[8.064s] running build
[8.064s] running build_py
[8.066s] running install
[8.067s] running install_lib
[8.080s] running install_data
[8.084s] running install_egg_info
[8.092s] removing '/home/ubuntu/ros2_ws/install/robdep_project/lib/python3.8/site-packages/robdep_project-0.0.0-py3.8.egg-info' (and everything under it)
[8.094s] Copying ../../build/robdep_project/robdep_project.egg-info to /home/ubuntu/ros2_ws/install/robdep_project/lib/python3.8/site-packages/robdep_project-0.0.0-py3.8.egg-info
[8.102s] running install_scripts
[8.193s] Installing controller script to /home/ubuntu/ros2_ws/install/robdep_project/lib/robdep_project
[8.200s] Installing custom_object_detection_node script to /home/ubuntu/ros2_ws/install/robdep_project/lib/robdep_project
[8.201s] Installing depth_extraction script to /home/ubuntu/ros2_ws/install/robdep_project/lib/robdep_project
[8.202s] Installing detections script to /home/ubuntu/ros2_ws/install/robdep_project/lib/robdep_project
[8.203s] writing list of installed files to '/home/ubuntu/ros2_ws/build/robdep_project/install.log'
[8.357s] Invoked command in '/home/ubuntu/ros2_ws/src/robdep_project' returned '0': PYTHONPATH=/home/ubuntu/ros2_ws/build/robdep_project/prefix_override:/home/ubuntu/ros2_ws/install/robdep_project/lib/python3.8/site-packages:${PYTHONPATH} /usr/bin/python3 setup.py egg_info --egg-base ../../build/robdep_project build --build-base /home/ubuntu/ros2_ws/build/robdep_project/build install --record /home/ubuntu/ros2_ws/build/robdep_project/install.log --single-version-externally-managed
