[3.251s] Invoking command in '/home/ubuntu/ros2_ws/src/robdep': CMAKE_PREFIX_PATH=/home/ubuntu/ros2_ws/install/robdep_interfaces:/home/ubuntu/ros2_ws/install/robdep_project_interfaces PYTHONPATH=/home/ubuntu/ros2_ws/build/robdep/prefix_override:/home/ubuntu/ros2_ws/install/robdep/lib/python3.8/site-packages:/home/ubuntu/ros2_ws/install/robdep_interfaces/lib/python3.8/site-packages:/home/ubuntu/ros2_ws/install/robdep_project/lib/python3.8/site-packages:/home/ubuntu/ros2_ws/install/robdep/lib/python3.8/site-packages:/opt/ros/galactic/lib/python3.8/site-packages /usr/bin/python3 setup.py egg_info --egg-base ../../build/robdep build --build-base /home/ubuntu/ros2_ws/build/robdep/build install --record /home/ubuntu/ros2_ws/build/robdep/install.log --single-version-externally-managed
[4.256s] running egg_info
[4.259s] writing ../../build/robdep/robdep.egg-info/PKG-INFO
[4.261s] writing dependency_links to ../../build/robdep/robdep.egg-info/dependency_links.txt
[4.262s] writing entry points to ../../build/robdep/robdep.egg-info/entry_points.txt
[4.262s] writing requirements to ../../build/robdep/robdep.egg-info/requires.txt
[4.263s] writing top-level names to ../../build/robdep/robdep.egg-info/top_level.txt
[4.399s] reading manifest file '../../build/robdep/robdep.egg-info/SOURCES.txt'
[4.403s] writing manifest file '../../build/robdep/robdep.egg-info/SOURCES.txt'
[4.404s] running build
[4.404s] running build_py
[4.406s] running install
[4.409s] running install_lib
[4.417s] running install_data
[4.419s] running install_egg_info
[4.426s] removing '/home/ubuntu/ros2_ws/install/robdep/lib/python3.8/site-packages/robdep-0.0.0-py3.8.egg-info' (and everything under it)
[4.428s] Copying ../../build/robdep/robdep.egg-info to /home/ubuntu/ros2_ws/install/robdep/lib/python3.8/site-packages/robdep-0.0.0-py3.8.egg-info
[4.433s] running install_scripts
[4.501s] Installing blob_detector script to /home/ubuntu/ros2_ws/install/robdep/lib/robdep
[4.502s] Installing blob_printer script to /home/ubuntu/ros2_ws/install/robdep/lib/robdep
[4.502s] Installing blob_runner script to /home/ubuntu/ros2_ws/install/robdep/lib/robdep
[4.503s] Installing bot_run script to /home/ubuntu/ros2_ws/install/robdep/lib/robdep
[4.504s] Installing get_images script to /home/ubuntu/ros2_ws/install/robdep/lib/robdep
[4.505s] Installing mask_publisher script to /home/ubuntu/ros2_ws/install/robdep/lib/robdep
[4.507s] writing list of installed files to '/home/ubuntu/ros2_ws/build/robdep/install.log'
[4.618s] Invoked command in '/home/ubuntu/ros2_ws/src/robdep' returned '0': CMAKE_PREFIX_PATH=/home/ubuntu/ros2_ws/install/robdep_interfaces:/home/ubuntu/ros2_ws/install/robdep_project_interfaces PYTHONPATH=/home/ubuntu/ros2_ws/build/robdep/prefix_override:/home/ubuntu/ros2_ws/install/robdep/lib/python3.8/site-packages:/home/ubuntu/ros2_ws/install/robdep_interfaces/lib/python3.8/site-packages:/home/ubuntu/ros2_ws/install/robdep_project/lib/python3.8/site-packages:/home/ubuntu/ros2_ws/install/robdep/lib/python3.8/site-packages:/opt/ros/galactic/lib/python3.8/site-packages /usr/bin/python3 setup.py egg_info --egg-base ../../build/robdep build --build-base /home/ubuntu/ros2_ws/build/robdep/build install --record /home/ubuntu/ros2_ws/build/robdep/install.log --single-version-externally-managed
