[5.539s] Invoking command in '/home/ubuntu/ros2_ws/src/robdep_project': PYTHONPATH=/home/ubuntu/ros2_ws/build/robdep_project/prefix_override:/home/ubuntu/ros2_ws/install/robdep_project/lib/python3.8/site-packages:${PYTHONPATH} /usr/bin/python3 setup.py egg_info --egg-base ../../build/robdep_project build --build-base /home/ubuntu/ros2_ws/build/robdep_project/build install --record /home/ubuntu/ros2_ws/build/robdep_project/install.log --single-version-externally-managed
[7.008s] running egg_info
[7.013s] writing ../../build/robdep_project/robdep_project.egg-info/PKG-INFO
[7.014s] writing dependency_links to ../../build/robdep_project/robdep_project.egg-info/dependency_links.txt
[7.016s] writing entry points to ../../build/robdep_project/robdep_project.egg-info/entry_points.txt
[7.017s] writing requirements to ../../build/robdep_project/robdep_project.egg-info/requires.txt
[7.018s] writing top-level names to ../../build/robdep_project/robdep_project.egg-info/top_level.txt
[7.205s] reading manifest file '../../build/robdep_project/robdep_project.egg-info/SOURCES.txt'
[7.210s] writing manifest file '../../build/robdep_project/robdep_project.egg-info/SOURCES.txt'
[7.211s] running build
[7.211s] running build_py
[7.216s] copying robdep_project/custom_object_detection_node.py -> /home/ubuntu/ros2_ws/build/robdep_project/build/lib/robdep_project
[7.221s] running install
[7.229s] running install_lib
[7.231s] copying /home/ubuntu/ros2_ws/build/robdep_project/build/lib/robdep_project/custom_object_detection_node.py -> /home/ubuntu/ros2_ws/install/robdep_project/lib/python3.8/site-packages/robdep_project
[7.234s] byte-compiling /home/ubuntu/ros2_ws/install/robdep_project/lib/python3.8/site-packages/robdep_project/custom_object_detection_node.py to custom_object_detection_node.cpython-38.pyc
[7.238s] Sorry: TabError: inconsistent use of tabs and spaces in indentation (custom_object_detection_node.py, line 25)
[7.239s] running install_data
[7.241s] running install_egg_info
[7.249s] removing '/home/ubuntu/ros2_ws/install/robdep_project/lib/python3.8/site-packages/robdep_project-0.0.0-py3.8.egg-info' (and everything under it)
[7.253s] Copying ../../build/robdep_project/robdep_project.egg-info to /home/ubuntu/ros2_ws/install/robdep_project/lib/python3.8/site-packages/robdep_project-0.0.0-py3.8.egg-info
[7.261s] running install_scripts
[7.346s] Installing custom_object_detection_node script to /home/ubuntu/ros2_ws/install/robdep_project/lib/robdep_project
[7.347s] Installing detections script to /home/ubuntu/ros2_ws/install/robdep_project/lib/robdep_project
[7.353s] writing list of installed files to '/home/ubuntu/ros2_ws/build/robdep_project/install.log'
[7.501s] Invoked command in '/home/ubuntu/ros2_ws/src/robdep_project' returned '0': PYTHONPATH=/home/ubuntu/ros2_ws/build/robdep_project/prefix_override:/home/ubuntu/ros2_ws/install/robdep_project/lib/python3.8/site-packages:${PYTHONPATH} /usr/bin/python3 setup.py egg_info --egg-base ../../build/robdep_project build --build-base /home/ubuntu/ros2_ws/build/robdep_project/build install --record /home/ubuntu/ros2_ws/build/robdep_project/install.log --single-version-externally-managed
