[2.092s] Invoking command in '/home/ubuntu/ros2_ws/build/robdep_project_interfaces': CMAKE_PREFIX_PATH=/opt/ros/galactic /usr/bin/cmake --build /home/ubuntu/ros2_ws/build/robdep_project_interfaces -- -j4 -l4
[2.304s] Invoked command in '/home/ubuntu/ros2_ws/build/robdep_project_interfaces' returned '0': CMAKE_PREFIX_PATH=/opt/ros/galactic /usr/bin/cmake --build /home/ubuntu/ros2_ws/build/robdep_project_interfaces -- -j4 -l4
[2.551s] Invoking command in '/home/ubuntu/ros2_ws/build/robdep_project_interfaces': CMAKE_PREFIX_PATH=/opt/ros/galactic /usr/bin/cmake --install /home/ubuntu/ros2_ws/build/robdep_project_interfaces
[2.594s] -- Install configuration: ""
[2.596s] -- Up-to-date: /home/ubuntu/ros2_ws/install/robdep_project_interfaces/share/ament_index/resource_index/package_run_dependencies/robdep_project_interfaces
[2.596s] -- Up-to-date: /home/ubuntu/ros2_ws/install/robdep_project_interfaces/share/ament_index/resource_index/parent_prefix_path/robdep_project_interfaces
[2.607s] -- Up-to-date: /home/ubuntu/ros2_ws/install/robdep_project_interfaces/share/robdep_project_interfaces/environment/ament_prefix_path.sh
[2.608s] -- Up-to-date: /home/ubuntu/ros2_ws/install/robdep_project_interfaces/share/robdep_project_interfaces/environment/ament_prefix_path.dsv
[2.609s] -- Up-to-date: /home/ubuntu/ros2_ws/install/robdep_project_interfaces/share/robdep_project_interfaces/environment/path.sh
[2.610s] -- Up-to-date: /home/ubuntu/ros2_ws/install/robdep_project_interfaces/share/robdep_project_interfaces/environment/path.dsv
[2.611s] -- Up-to-date: /home/ubuntu/ros2_ws/install/robdep_project_interfaces/share/robdep_project_interfaces/local_setup.bash
[2.612s] -- Up-to-date: /home/ubuntu/ros2_ws/install/robdep_project_interfaces/share/robdep_project_interfaces/local_setup.sh
[2.614s] -- Up-to-date: /home/ubuntu/ros2_ws/install/robdep_project_interfaces/share/robdep_project_interfaces/local_setup.zsh
[2.616s] -- Up-to-date: /home/ubuntu/ros2_ws/install/robdep_project_interfaces/share/robdep_project_interfaces/local_setup.dsv
[2.620s] -- Installing: /home/ubuntu/ros2_ws/install/robdep_project_interfaces/share/robdep_project_interfaces/package.dsv
[2.623s] -- Up-to-date: /home/ubuntu/ros2_ws/install/robdep_project_interfaces/share/ament_index/resource_index/packages/robdep_project_interfaces
[2.626s] -- Up-to-date: /home/ubuntu/ros2_ws/install/robdep_project_interfaces/share/robdep_project_interfaces/cmake/robdep_project_interfacesConfig.cmake
[2.627s] -- Up-to-date: /home/ubuntu/ros2_ws/install/robdep_project_interfaces/share/robdep_project_interfaces/cmake/robdep_project_interfacesConfig-version.cmake
[2.627s] -- Up-to-date: /home/ubuntu/ros2_ws/install/robdep_project_interfaces/share/robdep_project_interfaces/package.xml
[2.628s] Invoked command in '/home/ubuntu/ros2_ws/build/robdep_project_interfaces' returned '0': CMAKE_PREFIX_PATH=/opt/ros/galactic /usr/bin/cmake --install /home/ubuntu/ros2_ws/build/robdep_project_interfaces
