[6.794s] Invoking command in '/home/ubuntu/ros2_ws/src/robdep_project': PYTHONPATH=/home/ubuntu/ros2_ws/build/robdep_project/prefix_override:/home/ubuntu/ros2_ws/install/robdep_project/lib/python3.8/site-packages:${PYTHONPATH} /usr/bin/python3 setup.py egg_info --egg-base ../../build/robdep_project build --build-base /home/ubuntu/ros2_ws/build/robdep_project/build install --record /home/ubuntu/ros2_ws/build/robdep_project/install.log --single-version-externally-managed
[8.690s] running egg_info
[8.693s] writing ../../build/robdep_project/robdep_project.egg-info/PKG-INFO
[8.696s] writing dependency_links to ../../build/robdep_project/robdep_project.egg-info/dependency_links.txt
[8.697s] writing entry points to ../../build/robdep_project/robdep_project.egg-info/entry_points.txt
[8.698s] writing requirements to ../../build/robdep_project/robdep_project.egg-info/requires.txt
[8.700s] writing top-level names to ../../build/robdep_project/robdep_project.egg-info/top_level.txt
[8.984s] reading manifest file '../../build/robdep_project/robdep_project.egg-info/SOURCES.txt'
[8.989s] writing manifest file '../../build/robdep_project/robdep_project.egg-info/SOURCES.txt'
[8.993s] running build
[8.994s] running build_py
[9.006s] running install
[9.010s] running install_lib
[9.024s] running install_data
[9.035s] running install_egg_info
[9.043s] removing '/home/ubuntu/ros2_ws/install/robdep_project/lib/python3.8/site-packages/robdep_project-0.0.0-py3.8.egg-info' (and everything under it)
[9.045s] Copying ../../build/robdep_project/robdep_project.egg-info to /home/ubuntu/ros2_ws/install/robdep_project/lib/python3.8/site-packages/robdep_project-0.0.0-py3.8.egg-info
[9.054s] running install_scripts
[9.179s] Installing controller script to /home/ubuntu/ros2_ws/install/robdep_project/lib/robdep_project
[9.181s] Installing custom_object_detection_node script to /home/ubuntu/ros2_ws/install/robdep_project/lib/robdep_project
[9.182s] Installing depth_extraction script to /home/ubuntu/ros2_ws/install/robdep_project/lib/robdep_project
[9.183s] Installing detections script to /home/ubuntu/ros2_ws/install/robdep_project/lib/robdep_project
[9.186s] writing list of installed files to '/home/ubuntu/ros2_ws/build/robdep_project/install.log'
[9.403s] Invoked command in '/home/ubuntu/ros2_ws/src/robdep_project' returned '0': PYTHONPATH=/home/ubuntu/ros2_ws/build/robdep_project/prefix_override:/home/ubuntu/ros2_ws/install/robdep_project/lib/python3.8/site-packages:${PYTHONPATH} /usr/bin/python3 setup.py egg_info --egg-base ../../build/robdep_project build --build-base /home/ubuntu/ros2_ws/build/robdep_project/build install --record /home/ubuntu/ros2_ws/build/robdep_project/install.log --single-version-externally-managed
