[7.102s] Invoking command in '/home/ubuntu/ros2_ws/src/robdep_project': PYTHONPATH=/home/ubuntu/ros2_ws/build/robdep_project/prefix_override:/home/ubuntu/ros2_ws/install/robdep_project/lib/python3.8/site-packages:${PYTHONPATH} /usr/bin/python3 setup.py egg_info --egg-base ../../build/robdep_project build --build-base /home/ubuntu/ros2_ws/build/robdep_project/build install --record /home/ubuntu/ros2_ws/build/robdep_project/install.log --single-version-externally-managed
[9.639s] running egg_info
[9.640s] writing ../../build/robdep_project/robdep_project.egg-info/PKG-INFO
[9.641s] writing dependency_links to ../../build/robdep_project/robdep_project.egg-info/dependency_links.txt
[9.642s] writing entry points to ../../build/robdep_project/robdep_project.egg-info/entry_points.txt
[9.643s] writing requirements to ../../build/robdep_project/robdep_project.egg-info/requires.txt
[9.644s] writing top-level names to ../../build/robdep_project/robdep_project.egg-info/top_level.txt
[9.877s] reading manifest file '../../build/robdep_project/robdep_project.egg-info/SOURCES.txt'
[9.879s] writing manifest file '../../build/robdep_project/robdep_project.egg-info/SOURCES.txt'
[9.880s] running build
[9.881s] running build_py
[9.884s] copying robdep_project/depth_extraction.py -> /home/ubuntu/ros2_ws/build/robdep_project/build/lib/robdep_project
[9.886s] running install
[9.890s] running install_lib
[9.911s] copying /home/ubuntu/ros2_ws/build/robdep_project/build/lib/robdep_project/depth_extraction.py -> /home/ubuntu/ros2_ws/install/robdep_project/lib/python3.8/site-packages/robdep_project
[9.912s] byte-compiling /home/ubuntu/ros2_ws/install/robdep_project/lib/python3.8/site-packages/robdep_project/depth_extraction.py to depth_extraction.cpython-38.pyc
[9.915s] running install_data
[9.919s] running install_egg_info
[9.937s] removing '/home/ubuntu/ros2_ws/install/robdep_project/lib/python3.8/site-packages/robdep_project-0.0.0-py3.8.egg-info' (and everything under it)
[9.947s] Copying ../../build/robdep_project/robdep_project.egg-info to /home/ubuntu/ros2_ws/install/robdep_project/lib/python3.8/site-packages/robdep_project-0.0.0-py3.8.egg-info
[9.954s] running install_scripts
[10.093s] Installing controller script to /home/ubuntu/ros2_ws/install/robdep_project/lib/robdep_project
[10.095s] Installing custom_object_detection_node script to /home/ubuntu/ros2_ws/install/robdep_project/lib/robdep_project
[10.096s] Installing depth_extraction script to /home/ubuntu/ros2_ws/install/robdep_project/lib/robdep_project
[10.097s] Installing detections script to /home/ubuntu/ros2_ws/install/robdep_project/lib/robdep_project
[10.099s] writing list of installed files to '/home/ubuntu/ros2_ws/build/robdep_project/install.log'
[12.046s] Invoked command in '/home/ubuntu/ros2_ws/src/robdep_project' returned '0': PYTHONPATH=/home/ubuntu/ros2_ws/build/robdep_project/prefix_override:/home/ubuntu/ros2_ws/install/robdep_project/lib/python3.8/site-packages:${PYTHONPATH} /usr/bin/python3 setup.py egg_info --egg-base ../../build/robdep_project build --build-base /home/ubuntu/ros2_ws/build/robdep_project/build install --record /home/ubuntu/ros2_ws/build/robdep_project/install.log --single-version-externally-managed
