[2.207s] Invoking command in '/home/ubuntu/ros2_ws/build/robdep_project_interfaces': CMAKE_PREFIX_PATH=${CMAKE_PREFIX_PATH}:/home/ubuntu/ros2_ws/install/robdep_project:/home/ubuntu/ros2_ws/install/robdep:/opt/ros/galactic /usr/bin/cmake --build /home/ubuntu/ros2_ws/build/robdep_project_interfaces -- -j4 -l4
[2.438s] Invoked command in '/home/ubuntu/ros2_ws/build/robdep_project_interfaces' returned '0': CMAKE_PREFIX_PATH=${CMAKE_PREFIX_PATH}:/home/ubuntu/ros2_ws/install/robdep_project:/home/ubuntu/ros2_ws/install/robdep:/opt/ros/galactic /usr/bin/cmake --build /home/ubuntu/ros2_ws/build/robdep_project_interfaces -- -j4 -l4
[2.666s] Invoking command in '/home/ubuntu/ros2_ws/build/robdep_project_interfaces': CMAKE_PREFIX_PATH=${CMAKE_PREFIX_PATH}:/home/ubuntu/ros2_ws/install/robdep_project:/home/ubuntu/ros2_ws/install/robdep:/opt/ros/galactic /usr/bin/cmake --install /home/ubuntu/ros2_ws/build/robdep_project_interfaces
[2.719s] -- Install configuration: ""
[2.722s] -- Up-to-date: /home/ubuntu/ros2_ws/install/robdep_project_interfaces/share/ament_index/resource_index/package_run_dependencies/robdep_project_interfaces
[2.724s] -- Up-to-date: /home/ubuntu/ros2_ws/install/robdep_project_interfaces/share/ament_index/resource_index/parent_prefix_path/robdep_project_interfaces
[2.726s] -- Up-to-date: /home/ubuntu/ros2_ws/install/robdep_project_interfaces/share/robdep_project_interfaces/environment/ament_prefix_path.sh
[2.729s] -- Up-to-date: /home/ubuntu/ros2_ws/install/robdep_project_interfaces/share/robdep_project_interfaces/environment/ament_prefix_path.dsv
[2.730s] -- Up-to-date: /home/ubuntu/ros2_ws/install/robdep_project_interfaces/share/robdep_project_interfaces/environment/path.sh
[2.731s] -- Up-to-date: /home/ubuntu/ros2_ws/install/robdep_project_interfaces/share/robdep_project_interfaces/environment/path.dsv
[2.732s] -- Up-to-date: /home/ubuntu/ros2_ws/install/robdep_project_interfaces/share/robdep_project_interfaces/local_setup.bash
[2.733s] -- Up-to-date: /home/ubuntu/ros2_ws/install/robdep_project_interfaces/share/robdep_project_interfaces/local_setup.sh
[2.734s] -- Up-to-date: /home/ubuntu/ros2_ws/install/robdep_project_interfaces/share/robdep_project_interfaces/local_setup.zsh
[2.734s] -- Up-to-date: /home/ubuntu/ros2_ws/install/robdep_project_interfaces/share/robdep_project_interfaces/local_setup.dsv
[2.735s] -- Installing: /home/ubuntu/ros2_ws/install/robdep_project_interfaces/share/robdep_project_interfaces/package.dsv
[2.736s] -- Up-to-date: /home/ubuntu/ros2_ws/install/robdep_project_interfaces/share/ament_index/resource_index/packages/robdep_project_interfaces
[2.755s] -- Up-to-date: /home/ubuntu/ros2_ws/install/robdep_project_interfaces/share/robdep_project_interfaces/cmake/robdep_project_interfacesConfig.cmake
[2.763s] -- Up-to-date: /home/ubuntu/ros2_ws/install/robdep_project_interfaces/share/robdep_project_interfaces/cmake/robdep_project_interfacesConfig-version.cmake
[2.783s] -- Up-to-date: /home/ubuntu/ros2_ws/install/robdep_project_interfaces/share/robdep_project_interfaces/package.xml
[2.784s] Invoked command in '/home/ubuntu/ros2_ws/build/robdep_project_interfaces' returned '0': CMAKE_PREFIX_PATH=${CMAKE_PREFIX_PATH}:/home/ubuntu/ros2_ws/install/robdep_project:/home/ubuntu/ros2_ws/install/robdep:/opt/ros/galactic /usr/bin/cmake --install /home/ubuntu/ros2_ws/build/robdep_project_interfaces
