[2.235s] Invoking command in '/home/ubuntu/ros2_ws/build/robdep_project_interfaces': CMAKE_PREFIX_PATH=${CMAKE_PREFIX_PATH}:/home/ubuntu/ros2_ws/install/robdep_project:/home/ubuntu/ros2_ws/install/robdep:/opt/ros/galactic /usr/bin/cmake --build /home/ubuntu/ros2_ws/build/robdep_project_interfaces -- -j4 -l4
[2.492s] Invoked command in '/home/ubuntu/ros2_ws/build/robdep_project_interfaces' returned '0': CMAKE_PREFIX_PATH=${CMAKE_PREFIX_PATH}:/home/ubuntu/ros2_ws/install/robdep_project:/home/ubuntu/ros2_ws/install/robdep:/opt/ros/galactic /usr/bin/cmake --build /home/ubuntu/ros2_ws/build/robdep_project_interfaces -- -j4 -l4
[2.728s] Invoking command in '/home/ubuntu/ros2_ws/build/robdep_project_interfaces': CMAKE_PREFIX_PATH=${CMAKE_PREFIX_PATH}:/home/ubuntu/ros2_ws/install/robdep_project:/home/ubuntu/ros2_ws/install/robdep:/opt/ros/galactic /usr/bin/cmake --install /home/ubuntu/ros2_ws/build/robdep_project_interfaces
[2.799s] -- Install configuration: ""
[2.800s] -- Up-to-date: /home/ubuntu/ros2_ws/install/robdep_project_interfaces/share/ament_index/resource_index/package_run_dependencies/robdep_project_interfaces
[2.801s] -- Up-to-date: /home/ubuntu/ros2_ws/install/robdep_project_interfaces/share/ament_index/resource_index/parent_prefix_path/robdep_project_interfaces
[2.802s] -- Up-to-date: /home/ubuntu/ros2_ws/install/robdep_project_interfaces/share/robdep_project_interfaces/environment/ament_prefix_path.sh
[2.802s] -- Up-to-date: /home/ubuntu/ros2_ws/install/robdep_project_interfaces/share/robdep_project_interfaces/environment/ament_prefix_path.dsv
[2.803s] -- Up-to-date: /home/ubuntu/ros2_ws/install/robdep_project_interfaces/share/robdep_project_interfaces/environment/path.sh
[2.806s] -- Up-to-date: /home/ubuntu/ros2_ws/install/robdep_project_interfaces/share/robdep_project_interfaces/environment/path.dsv
[2.807s] -- Up-to-date: /home/ubuntu/ros2_ws/install/robdep_project_interfaces/share/robdep_project_interfaces/local_setup.bash
[2.807s] -- Up-to-date: /home/ubuntu/ros2_ws/install/robdep_project_interfaces/share/robdep_project_interfaces/local_setup.sh
[2.809s] -- Up-to-date: /home/ubuntu/ros2_ws/install/robdep_project_interfaces/share/robdep_project_interfaces/local_setup.zsh
[2.811s] -- Up-to-date: /home/ubuntu/ros2_ws/install/robdep_project_interfaces/share/robdep_project_interfaces/local_setup.dsv
[2.818s] -- Installing: /home/ubuntu/ros2_ws/install/robdep_project_interfaces/share/robdep_project_interfaces/package.dsv
[2.823s] -- Up-to-date: /home/ubuntu/ros2_ws/install/robdep_project_interfaces/share/ament_index/resource_index/packages/robdep_project_interfaces
[2.824s] -- Up-to-date: /home/ubuntu/ros2_ws/install/robdep_project_interfaces/share/robdep_project_interfaces/cmake/robdep_project_interfacesConfig.cmake
[2.825s] -- Up-to-date: /home/ubuntu/ros2_ws/install/robdep_project_interfaces/share/robdep_project_interfaces/cmake/robdep_project_interfacesConfig-version.cmake
[2.826s] -- Up-to-date: /home/ubuntu/ros2_ws/install/robdep_project_interfaces/share/robdep_project_interfaces/package.xml
[2.834s] Invoked command in '/home/ubuntu/ros2_ws/build/robdep_project_interfaces' returned '0': CMAKE_PREFIX_PATH=${CMAKE_PREFIX_PATH}:/home/ubuntu/ros2_ws/install/robdep_project:/home/ubuntu/ros2_ws/install/robdep:/opt/ros/galactic /usr/bin/cmake --install /home/ubuntu/ros2_ws/build/robdep_project_interfaces
