[6.597s] Invoking command in '/home/ubuntu/ros2_ws/src/robdep_project': PYTHONPATH=/home/ubuntu/ros2_ws/build/robdep_project/prefix_override:/home/ubuntu/ros2_ws/install/robdep_project/lib/python3.8/site-packages:${PYTHONPATH} /usr/bin/python3 setup.py egg_info --egg-base ../../build/robdep_project build --build-base /home/ubuntu/ros2_ws/build/robdep_project/build install --record /home/ubuntu/ros2_ws/build/robdep_project/install.log --single-version-externally-managed
[8.304s] running egg_info
[8.306s] writing ../../build/robdep_project/robdep_project.egg-info/PKG-INFO
[8.309s] writing dependency_links to ../../build/robdep_project/robdep_project.egg-info/dependency_links.txt
[8.310s] writing entry points to ../../build/robdep_project/robdep_project.egg-info/entry_points.txt
[8.311s] writing requirements to ../../build/robdep_project/robdep_project.egg-info/requires.txt
[8.312s] writing top-level names to ../../build/robdep_project/robdep_project.egg-info/top_level.txt
[8.479s] reading manifest file '../../build/robdep_project/robdep_project.egg-info/SOURCES.txt'
[8.483s] writing manifest file '../../build/robdep_project/robdep_project.egg-info/SOURCES.txt'
[8.484s] running build
[8.485s] running build_py
[8.487s] running install
[8.490s] running install_lib
[8.498s] running install_data
[8.501s] running install_egg_info
[8.512s] removing '/home/ubuntu/ros2_ws/install/robdep_project/lib/python3.8/site-packages/robdep_project-0.0.0-py3.8.egg-info' (and everything under it)
[8.514s] Copying ../../build/robdep_project/robdep_project.egg-info to /home/ubuntu/ros2_ws/install/robdep_project/lib/python3.8/site-packages/robdep_project-0.0.0-py3.8.egg-info
[8.521s] running install_scripts
[8.613s] Installing controller script to /home/ubuntu/ros2_ws/install/robdep_project/lib/robdep_project
[8.616s] Installing custom_object_detection_node script to /home/ubuntu/ros2_ws/install/robdep_project/lib/robdep_project
[8.617s] Installing depth_extraction script to /home/ubuntu/ros2_ws/install/robdep_project/lib/robdep_project
[8.619s] Installing detections script to /home/ubuntu/ros2_ws/install/robdep_project/lib/robdep_project
[8.620s] writing list of installed files to '/home/ubuntu/ros2_ws/build/robdep_project/install.log'
[8.781s] Invoked command in '/home/ubuntu/ros2_ws/src/robdep_project' returned '0': PYTHONPATH=/home/ubuntu/ros2_ws/build/robdep_project/prefix_override:/home/ubuntu/ros2_ws/install/robdep_project/lib/python3.8/site-packages:${PYTHONPATH} /usr/bin/python3 setup.py egg_info --egg-base ../../build/robdep_project build --build-base /home/ubuntu/ros2_ws/build/robdep_project/build install --record /home/ubuntu/ros2_ws/build/robdep_project/install.log --single-version-externally-managed
