[4.530s] Invoking command in '/home/ubuntu/ros2_ws/src/robdep_project': PYTHONPATH=/home/ubuntu/ros2_ws/build/robdep_project/prefix_override:/home/ubuntu/ros2_ws/install/robdep_project/lib/python3.8/site-packages:${PYTHONPATH} /usr/bin/python3 setup.py egg_info --egg-base ../../build/robdep_project build --build-base /home/ubuntu/ros2_ws/build/robdep_project/build install --record /home/ubuntu/ros2_ws/build/robdep_project/install.log --single-version-externally-managed
[5.804s] running egg_info
[5.807s] writing ../../build/robdep_project/robdep_project.egg-info/PKG-INFO
[5.808s] writing dependency_links to ../../build/robdep_project/robdep_project.egg-info/dependency_links.txt
[5.809s] writing entry points to ../../build/robdep_project/robdep_project.egg-info/entry_points.txt
[5.811s] writing requirements to ../../build/robdep_project/robdep_project.egg-info/requires.txt
[5.812s] writing top-level names to ../../build/robdep_project/robdep_project.egg-info/top_level.txt
[5.953s] reading manifest file '../../build/robdep_project/robdep_project.egg-info/SOURCES.txt'
[5.957s] writing manifest file '../../build/robdep_project/robdep_project.egg-info/SOURCES.txt'
[5.958s] running build
[5.958s] running build_py
[5.959s] copying robdep_project/custom_object_detection_node.py -> /home/ubuntu/ros2_ws/build/robdep_project/build/lib/robdep_project
[5.961s] running install
[5.964s] running install_lib
[5.968s] copying /home/ubuntu/ros2_ws/build/robdep_project/build/lib/robdep_project/custom_object_detection_node.py -> /home/ubuntu/ros2_ws/install/robdep_project/lib/python3.8/site-packages/robdep_project
[5.972s] byte-compiling /home/ubuntu/ros2_ws/install/robdep_project/lib/python3.8/site-packages/robdep_project/custom_object_detection_node.py to custom_object_detection_node.cpython-38.pyc
[5.977s] running install_data
[5.980s] running install_egg_info
[5.987s] removing '/home/ubuntu/ros2_ws/install/robdep_project/lib/python3.8/site-packages/robdep_project-0.0.0-py3.8.egg-info' (and everything under it)
[5.988s] Copying ../../build/robdep_project/robdep_project.egg-info to /home/ubuntu/ros2_ws/install/robdep_project/lib/python3.8/site-packages/robdep_project-0.0.0-py3.8.egg-info
[5.994s] running install_scripts
[6.065s] Installing custom_object_detection_node script to /home/ubuntu/ros2_ws/install/robdep_project/lib/robdep_project
[6.066s] Installing depth_extraction_node script to /home/ubuntu/ros2_ws/install/robdep_project/lib/robdep_project
[6.067s] Installing detections script to /home/ubuntu/ros2_ws/install/robdep_project/lib/robdep_project
[6.069s] writing list of installed files to '/home/ubuntu/ros2_ws/build/robdep_project/install.log'
[6.191s] Invoked command in '/home/ubuntu/ros2_ws/src/robdep_project' returned '0': PYTHONPATH=/home/ubuntu/ros2_ws/build/robdep_project/prefix_override:/home/ubuntu/ros2_ws/install/robdep_project/lib/python3.8/site-packages:${PYTHONPATH} /usr/bin/python3 setup.py egg_info --egg-base ../../build/robdep_project build --build-base /home/ubuntu/ros2_ws/build/robdep_project/build install --record /home/ubuntu/ros2_ws/build/robdep_project/install.log --single-version-externally-managed
