[5.356s] Invoking command in '/home/ubuntu/ros2_ws/src/robdep_project': PYTHONPATH=/home/ubuntu/ros2_ws/build/robdep_project/prefix_override:/home/ubuntu/ros2_ws/install/robdep_project/lib/python3.8/site-packages:${PYTHONPATH} /usr/bin/python3 setup.py egg_info --egg-base ../../build/robdep_project build --build-base /home/ubuntu/ros2_ws/build/robdep_project/build install --record /home/ubuntu/ros2_ws/build/robdep_project/install.log --single-version-externally-managed
[6.855s] running egg_info
[6.858s] writing ../../build/robdep_project/robdep_project.egg-info/PKG-INFO
[6.859s] writing dependency_links to ../../build/robdep_project/robdep_project.egg-info/dependency_links.txt
[6.860s] writing entry points to ../../build/robdep_project/robdep_project.egg-info/entry_points.txt
[6.861s] writing requirements to ../../build/robdep_project/robdep_project.egg-info/requires.txt
[6.862s] writing top-level names to ../../build/robdep_project/robdep_project.egg-info/top_level.txt
[7.018s] reading manifest file '../../build/robdep_project/robdep_project.egg-info/SOURCES.txt'
[7.024s] writing manifest file '../../build/robdep_project/robdep_project.egg-info/SOURCES.txt'
[7.025s] running build
[7.027s] running build_py
[7.030s] copying robdep_project/controller.py -> /home/ubuntu/ros2_ws/build/robdep_project/build/lib/robdep_project
[7.030s] running install
[7.033s] running install_lib
[7.036s] copying /home/ubuntu/ros2_ws/build/robdep_project/build/lib/robdep_project/controller.py -> /home/ubuntu/ros2_ws/install/robdep_project/lib/python3.8/site-packages/robdep_project
[7.040s] byte-compiling /home/ubuntu/ros2_ws/install/robdep_project/lib/python3.8/site-packages/robdep_project/controller.py to controller.cpython-38.pyc
[7.044s] running install_data
[7.047s] running install_egg_info
[7.054s] removing '/home/ubuntu/ros2_ws/install/robdep_project/lib/python3.8/site-packages/robdep_project-0.0.0-py3.8.egg-info' (and everything under it)
[7.056s] Copying ../../build/robdep_project/robdep_project.egg-info to /home/ubuntu/ros2_ws/install/robdep_project/lib/python3.8/site-packages/robdep_project-0.0.0-py3.8.egg-info
[7.071s] running install_scripts
[7.151s] Installing controller script to /home/ubuntu/ros2_ws/install/robdep_project/lib/robdep_project
[7.152s] Installing custom_object_detection_node script to /home/ubuntu/ros2_ws/install/robdep_project/lib/robdep_project
[7.154s] Installing depth_extraction script to /home/ubuntu/ros2_ws/install/robdep_project/lib/robdep_project
[7.155s] Installing detections script to /home/ubuntu/ros2_ws/install/robdep_project/lib/robdep_project
[7.157s] writing list of installed files to '/home/ubuntu/ros2_ws/build/robdep_project/install.log'
[7.305s] Invoked command in '/home/ubuntu/ros2_ws/src/robdep_project' returned '0': PYTHONPATH=/home/ubuntu/ros2_ws/build/robdep_project/prefix_override:/home/ubuntu/ros2_ws/install/robdep_project/lib/python3.8/site-packages:${PYTHONPATH} /usr/bin/python3 setup.py egg_info --egg-base ../../build/robdep_project build --build-base /home/ubuntu/ros2_ws/build/robdep_project/build install --record /home/ubuntu/ros2_ws/build/robdep_project/install.log --single-version-externally-managed
