[6.022s] Invoking command in '/home/ubuntu/ros2_ws/src/robdep_project': PYTHONPATH=/home/ubuntu/ros2_ws/build/robdep_project/prefix_override:/home/ubuntu/ros2_ws/install/robdep_project/lib/python3.8/site-packages:${PYTHONPATH} /usr/bin/python3 setup.py egg_info --egg-base ../../build/robdep_project build --build-base /home/ubuntu/ros2_ws/build/robdep_project/build install --record /home/ubuntu/ros2_ws/build/robdep_project/install.log --single-version-externally-managed
[7.856s] running egg_info
[7.859s] writing ../../build/robdep_project/robdep_project.egg-info/PKG-INFO
[7.862s] writing dependency_links to ../../build/robdep_project/robdep_project.egg-info/dependency_links.txt
[7.863s] writing entry points to ../../build/robdep_project/robdep_project.egg-info/entry_points.txt
[7.865s] writing requirements to ../../build/robdep_project/robdep_project.egg-info/requires.txt
[7.868s] writing top-level names to ../../build/robdep_project/robdep_project.egg-info/top_level.txt
[8.044s] reading manifest file '../../build/robdep_project/robdep_project.egg-info/SOURCES.txt'
[8.052s] writing manifest file '../../build/robdep_project/robdep_project.egg-info/SOURCES.txt'
[8.054s] running build
[8.055s] running build_py
[8.056s] copying robdep_project/depth_extraction.py -> /home/ubuntu/ros2_ws/build/robdep_project/build/lib/robdep_project
[8.057s] running install
[8.059s] running install_lib
[8.064s] copying /home/ubuntu/ros2_ws/build/robdep_project/build/lib/robdep_project/depth_extraction.py -> /home/ubuntu/ros2_ws/install/robdep_project/lib/python3.8/site-packages/robdep_project
[8.068s] byte-compiling /home/ubuntu/ros2_ws/install/robdep_project/lib/python3.8/site-packages/robdep_project/depth_extraction.py to depth_extraction.cpython-38.pyc
[8.074s] running install_data
[8.077s] running install_egg_info
[8.086s] removing '/home/ubuntu/ros2_ws/install/robdep_project/lib/python3.8/site-packages/robdep_project-0.0.0-py3.8.egg-info' (and everything under it)
[8.088s] Copying ../../build/robdep_project/robdep_project.egg-info to /home/ubuntu/ros2_ws/install/robdep_project/lib/python3.8/site-packages/robdep_project-0.0.0-py3.8.egg-info
[8.098s] running install_scripts
[8.189s] Installing controller script to /home/ubuntu/ros2_ws/install/robdep_project/lib/robdep_project
[8.190s] Installing custom_object_detection_node script to /home/ubuntu/ros2_ws/install/robdep_project/lib/robdep_project
[8.191s] Installing depth_extraction script to /home/ubuntu/ros2_ws/install/robdep_project/lib/robdep_project
[8.198s] Installing detections script to /home/ubuntu/ros2_ws/install/robdep_project/lib/robdep_project
[8.202s] writing list of installed files to '/home/ubuntu/ros2_ws/build/robdep_project/install.log'
[8.349s] Invoked command in '/home/ubuntu/ros2_ws/src/robdep_project' returned '0': PYTHONPATH=/home/ubuntu/ros2_ws/build/robdep_project/prefix_override:/home/ubuntu/ros2_ws/install/robdep_project/lib/python3.8/site-packages:${PYTHONPATH} /usr/bin/python3 setup.py egg_info --egg-base ../../build/robdep_project build --build-base /home/ubuntu/ros2_ws/build/robdep_project/build install --record /home/ubuntu/ros2_ws/build/robdep_project/install.log --single-version-externally-managed
