[0.172s] Invoking command in '/home/ubuntu/ros2_ws/build/robdep_interfaces': CMAKE_PREFIX_PATH=${CMAKE_PREFIX_PATH}:/home/ubuntu/ros2_ws/install/robdep_project:/home/ubuntu/ros2_ws/install/robdep:/opt/ros/galactic /usr/bin/cmake --build /home/ubuntu/ros2_ws/build/robdep_interfaces -- -j4 -l4
[1.629s] [  2%] Built target robdep_interfaces__cpp
[1.636s] [ 12%] Built target robdep_interfaces__rosidl_generator_c
[1.637s] [ 23%] Built target robdep_interfaces__rosidl_typesupport_cpp
[1.638s] [ 33%] Built target robdep_interfaces__rosidl_typesupport_introspection_cpp
[1.640s] [ 43%] Built target robdep_interfaces__rosidl_typesupport_fastrtps_cpp
[1.640s] [ 64%] Built target robdep_interfaces__rosidl_typesupport_c
[1.641s] [ 64%] Built target robdep_interfaces__rosidl_typesupport_introspection_c
[1.642s] [ 74%] Built target robdep_interfaces__rosidl_typesupport_fastrtps_c
[1.643s] [ 74%] Built target robdep_interfaces
[1.644s] [ 76%] Built target robdep_interfaces__py
[1.645s] [ 84%] Built target robdep_interfaces__python
[1.652s] [ 89%] Built target robdep_interfaces__rosidl_typesupport_fastrtps_c__pyext
[1.655s] [ 94%] Built target robdep_interfaces__rosidl_typesupport_introspection_c__pyext
[1.656s] [100%] Built target robdep_interfaces__rosidl_typesupport_c__pyext
[1.668s] Invoked command in '/home/ubuntu/ros2_ws/build/robdep_interfaces' returned '0': CMAKE_PREFIX_PATH=${CMAKE_PREFIX_PATH}:/home/ubuntu/ros2_ws/install/robdep_project:/home/ubuntu/ros2_ws/install/robdep:/opt/ros/galactic /usr/bin/cmake --build /home/ubuntu/ros2_ws/build/robdep_interfaces -- -j4 -l4
[2.238s] Invoking command in '/home/ubuntu/ros2_ws/build/robdep_interfaces': CMAKE_PREFIX_PATH=${CMAKE_PREFIX_PATH}:/home/ubuntu/ros2_ws/install/robdep_project:/home/ubuntu/ros2_ws/install/robdep:/opt/ros/galactic /usr/bin/cmake --install /home/ubuntu/ros2_ws/build/robdep_interfaces
[2.306s] -- Install configuration: ""
[2.307s] -- Up-to-date: /home/ubuntu/ros2_ws/install/robdep_interfaces/share/ament_index/resource_index/rosidl_interfaces/robdep_interfaces
[2.309s] -- Up-to-date: /home/ubuntu/ros2_ws/install/robdep_interfaces/include/robdep_interfaces
[2.310s] -- Up-to-date: /home/ubuntu/ros2_ws/install/robdep_interfaces/include/robdep_interfaces/msg
[2.311s] -- Up-to-date: /home/ubuntu/ros2_ws/install/robdep_interfaces/include/robdep_interfaces/msg/blob_data.h
[2.313s] -- Up-to-date: /home/ubuntu/ros2_ws/install/robdep_interfaces/include/robdep_interfaces/msg/detail
[2.313s] -- Up-to-date: /home/ubuntu/ros2_ws/install/robdep_interfaces/include/robdep_interfaces/msg/detail/blob_data__struct.h
[2.313s] -- Up-to-date: /home/ubuntu/ros2_ws/install/robdep_interfaces/include/robdep_interfaces/msg/detail/blob_list__functions.h
[2.314s] -- Up-to-date: /home/ubuntu/ros2_ws/install/robdep_interfaces/include/robdep_interfaces/msg/detail/blob_list__struct.h
[2.314s] -- Up-to-date: /home/ubuntu/ros2_ws/install/robdep_interfaces/include/robdep_interfaces/msg/detail/blob_data__functions.c
[2.314s] -- Up-to-date: /home/ubuntu/ros2_ws/install/robdep_interfaces/include/robdep_interfaces/msg/detail/blob_data__functions.h
[2.316s] -- Up-to-date: /home/ubuntu/ros2_ws/install/robdep_interfaces/include/robdep_interfaces/msg/detail/blob_data__type_support.h
[2.316s] -- Up-to-date: /home/ubuntu/ros2_ws/install/robdep_interfaces/include/robdep_interfaces/msg/detail/blob_list__functions.c
[2.317s] -- Up-to-date: /home/ubuntu/ros2_ws/install/robdep_interfaces/include/robdep_interfaces/msg/detail/blob_list__type_support.h
[2.318s] -- Up-to-date: /home/ubuntu/ros2_ws/install/robdep_interfaces/include/robdep_interfaces/msg/blob_list.h
[2.320s] -- Up-to-date: /home/ubuntu/ros2_ws/install/robdep_interfaces/include/robdep_interfaces/msg/rosidl_generator_c__visibility_control.h
[2.321s] -- Up-to-date: /home/ubuntu/ros2_ws/install/robdep_interfaces/share/robdep_interfaces/environment/library_path.sh
[2.322s] -- Up-to-date: /home/ubuntu/ros2_ws/install/robdep_interfaces/share/robdep_interfaces/environment/library_path.dsv
[2.323s] -- Up-to-date: /home/ubuntu/ros2_ws/install/robdep_interfaces/lib/librobdep_interfaces__rosidl_generator_c.so
[2.323s] -- Up-to-date: /home/ubuntu/ros2_ws/install/robdep_interfaces/include/robdep_interfaces
[2.324s] -- Up-to-date: /home/ubuntu/ros2_ws/install/robdep_interfaces/include/robdep_interfaces/msg
[2.328s] -- Up-to-date: /home/ubuntu/ros2_ws/install/robdep_interfaces/include/robdep_interfaces/msg/rosidl_typesupport_fastrtps_c__visibility_control.h
[2.328s] -- Up-to-date: /home/ubuntu/ros2_ws/install/robdep_interfaces/include/robdep_interfaces/msg/detail
[2.329s] -- Up-to-date: /home/ubuntu/ros2_ws/install/robdep_interfaces/include/robdep_interfaces/msg/detail/blob_list__rosidl_typesupport_fastrtps_c.h
[2.329s] -- Up-to-date: /home/ubuntu/ros2_ws/install/robdep_interfaces/include/robdep_interfaces/msg/detail/blob_data__rosidl_typesupport_fastrtps_c.h
[2.329s] -- Up-to-date: /home/ubuntu/ros2_ws/install/robdep_interfaces/lib/librobdep_interfaces__rosidl_typesupport_fastrtps_c.so
[2.330s] -- Up-to-date: /home/ubuntu/ros2_ws/install/robdep_interfaces/include/robdep_interfaces
[2.330s] -- Up-to-date: /home/ubuntu/ros2_ws/install/robdep_interfaces/include/robdep_interfaces/msg
[2.331s] -- Up-to-date: /home/ubuntu/ros2_ws/install/robdep_interfaces/include/robdep_interfaces/msg/rosidl_typesupport_fastrtps_cpp__visibility_control.h
[2.332s] -- Up-to-date: /home/ubuntu/ros2_ws/install/robdep_interfaces/include/robdep_interfaces/msg/detail
[2.333s] -- Up-to-date: /home/ubuntu/ros2_ws/install/robdep_interfaces/include/robdep_interfaces/msg/detail/dds_fastrtps
[2.333s] -- Up-to-date: /home/ubuntu/ros2_ws/install/robdep_interfaces/include/robdep_interfaces/msg/detail/blob_data__rosidl_typesupport_fastrtps_cpp.hpp
[2.334s] -- Up-to-date: /home/ubuntu/ros2_ws/install/robdep_interfaces/include/robdep_interfaces/msg/detail/blob_list__rosidl_typesupport_fastrtps_cpp.hpp
[2.334s] -- Up-to-date: /home/ubuntu/ros2_ws/install/robdep_interfaces/lib/librobdep_interfaces__rosidl_typesupport_fastrtps_cpp.so
[2.335s] -- Up-to-date: /home/ubuntu/ros2_ws/install/robdep_interfaces/include/robdep_interfaces
[2.335s] -- Up-to-date: /home/ubuntu/ros2_ws/install/robdep_interfaces/include/robdep_interfaces/msg
[2.336s] -- Up-to-date: /home/ubuntu/ros2_ws/install/robdep_interfaces/include/robdep_interfaces/msg/detail
[2.337s] -- Up-to-date: /home/ubuntu/ros2_ws/install/robdep_interfaces/include/robdep_interfaces/msg/detail/blob_data__type_support.c
[2.337s] -- Up-to-date: /home/ubuntu/ros2_ws/install/robdep_interfaces/include/robdep_interfaces/msg/detail/blob_data__rosidl_typesupport_introspection_c.h
[2.338s] -- Up-to-date: /home/ubuntu/ros2_ws/install/robdep_interfaces/include/robdep_interfaces/msg/detail/blob_list__type_support.c
[2.338s] -- Up-to-date: /home/ubuntu/ros2_ws/install/robdep_interfaces/include/robdep_interfaces/msg/detail/blob_list__rosidl_typesupport_introspection_c.h
[2.339s] -- Up-to-date: /home/ubuntu/ros2_ws/install/robdep_interfaces/include/robdep_interfaces/msg/rosidl_typesupport_introspection_c__visibility_control.h
[2.345s] -- Up-to-date: /home/ubuntu/ros2_ws/install/robdep_interfaces/lib/librobdep_interfaces__rosidl_typesupport_introspection_c.so
[2.348s] -- Up-to-date: /home/ubuntu/ros2_ws/install/robdep_interfaces/lib/librobdep_interfaces__rosidl_typesupport_c.so
[2.348s] -- Up-to-date: /home/ubuntu/ros2_ws/install/robdep_interfaces/include/robdep_interfaces
[2.349s] -- Up-to-date: /home/ubuntu/ros2_ws/install/robdep_interfaces/include/robdep_interfaces/msg
[2.349s] -- Up-to-date: /home/ubuntu/ros2_ws/install/robdep_interfaces/include/robdep_interfaces/msg/blob_data.hpp
[2.350s] -- Up-to-date: /home/ubuntu/ros2_ws/install/robdep_interfaces/include/robdep_interfaces/msg/detail
[2.350s] -- Up-to-date: /home/ubuntu/ros2_ws/install/robdep_interfaces/include/robdep_interfaces/msg/detail/blob_data__struct.hpp
[2.351s] -- Up-to-date: /home/ubuntu/ros2_ws/install/robdep_interfaces/include/robdep_interfaces/msg/detail/blob_list__struct.hpp
[2.353s] -- Up-to-date: /home/ubuntu/ros2_ws/install/robdep_interfaces/include/robdep_interfaces/msg/detail/blob_data__builder.hpp
[2.354s] -- Up-to-date: /home/ubuntu/ros2_ws/install/robdep_interfaces/include/robdep_interfaces/msg/detail/blob_list__builder.hpp
[2.355s] -- Up-to-date: /home/ubuntu/ros2_ws/install/robdep_interfaces/include/robdep_interfaces/msg/detail/blob_list__traits.hpp
[2.355s] -- Up-to-date: /home/ubuntu/ros2_ws/install/robdep_interfaces/include/robdep_interfaces/msg/detail/blob_data__traits.hpp
[2.356s] -- Up-to-date: /home/ubuntu/ros2_ws/install/robdep_interfaces/include/robdep_interfaces/msg/blob_list.hpp
[2.356s] -- Up-to-date: /home/ubuntu/ros2_ws/install/robdep_interfaces/include/robdep_interfaces
[2.356s] -- Up-to-date: /home/ubuntu/ros2_ws/install/robdep_interfaces/include/robdep_interfaces/msg
[2.357s] -- Up-to-date: /home/ubuntu/ros2_ws/install/robdep_interfaces/include/robdep_interfaces/msg/detail
[2.357s] -- Up-to-date: /home/ubuntu/ros2_ws/install/robdep_interfaces/include/robdep_interfaces/msg/detail/blob_data__rosidl_typesupport_introspection_cpp.hpp
[2.358s] -- Up-to-date: /home/ubuntu/ros2_ws/install/robdep_interfaces/include/robdep_interfaces/msg/detail/blob_data__type_support.cpp
[2.358s] -- Up-to-date: /home/ubuntu/ros2_ws/install/robdep_interfaces/include/robdep_interfaces/msg/detail/blob_list__type_support.cpp
[2.359s] -- Up-to-date: /home/ubuntu/ros2_ws/install/robdep_interfaces/include/robdep_interfaces/msg/detail/blob_list__rosidl_typesupport_introspection_cpp.hpp
[2.361s] -- Up-to-date: /home/ubuntu/ros2_ws/install/robdep_interfaces/lib/librobdep_interfaces__rosidl_typesupport_introspection_cpp.so
[2.362s] -- Up-to-date: /home/ubuntu/ros2_ws/install/robdep_interfaces/lib/librobdep_interfaces__rosidl_typesupport_cpp.so
[2.363s] -- Up-to-date: /home/ubuntu/ros2_ws/install/robdep_interfaces/share/robdep_interfaces/environment/pythonpath.sh
[2.364s] -- Up-to-date: /home/ubuntu/ros2_ws/install/robdep_interfaces/share/robdep_interfaces/environment/pythonpath.dsv
[2.364s] -- Up-to-date: /home/ubuntu/ros2_ws/install/robdep_interfaces/lib/python3.8/site-packages/robdep_interfaces/__init__.py
[2.554s] -- Up-to-date: /home/ubuntu/ros2_ws/install/robdep_interfaces/lib/python3.8/site-packages/robdep_interfaces/msg
[2.555s] -- Up-to-date: /home/ubuntu/ros2_ws/install/robdep_interfaces/lib/python3.8/site-packages/robdep_interfaces/msg/_blob_list_s.c
[2.556s] -- Up-to-date: /home/ubuntu/ros2_ws/install/robdep_interfaces/lib/python3.8/site-packages/robdep_interfaces/msg/_blob_data_s.c
[2.556s] -- Up-to-date: /home/ubuntu/ros2_ws/install/robdep_interfaces/lib/python3.8/site-packages/robdep_interfaces/msg/_blob_list.py
[2.556s] -- Up-to-date: /home/ubuntu/ros2_ws/install/robdep_interfaces/lib/python3.8/site-packages/robdep_interfaces/msg/__init__.py
[2.557s] -- Up-to-date: /home/ubuntu/ros2_ws/install/robdep_interfaces/lib/python3.8/site-packages/robdep_interfaces/msg/_blob_data.py
[2.558s] -- Up-to-date: /home/ubuntu/ros2_ws/install/robdep_interfaces/lib/python3.8/site-packages/robdep_interfaces/robdep_interfaces_s__rosidl_typesupport_fastrtps_c.cpython-38-aarch64-linux-gnu.so
[2.561s] -- Up-to-date: /home/ubuntu/ros2_ws/install/robdep_interfaces/lib/python3.8/site-packages/robdep_interfaces/robdep_interfaces_s__rosidl_typesupport_introspection_c.cpython-38-aarch64-linux-gnu.so
[2.564s] -- Up-to-date: /home/ubuntu/ros2_ws/install/robdep_interfaces/lib/python3.8/site-packages/robdep_interfaces/robdep_interfaces_s__rosidl_typesupport_c.cpython-38-aarch64-linux-gnu.so
[2.566s] -- Up-to-date: /home/ubuntu/ros2_ws/install/robdep_interfaces/lib/librobdep_interfaces__python.so
[2.568s] -- Up-to-date: /home/ubuntu/ros2_ws/install/robdep_interfaces/share/robdep_interfaces/msg/BlobData.idl
[2.568s] -- Up-to-date: /home/ubuntu/ros2_ws/install/robdep_interfaces/share/robdep_interfaces/msg/BlobList.idl
[2.569s] -- Up-to-date: /home/ubuntu/ros2_ws/install/robdep_interfaces/share/robdep_interfaces/msg/BlobData.msg
[2.569s] -- Up-to-date: /home/ubuntu/ros2_ws/install/robdep_interfaces/share/robdep_interfaces/msg/BlobList.msg
[2.570s] -- Up-to-date: /home/ubuntu/ros2_ws/install/robdep_interfaces/share/ament_index/resource_index/package_run_dependencies/robdep_interfaces
[2.570s] -- Up-to-date: /home/ubuntu/ros2_ws/install/robdep_interfaces/share/ament_index/resource_index/parent_prefix_path/robdep_interfaces
[2.571s] -- Up-to-date: /home/ubuntu/ros2_ws/install/robdep_interfaces/share/robdep_interfaces/environment/ament_prefix_path.sh
[2.572s] -- Up-to-date: /home/ubuntu/ros2_ws/install/robdep_interfaces/share/robdep_interfaces/environment/ament_prefix_path.dsv
[2.573s] -- Up-to-date: /home/ubuntu/ros2_ws/install/robdep_interfaces/share/robdep_interfaces/environment/path.sh
[2.573s] -- Up-to-date: /home/ubuntu/ros2_ws/install/robdep_interfaces/share/robdep_interfaces/environment/path.dsv
[2.574s] -- Up-to-date: /home/ubuntu/ros2_ws/install/robdep_interfaces/share/robdep_interfaces/local_setup.bash
[2.574s] -- Up-to-date: /home/ubuntu/ros2_ws/install/robdep_interfaces/share/robdep_interfaces/local_setup.sh
[2.575s] -- Up-to-date: /home/ubuntu/ros2_ws/install/robdep_interfaces/share/robdep_interfaces/local_setup.zsh
[2.575s] -- Up-to-date: /home/ubuntu/ros2_ws/install/robdep_interfaces/share/robdep_interfaces/local_setup.dsv
[2.576s] -- Installing: /home/ubuntu/ros2_ws/install/robdep_interfaces/share/robdep_interfaces/package.dsv
[2.577s] -- Up-to-date: /home/ubuntu/ros2_ws/install/robdep_interfaces/share/ament_index/resource_index/packages/robdep_interfaces
[2.580s] -- Up-to-date: /home/ubuntu/ros2_ws/install/robdep_interfaces/share/robdep_interfaces/cmake/robdep_interfaces__rosidl_generator_cExport.cmake
[2.580s] -- Up-to-date: /home/ubuntu/ros2_ws/install/robdep_interfaces/share/robdep_interfaces/cmake/robdep_interfaces__rosidl_generator_cExport-noconfig.cmake
[2.582s] -- Up-to-date: /home/ubuntu/ros2_ws/install/robdep_interfaces/share/robdep_interfaces/cmake/robdep_interfaces__rosidl_typesupport_introspection_cExport.cmake
[2.583s] -- Up-to-date: /home/ubuntu/ros2_ws/install/robdep_interfaces/share/robdep_interfaces/cmake/robdep_interfaces__rosidl_typesupport_introspection_cExport-noconfig.cmake
[2.583s] -- Up-to-date: /home/ubuntu/ros2_ws/install/robdep_interfaces/share/robdep_interfaces/cmake/robdep_interfaces__rosidl_typesupport_cExport.cmake
[2.584s] -- Up-to-date: /home/ubuntu/ros2_ws/install/robdep_interfaces/share/robdep_interfaces/cmake/robdep_interfaces__rosidl_typesupport_cExport-noconfig.cmake
[2.585s] -- Up-to-date: /home/ubuntu/ros2_ws/install/robdep_interfaces/share/robdep_interfaces/cmake/robdep_interfaces__rosidl_generator_cppExport.cmake
[2.586s] -- Up-to-date: /home/ubuntu/ros2_ws/install/robdep_interfaces/share/robdep_interfaces/cmake/robdep_interfaces__rosidl_typesupport_introspection_cppExport.cmake
[2.587s] -- Up-to-date: /home/ubuntu/ros2_ws/install/robdep_interfaces/share/robdep_interfaces/cmake/robdep_interfaces__rosidl_typesupport_introspection_cppExport-noconfig.cmake
[2.587s] -- Up-to-date: /home/ubuntu/ros2_ws/install/robdep_interfaces/share/robdep_interfaces/cmake/robdep_interfaces__rosidl_typesupport_cppExport.cmake
[2.588s] -- Up-to-date: /home/ubuntu/ros2_ws/install/robdep_interfaces/share/robdep_interfaces/cmake/robdep_interfaces__rosidl_typesupport_cppExport-noconfig.cmake
[2.588s] -- Up-to-date: /home/ubuntu/ros2_ws/install/robdep_interfaces/share/robdep_interfaces/cmake/rosidl_cmake-extras.cmake
[2.589s] -- Up-to-date: /home/ubuntu/ros2_ws/install/robdep_interfaces/share/robdep_interfaces/cmake/ament_cmake_export_dependencies-extras.cmake
[2.590s] -- Up-to-date: /home/ubuntu/ros2_ws/install/robdep_interfaces/share/robdep_interfaces/cmake/ament_cmake_export_libraries-extras.cmake
[2.590s] -- Up-to-date: /home/ubuntu/ros2_ws/install/robdep_interfaces/share/robdep_interfaces/cmake/ament_cmake_export_targets-extras.cmake
[2.591s] -- Up-to-date: /home/ubuntu/ros2_ws/install/robdep_interfaces/share/robdep_interfaces/cmake/ament_cmake_export_include_directories-extras.cmake
[2.591s] -- Up-to-date: /home/ubuntu/ros2_ws/install/robdep_interfaces/share/robdep_interfaces/cmake/rosidl_cmake_export_typesupport_libraries-extras.cmake
[2.591s] -- Up-to-date: /home/ubuntu/ros2_ws/install/robdep_interfaces/share/robdep_interfaces/cmake/rosidl_cmake_export_typesupport_targets-extras.cmake
[2.592s] -- Up-to-date: /home/ubuntu/ros2_ws/install/robdep_interfaces/share/robdep_interfaces/cmake/robdep_interfacesConfig.cmake
[2.593s] -- Up-to-date: /home/ubuntu/ros2_ws/install/robdep_interfaces/share/robdep_interfaces/cmake/robdep_interfacesConfig-version.cmake
[2.594s] -- Up-to-date: /home/ubuntu/ros2_ws/install/robdep_interfaces/share/robdep_interfaces/package.xml
[2.608s] Invoked command in '/home/ubuntu/ros2_ws/build/robdep_interfaces' returned '0': CMAKE_PREFIX_PATH=${CMAKE_PREFIX_PATH}:/home/ubuntu/ros2_ws/install/robdep_project:/home/ubuntu/ros2_ws/install/robdep:/opt/ros/galactic /usr/bin/cmake --install /home/ubuntu/ros2_ws/build/robdep_interfaces
