[2.929s] Invoking command in '/home/ubuntu/ros2_ws/src/robdep': CMAKE_PREFIX_PATH=/home/ubuntu/ros2_ws/install/robdep_interfaces:/home/ubuntu/ros2_ws/install/robdep_project_interfaces PYTHONPATH=/home/ubuntu/ros2_ws/build/robdep/prefix_override:/home/ubuntu/ros2_ws/install/robdep/lib/python3.8/site-packages:/home/ubuntu/ros2_ws/install/robdep_interfaces/lib/python3.8/site-packages:/home/ubuntu/ros2_ws/install/robdep_project/lib/python3.8/site-packages:/home/ubuntu/ros2_ws/install/robdep/lib/python3.8/site-packages:/opt/ros/galactic/lib/python3.8/site-packages /usr/bin/python3 setup.py egg_info --egg-base ../../build/robdep build --build-base /home/ubuntu/ros2_ws/build/robdep/build install --record /home/ubuntu/ros2_ws/build/robdep/install.log --single-version-externally-managed
[3.910s] running egg_info
[3.913s] writing ../../build/robdep/robdep.egg-info/PKG-INFO
[3.914s] writing dependency_links to ../../build/robdep/robdep.egg-info/dependency_links.txt
[3.915s] writing entry points to ../../build/robdep/robdep.egg-info/entry_points.txt
[3.916s] writing requirements to ../../build/robdep/robdep.egg-info/requires.txt
[3.917s] writing top-level names to ../../build/robdep/robdep.egg-info/top_level.txt
[4.051s] reading manifest file '../../build/robdep/robdep.egg-info/SOURCES.txt'
[4.055s] writing manifest file '../../build/robdep/robdep.egg-info/SOURCES.txt'
[4.056s] running build
[4.056s] running build_py
[4.058s] running install
[4.061s] running install_lib
[4.069s] running install_data
[4.072s] running install_egg_info
[4.078s] removing '/home/ubuntu/ros2_ws/install/robdep/lib/python3.8/site-packages/robdep-0.0.0-py3.8.egg-info' (and everything under it)
[4.080s] Copying ../../build/robdep/robdep.egg-info to /home/ubuntu/ros2_ws/install/robdep/lib/python3.8/site-packages/robdep-0.0.0-py3.8.egg-info
[4.084s] running install_scripts
[4.149s] Installing blob_detector script to /home/ubuntu/ros2_ws/install/robdep/lib/robdep
[4.150s] Installing blob_printer script to /home/ubuntu/ros2_ws/install/robdep/lib/robdep
[4.151s] Installing blob_runner script to /home/ubuntu/ros2_ws/install/robdep/lib/robdep
[4.153s] Installing bot_run script to /home/ubuntu/ros2_ws/install/robdep/lib/robdep
[4.154s] Installing get_images script to /home/ubuntu/ros2_ws/install/robdep/lib/robdep
[4.154s] Installing mask_publisher script to /home/ubuntu/ros2_ws/install/robdep/lib/robdep
[4.155s] writing list of installed files to '/home/ubuntu/ros2_ws/build/robdep/install.log'
[4.258s] Invoked command in '/home/ubuntu/ros2_ws/src/robdep' returned '0': CMAKE_PREFIX_PATH=/home/ubuntu/ros2_ws/install/robdep_interfaces:/home/ubuntu/ros2_ws/install/robdep_project_interfaces PYTHONPATH=/home/ubuntu/ros2_ws/build/robdep/prefix_override:/home/ubuntu/ros2_ws/install/robdep/lib/python3.8/site-packages:/home/ubuntu/ros2_ws/install/robdep_interfaces/lib/python3.8/site-packages:/home/ubuntu/ros2_ws/install/robdep_project/lib/python3.8/site-packages:/home/ubuntu/ros2_ws/install/robdep/lib/python3.8/site-packages:/opt/ros/galactic/lib/python3.8/site-packages /usr/bin/python3 setup.py egg_info --egg-base ../../build/robdep build --build-base /home/ubuntu/ros2_ws/build/robdep/build install --record /home/ubuntu/ros2_ws/build/robdep/install.log --single-version-externally-managed
