[1.507s] DEBUG:colcon:Command line arguments: ['/usr/bin/colcon', 'build']
[1.507s] DEBUG:colcon:Parsed command line arguments: Namespace(allow_overriding=[], ament_cmake_args=None, base_paths=['.'], build_base='build', catkin_cmake_args=None, catkin_skip_building_tests=False, cmake_args=None, cmake_clean_cache=False, cmake_clean_first=False, cmake_force_configure=False, cmake_target=None, cmake_target_skip_unavailable=False, continue_on_error=False, event_handlers=None, executor='parallel', ignore_user_meta=False, install_base='install', log_base=None, log_level=None, main=<bound method BuildVerb.main of <colcon_core.verb.build.BuildVerb object at 0xffffb51b4550>>, merge_install=False, metas=['./colcon.meta'], packages_above=None, packages_above_and_dependencies=None, packages_above_depth=None, packages_end=None, packages_ignore=None, packages_ignore_regex=None, packages_select=None, packages_select_build_failed=False, packages_select_by_dep=None, packages_select_regex=None, packages_select_test_failures=False, packages_skip=None, packages_skip_build_finished=False, packages_skip_by_dep=None, packages_skip_regex=None, packages_skip_test_passed=False, packages_skip_up_to=None, packages_start=None, packages_up_to=None, packages_up_to_regex=None, parallel_workers=4, paths=None, symlink_install=False, test_result_base=None, verb_extension=<colcon_core.verb.build.BuildVerb object at 0xffffb51b4550>, verb_name='build', verb_parser=<colcon_defaults.argument_parser.defaults.DefaultArgumentsDecorator object at 0xffffb51b4a90>)
[1.625s] Level 1:colcon.colcon_core.package_discovery:discover_packages(colcon_meta) check parameters
[1.625s] Level 1:colcon.colcon_core.package_discovery:discover_packages(recursive) check parameters
[1.626s] Level 1:colcon.colcon_core.package_discovery:discover_packages(ignore) check parameters
[1.626s] Level 1:colcon.colcon_core.package_discovery:discover_packages(path) check parameters
[1.626s] Level 1:colcon.colcon_core.package_discovery:discover_packages(colcon_meta) discover
[1.626s] Level 1:colcon.colcon_core.package_discovery:discover_packages(recursive) discover
[1.627s] INFO:colcon.colcon_core.package_discovery:Crawling recursively for packages in '/home/ubuntu/ros2_ws'
[1.627s] Level 1:colcon.colcon_core.package_identification:_identify(.) by extensions ['ignore', 'ignore_ament_install']
[1.628s] Level 1:colcon.colcon_core.package_identification:_identify(.) by extension 'ignore'
[1.628s] Level 1:colcon.colcon_core.package_identification:_identify(.) by extension 'ignore_ament_install'
[1.628s] Level 1:colcon.colcon_core.package_identification:_identify(.) by extensions ['colcon_pkg']
[1.628s] Level 1:colcon.colcon_core.package_identification:_identify(.) by extension 'colcon_pkg'
[1.629s] Level 1:colcon.colcon_core.package_identification:_identify(.) by extensions ['colcon_meta']
[1.629s] Level 1:colcon.colcon_core.package_identification:_identify(.) by extension 'colcon_meta'
[1.629s] Level 1:colcon.colcon_core.package_identification:_identify(.) by extensions ['ros']
[1.629s] Level 1:colcon.colcon_core.package_identification:_identify(.) by extension 'ros'
[1.710s] Level 1:colcon.colcon_core.package_identification:_identify(.) by extensions ['cmake', 'python']
[1.710s] Level 1:colcon.colcon_core.package_identification:_identify(.) by extension 'cmake'
[1.710s] Level 1:colcon.colcon_core.package_identification:_identify(.) by extension 'python'
[1.710s] Level 1:colcon.colcon_core.package_identification:_identify(.) by extensions ['python_setup_py']
[1.711s] Level 1:colcon.colcon_core.package_identification:_identify(.) by extension 'python_setup_py'
[1.711s] Level 1:colcon.colcon_core.package_identification:_identify(build) by extensions ['ignore', 'ignore_ament_install']
[1.712s] Level 1:colcon.colcon_core.package_identification:_identify(build) by extension 'ignore'
[1.712s] Level 1:colcon.colcon_core.package_identification:_identify(build) ignored
[1.713s] Level 1:colcon.colcon_core.package_identification:_identify(install) by extensions ['ignore', 'ignore_ament_install']
[1.713s] Level 1:colcon.colcon_core.package_identification:_identify(install) by extension 'ignore'
[1.713s] Level 1:colcon.colcon_core.package_identification:_identify(install) ignored
[1.715s] Level 1:colcon.colcon_core.package_identification:_identify(log) by extensions ['ignore', 'ignore_ament_install']
[1.715s] Level 1:colcon.colcon_core.package_identification:_identify(log) by extension 'ignore'
[1.715s] Level 1:colcon.colcon_core.package_identification:_identify(log) ignored
[1.716s] Level 1:colcon.colcon_core.package_identification:_identify(src) by extensions ['ignore', 'ignore_ament_install']
[1.716s] Level 1:colcon.colcon_core.package_identification:_identify(src) by extension 'ignore'
[1.716s] Level 1:colcon.colcon_core.package_identification:_identify(src) by extension 'ignore_ament_install'
[1.717s] Level 1:colcon.colcon_core.package_identification:_identify(src) by extensions ['colcon_pkg']
[1.717s] Level 1:colcon.colcon_core.package_identification:_identify(src) by extension 'colcon_pkg'
[1.717s] Level 1:colcon.colcon_core.package_identification:_identify(src) by extensions ['colcon_meta']
[1.717s] Level 1:colcon.colcon_core.package_identification:_identify(src) by extension 'colcon_meta'
[1.717s] Level 1:colcon.colcon_core.package_identification:_identify(src) by extensions ['ros']
[1.717s] Level 1:colcon.colcon_core.package_identification:_identify(src) by extension 'ros'
[1.718s] Level 1:colcon.colcon_core.package_identification:_identify(src) by extensions ['cmake', 'python']
[1.718s] Level 1:colcon.colcon_core.package_identification:_identify(src) by extension 'cmake'
[1.718s] Level 1:colcon.colcon_core.package_identification:_identify(src) by extension 'python'
[1.718s] Level 1:colcon.colcon_core.package_identification:_identify(src) by extensions ['python_setup_py']
[1.718s] Level 1:colcon.colcon_core.package_identification:_identify(src) by extension 'python_setup_py'
[1.719s] Level 1:colcon.colcon_core.package_identification:_identify(src/robdep) by extensions ['ignore', 'ignore_ament_install']
[1.719s] Level 1:colcon.colcon_core.package_identification:_identify(src/robdep) by extension 'ignore'
[1.719s] Level 1:colcon.colcon_core.package_identification:_identify(src/robdep) by extension 'ignore_ament_install'
[1.719s] Level 1:colcon.colcon_core.package_identification:_identify(src/robdep) by extensions ['colcon_pkg']
[1.720s] Level 1:colcon.colcon_core.package_identification:_identify(src/robdep) by extension 'colcon_pkg'
[1.720s] Level 1:colcon.colcon_core.package_identification:_identify(src/robdep) by extensions ['colcon_meta']
[1.720s] Level 1:colcon.colcon_core.package_identification:_identify(src/robdep) by extension 'colcon_meta'
[1.720s] Level 1:colcon.colcon_core.package_identification:_identify(src/robdep) by extensions ['ros']
[1.720s] Level 1:colcon.colcon_core.package_identification:_identify(src/robdep) by extension 'ros'
[1.732s] DEBUG:colcon.colcon_core.package_identification:Package 'src/robdep' with type 'ros.ament_python' and name 'robdep'
[1.732s] Level 1:colcon.colcon_core.package_identification:_identify(src/robdep_interfaces) by extensions ['ignore', 'ignore_ament_install']
[1.733s] Level 1:colcon.colcon_core.package_identification:_identify(src/robdep_interfaces) by extension 'ignore'
[1.733s] Level 1:colcon.colcon_core.package_identification:_identify(src/robdep_interfaces) by extension 'ignore_ament_install'
[1.733s] Level 1:colcon.colcon_core.package_identification:_identify(src/robdep_interfaces) by extensions ['colcon_pkg']
[1.733s] Level 1:colcon.colcon_core.package_identification:_identify(src/robdep_interfaces) by extension 'colcon_pkg'
[1.733s] Level 1:colcon.colcon_core.package_identification:_identify(src/robdep_interfaces) by extensions ['colcon_meta']
[1.733s] Level 1:colcon.colcon_core.package_identification:_identify(src/robdep_interfaces) by extension 'colcon_meta'
[1.734s] Level 1:colcon.colcon_core.package_identification:_identify(src/robdep_interfaces) by extensions ['ros']
[1.734s] Level 1:colcon.colcon_core.package_identification:_identify(src/robdep_interfaces) by extension 'ros'
[1.736s] DEBUG:colcon.colcon_core.package_identification:Package 'src/robdep_interfaces' with type 'ros.ament_cmake' and name 'robdep_interfaces'
[1.736s] Level 1:colcon.colcon_core.package_identification:_identify(src/robdep_project) by extensions ['ignore', 'ignore_ament_install']
[1.737s] Level 1:colcon.colcon_core.package_identification:_identify(src/robdep_project) by extension 'ignore'
[1.737s] Level 1:colcon.colcon_core.package_identification:_identify(src/robdep_project) by extension 'ignore_ament_install'
[1.738s] Level 1:colcon.colcon_core.package_identification:_identify(src/robdep_project) by extensions ['colcon_pkg']
[1.738s] Level 1:colcon.colcon_core.package_identification:_identify(src/robdep_project) by extension 'colcon_pkg'
[1.738s] Level 1:colcon.colcon_core.package_identification:_identify(src/robdep_project) by extensions ['colcon_meta']
[1.738s] Level 1:colcon.colcon_core.package_identification:_identify(src/robdep_project) by extension 'colcon_meta'
[1.739s] Level 1:colcon.colcon_core.package_identification:_identify(src/robdep_project) by extensions ['ros']
[1.739s] Level 1:colcon.colcon_core.package_identification:_identify(src/robdep_project) by extension 'ros'
[1.741s] DEBUG:colcon.colcon_core.package_identification:Package 'src/robdep_project' with type 'ros.ament_python' and name 'robdep_project'
[1.741s] Level 1:colcon.colcon_core.package_identification:_identify(src/robdep_project_interfaces) by extensions ['ignore', 'ignore_ament_install']
[1.742s] Level 1:colcon.colcon_core.package_identification:_identify(src/robdep_project_interfaces) by extension 'ignore'
[1.742s] Level 1:colcon.colcon_core.package_identification:_identify(src/robdep_project_interfaces) by extension 'ignore_ament_install'
[1.742s] Level 1:colcon.colcon_core.package_identification:_identify(src/robdep_project_interfaces) by extensions ['colcon_pkg']
[1.742s] Level 1:colcon.colcon_core.package_identification:_identify(src/robdep_project_interfaces) by extension 'colcon_pkg'
[1.743s] Level 1:colcon.colcon_core.package_identification:_identify(src/robdep_project_interfaces) by extensions ['colcon_meta']
[1.743s] Level 1:colcon.colcon_core.package_identification:_identify(src/robdep_project_interfaces) by extension 'colcon_meta'
[1.743s] Level 1:colcon.colcon_core.package_identification:_identify(src/robdep_project_interfaces) by extensions ['ros']
[1.743s] Level 1:colcon.colcon_core.package_identification:_identify(src/robdep_project_interfaces) by extension 'ros'
[1.745s] DEBUG:colcon.colcon_core.package_identification:Package 'src/robdep_project_interfaces' with type 'ros.ament_cmake' and name 'robdep_project_interfaces'
[1.745s] Level 1:colcon.colcon_core.package_discovery:discover_packages(recursive) using defaults
[1.745s] Level 1:colcon.colcon_core.package_discovery:discover_packages(ignore) discover
[1.745s] Level 1:colcon.colcon_core.package_discovery:discover_packages(ignore) using defaults
[1.746s] Level 1:colcon.colcon_core.package_discovery:discover_packages(path) discover
[1.746s] Level 1:colcon.colcon_core.package_discovery:discover_packages(path) using defaults
[1.831s] Level 1:colcon.colcon_core.package_discovery:discover_packages(prefix_path) check parameters
[1.831s] Level 1:colcon.colcon_core.package_discovery:discover_packages(prefix_path) discover
[1.845s] DEBUG:colcon.colcon_installed_package_information.package_discovery:Found 4 installed packages in /home/ubuntu/ros2_ws/install
[1.856s] DEBUG:colcon.colcon_installed_package_information.package_discovery:Found 288 installed packages in /opt/ros/galactic
[1.863s] Level 1:colcon.colcon_core.package_discovery:discover_packages(prefix_path) using defaults
[2.161s] Level 5:colcon.colcon_core.verb:set package 'robdep_interfaces' build argument 'cmake_args' from command line to 'None'
[2.162s] Level 5:colcon.colcon_core.verb:set package 'robdep_interfaces' build argument 'cmake_target' from command line to 'None'
[2.162s] Level 5:colcon.colcon_core.verb:set package 'robdep_interfaces' build argument 'cmake_target_skip_unavailable' from command line to 'False'
[2.162s] Level 5:colcon.colcon_core.verb:set package 'robdep_interfaces' build argument 'cmake_clean_cache' from command line to 'False'
[2.162s] Level 5:colcon.colcon_core.verb:set package 'robdep_interfaces' build argument 'cmake_clean_first' from command line to 'False'
[2.162s] Level 5:colcon.colcon_core.verb:set package 'robdep_interfaces' build argument 'cmake_force_configure' from command line to 'False'
[2.162s] Level 5:colcon.colcon_core.verb:set package 'robdep_interfaces' build argument 'ament_cmake_args' from command line to 'None'
[2.162s] Level 5:colcon.colcon_core.verb:set package 'robdep_interfaces' build argument 'catkin_cmake_args' from command line to 'None'
[2.162s] Level 5:colcon.colcon_core.verb:set package 'robdep_interfaces' build argument 'catkin_skip_building_tests' from command line to 'False'
[2.162s] DEBUG:colcon.colcon_core.verb:Building package 'robdep_interfaces' with the following arguments: {'ament_cmake_args': None, 'build_base': '/home/ubuntu/ros2_ws/build/robdep_interfaces', 'catkin_cmake_args': None, 'catkin_skip_building_tests': False, 'cmake_args': None, 'cmake_clean_cache': False, 'cmake_clean_first': False, 'cmake_force_configure': False, 'cmake_target': None, 'cmake_target_skip_unavailable': False, 'install_base': '/home/ubuntu/ros2_ws/install/robdep_interfaces', 'merge_install': False, 'path': '/home/ubuntu/ros2_ws/src/robdep_interfaces', 'symlink_install': False, 'test_result_base': None}
[2.168s] Level 5:colcon.colcon_core.verb:set package 'robdep_project' build argument 'cmake_args' from command line to 'None'
[2.168s] Level 5:colcon.colcon_core.verb:set package 'robdep_project' build argument 'cmake_target' from command line to 'None'
[2.168s] Level 5:colcon.colcon_core.verb:set package 'robdep_project' build argument 'cmake_target_skip_unavailable' from command line to 'False'
[2.168s] Level 5:colcon.colcon_core.verb:set package 'robdep_project' build argument 'cmake_clean_cache' from command line to 'False'
[2.168s] Level 5:colcon.colcon_core.verb:set package 'robdep_project' build argument 'cmake_clean_first' from command line to 'False'
[2.168s] Level 5:colcon.colcon_core.verb:set package 'robdep_project' build argument 'cmake_force_configure' from command line to 'False'
[2.168s] Level 5:colcon.colcon_core.verb:set package 'robdep_project' build argument 'ament_cmake_args' from command line to 'None'
[2.168s] Level 5:colcon.colcon_core.verb:set package 'robdep_project' build argument 'catkin_cmake_args' from command line to 'None'
[2.169s] Level 5:colcon.colcon_core.verb:set package 'robdep_project' build argument 'catkin_skip_building_tests' from command line to 'False'
[2.169s] DEBUG:colcon.colcon_core.verb:Building package 'robdep_project' with the following arguments: {'ament_cmake_args': None, 'build_base': '/home/ubuntu/ros2_ws/build/robdep_project', 'catkin_cmake_args': None, 'catkin_skip_building_tests': False, 'cmake_args': None, 'cmake_clean_cache': False, 'cmake_clean_first': False, 'cmake_force_configure': False, 'cmake_target': None, 'cmake_target_skip_unavailable': False, 'install_base': '/home/ubuntu/ros2_ws/install/robdep_project', 'merge_install': False, 'path': '/home/ubuntu/ros2_ws/src/robdep_project', 'symlink_install': False, 'test_result_base': None}
[2.173s] Level 5:colcon.colcon_core.verb:set package 'robdep_project_interfaces' build argument 'cmake_args' from command line to 'None'
[2.174s] Level 5:colcon.colcon_core.verb:set package 'robdep_project_interfaces' build argument 'cmake_target' from command line to 'None'
[2.174s] Level 5:colcon.colcon_core.verb:set package 'robdep_project_interfaces' build argument 'cmake_target_skip_unavailable' from command line to 'False'
[2.174s] Level 5:colcon.colcon_core.verb:set package 'robdep_project_interfaces' build argument 'cmake_clean_cache' from command line to 'False'
[2.174s] Level 5:colcon.colcon_core.verb:set package 'robdep_project_interfaces' build argument 'cmake_clean_first' from command line to 'False'
[2.174s] Level 5:colcon.colcon_core.verb:set package 'robdep_project_interfaces' build argument 'cmake_force_configure' from command line to 'False'
[2.174s] Level 5:colcon.colcon_core.verb:set package 'robdep_project_interfaces' build argument 'ament_cmake_args' from command line to 'None'
[2.174s] Level 5:colcon.colcon_core.verb:set package 'robdep_project_interfaces' build argument 'catkin_cmake_args' from command line to 'None'
[2.174s] Level 5:colcon.colcon_core.verb:set package 'robdep_project_interfaces' build argument 'catkin_skip_building_tests' from command line to 'False'
[2.175s] DEBUG:colcon.colcon_core.verb:Building package 'robdep_project_interfaces' with the following arguments: {'ament_cmake_args': None, 'build_base': '/home/ubuntu/ros2_ws/build/robdep_project_interfaces', 'catkin_cmake_args': None, 'catkin_skip_building_tests': False, 'cmake_args': None, 'cmake_clean_cache': False, 'cmake_clean_first': False, 'cmake_force_configure': False, 'cmake_target': None, 'cmake_target_skip_unavailable': False, 'install_base': '/home/ubuntu/ros2_ws/install/robdep_project_interfaces', 'merge_install': False, 'path': '/home/ubuntu/ros2_ws/src/robdep_project_interfaces', 'symlink_install': False, 'test_result_base': None}
[2.179s] Level 5:colcon.colcon_core.verb:set package 'robdep' build argument 'cmake_args' from command line to 'None'
[2.179s] Level 5:colcon.colcon_core.verb:set package 'robdep' build argument 'cmake_target' from command line to 'None'
[2.179s] Level 5:colcon.colcon_core.verb:set package 'robdep' build argument 'cmake_target_skip_unavailable' from command line to 'False'
[2.179s] Level 5:colcon.colcon_core.verb:set package 'robdep' build argument 'cmake_clean_cache' from command line to 'False'
[2.179s] Level 5:colcon.colcon_core.verb:set package 'robdep' build argument 'cmake_clean_first' from command line to 'False'
[2.179s] Level 5:colcon.colcon_core.verb:set package 'robdep' build argument 'cmake_force_configure' from command line to 'False'
[2.180s] Level 5:colcon.colcon_core.verb:set package 'robdep' build argument 'ament_cmake_args' from command line to 'None'
[2.180s] Level 5:colcon.colcon_core.verb:set package 'robdep' build argument 'catkin_cmake_args' from command line to 'None'
[2.180s] Level 5:colcon.colcon_core.verb:set package 'robdep' build argument 'catkin_skip_building_tests' from command line to 'False'
[2.180s] DEBUG:colcon.colcon_core.verb:Building package 'robdep' with the following arguments: {'ament_cmake_args': None, 'build_base': '/home/ubuntu/ros2_ws/build/robdep', 'catkin_cmake_args': None, 'catkin_skip_building_tests': False, 'cmake_args': None, 'cmake_clean_cache': False, 'cmake_clean_first': False, 'cmake_force_configure': False, 'cmake_target': None, 'cmake_target_skip_unavailable': False, 'install_base': '/home/ubuntu/ros2_ws/install/robdep', 'merge_install': False, 'path': '/home/ubuntu/ros2_ws/src/robdep', 'symlink_install': False, 'test_result_base': None}
[2.183s] INFO:colcon.colcon_core.executor:Executing jobs using 'parallel' executor
[2.197s] DEBUG:colcon.colcon_parallel_executor.executor.parallel:run_until_complete
[2.198s] INFO:colcon.colcon_ros.task.ament_cmake.build:Building ROS package in '/home/ubuntu/ros2_ws/src/robdep_interfaces' with build type 'ament_cmake'
[2.199s] INFO:colcon.colcon_cmake.task.cmake.build:Building CMake package in '/home/ubuntu/ros2_ws/src/robdep_interfaces'
[2.221s] INFO:colcon.colcon_core.plugin_system:Skipping extension 'colcon_core.shell.bat': Not used on non-Windows systems
[2.222s] INFO:colcon.colcon_core.shell:Skip shell extension 'powershell' for command environment: Not usable outside of PowerShell
[2.222s] DEBUG:colcon.colcon_core.shell:Skip shell extension 'dsv' for command environment
[2.253s] INFO:colcon.colcon_ros.task.ament_python.build:Building ROS package in '/home/ubuntu/ros2_ws/src/robdep_project' with build type 'ament_python'
[2.254s] Level 1:colcon.colcon_core.shell:create_environment_hook('robdep_project', 'ament_prefix_path')
[2.262s] INFO:colcon.colcon_core.shell:Creating environment hook '/home/ubuntu/ros2_ws/install/robdep_project/share/robdep_project/hook/ament_prefix_path.ps1'
[2.265s] INFO:colcon.colcon_core.shell:Creating environment descriptor '/home/ubuntu/ros2_ws/install/robdep_project/share/robdep_project/hook/ament_prefix_path.dsv'
[2.267s] INFO:colcon.colcon_core.shell:Creating environment hook '/home/ubuntu/ros2_ws/install/robdep_project/share/robdep_project/hook/ament_prefix_path.sh'
[2.275s] INFO:colcon.colcon_core.shell:Skip shell extension 'powershell' for command environment: Not usable outside of PowerShell
[2.276s] DEBUG:colcon.colcon_core.shell:Skip shell extension 'dsv' for command environment
[2.305s] INFO:colcon.colcon_ros.task.ament_cmake.build:Building ROS package in '/home/ubuntu/ros2_ws/src/robdep_project_interfaces' with build type 'ament_cmake'
[2.306s] INFO:colcon.colcon_cmake.task.cmake.build:Building CMake package in '/home/ubuntu/ros2_ws/src/robdep_project_interfaces'
[2.316s] INFO:colcon.colcon_core.shell:Skip shell extension 'powershell' for command environment: Not usable outside of PowerShell
[2.316s] DEBUG:colcon.colcon_core.shell:Skip shell extension 'dsv' for command environment
[2.370s] DEBUG:colcon.colcon_core.event_handler.log_command:Invoking command in '/home/ubuntu/ros2_ws/build/robdep_interfaces': CMAKE_PREFIX_PATH=${CMAKE_PREFIX_PATH}:/home/ubuntu/ros2_ws/install/robdep_project:/home/ubuntu/ros2_ws/install/robdep:/opt/ros/galactic /usr/bin/cmake --build /home/ubuntu/ros2_ws/build/robdep_interfaces -- -j4 -l4
[3.777s] INFO:colcon.colcon_core.task.python.build:Building Python package in '/home/ubuntu/ros2_ws/src/robdep_project'
[3.783s] INFO:colcon.colcon_core.shell:Skip shell extension 'powershell' for command environment: Not usable outside of PowerShell
[3.783s] DEBUG:colcon.colcon_core.shell:Skip shell extension 'dsv' for command environment
[3.855s] DEBUG:colcon.colcon_core.event_handler.log_command:Invoking command in '/home/ubuntu/ros2_ws/build/robdep_project_interfaces': CMAKE_PREFIX_PATH=${CMAKE_PREFIX_PATH}:/home/ubuntu/ros2_ws/install/robdep_project:/home/ubuntu/ros2_ws/install/robdep:/opt/ros/galactic /usr/bin/cmake --build /home/ubuntu/ros2_ws/build/robdep_project_interfaces -- -j4 -l4
[3.860s] DEBUG:colcon.colcon_core.event_handler.log_command:Invoked command in '/home/ubuntu/ros2_ws/build/robdep_interfaces' returned '0': CMAKE_PREFIX_PATH=${CMAKE_PREFIX_PATH}:/home/ubuntu/ros2_ws/install/robdep_project:/home/ubuntu/ros2_ws/install/robdep:/opt/ros/galactic /usr/bin/cmake --build /home/ubuntu/ros2_ws/build/robdep_interfaces -- -j4 -l4
[4.058s] DEBUG:colcon.colcon_core.event_handler.log_command:Invoked command in '/home/ubuntu/ros2_ws/build/robdep_project_interfaces' returned '0': CMAKE_PREFIX_PATH=${CMAKE_PREFIX_PATH}:/home/ubuntu/ros2_ws/install/robdep_project:/home/ubuntu/ros2_ws/install/robdep:/opt/ros/galactic /usr/bin/cmake --build /home/ubuntu/ros2_ws/build/robdep_project_interfaces -- -j4 -l4
[4.233s] DEBUG:colcon.colcon_core.event_handler.log_command:Invoking command in '/home/ubuntu/ros2_ws/build/robdep_project_interfaces': CMAKE_PREFIX_PATH=${CMAKE_PREFIX_PATH}:/home/ubuntu/ros2_ws/install/robdep_project:/home/ubuntu/ros2_ws/install/robdep:/opt/ros/galactic /usr/bin/cmake --install /home/ubuntu/ros2_ws/build/robdep_project_interfaces
[4.306s] Level 1:colcon.colcon_core.environment:create_environment_scripts_only(robdep_project_interfaces)
[4.319s] DEBUG:colcon.colcon_core.event_handler.log_command:Invoked command in '/home/ubuntu/ros2_ws/build/robdep_project_interfaces' returned '0': CMAKE_PREFIX_PATH=${CMAKE_PREFIX_PATH}:/home/ubuntu/ros2_ws/install/robdep_project:/home/ubuntu/ros2_ws/install/robdep:/opt/ros/galactic /usr/bin/cmake --install /home/ubuntu/ros2_ws/build/robdep_project_interfaces
[4.342s] Level 1:colcon.colcon_core.environment:checking '/home/ubuntu/ros2_ws/install/robdep_project_interfaces' for CMake module files
[4.344s] Level 1:colcon.colcon_core.environment:checking '/home/ubuntu/ros2_ws/install/robdep_project_interfaces' for CMake config files
[4.346s] Level 1:colcon.colcon_core.shell:create_environment_hook('robdep_project_interfaces', 'cmake_prefix_path')
[4.354s] INFO:colcon.colcon_core.shell:Creating environment hook '/home/ubuntu/ros2_ws/install/robdep_project_interfaces/share/robdep_project_interfaces/hook/cmake_prefix_path.ps1'
[4.357s] INFO:colcon.colcon_core.shell:Creating environment descriptor '/home/ubuntu/ros2_ws/install/robdep_project_interfaces/share/robdep_project_interfaces/hook/cmake_prefix_path.dsv'
[4.359s] INFO:colcon.colcon_core.shell:Creating environment hook '/home/ubuntu/ros2_ws/install/robdep_project_interfaces/share/robdep_project_interfaces/hook/cmake_prefix_path.sh'
[4.363s] Level 1:colcon.colcon_core.environment:checking '/home/ubuntu/ros2_ws/install/robdep_project_interfaces/bin'
[4.363s] Level 1:colcon.colcon_core.environment:checking '/home/ubuntu/ros2_ws/install/robdep_project_interfaces/lib/pkgconfig/robdep_project_interfaces.pc'
[4.365s] Level 1:colcon.colcon_core.environment:checking '/home/ubuntu/ros2_ws/install/robdep_project_interfaces/lib/python3.8/site-packages'
[4.366s] Level 1:colcon.colcon_core.environment:checking '/home/ubuntu/ros2_ws/install/robdep_project_interfaces/bin'
[4.373s] INFO:colcon.colcon_core.shell:Creating package script '/home/ubuntu/ros2_ws/install/robdep_project_interfaces/share/robdep_project_interfaces/package.ps1'
[4.376s] INFO:colcon.colcon_core.shell:Creating package descriptor '/home/ubuntu/ros2_ws/install/robdep_project_interfaces/share/robdep_project_interfaces/package.dsv'
[4.379s] INFO:colcon.colcon_core.shell:Creating package script '/home/ubuntu/ros2_ws/install/robdep_project_interfaces/share/robdep_project_interfaces/package.sh'
[4.382s] INFO:colcon.colcon_core.shell:Creating package script '/home/ubuntu/ros2_ws/install/robdep_project_interfaces/share/robdep_project_interfaces/package.bash'
[4.388s] INFO:colcon.colcon_core.shell:Creating package script '/home/ubuntu/ros2_ws/install/robdep_project_interfaces/share/robdep_project_interfaces/package.zsh'
[4.392s] Level 1:colcon.colcon_core.environment:create_file_with_runtime_dependencies(/home/ubuntu/ros2_ws/install/robdep_project_interfaces/share/colcon-core/packages/robdep_project_interfaces)
[4.425s] DEBUG:colcon.colcon_core.event_handler.log_command:Invoking command in '/home/ubuntu/ros2_ws/build/robdep_interfaces': CMAKE_PREFIX_PATH=${CMAKE_PREFIX_PATH}:/home/ubuntu/ros2_ws/install/robdep_project:/home/ubuntu/ros2_ws/install/robdep:/opt/ros/galactic /usr/bin/cmake --install /home/ubuntu/ros2_ws/build/robdep_interfaces
[4.572s] Level 1:colcon.colcon_core.environment:create_environment_scripts_only(robdep_project_interfaces)
[4.583s] Level 1:colcon.colcon_core.environment:checking '/home/ubuntu/ros2_ws/install/robdep_project_interfaces' for CMake module files
[4.586s] Level 1:colcon.colcon_core.environment:checking '/home/ubuntu/ros2_ws/install/robdep_project_interfaces' for CMake config files
[4.588s] Level 1:colcon.colcon_core.shell:create_environment_hook('robdep_project_interfaces', 'cmake_prefix_path')
[4.596s] INFO:colcon.colcon_core.shell:Creating environment hook '/home/ubuntu/ros2_ws/install/robdep_project_interfaces/share/robdep_project_interfaces/hook/cmake_prefix_path.ps1'
[4.599s] INFO:colcon.colcon_core.shell:Creating environment descriptor '/home/ubuntu/ros2_ws/install/robdep_project_interfaces/share/robdep_project_interfaces/hook/cmake_prefix_path.dsv'
[4.601s] INFO:colcon.colcon_core.shell:Creating environment hook '/home/ubuntu/ros2_ws/install/robdep_project_interfaces/share/robdep_project_interfaces/hook/cmake_prefix_path.sh'
[4.605s] Level 1:colcon.colcon_core.environment:checking '/home/ubuntu/ros2_ws/install/robdep_project_interfaces/bin'
[4.605s] Level 1:colcon.colcon_core.environment:checking '/home/ubuntu/ros2_ws/install/robdep_project_interfaces/lib/pkgconfig/robdep_project_interfaces.pc'
[4.606s] Level 1:colcon.colcon_core.environment:checking '/home/ubuntu/ros2_ws/install/robdep_project_interfaces/lib/python3.8/site-packages'
[4.608s] Level 1:colcon.colcon_core.environment:checking '/home/ubuntu/ros2_ws/install/robdep_project_interfaces/bin'
[4.616s] INFO:colcon.colcon_core.shell:Creating package script '/home/ubuntu/ros2_ws/install/robdep_project_interfaces/share/robdep_project_interfaces/package.ps1'
[4.621s] INFO:colcon.colcon_core.shell:Creating package descriptor '/home/ubuntu/ros2_ws/install/robdep_project_interfaces/share/robdep_project_interfaces/package.dsv'
[4.624s] INFO:colcon.colcon_core.shell:Creating package script '/home/ubuntu/ros2_ws/install/robdep_project_interfaces/share/robdep_project_interfaces/package.sh'
[4.627s] INFO:colcon.colcon_core.shell:Creating package script '/home/ubuntu/ros2_ws/install/robdep_project_interfaces/share/robdep_project_interfaces/package.bash'
[4.629s] INFO:colcon.colcon_core.shell:Creating package script '/home/ubuntu/ros2_ws/install/robdep_project_interfaces/share/robdep_project_interfaces/package.zsh'
[4.632s] Level 1:colcon.colcon_core.environment:create_file_with_runtime_dependencies(/home/ubuntu/ros2_ws/install/robdep_project_interfaces/share/colcon-core/packages/robdep_project_interfaces)
[4.778s] Level 1:colcon.colcon_core.environment:create_environment_scripts_only(robdep_interfaces)
[4.788s] Level 1:colcon.colcon_core.environment:checking '/home/ubuntu/ros2_ws/install/robdep_interfaces' for CMake module files
[4.799s] DEBUG:colcon.colcon_core.event_handler.log_command:Invoked command in '/home/ubuntu/ros2_ws/build/robdep_interfaces' returned '0': CMAKE_PREFIX_PATH=${CMAKE_PREFIX_PATH}:/home/ubuntu/ros2_ws/install/robdep_project:/home/ubuntu/ros2_ws/install/robdep:/opt/ros/galactic /usr/bin/cmake --install /home/ubuntu/ros2_ws/build/robdep_interfaces
[4.800s] Level 1:colcon.colcon_core.environment:checking '/home/ubuntu/ros2_ws/install/robdep_interfaces' for CMake config files
[4.804s] Level 1:colcon.colcon_core.shell:create_environment_hook('robdep_interfaces', 'cmake_prefix_path')
[4.811s] INFO:colcon.colcon_core.shell:Creating environment hook '/home/ubuntu/ros2_ws/install/robdep_interfaces/share/robdep_interfaces/hook/cmake_prefix_path.ps1'
[4.813s] INFO:colcon.colcon_core.shell:Creating environment descriptor '/home/ubuntu/ros2_ws/install/robdep_interfaces/share/robdep_interfaces/hook/cmake_prefix_path.dsv'
[4.815s] INFO:colcon.colcon_core.shell:Creating environment hook '/home/ubuntu/ros2_ws/install/robdep_interfaces/share/robdep_interfaces/hook/cmake_prefix_path.sh'
[4.818s] Level 1:colcon.colcon_core.environment:checking '/home/ubuntu/ros2_ws/install/robdep_interfaces/lib'
[4.819s] Level 1:colcon.colcon_core.shell:create_environment_hook('robdep_interfaces', 'ld_library_path_lib')
[4.824s] INFO:colcon.colcon_core.shell:Creating environment hook '/home/ubuntu/ros2_ws/install/robdep_interfaces/share/robdep_interfaces/hook/ld_library_path_lib.ps1'
[4.827s] INFO:colcon.colcon_core.shell:Creating environment descriptor '/home/ubuntu/ros2_ws/install/robdep_interfaces/share/robdep_interfaces/hook/ld_library_path_lib.dsv'
[4.829s] INFO:colcon.colcon_core.shell:Creating environment hook '/home/ubuntu/ros2_ws/install/robdep_interfaces/share/robdep_interfaces/hook/ld_library_path_lib.sh'
[4.831s] Level 1:colcon.colcon_core.environment:checking '/home/ubuntu/ros2_ws/install/robdep_interfaces/bin'
[4.832s] Level 1:colcon.colcon_core.environment:checking '/home/ubuntu/ros2_ws/install/robdep_interfaces/lib/pkgconfig/robdep_interfaces.pc'
[4.833s] Level 1:colcon.colcon_core.environment:checking '/home/ubuntu/ros2_ws/install/robdep_interfaces/lib/python3.8/site-packages'
[4.833s] Level 1:colcon.colcon_core.shell:create_environment_hook('robdep_interfaces', 'pythonpath')
[4.839s] INFO:colcon.colcon_core.shell:Creating environment hook '/home/ubuntu/ros2_ws/install/robdep_interfaces/share/robdep_interfaces/hook/pythonpath.ps1'
[4.842s] INFO:colcon.colcon_core.shell:Creating environment descriptor '/home/ubuntu/ros2_ws/install/robdep_interfaces/share/robdep_interfaces/hook/pythonpath.dsv'
[4.844s] INFO:colcon.colcon_core.shell:Creating environment hook '/home/ubuntu/ros2_ws/install/robdep_interfaces/share/robdep_interfaces/hook/pythonpath.sh'
[4.847s] Level 1:colcon.colcon_core.environment:checking '/home/ubuntu/ros2_ws/install/robdep_interfaces/bin'
[4.853s] INFO:colcon.colcon_core.shell:Creating package script '/home/ubuntu/ros2_ws/install/robdep_interfaces/share/robdep_interfaces/package.ps1'
[4.856s] INFO:colcon.colcon_core.shell:Creating package descriptor '/home/ubuntu/ros2_ws/install/robdep_interfaces/share/robdep_interfaces/package.dsv'
[4.858s] INFO:colcon.colcon_core.shell:Creating package script '/home/ubuntu/ros2_ws/install/robdep_interfaces/share/robdep_interfaces/package.sh'
[4.861s] INFO:colcon.colcon_core.shell:Creating package script '/home/ubuntu/ros2_ws/install/robdep_interfaces/share/robdep_interfaces/package.bash'
[4.863s] INFO:colcon.colcon_core.shell:Creating package script '/home/ubuntu/ros2_ws/install/robdep_interfaces/share/robdep_interfaces/package.zsh'
[4.865s] Level 1:colcon.colcon_core.environment:create_file_with_runtime_dependencies(/home/ubuntu/ros2_ws/install/robdep_interfaces/share/colcon-core/packages/robdep_interfaces)
[5.248s] Level 1:colcon.colcon_core.environment:create_environment_scripts_only(robdep_interfaces)
[5.260s] Level 1:colcon.colcon_core.environment:checking '/home/ubuntu/ros2_ws/install/robdep_interfaces' for CMake module files
[5.265s] Level 1:colcon.colcon_core.environment:checking '/home/ubuntu/ros2_ws/install/robdep_interfaces' for CMake config files
[5.268s] Level 1:colcon.colcon_core.shell:create_environment_hook('robdep_interfaces', 'cmake_prefix_path')
[5.275s] INFO:colcon.colcon_core.shell:Creating environment hook '/home/ubuntu/ros2_ws/install/robdep_interfaces/share/robdep_interfaces/hook/cmake_prefix_path.ps1'
[5.278s] INFO:colcon.colcon_core.shell:Creating environment descriptor '/home/ubuntu/ros2_ws/install/robdep_interfaces/share/robdep_interfaces/hook/cmake_prefix_path.dsv'
[5.280s] INFO:colcon.colcon_core.shell:Creating environment hook '/home/ubuntu/ros2_ws/install/robdep_interfaces/share/robdep_interfaces/hook/cmake_prefix_path.sh'
[5.284s] Level 1:colcon.colcon_core.environment:checking '/home/ubuntu/ros2_ws/install/robdep_interfaces/lib'
[5.284s] Level 1:colcon.colcon_core.shell:create_environment_hook('robdep_interfaces', 'ld_library_path_lib')
[5.293s] INFO:colcon.colcon_core.shell:Creating environment hook '/home/ubuntu/ros2_ws/install/robdep_interfaces/share/robdep_interfaces/hook/ld_library_path_lib.ps1'
[5.295s] INFO:colcon.colcon_core.shell:Creating environment descriptor '/home/ubuntu/ros2_ws/install/robdep_interfaces/share/robdep_interfaces/hook/ld_library_path_lib.dsv'
[5.297s] INFO:colcon.colcon_core.shell:Creating environment hook '/home/ubuntu/ros2_ws/install/robdep_interfaces/share/robdep_interfaces/hook/ld_library_path_lib.sh'
[5.299s] Level 1:colcon.colcon_core.environment:checking '/home/ubuntu/ros2_ws/install/robdep_interfaces/bin'
[5.299s] Level 1:colcon.colcon_core.environment:checking '/home/ubuntu/ros2_ws/install/robdep_interfaces/lib/pkgconfig/robdep_interfaces.pc'
[5.300s] Level 1:colcon.colcon_core.environment:checking '/home/ubuntu/ros2_ws/install/robdep_interfaces/lib/python3.8/site-packages'
[5.300s] Level 1:colcon.colcon_core.shell:create_environment_hook('robdep_interfaces', 'pythonpath')
[5.307s] INFO:colcon.colcon_core.shell:Creating environment hook '/home/ubuntu/ros2_ws/install/robdep_interfaces/share/robdep_interfaces/hook/pythonpath.ps1'
[5.310s] INFO:colcon.colcon_core.shell:Creating environment descriptor '/home/ubuntu/ros2_ws/install/robdep_interfaces/share/robdep_interfaces/hook/pythonpath.dsv'
[5.313s] INFO:colcon.colcon_core.shell:Creating environment hook '/home/ubuntu/ros2_ws/install/robdep_interfaces/share/robdep_interfaces/hook/pythonpath.sh'
[5.317s] Level 1:colcon.colcon_core.environment:checking '/home/ubuntu/ros2_ws/install/robdep_interfaces/bin'
[5.326s] INFO:colcon.colcon_core.shell:Creating package script '/home/ubuntu/ros2_ws/install/robdep_interfaces/share/robdep_interfaces/package.ps1'
[5.329s] INFO:colcon.colcon_core.shell:Creating package descriptor '/home/ubuntu/ros2_ws/install/robdep_interfaces/share/robdep_interfaces/package.dsv'
[5.331s] INFO:colcon.colcon_core.shell:Creating package script '/home/ubuntu/ros2_ws/install/robdep_interfaces/share/robdep_interfaces/package.sh'
[5.334s] INFO:colcon.colcon_core.shell:Creating package script '/home/ubuntu/ros2_ws/install/robdep_interfaces/share/robdep_interfaces/package.bash'
[5.337s] INFO:colcon.colcon_core.shell:Creating package script '/home/ubuntu/ros2_ws/install/robdep_interfaces/share/robdep_interfaces/package.zsh'
[5.340s] Level 1:colcon.colcon_core.environment:create_file_with_runtime_dependencies(/home/ubuntu/ros2_ws/install/robdep_interfaces/share/colcon-core/packages/robdep_interfaces)
[5.342s] INFO:colcon.colcon_ros.task.ament_python.build:Building ROS package in '/home/ubuntu/ros2_ws/src/robdep' with build type 'ament_python'
[5.343s] Level 1:colcon.colcon_core.shell:create_environment_hook('robdep', 'ament_prefix_path')
[5.350s] INFO:colcon.colcon_core.shell:Creating environment hook '/home/ubuntu/ros2_ws/install/robdep/share/robdep/hook/ament_prefix_path.ps1'
[5.353s] INFO:colcon.colcon_core.shell:Creating environment descriptor '/home/ubuntu/ros2_ws/install/robdep/share/robdep/hook/ament_prefix_path.dsv'
[5.357s] INFO:colcon.colcon_core.shell:Creating environment hook '/home/ubuntu/ros2_ws/install/robdep/share/robdep/hook/ament_prefix_path.sh'
[5.365s] INFO:colcon.colcon_core.shell:Skip shell extension 'powershell' for command environment: Not usable outside of PowerShell
[5.366s] DEBUG:colcon.colcon_core.shell:Skip shell extension 'dsv' for command environment
[6.656s] INFO:colcon.colcon_core.task.python.build:Building Python package in '/home/ubuntu/ros2_ws/src/robdep'
[6.663s] INFO:colcon.colcon_core.shell:Skip shell extension 'powershell' for command environment: Not usable outside of PowerShell
[6.663s] DEBUG:colcon.colcon_core.shell:Skip shell extension 'dsv' for command environment
[6.714s] DEBUG:colcon.colcon_core.event_handler.log_command:Invoking command in '/home/ubuntu/ros2_ws/src/robdep_project': PYTHONPATH=/home/ubuntu/ros2_ws/build/robdep_project/prefix_override:/home/ubuntu/ros2_ws/install/robdep_project/lib/python3.8/site-packages:${PYTHONPATH} /usr/bin/python3 setup.py egg_info --egg-base ../../build/robdep_project build --build-base /home/ubuntu/ros2_ws/build/robdep_project/build install --record /home/ubuntu/ros2_ws/build/robdep_project/install.log --single-version-externally-managed
[8.273s] Level 1:colcon.colcon_core.environment:checking '/home/ubuntu/ros2_ws/install/robdep_project' for CMake module files
[8.276s] DEBUG:colcon.colcon_core.event_handler.log_command:Invoked command in '/home/ubuntu/ros2_ws/src/robdep_project' returned '0': PYTHONPATH=/home/ubuntu/ros2_ws/build/robdep_project/prefix_override:/home/ubuntu/ros2_ws/install/robdep_project/lib/python3.8/site-packages:${PYTHONPATH} /usr/bin/python3 setup.py egg_info --egg-base ../../build/robdep_project build --build-base /home/ubuntu/ros2_ws/build/robdep_project/build install --record /home/ubuntu/ros2_ws/build/robdep_project/install.log --single-version-externally-managed
[8.277s] Level 1:colcon.colcon_core.environment:checking '/home/ubuntu/ros2_ws/install/robdep_project' for CMake config files
[8.281s] Level 1:colcon.colcon_core.environment:checking '/home/ubuntu/ros2_ws/install/robdep_project/lib'
[8.282s] Level 1:colcon.colcon_core.environment:checking '/home/ubuntu/ros2_ws/install/robdep_project/bin'
[8.282s] Level 1:colcon.colcon_core.environment:checking '/home/ubuntu/ros2_ws/install/robdep_project/lib/pkgconfig/robdep_project.pc'
[8.283s] Level 1:colcon.colcon_core.environment:checking '/home/ubuntu/ros2_ws/install/robdep_project/lib/python3.8/site-packages'
[8.284s] Level 1:colcon.colcon_core.shell:create_environment_hook('robdep_project', 'pythonpath')
[8.291s] INFO:colcon.colcon_core.shell:Creating environment hook '/home/ubuntu/ros2_ws/install/robdep_project/share/robdep_project/hook/pythonpath.ps1'
[8.293s] INFO:colcon.colcon_core.shell:Creating environment descriptor '/home/ubuntu/ros2_ws/install/robdep_project/share/robdep_project/hook/pythonpath.dsv'
[8.295s] INFO:colcon.colcon_core.shell:Creating environment hook '/home/ubuntu/ros2_ws/install/robdep_project/share/robdep_project/hook/pythonpath.sh'
[8.298s] Level 1:colcon.colcon_core.environment:checking '/home/ubuntu/ros2_ws/install/robdep_project/bin'
[8.298s] Level 1:colcon.colcon_core.environment:create_environment_scripts_only(robdep_project)
[8.305s] INFO:colcon.colcon_core.shell:Creating package script '/home/ubuntu/ros2_ws/install/robdep_project/share/robdep_project/package.ps1'
[8.308s] INFO:colcon.colcon_core.shell:Creating package descriptor '/home/ubuntu/ros2_ws/install/robdep_project/share/robdep_project/package.dsv'
[8.310s] INFO:colcon.colcon_core.shell:Creating package script '/home/ubuntu/ros2_ws/install/robdep_project/share/robdep_project/package.sh'
[8.312s] INFO:colcon.colcon_core.shell:Creating package script '/home/ubuntu/ros2_ws/install/robdep_project/share/robdep_project/package.bash'
[8.315s] INFO:colcon.colcon_core.shell:Creating package script '/home/ubuntu/ros2_ws/install/robdep_project/share/robdep_project/package.zsh'
[8.317s] Level 1:colcon.colcon_core.environment:create_file_with_runtime_dependencies(/home/ubuntu/ros2_ws/install/robdep_project/share/colcon-core/packages/robdep_project)
[8.548s] DEBUG:colcon.colcon_core.event_handler.log_command:Invoking command in '/home/ubuntu/ros2_ws/src/robdep': CMAKE_PREFIX_PATH=/home/ubuntu/ros2_ws/install/robdep_interfaces:/home/ubuntu/ros2_ws/install/robdep_project_interfaces PYTHONPATH=/home/ubuntu/ros2_ws/build/robdep/prefix_override:/home/ubuntu/ros2_ws/install/robdep/lib/python3.8/site-packages:/home/ubuntu/ros2_ws/install/robdep_interfaces/lib/python3.8/site-packages:/home/ubuntu/ros2_ws/install/robdep_project/lib/python3.8/site-packages:/home/ubuntu/ros2_ws/install/robdep/lib/python3.8/site-packages:/opt/ros/galactic/lib/python3.8/site-packages /usr/bin/python3 setup.py egg_info --egg-base ../../build/robdep build --build-base /home/ubuntu/ros2_ws/build/robdep/build install --record /home/ubuntu/ros2_ws/build/robdep/install.log --single-version-externally-managed
[9.892s] Level 1:colcon.colcon_core.environment:checking '/home/ubuntu/ros2_ws/install/robdep' for CMake module files
[9.894s] DEBUG:colcon.colcon_core.event_handler.log_command:Invoked command in '/home/ubuntu/ros2_ws/src/robdep' returned '0': CMAKE_PREFIX_PATH=/home/ubuntu/ros2_ws/install/robdep_interfaces:/home/ubuntu/ros2_ws/install/robdep_project_interfaces PYTHONPATH=/home/ubuntu/ros2_ws/build/robdep/prefix_override:/home/ubuntu/ros2_ws/install/robdep/lib/python3.8/site-packages:/home/ubuntu/ros2_ws/install/robdep_interfaces/lib/python3.8/site-packages:/home/ubuntu/ros2_ws/install/robdep_project/lib/python3.8/site-packages:/home/ubuntu/ros2_ws/install/robdep/lib/python3.8/site-packages:/opt/ros/galactic/lib/python3.8/site-packages /usr/bin/python3 setup.py egg_info --egg-base ../../build/robdep build --build-base /home/ubuntu/ros2_ws/build/robdep/build install --record /home/ubuntu/ros2_ws/build/robdep/install.log --single-version-externally-managed
[9.896s] Level 1:colcon.colcon_core.environment:checking '/home/ubuntu/ros2_ws/install/robdep' for CMake config files
[9.900s] Level 1:colcon.colcon_core.environment:checking '/home/ubuntu/ros2_ws/install/robdep/lib'
[9.900s] Level 1:colcon.colcon_core.environment:checking '/home/ubuntu/ros2_ws/install/robdep/bin'
[9.901s] Level 1:colcon.colcon_core.environment:checking '/home/ubuntu/ros2_ws/install/robdep/lib/pkgconfig/robdep.pc'
[9.902s] Level 1:colcon.colcon_core.environment:checking '/home/ubuntu/ros2_ws/install/robdep/lib/python3.8/site-packages'
[9.902s] Level 1:colcon.colcon_core.shell:create_environment_hook('robdep', 'pythonpath')
[9.909s] INFO:colcon.colcon_core.shell:Creating environment hook '/home/ubuntu/ros2_ws/install/robdep/share/robdep/hook/pythonpath.ps1'
[9.911s] INFO:colcon.colcon_core.shell:Creating environment descriptor '/home/ubuntu/ros2_ws/install/robdep/share/robdep/hook/pythonpath.dsv'
[9.913s] INFO:colcon.colcon_core.shell:Creating environment hook '/home/ubuntu/ros2_ws/install/robdep/share/robdep/hook/pythonpath.sh'
[9.915s] Level 1:colcon.colcon_core.environment:checking '/home/ubuntu/ros2_ws/install/robdep/bin'
[9.916s] Level 1:colcon.colcon_core.environment:create_environment_scripts_only(robdep)
[9.921s] INFO:colcon.colcon_core.shell:Creating package script '/home/ubuntu/ros2_ws/install/robdep/share/robdep/package.ps1'
[9.924s] INFO:colcon.colcon_core.shell:Creating package descriptor '/home/ubuntu/ros2_ws/install/robdep/share/robdep/package.dsv'
[9.926s] INFO:colcon.colcon_core.shell:Creating package script '/home/ubuntu/ros2_ws/install/robdep/share/robdep/package.sh'
[9.928s] INFO:colcon.colcon_core.shell:Creating package script '/home/ubuntu/ros2_ws/install/robdep/share/robdep/package.bash'
[9.930s] INFO:colcon.colcon_core.shell:Creating package script '/home/ubuntu/ros2_ws/install/robdep/share/robdep/package.zsh'
[9.932s] Level 1:colcon.colcon_core.environment:create_file_with_runtime_dependencies(/home/ubuntu/ros2_ws/install/robdep/share/colcon-core/packages/robdep)
[9.933s] DEBUG:colcon.colcon_parallel_executor.executor.parallel:closing loop
[9.934s] DEBUG:colcon.colcon_parallel_executor.executor.parallel:loop closed
[9.935s] DEBUG:colcon.colcon_parallel_executor.executor.parallel:run_until_complete finished with '0'
[9.935s] DEBUG:colcon.colcon_core.event_reactor:joining thread
[9.961s] INFO:colcon.colcon_core.plugin_system:Skipping extension 'colcon_notification.desktop_notification.notify_send': Could not find 'notify-send'
[9.961s] INFO:colcon.colcon_core.plugin_system:Skipping extension 'colcon_notification.desktop_notification.terminal_notifier': Not used on non-Darwin systems
[9.961s] INFO:colcon.colcon_core.plugin_system:Skipping extension 'colcon_notification.desktop_notification.win32': Not used on non-Windows systems
[9.961s] INFO:colcon.colcon_notification.desktop_notification:Sending desktop notification using 'notify2'
[9.964s] DEBUG:colcon.colcon_notification.desktop_notification.notify2:Failed to initialize notify2: org.freedesktop.DBus.Error.ServiceUnknown: The name org.freedesktop.Notifications was not provided by any .service files
[9.965s] DEBUG:colcon.colcon_core.event_reactor:joined thread
[9.971s] INFO:colcon.colcon_core.shell:Creating prefix script '/home/ubuntu/ros2_ws/install/local_setup.ps1'
[9.974s] INFO:colcon.colcon_core.shell:Creating prefix util module '/home/ubuntu/ros2_ws/install/_local_setup_util_ps1.py'
[9.980s] INFO:colcon.colcon_core.shell:Creating prefix chain script '/home/ubuntu/ros2_ws/install/setup.ps1'
[9.987s] INFO:colcon.colcon_core.shell:Creating prefix script '/home/ubuntu/ros2_ws/install/local_setup.sh'
[9.989s] INFO:colcon.colcon_core.shell:Creating prefix util module '/home/ubuntu/ros2_ws/install/_local_setup_util_sh.py'
[9.991s] INFO:colcon.colcon_core.shell:Creating prefix chain script '/home/ubuntu/ros2_ws/install/setup.sh'
[9.998s] INFO:colcon.colcon_core.shell:Creating prefix script '/home/ubuntu/ros2_ws/install/local_setup.bash'
[10.000s] INFO:colcon.colcon_core.shell:Creating prefix chain script '/home/ubuntu/ros2_ws/install/setup.bash'
[10.006s] INFO:colcon.colcon_core.shell:Creating prefix script '/home/ubuntu/ros2_ws/install/local_setup.zsh'
[10.008s] INFO:colcon.colcon_core.shell:Creating prefix chain script '/home/ubuntu/ros2_ws/install/setup.zsh'
