[4.446s] Invoking command in '/home/ubuntu/ros2_ws/src/robdep': CMAKE_PREFIX_PATH=/home/ubuntu/ros2_ws/install/robdep_interfaces:/home/ubuntu/ros2_ws/install/robdep_project_interfaces PYTHONPATH=/home/ubuntu/ros2_ws/build/robdep/prefix_override:/home/ubuntu/ros2_ws/install/robdep/lib/python3.8/site-packages:/home/ubuntu/ros2_ws/install/robdep_interfaces/lib/python3.8/site-packages:/home/ubuntu/ros2_ws/install/robdep_project/lib/python3.8/site-packages:/home/ubuntu/ros2_ws/install/robdep/lib/python3.8/site-packages:/opt/ros/galactic/lib/python3.8/site-packages /usr/bin/python3 setup.py egg_info --egg-base ../../build/robdep build --build-base /home/ubuntu/ros2_ws/build/robdep/build install --record /home/ubuntu/ros2_ws/build/robdep/install.log --single-version-externally-managed
[6.024s] running egg_info
[6.026s] writing ../../build/robdep/robdep.egg-info/PKG-INFO
[6.027s] writing dependency_links to ../../build/robdep/robdep.egg-info/dependency_links.txt
[6.028s] writing entry points to ../../build/robdep/robdep.egg-info/entry_points.txt
[6.029s] writing requirements to ../../build/robdep/robdep.egg-info/requires.txt
[6.030s] writing top-level names to ../../build/robdep/robdep.egg-info/top_level.txt
[6.198s] reading manifest file '../../build/robdep/robdep.egg-info/SOURCES.txt'
[6.202s] writing manifest file '../../build/robdep/robdep.egg-info/SOURCES.txt'
[6.203s] running build
[6.203s] running build_py
[6.206s] running install
[6.211s] running install_lib
[6.221s] running install_data
[6.223s] running install_egg_info
[6.231s] removing '/home/ubuntu/ros2_ws/install/robdep/lib/python3.8/site-packages/robdep-0.0.0-py3.8.egg-info' (and everything under it)
[6.233s] Copying ../../build/robdep/robdep.egg-info to /home/ubuntu/ros2_ws/install/robdep/lib/python3.8/site-packages/robdep-0.0.0-py3.8.egg-info
[6.237s] running install_scripts
[6.324s] Installing blob_detector script to /home/ubuntu/ros2_ws/install/robdep/lib/robdep
[6.325s] Installing blob_printer script to /home/ubuntu/ros2_ws/install/robdep/lib/robdep
[6.326s] Installing blob_runner script to /home/ubuntu/ros2_ws/install/robdep/lib/robdep
[6.327s] Installing bot_run script to /home/ubuntu/ros2_ws/install/robdep/lib/robdep
[6.327s] Installing get_images script to /home/ubuntu/ros2_ws/install/robdep/lib/robdep
[6.328s] Installing mask_publisher script to /home/ubuntu/ros2_ws/install/robdep/lib/robdep
[6.331s] writing list of installed files to '/home/ubuntu/ros2_ws/build/robdep/install.log'
[6.469s] Invoked command in '/home/ubuntu/ros2_ws/src/robdep' returned '0': CMAKE_PREFIX_PATH=/home/ubuntu/ros2_ws/install/robdep_interfaces:/home/ubuntu/ros2_ws/install/robdep_project_interfaces PYTHONPATH=/home/ubuntu/ros2_ws/build/robdep/prefix_override:/home/ubuntu/ros2_ws/install/robdep/lib/python3.8/site-packages:/home/ubuntu/ros2_ws/install/robdep_interfaces/lib/python3.8/site-packages:/home/ubuntu/ros2_ws/install/robdep_project/lib/python3.8/site-packages:/home/ubuntu/ros2_ws/install/robdep/lib/python3.8/site-packages:/opt/ros/galactic/lib/python3.8/site-packages /usr/bin/python3 setup.py egg_info --egg-base ../../build/robdep build --build-base /home/ubuntu/ros2_ws/build/robdep/build install --record /home/ubuntu/ros2_ws/build/robdep/install.log --single-version-externally-managed
