[3.186s] Invoking command in '/home/ubuntu/ros2_ws/src/robdep': PYTHONPATH=/home/ubuntu/ros2_ws/build/robdep/prefix_override:/home/ubuntu/ros2_ws/install/robdep/lib/python3.8/site-packages:/home/ubuntu/ros2_ws/install/robdep_interfaces/lib/python3.8/site-packages:/home/ubuntu/ros2_ws/install/robdep/lib/python3.8/site-packages:/opt/ros/galactic/lib/python3.8/site-packages /usr/bin/python3 setup.py egg_info --egg-base ../../build/robdep build --build-base /home/ubuntu/ros2_ws/build/robdep/build install --record /home/ubuntu/ros2_ws/build/robdep/install.log --single-version-externally-managed
[4.372s] running egg_info
[4.375s] writing ../../build/robdep/robdep.egg-info/PKG-INFO
[4.377s] writing dependency_links to ../../build/robdep/robdep.egg-info/dependency_links.txt
[4.378s] writing entry points to ../../build/robdep/robdep.egg-info/entry_points.txt
[4.383s] writing requirements to ../../build/robdep/robdep.egg-info/requires.txt
[4.384s] writing top-level names to ../../build/robdep/robdep.egg-info/top_level.txt
[4.534s] reading manifest file '../../build/robdep/robdep.egg-info/SOURCES.txt'
[4.538s] writing manifest file '../../build/robdep/robdep.egg-info/SOURCES.txt'
[4.539s] running build
[4.540s] running build_py
[4.541s] copying robdep/get_images.py -> /home/ubuntu/ros2_ws/build/robdep/build/lib/robdep
[4.544s] running install
[4.548s] running install_lib
[4.553s] copying /home/ubuntu/ros2_ws/build/robdep/build/lib/robdep/get_images.py -> /home/ubuntu/ros2_ws/install/robdep/lib/python3.8/site-packages/robdep
[4.558s] byte-compiling /home/ubuntu/ros2_ws/install/robdep/lib/python3.8/site-packages/robdep/get_images.py to get_images.cpython-38.pyc
[4.564s] running install_data
[4.566s] running install_egg_info
[4.572s] removing '/home/ubuntu/ros2_ws/install/robdep/lib/python3.8/site-packages/robdep-0.0.0-py3.8.egg-info' (and everything under it)
[4.574s] Copying ../../build/robdep/robdep.egg-info to /home/ubuntu/ros2_ws/install/robdep/lib/python3.8/site-packages/robdep-0.0.0-py3.8.egg-info
[4.582s] running install_scripts
[4.664s] Installing blob_detector script to /home/ubuntu/ros2_ws/install/robdep/lib/robdep
[4.665s] Installing blob_printer script to /home/ubuntu/ros2_ws/install/robdep/lib/robdep
[4.666s] Installing blob_runner script to /home/ubuntu/ros2_ws/install/robdep/lib/robdep
[4.667s] Installing bot_run script to /home/ubuntu/ros2_ws/install/robdep/lib/robdep
[4.668s] Installing get_images script to /home/ubuntu/ros2_ws/install/robdep/lib/robdep
[4.670s] writing list of installed files to '/home/ubuntu/ros2_ws/build/robdep/install.log'
[4.807s] Invoked command in '/home/ubuntu/ros2_ws/src/robdep' returned '0': PYTHONPATH=/home/ubuntu/ros2_ws/build/robdep/prefix_override:/home/ubuntu/ros2_ws/install/robdep/lib/python3.8/site-packages:/home/ubuntu/ros2_ws/install/robdep_interfaces/lib/python3.8/site-packages:/home/ubuntu/ros2_ws/install/robdep/lib/python3.8/site-packages:/opt/ros/galactic/lib/python3.8/site-packages /usr/bin/python3 setup.py egg_info --egg-base ../../build/robdep build --build-base /home/ubuntu/ros2_ws/build/robdep/build install --record /home/ubuntu/ros2_ws/build/robdep/install.log --single-version-externally-managed
