[4.705s] Invoking command in '/home/ubuntu/ros2_ws/src/robdep': CMAKE_PREFIX_PATH=/home/ubuntu/ros2_ws/install/robdep_interfaces:/home/ubuntu/ros2_ws/install/robdep_project_interfaces PYTHONPATH=/home/ubuntu/ros2_ws/build/robdep/prefix_override:/home/ubuntu/ros2_ws/install/robdep/lib/python3.8/site-packages:/home/ubuntu/ros2_ws/install/robdep_interfaces/lib/python3.8/site-packages:/home/ubuntu/ros2_ws/install/robdep_project/lib/python3.8/site-packages:/home/ubuntu/ros2_ws/install/robdep/lib/python3.8/site-packages:/opt/ros/galactic/lib/python3.8/site-packages /usr/bin/python3 setup.py egg_info --egg-base ../../build/robdep build --build-base /home/ubuntu/ros2_ws/build/robdep/build install --record /home/ubuntu/ros2_ws/build/robdep/install.log --single-version-externally-managed
[6.224s] running egg_info
[6.227s] writing ../../build/robdep/robdep.egg-info/PKG-INFO
[6.228s] writing dependency_links to ../../build/robdep/robdep.egg-info/dependency_links.txt
[6.229s] writing entry points to ../../build/robdep/robdep.egg-info/entry_points.txt
[6.230s] writing requirements to ../../build/robdep/robdep.egg-info/requires.txt
[6.230s] writing top-level names to ../../build/robdep/robdep.egg-info/top_level.txt
[6.399s] reading manifest file '../../build/robdep/robdep.egg-info/SOURCES.txt'
[6.405s] writing manifest file '../../build/robdep/robdep.egg-info/SOURCES.txt'
[6.406s] running build
[6.407s] running build_py
[6.412s] running install
[6.416s] running install_lib
[6.424s] running install_data
[6.426s] running install_egg_info
[6.435s] removing '/home/ubuntu/ros2_ws/install/robdep/lib/python3.8/site-packages/robdep-0.0.0-py3.8.egg-info' (and everything under it)
[6.436s] Copying ../../build/robdep/robdep.egg-info to /home/ubuntu/ros2_ws/install/robdep/lib/python3.8/site-packages/robdep-0.0.0-py3.8.egg-info
[6.447s] running install_scripts
[6.532s] Installing blob_detector script to /home/ubuntu/ros2_ws/install/robdep/lib/robdep
[6.533s] Installing blob_printer script to /home/ubuntu/ros2_ws/install/robdep/lib/robdep
[6.534s] Installing blob_runner script to /home/ubuntu/ros2_ws/install/robdep/lib/robdep
[6.535s] Installing bot_run script to /home/ubuntu/ros2_ws/install/robdep/lib/robdep
[6.536s] Installing get_images script to /home/ubuntu/ros2_ws/install/robdep/lib/robdep
[6.538s] Installing mask_publisher script to /home/ubuntu/ros2_ws/install/robdep/lib/robdep
[6.543s] writing list of installed files to '/home/ubuntu/ros2_ws/build/robdep/install.log'
[6.689s] Invoked command in '/home/ubuntu/ros2_ws/src/robdep' returned '0': CMAKE_PREFIX_PATH=/home/ubuntu/ros2_ws/install/robdep_interfaces:/home/ubuntu/ros2_ws/install/robdep_project_interfaces PYTHONPATH=/home/ubuntu/ros2_ws/build/robdep/prefix_override:/home/ubuntu/ros2_ws/install/robdep/lib/python3.8/site-packages:/home/ubuntu/ros2_ws/install/robdep_interfaces/lib/python3.8/site-packages:/home/ubuntu/ros2_ws/install/robdep_project/lib/python3.8/site-packages:/home/ubuntu/ros2_ws/install/robdep/lib/python3.8/site-packages:/opt/ros/galactic/lib/python3.8/site-packages /usr/bin/python3 setup.py egg_info --egg-base ../../build/robdep build --build-base /home/ubuntu/ros2_ws/build/robdep/build install --record /home/ubuntu/ros2_ws/build/robdep/install.log --single-version-externally-managed
