[1.581s] DEBUG:colcon:Command line arguments: ['/usr/bin/colcon', 'build']
[1.581s] DEBUG:colcon:Parsed command line arguments: Namespace(allow_overriding=[], ament_cmake_args=None, base_paths=['.'], build_base='build', catkin_cmake_args=None, catkin_skip_building_tests=False, cmake_args=None, cmake_clean_cache=False, cmake_clean_first=False, cmake_force_configure=False, cmake_target=None, cmake_target_skip_unavailable=False, continue_on_error=False, event_handlers=None, executor='parallel', ignore_user_meta=False, install_base='install', log_base=None, log_level=None, main=<bound method BuildVerb.main of <colcon_core.verb.build.BuildVerb object at 0xffff9c17c580>>, merge_install=False, metas=['./colcon.meta'], packages_above=None, packages_above_and_dependencies=None, packages_above_depth=None, packages_end=None, packages_ignore=None, packages_ignore_regex=None, packages_select=None, packages_select_build_failed=False, packages_select_by_dep=None, packages_select_regex=None, packages_select_test_failures=False, packages_skip=None, packages_skip_build_finished=False, packages_skip_by_dep=None, packages_skip_regex=None, packages_skip_test_passed=False, packages_skip_up_to=None, packages_start=None, packages_up_to=None, packages_up_to_regex=None, parallel_workers=4, paths=None, symlink_install=False, test_result_base=None, verb_extension=<colcon_core.verb.build.BuildVerb object at 0xffff9c17c580>, verb_name='build', verb_parser=<colcon_defaults.argument_parser.defaults.DefaultArgumentsDecorator object at 0xffff9c17cac0>)
[1.706s] Level 1:colcon.colcon_core.package_discovery:discover_packages(colcon_meta) check parameters
[1.707s] Level 1:colcon.colcon_core.package_discovery:discover_packages(recursive) check parameters
[1.707s] Level 1:colcon.colcon_core.package_discovery:discover_packages(ignore) check parameters
[1.707s] Level 1:colcon.colcon_core.package_discovery:discover_packages(path) check parameters
[1.707s] Level 1:colcon.colcon_core.package_discovery:discover_packages(colcon_meta) discover
[1.707s] Level 1:colcon.colcon_core.package_discovery:discover_packages(recursive) discover
[1.707s] INFO:colcon.colcon_core.package_discovery:Crawling recursively for packages in '/home/ubuntu/ros2_ws'
[1.708s] Level 1:colcon.colcon_core.package_identification:_identify(.) by extensions ['ignore', 'ignore_ament_install']
[1.708s] Level 1:colcon.colcon_core.package_identification:_identify(.) by extension 'ignore'
[1.708s] Level 1:colcon.colcon_core.package_identification:_identify(.) by extension 'ignore_ament_install'
[1.708s] Level 1:colcon.colcon_core.package_identification:_identify(.) by extensions ['colcon_pkg']
[1.709s] Level 1:colcon.colcon_core.package_identification:_identify(.) by extension 'colcon_pkg'
[1.709s] Level 1:colcon.colcon_core.package_identification:_identify(.) by extensions ['colcon_meta']
[1.709s] Level 1:colcon.colcon_core.package_identification:_identify(.) by extension 'colcon_meta'
[1.709s] Level 1:colcon.colcon_core.package_identification:_identify(.) by extensions ['ros']
[1.709s] Level 1:colcon.colcon_core.package_identification:_identify(.) by extension 'ros'
[1.754s] Level 1:colcon.colcon_core.package_identification:_identify(.) by extensions ['cmake', 'python']
[1.754s] Level 1:colcon.colcon_core.package_identification:_identify(.) by extension 'cmake'
[1.754s] Level 1:colcon.colcon_core.package_identification:_identify(.) by extension 'python'
[1.754s] Level 1:colcon.colcon_core.package_identification:_identify(.) by extensions ['python_setup_py']
[1.754s] Level 1:colcon.colcon_core.package_identification:_identify(.) by extension 'python_setup_py'
[1.755s] Level 1:colcon.colcon_core.package_identification:_identify(build) by extensions ['ignore', 'ignore_ament_install']
[1.755s] Level 1:colcon.colcon_core.package_identification:_identify(build) by extension 'ignore'
[1.755s] Level 1:colcon.colcon_core.package_identification:_identify(build) ignored
[1.756s] Level 1:colcon.colcon_core.package_identification:_identify(install) by extensions ['ignore', 'ignore_ament_install']
[1.756s] Level 1:colcon.colcon_core.package_identification:_identify(install) by extension 'ignore'
[1.756s] Level 1:colcon.colcon_core.package_identification:_identify(install) ignored
[1.758s] Level 1:colcon.colcon_core.package_identification:_identify(log) by extensions ['ignore', 'ignore_ament_install']
[1.759s] Level 1:colcon.colcon_core.package_identification:_identify(log) by extension 'ignore'
[1.759s] Level 1:colcon.colcon_core.package_identification:_identify(log) ignored
[1.759s] Level 1:colcon.colcon_core.package_identification:_identify(src) by extensions ['ignore', 'ignore_ament_install']
[1.760s] Level 1:colcon.colcon_core.package_identification:_identify(src) by extension 'ignore'
[1.760s] Level 1:colcon.colcon_core.package_identification:_identify(src) by extension 'ignore_ament_install'
[1.760s] Level 1:colcon.colcon_core.package_identification:_identify(src) by extensions ['colcon_pkg']
[1.760s] Level 1:colcon.colcon_core.package_identification:_identify(src) by extension 'colcon_pkg'
[1.760s] Level 1:colcon.colcon_core.package_identification:_identify(src) by extensions ['colcon_meta']
[1.760s] Level 1:colcon.colcon_core.package_identification:_identify(src) by extension 'colcon_meta'
[1.761s] Level 1:colcon.colcon_core.package_identification:_identify(src) by extensions ['ros']
[1.761s] Level 1:colcon.colcon_core.package_identification:_identify(src) by extension 'ros'
[1.761s] Level 1:colcon.colcon_core.package_identification:_identify(src) by extensions ['cmake', 'python']
[1.761s] Level 1:colcon.colcon_core.package_identification:_identify(src) by extension 'cmake'
[1.761s] Level 1:colcon.colcon_core.package_identification:_identify(src) by extension 'python'
[1.761s] Level 1:colcon.colcon_core.package_identification:_identify(src) by extensions ['python_setup_py']
[1.762s] Level 1:colcon.colcon_core.package_identification:_identify(src) by extension 'python_setup_py'
[1.762s] Level 1:colcon.colcon_core.package_identification:_identify(src/robdep) by extensions ['ignore', 'ignore_ament_install']
[1.762s] Level 1:colcon.colcon_core.package_identification:_identify(src/robdep) by extension 'ignore'
[1.763s] Level 1:colcon.colcon_core.package_identification:_identify(src/robdep) by extension 'ignore_ament_install'
[1.763s] Level 1:colcon.colcon_core.package_identification:_identify(src/robdep) by extensions ['colcon_pkg']
[1.763s] Level 1:colcon.colcon_core.package_identification:_identify(src/robdep) by extension 'colcon_pkg'
[1.763s] Level 1:colcon.colcon_core.package_identification:_identify(src/robdep) by extensions ['colcon_meta']
[1.763s] Level 1:colcon.colcon_core.package_identification:_identify(src/robdep) by extension 'colcon_meta'
[1.763s] Level 1:colcon.colcon_core.package_identification:_identify(src/robdep) by extensions ['ros']
[1.763s] Level 1:colcon.colcon_core.package_identification:_identify(src/robdep) by extension 'ros'
[1.774s] DEBUG:colcon.colcon_core.package_identification:Package 'src/robdep' with type 'ros.ament_python' and name 'robdep'
[1.774s] Level 1:colcon.colcon_core.package_identification:_identify(src/robdep_interfaces) by extensions ['ignore', 'ignore_ament_install']
[1.775s] Level 1:colcon.colcon_core.package_identification:_identify(src/robdep_interfaces) by extension 'ignore'
[1.775s] Level 1:colcon.colcon_core.package_identification:_identify(src/robdep_interfaces) by extension 'ignore_ament_install'
[1.775s] Level 1:colcon.colcon_core.package_identification:_identify(src/robdep_interfaces) by extensions ['colcon_pkg']
[1.776s] Level 1:colcon.colcon_core.package_identification:_identify(src/robdep_interfaces) by extension 'colcon_pkg'
[1.776s] Level 1:colcon.colcon_core.package_identification:_identify(src/robdep_interfaces) by extensions ['colcon_meta']
[1.776s] Level 1:colcon.colcon_core.package_identification:_identify(src/robdep_interfaces) by extension 'colcon_meta'
[1.776s] Level 1:colcon.colcon_core.package_identification:_identify(src/robdep_interfaces) by extensions ['ros']
[1.776s] Level 1:colcon.colcon_core.package_identification:_identify(src/robdep_interfaces) by extension 'ros'
[1.778s] DEBUG:colcon.colcon_core.package_identification:Package 'src/robdep_interfaces' with type 'ros.ament_cmake' and name 'robdep_interfaces'
[1.779s] Level 1:colcon.colcon_core.package_identification:_identify(src/robdep_project) by extensions ['ignore', 'ignore_ament_install']
[1.779s] Level 1:colcon.colcon_core.package_identification:_identify(src/robdep_project) by extension 'ignore'
[1.779s] Level 1:colcon.colcon_core.package_identification:_identify(src/robdep_project) by extension 'ignore_ament_install'
[1.780s] Level 1:colcon.colcon_core.package_identification:_identify(src/robdep_project) by extensions ['colcon_pkg']
[1.780s] Level 1:colcon.colcon_core.package_identification:_identify(src/robdep_project) by extension 'colcon_pkg'
[1.780s] Level 1:colcon.colcon_core.package_identification:_identify(src/robdep_project) by extensions ['colcon_meta']
[1.780s] Level 1:colcon.colcon_core.package_identification:_identify(src/robdep_project) by extension 'colcon_meta'
[1.780s] Level 1:colcon.colcon_core.package_identification:_identify(src/robdep_project) by extensions ['ros']
[1.780s] Level 1:colcon.colcon_core.package_identification:_identify(src/robdep_project) by extension 'ros'
[1.782s] DEBUG:colcon.colcon_core.package_identification:Package 'src/robdep_project' with type 'ros.ament_python' and name 'robdep_project'
[1.783s] Level 1:colcon.colcon_core.package_identification:_identify(src/robdep_project_interfaces) by extensions ['ignore', 'ignore_ament_install']
[1.783s] Level 1:colcon.colcon_core.package_identification:_identify(src/robdep_project_interfaces) by extension 'ignore'
[1.783s] Level 1:colcon.colcon_core.package_identification:_identify(src/robdep_project_interfaces) by extension 'ignore_ament_install'
[1.783s] Level 1:colcon.colcon_core.package_identification:_identify(src/robdep_project_interfaces) by extensions ['colcon_pkg']
[1.783s] Level 1:colcon.colcon_core.package_identification:_identify(src/robdep_project_interfaces) by extension 'colcon_pkg'
[1.784s] Level 1:colcon.colcon_core.package_identification:_identify(src/robdep_project_interfaces) by extensions ['colcon_meta']
[1.784s] Level 1:colcon.colcon_core.package_identification:_identify(src/robdep_project_interfaces) by extension 'colcon_meta'
[1.784s] Level 1:colcon.colcon_core.package_identification:_identify(src/robdep_project_interfaces) by extensions ['ros']
[1.784s] Level 1:colcon.colcon_core.package_identification:_identify(src/robdep_project_interfaces) by extension 'ros'
[1.786s] DEBUG:colcon.colcon_core.package_identification:Package 'src/robdep_project_interfaces' with type 'ros.ament_cmake' and name 'robdep_project_interfaces'
[1.786s] Level 1:colcon.colcon_core.package_discovery:discover_packages(recursive) using defaults
[1.787s] Level 1:colcon.colcon_core.package_discovery:discover_packages(ignore) discover
[1.787s] Level 1:colcon.colcon_core.package_discovery:discover_packages(ignore) using defaults
[1.787s] Level 1:colcon.colcon_core.package_discovery:discover_packages(path) discover
[1.787s] Level 1:colcon.colcon_core.package_discovery:discover_packages(path) using defaults
[1.882s] Level 1:colcon.colcon_core.package_discovery:discover_packages(prefix_path) check parameters
[1.882s] Level 1:colcon.colcon_core.package_discovery:discover_packages(prefix_path) discover
[1.897s] DEBUG:colcon.colcon_installed_package_information.package_discovery:Found 4 installed packages in /home/ubuntu/ros2_ws/install
[1.908s] DEBUG:colcon.colcon_installed_package_information.package_discovery:Found 288 installed packages in /opt/ros/galactic
[1.915s] Level 1:colcon.colcon_core.package_discovery:discover_packages(prefix_path) using defaults
[2.187s] Level 5:colcon.colcon_core.verb:set package 'robdep_interfaces' build argument 'cmake_args' from command line to 'None'
[2.188s] Level 5:colcon.colcon_core.verb:set package 'robdep_interfaces' build argument 'cmake_target' from command line to 'None'
[2.188s] Level 5:colcon.colcon_core.verb:set package 'robdep_interfaces' build argument 'cmake_target_skip_unavailable' from command line to 'False'
[2.188s] Level 5:colcon.colcon_core.verb:set package 'robdep_interfaces' build argument 'cmake_clean_cache' from command line to 'False'
[2.188s] Level 5:colcon.colcon_core.verb:set package 'robdep_interfaces' build argument 'cmake_clean_first' from command line to 'False'
[2.188s] Level 5:colcon.colcon_core.verb:set package 'robdep_interfaces' build argument 'cmake_force_configure' from command line to 'False'
[2.188s] Level 5:colcon.colcon_core.verb:set package 'robdep_interfaces' build argument 'ament_cmake_args' from command line to 'None'
[2.188s] Level 5:colcon.colcon_core.verb:set package 'robdep_interfaces' build argument 'catkin_cmake_args' from command line to 'None'
[2.188s] Level 5:colcon.colcon_core.verb:set package 'robdep_interfaces' build argument 'catkin_skip_building_tests' from command line to 'False'
[2.188s] DEBUG:colcon.colcon_core.verb:Building package 'robdep_interfaces' with the following arguments: {'ament_cmake_args': None, 'build_base': '/home/ubuntu/ros2_ws/build/robdep_interfaces', 'catkin_cmake_args': None, 'catkin_skip_building_tests': False, 'cmake_args': None, 'cmake_clean_cache': False, 'cmake_clean_first': False, 'cmake_force_configure': False, 'cmake_target': None, 'cmake_target_skip_unavailable': False, 'install_base': '/home/ubuntu/ros2_ws/install/robdep_interfaces', 'merge_install': False, 'path': '/home/ubuntu/ros2_ws/src/robdep_interfaces', 'symlink_install': False, 'test_result_base': None}
[2.194s] Level 5:colcon.colcon_core.verb:set package 'robdep_project' build argument 'cmake_args' from command line to 'None'
[2.194s] Level 5:colcon.colcon_core.verb:set package 'robdep_project' build argument 'cmake_target' from command line to 'None'
[2.194s] Level 5:colcon.colcon_core.verb:set package 'robdep_project' build argument 'cmake_target_skip_unavailable' from command line to 'False'
[2.194s] Level 5:colcon.colcon_core.verb:set package 'robdep_project' build argument 'cmake_clean_cache' from command line to 'False'
[2.194s] Level 5:colcon.colcon_core.verb:set package 'robdep_project' build argument 'cmake_clean_first' from command line to 'False'
[2.194s] Level 5:colcon.colcon_core.verb:set package 'robdep_project' build argument 'cmake_force_configure' from command line to 'False'
[2.195s] Level 5:colcon.colcon_core.verb:set package 'robdep_project' build argument 'ament_cmake_args' from command line to 'None'
[2.195s] Level 5:colcon.colcon_core.verb:set package 'robdep_project' build argument 'catkin_cmake_args' from command line to 'None'
[2.195s] Level 5:colcon.colcon_core.verb:set package 'robdep_project' build argument 'catkin_skip_building_tests' from command line to 'False'
[2.195s] DEBUG:colcon.colcon_core.verb:Building package 'robdep_project' with the following arguments: {'ament_cmake_args': None, 'build_base': '/home/ubuntu/ros2_ws/build/robdep_project', 'catkin_cmake_args': None, 'catkin_skip_building_tests': False, 'cmake_args': None, 'cmake_clean_cache': False, 'cmake_clean_first': False, 'cmake_force_configure': False, 'cmake_target': None, 'cmake_target_skip_unavailable': False, 'install_base': '/home/ubuntu/ros2_ws/install/robdep_project', 'merge_install': False, 'path': '/home/ubuntu/ros2_ws/src/robdep_project', 'symlink_install': False, 'test_result_base': None}
[2.200s] Level 5:colcon.colcon_core.verb:set package 'robdep_project_interfaces' build argument 'cmake_args' from command line to 'None'
[2.200s] Level 5:colcon.colcon_core.verb:set package 'robdep_project_interfaces' build argument 'cmake_target' from command line to 'None'
[2.200s] Level 5:colcon.colcon_core.verb:set package 'robdep_project_interfaces' build argument 'cmake_target_skip_unavailable' from command line to 'False'
[2.201s] Level 5:colcon.colcon_core.verb:set package 'robdep_project_interfaces' build argument 'cmake_clean_cache' from command line to 'False'
[2.201s] Level 5:colcon.colcon_core.verb:set package 'robdep_project_interfaces' build argument 'cmake_clean_first' from command line to 'False'
[2.201s] Level 5:colcon.colcon_core.verb:set package 'robdep_project_interfaces' build argument 'cmake_force_configure' from command line to 'False'
[2.201s] Level 5:colcon.colcon_core.verb:set package 'robdep_project_interfaces' build argument 'ament_cmake_args' from command line to 'None'
[2.201s] Level 5:colcon.colcon_core.verb:set package 'robdep_project_interfaces' build argument 'catkin_cmake_args' from command line to 'None'
[2.201s] Level 5:colcon.colcon_core.verb:set package 'robdep_project_interfaces' build argument 'catkin_skip_building_tests' from command line to 'False'
[2.201s] DEBUG:colcon.colcon_core.verb:Building package 'robdep_project_interfaces' with the following arguments: {'ament_cmake_args': None, 'build_base': '/home/ubuntu/ros2_ws/build/robdep_project_interfaces', 'catkin_cmake_args': None, 'catkin_skip_building_tests': False, 'cmake_args': None, 'cmake_clean_cache': False, 'cmake_clean_first': False, 'cmake_force_configure': False, 'cmake_target': None, 'cmake_target_skip_unavailable': False, 'install_base': '/home/ubuntu/ros2_ws/install/robdep_project_interfaces', 'merge_install': False, 'path': '/home/ubuntu/ros2_ws/src/robdep_project_interfaces', 'symlink_install': False, 'test_result_base': None}
[2.206s] Level 5:colcon.colcon_core.verb:set package 'robdep' build argument 'cmake_args' from command line to 'None'
[2.206s] Level 5:colcon.colcon_core.verb:set package 'robdep' build argument 'cmake_target' from command line to 'None'
[2.206s] Level 5:colcon.colcon_core.verb:set package 'robdep' build argument 'cmake_target_skip_unavailable' from command line to 'False'
[2.206s] Level 5:colcon.colcon_core.verb:set package 'robdep' build argument 'cmake_clean_cache' from command line to 'False'
[2.206s] Level 5:colcon.colcon_core.verb:set package 'robdep' build argument 'cmake_clean_first' from command line to 'False'
[2.206s] Level 5:colcon.colcon_core.verb:set package 'robdep' build argument 'cmake_force_configure' from command line to 'False'
[2.207s] Level 5:colcon.colcon_core.verb:set package 'robdep' build argument 'ament_cmake_args' from command line to 'None'
[2.207s] Level 5:colcon.colcon_core.verb:set package 'robdep' build argument 'catkin_cmake_args' from command line to 'None'
[2.207s] Level 5:colcon.colcon_core.verb:set package 'robdep' build argument 'catkin_skip_building_tests' from command line to 'False'
[2.207s] DEBUG:colcon.colcon_core.verb:Building package 'robdep' with the following arguments: {'ament_cmake_args': None, 'build_base': '/home/ubuntu/ros2_ws/build/robdep', 'catkin_cmake_args': None, 'catkin_skip_building_tests': False, 'cmake_args': None, 'cmake_clean_cache': False, 'cmake_clean_first': False, 'cmake_force_configure': False, 'cmake_target': None, 'cmake_target_skip_unavailable': False, 'install_base': '/home/ubuntu/ros2_ws/install/robdep', 'merge_install': False, 'path': '/home/ubuntu/ros2_ws/src/robdep', 'symlink_install': False, 'test_result_base': None}
[2.210s] INFO:colcon.colcon_core.executor:Executing jobs using 'parallel' executor
[2.226s] DEBUG:colcon.colcon_parallel_executor.executor.parallel:run_until_complete
[2.228s] INFO:colcon.colcon_ros.task.ament_cmake.build:Building ROS package in '/home/ubuntu/ros2_ws/src/robdep_interfaces' with build type 'ament_cmake'
[2.228s] INFO:colcon.colcon_cmake.task.cmake.build:Building CMake package in '/home/ubuntu/ros2_ws/src/robdep_interfaces'
[2.247s] INFO:colcon.colcon_core.plugin_system:Skipping extension 'colcon_core.shell.bat': Not used on non-Windows systems
[2.248s] INFO:colcon.colcon_core.shell:Skip shell extension 'powershell' for command environment: Not usable outside of PowerShell
[2.248s] DEBUG:colcon.colcon_core.shell:Skip shell extension 'dsv' for command environment
[2.279s] INFO:colcon.colcon_ros.task.ament_python.build:Building ROS package in '/home/ubuntu/ros2_ws/src/robdep_project' with build type 'ament_python'
[2.280s] Level 1:colcon.colcon_core.shell:create_environment_hook('robdep_project', 'ament_prefix_path')
[2.290s] INFO:colcon.colcon_core.shell:Creating environment hook '/home/ubuntu/ros2_ws/install/robdep_project/share/robdep_project/hook/ament_prefix_path.ps1'
[2.294s] INFO:colcon.colcon_core.shell:Creating environment descriptor '/home/ubuntu/ros2_ws/install/robdep_project/share/robdep_project/hook/ament_prefix_path.dsv'
[2.296s] INFO:colcon.colcon_core.shell:Creating environment hook '/home/ubuntu/ros2_ws/install/robdep_project/share/robdep_project/hook/ament_prefix_path.sh'
[2.304s] INFO:colcon.colcon_core.shell:Skip shell extension 'powershell' for command environment: Not usable outside of PowerShell
[2.304s] DEBUG:colcon.colcon_core.shell:Skip shell extension 'dsv' for command environment
[2.334s] INFO:colcon.colcon_ros.task.ament_cmake.build:Building ROS package in '/home/ubuntu/ros2_ws/src/robdep_project_interfaces' with build type 'ament_cmake'
[2.335s] INFO:colcon.colcon_cmake.task.cmake.build:Building CMake package in '/home/ubuntu/ros2_ws/src/robdep_project_interfaces'
[2.344s] INFO:colcon.colcon_core.shell:Skip shell extension 'powershell' for command environment: Not usable outside of PowerShell
[2.344s] DEBUG:colcon.colcon_core.shell:Skip shell extension 'dsv' for command environment
[2.396s] DEBUG:colcon.colcon_core.event_handler.log_command:Invoking command in '/home/ubuntu/ros2_ws/build/robdep_interfaces': CMAKE_PREFIX_PATH=${CMAKE_PREFIX_PATH}:/home/ubuntu/ros2_ws/install/robdep_project:/home/ubuntu/ros2_ws/install/robdep:/opt/ros/galactic /usr/bin/cmake --build /home/ubuntu/ros2_ws/build/robdep_interfaces -- -j4 -l4
[3.892s] INFO:colcon.colcon_core.task.python.build:Building Python package in '/home/ubuntu/ros2_ws/src/robdep_project'
[3.899s] INFO:colcon.colcon_core.shell:Skip shell extension 'powershell' for command environment: Not usable outside of PowerShell
[3.899s] DEBUG:colcon.colcon_core.shell:Skip shell extension 'dsv' for command environment
[3.963s] DEBUG:colcon.colcon_core.event_handler.log_command:Invoked command in '/home/ubuntu/ros2_ws/build/robdep_interfaces' returned '0': CMAKE_PREFIX_PATH=${CMAKE_PREFIX_PATH}:/home/ubuntu/ros2_ws/install/robdep_project:/home/ubuntu/ros2_ws/install/robdep:/opt/ros/galactic /usr/bin/cmake --build /home/ubuntu/ros2_ws/build/robdep_interfaces -- -j4 -l4
[3.977s] DEBUG:colcon.colcon_core.event_handler.log_command:Invoking command in '/home/ubuntu/ros2_ws/build/robdep_project_interfaces': CMAKE_PREFIX_PATH=${CMAKE_PREFIX_PATH}:/home/ubuntu/ros2_ws/install/robdep_project:/home/ubuntu/ros2_ws/install/robdep:/opt/ros/galactic /usr/bin/cmake --build /home/ubuntu/ros2_ws/build/robdep_project_interfaces -- -j4 -l4
[4.146s] DEBUG:colcon.colcon_core.event_handler.log_command:Invoked command in '/home/ubuntu/ros2_ws/build/robdep_project_interfaces' returned '0': CMAKE_PREFIX_PATH=${CMAKE_PREFIX_PATH}:/home/ubuntu/ros2_ws/install/robdep_project:/home/ubuntu/ros2_ws/install/robdep:/opt/ros/galactic /usr/bin/cmake --build /home/ubuntu/ros2_ws/build/robdep_project_interfaces -- -j4 -l4
[4.302s] DEBUG:colcon.colcon_core.event_handler.log_command:Invoking command in '/home/ubuntu/ros2_ws/build/robdep_project_interfaces': CMAKE_PREFIX_PATH=${CMAKE_PREFIX_PATH}:/home/ubuntu/ros2_ws/install/robdep_project:/home/ubuntu/ros2_ws/install/robdep:/opt/ros/galactic /usr/bin/cmake --install /home/ubuntu/ros2_ws/build/robdep_project_interfaces
[4.344s] DEBUG:colcon.colcon_core.event_handler.log_command:Invoking command in '/home/ubuntu/ros2_ws/build/robdep_interfaces': CMAKE_PREFIX_PATH=${CMAKE_PREFIX_PATH}:/home/ubuntu/ros2_ws/install/robdep_project:/home/ubuntu/ros2_ws/install/robdep:/opt/ros/galactic /usr/bin/cmake --install /home/ubuntu/ros2_ws/build/robdep_interfaces
[4.371s] Level 1:colcon.colcon_core.environment:create_environment_scripts_only(robdep_project_interfaces)
[4.381s] DEBUG:colcon.colcon_core.event_handler.log_command:Invoked command in '/home/ubuntu/ros2_ws/build/robdep_project_interfaces' returned '0': CMAKE_PREFIX_PATH=${CMAKE_PREFIX_PATH}:/home/ubuntu/ros2_ws/install/robdep_project:/home/ubuntu/ros2_ws/install/robdep:/opt/ros/galactic /usr/bin/cmake --install /home/ubuntu/ros2_ws/build/robdep_project_interfaces
[4.419s] Level 1:colcon.colcon_core.environment:checking '/home/ubuntu/ros2_ws/install/robdep_project_interfaces' for CMake module files
[4.430s] Level 1:colcon.colcon_core.environment:checking '/home/ubuntu/ros2_ws/install/robdep_project_interfaces' for CMake config files
[4.436s] Level 1:colcon.colcon_core.shell:create_environment_hook('robdep_project_interfaces', 'cmake_prefix_path')
[4.445s] INFO:colcon.colcon_core.shell:Creating environment hook '/home/ubuntu/ros2_ws/install/robdep_project_interfaces/share/robdep_project_interfaces/hook/cmake_prefix_path.ps1'
[4.449s] INFO:colcon.colcon_core.shell:Creating environment descriptor '/home/ubuntu/ros2_ws/install/robdep_project_interfaces/share/robdep_project_interfaces/hook/cmake_prefix_path.dsv'
[4.453s] INFO:colcon.colcon_core.shell:Creating environment hook '/home/ubuntu/ros2_ws/install/robdep_project_interfaces/share/robdep_project_interfaces/hook/cmake_prefix_path.sh'
[4.461s] Level 1:colcon.colcon_core.environment:checking '/home/ubuntu/ros2_ws/install/robdep_project_interfaces/bin'
[4.461s] Level 1:colcon.colcon_core.environment:checking '/home/ubuntu/ros2_ws/install/robdep_project_interfaces/lib/pkgconfig/robdep_project_interfaces.pc'
[4.463s] Level 1:colcon.colcon_core.environment:checking '/home/ubuntu/ros2_ws/install/robdep_project_interfaces/lib/python3.8/site-packages'
[4.464s] Level 1:colcon.colcon_core.environment:checking '/home/ubuntu/ros2_ws/install/robdep_project_interfaces/bin'
[4.473s] INFO:colcon.colcon_core.shell:Creating package script '/home/ubuntu/ros2_ws/install/robdep_project_interfaces/share/robdep_project_interfaces/package.ps1'
[4.479s] INFO:colcon.colcon_core.shell:Creating package descriptor '/home/ubuntu/ros2_ws/install/robdep_project_interfaces/share/robdep_project_interfaces/package.dsv'
[4.483s] INFO:colcon.colcon_core.shell:Creating package script '/home/ubuntu/ros2_ws/install/robdep_project_interfaces/share/robdep_project_interfaces/package.sh'
[4.489s] INFO:colcon.colcon_core.shell:Creating package script '/home/ubuntu/ros2_ws/install/robdep_project_interfaces/share/robdep_project_interfaces/package.bash'
[4.495s] INFO:colcon.colcon_core.shell:Creating package script '/home/ubuntu/ros2_ws/install/robdep_project_interfaces/share/robdep_project_interfaces/package.zsh'
[4.501s] Level 1:colcon.colcon_core.environment:create_file_with_runtime_dependencies(/home/ubuntu/ros2_ws/install/robdep_project_interfaces/share/colcon-core/packages/robdep_project_interfaces)
[4.626s] Level 1:colcon.colcon_core.environment:create_environment_scripts_only(robdep_project_interfaces)
[4.638s] Level 1:colcon.colcon_core.environment:checking '/home/ubuntu/ros2_ws/install/robdep_project_interfaces' for CMake module files
[4.658s] Level 1:colcon.colcon_core.environment:checking '/home/ubuntu/ros2_ws/install/robdep_project_interfaces' for CMake config files
[4.663s] Level 1:colcon.colcon_core.shell:create_environment_hook('robdep_project_interfaces', 'cmake_prefix_path')
[4.674s] INFO:colcon.colcon_core.shell:Creating environment hook '/home/ubuntu/ros2_ws/install/robdep_project_interfaces/share/robdep_project_interfaces/hook/cmake_prefix_path.ps1'
[4.678s] INFO:colcon.colcon_core.shell:Creating environment descriptor '/home/ubuntu/ros2_ws/install/robdep_project_interfaces/share/robdep_project_interfaces/hook/cmake_prefix_path.dsv'
[4.681s] INFO:colcon.colcon_core.shell:Creating environment hook '/home/ubuntu/ros2_ws/install/robdep_project_interfaces/share/robdep_project_interfaces/hook/cmake_prefix_path.sh'
[4.686s] Level 1:colcon.colcon_core.environment:checking '/home/ubuntu/ros2_ws/install/robdep_project_interfaces/bin'
[4.687s] Level 1:colcon.colcon_core.environment:checking '/home/ubuntu/ros2_ws/install/robdep_project_interfaces/lib/pkgconfig/robdep_project_interfaces.pc'
[4.688s] Level 1:colcon.colcon_core.environment:checking '/home/ubuntu/ros2_ws/install/robdep_project_interfaces/lib/python3.8/site-packages'
[4.689s] Level 1:colcon.colcon_core.environment:checking '/home/ubuntu/ros2_ws/install/robdep_project_interfaces/bin'
[4.699s] INFO:colcon.colcon_core.shell:Creating package script '/home/ubuntu/ros2_ws/install/robdep_project_interfaces/share/robdep_project_interfaces/package.ps1'
[4.702s] INFO:colcon.colcon_core.shell:Creating package descriptor '/home/ubuntu/ros2_ws/install/robdep_project_interfaces/share/robdep_project_interfaces/package.dsv'
[4.706s] INFO:colcon.colcon_core.shell:Creating package script '/home/ubuntu/ros2_ws/install/robdep_project_interfaces/share/robdep_project_interfaces/package.sh'
[4.708s] INFO:colcon.colcon_core.shell:Creating package script '/home/ubuntu/ros2_ws/install/robdep_project_interfaces/share/robdep_project_interfaces/package.bash'
[4.710s] INFO:colcon.colcon_core.shell:Creating package script '/home/ubuntu/ros2_ws/install/robdep_project_interfaces/share/robdep_project_interfaces/package.zsh'
[4.712s] Level 1:colcon.colcon_core.environment:create_file_with_runtime_dependencies(/home/ubuntu/ros2_ws/install/robdep_project_interfaces/share/colcon-core/packages/robdep_project_interfaces)
[4.716s] Level 1:colcon.colcon_core.environment:create_environment_scripts_only(robdep_interfaces)
[4.728s] Level 1:colcon.colcon_core.environment:checking '/home/ubuntu/ros2_ws/install/robdep_interfaces' for CMake module files
[4.731s] DEBUG:colcon.colcon_core.event_handler.log_command:Invoked command in '/home/ubuntu/ros2_ws/build/robdep_interfaces' returned '0': CMAKE_PREFIX_PATH=${CMAKE_PREFIX_PATH}:/home/ubuntu/ros2_ws/install/robdep_project:/home/ubuntu/ros2_ws/install/robdep:/opt/ros/galactic /usr/bin/cmake --install /home/ubuntu/ros2_ws/build/robdep_interfaces
[4.734s] Level 1:colcon.colcon_core.environment:checking '/home/ubuntu/ros2_ws/install/robdep_interfaces' for CMake config files
[4.737s] Level 1:colcon.colcon_core.shell:create_environment_hook('robdep_interfaces', 'cmake_prefix_path')
[4.744s] INFO:colcon.colcon_core.shell:Creating environment hook '/home/ubuntu/ros2_ws/install/robdep_interfaces/share/robdep_interfaces/hook/cmake_prefix_path.ps1'
[4.746s] INFO:colcon.colcon_core.shell:Creating environment descriptor '/home/ubuntu/ros2_ws/install/robdep_interfaces/share/robdep_interfaces/hook/cmake_prefix_path.dsv'
[4.748s] INFO:colcon.colcon_core.shell:Creating environment hook '/home/ubuntu/ros2_ws/install/robdep_interfaces/share/robdep_interfaces/hook/cmake_prefix_path.sh'
[4.752s] Level 1:colcon.colcon_core.environment:checking '/home/ubuntu/ros2_ws/install/robdep_interfaces/lib'
[4.753s] Level 1:colcon.colcon_core.shell:create_environment_hook('robdep_interfaces', 'ld_library_path_lib')
[4.761s] INFO:colcon.colcon_core.shell:Creating environment hook '/home/ubuntu/ros2_ws/install/robdep_interfaces/share/robdep_interfaces/hook/ld_library_path_lib.ps1'
[4.763s] INFO:colcon.colcon_core.shell:Creating environment descriptor '/home/ubuntu/ros2_ws/install/robdep_interfaces/share/robdep_interfaces/hook/ld_library_path_lib.dsv'
[4.764s] INFO:colcon.colcon_core.shell:Creating environment hook '/home/ubuntu/ros2_ws/install/robdep_interfaces/share/robdep_interfaces/hook/ld_library_path_lib.sh'
[4.766s] Level 1:colcon.colcon_core.environment:checking '/home/ubuntu/ros2_ws/install/robdep_interfaces/bin'
[4.767s] Level 1:colcon.colcon_core.environment:checking '/home/ubuntu/ros2_ws/install/robdep_interfaces/lib/pkgconfig/robdep_interfaces.pc'
[4.767s] Level 1:colcon.colcon_core.environment:checking '/home/ubuntu/ros2_ws/install/robdep_interfaces/lib/python3.8/site-packages'
[4.768s] Level 1:colcon.colcon_core.shell:create_environment_hook('robdep_interfaces', 'pythonpath')
[4.775s] INFO:colcon.colcon_core.shell:Creating environment hook '/home/ubuntu/ros2_ws/install/robdep_interfaces/share/robdep_interfaces/hook/pythonpath.ps1'
[4.777s] INFO:colcon.colcon_core.shell:Creating environment descriptor '/home/ubuntu/ros2_ws/install/robdep_interfaces/share/robdep_interfaces/hook/pythonpath.dsv'
[4.778s] INFO:colcon.colcon_core.shell:Creating environment hook '/home/ubuntu/ros2_ws/install/robdep_interfaces/share/robdep_interfaces/hook/pythonpath.sh'
[4.781s] Level 1:colcon.colcon_core.environment:checking '/home/ubuntu/ros2_ws/install/robdep_interfaces/bin'
[4.789s] INFO:colcon.colcon_core.shell:Creating package script '/home/ubuntu/ros2_ws/install/robdep_interfaces/share/robdep_interfaces/package.ps1'
[4.792s] INFO:colcon.colcon_core.shell:Creating package descriptor '/home/ubuntu/ros2_ws/install/robdep_interfaces/share/robdep_interfaces/package.dsv'
[4.794s] INFO:colcon.colcon_core.shell:Creating package script '/home/ubuntu/ros2_ws/install/robdep_interfaces/share/robdep_interfaces/package.sh'
[4.796s] INFO:colcon.colcon_core.shell:Creating package script '/home/ubuntu/ros2_ws/install/robdep_interfaces/share/robdep_interfaces/package.bash'
[4.798s] INFO:colcon.colcon_core.shell:Creating package script '/home/ubuntu/ros2_ws/install/robdep_interfaces/share/robdep_interfaces/package.zsh'
[4.800s] Level 1:colcon.colcon_core.environment:create_file_with_runtime_dependencies(/home/ubuntu/ros2_ws/install/robdep_interfaces/share/colcon-core/packages/robdep_interfaces)
[5.142s] Level 1:colcon.colcon_core.environment:create_environment_scripts_only(robdep_interfaces)
[5.153s] Level 1:colcon.colcon_core.environment:checking '/home/ubuntu/ros2_ws/install/robdep_interfaces' for CMake module files
[5.158s] Level 1:colcon.colcon_core.environment:checking '/home/ubuntu/ros2_ws/install/robdep_interfaces' for CMake config files
[5.162s] Level 1:colcon.colcon_core.shell:create_environment_hook('robdep_interfaces', 'cmake_prefix_path')
[5.169s] INFO:colcon.colcon_core.shell:Creating environment hook '/home/ubuntu/ros2_ws/install/robdep_interfaces/share/robdep_interfaces/hook/cmake_prefix_path.ps1'
[5.171s] INFO:colcon.colcon_core.shell:Creating environment descriptor '/home/ubuntu/ros2_ws/install/robdep_interfaces/share/robdep_interfaces/hook/cmake_prefix_path.dsv'
[5.172s] INFO:colcon.colcon_core.shell:Creating environment hook '/home/ubuntu/ros2_ws/install/robdep_interfaces/share/robdep_interfaces/hook/cmake_prefix_path.sh'
[5.175s] Level 1:colcon.colcon_core.environment:checking '/home/ubuntu/ros2_ws/install/robdep_interfaces/lib'
[5.176s] Level 1:colcon.colcon_core.shell:create_environment_hook('robdep_interfaces', 'ld_library_path_lib')
[5.182s] INFO:colcon.colcon_core.shell:Creating environment hook '/home/ubuntu/ros2_ws/install/robdep_interfaces/share/robdep_interfaces/hook/ld_library_path_lib.ps1'
[5.185s] INFO:colcon.colcon_core.shell:Creating environment descriptor '/home/ubuntu/ros2_ws/install/robdep_interfaces/share/robdep_interfaces/hook/ld_library_path_lib.dsv'
[5.187s] INFO:colcon.colcon_core.shell:Creating environment hook '/home/ubuntu/ros2_ws/install/robdep_interfaces/share/robdep_interfaces/hook/ld_library_path_lib.sh'
[5.189s] Level 1:colcon.colcon_core.environment:checking '/home/ubuntu/ros2_ws/install/robdep_interfaces/bin'
[5.190s] Level 1:colcon.colcon_core.environment:checking '/home/ubuntu/ros2_ws/install/robdep_interfaces/lib/pkgconfig/robdep_interfaces.pc'
[5.191s] Level 1:colcon.colcon_core.environment:checking '/home/ubuntu/ros2_ws/install/robdep_interfaces/lib/python3.8/site-packages'
[5.192s] Level 1:colcon.colcon_core.shell:create_environment_hook('robdep_interfaces', 'pythonpath')
[5.199s] INFO:colcon.colcon_core.shell:Creating environment hook '/home/ubuntu/ros2_ws/install/robdep_interfaces/share/robdep_interfaces/hook/pythonpath.ps1'
[5.201s] INFO:colcon.colcon_core.shell:Creating environment descriptor '/home/ubuntu/ros2_ws/install/robdep_interfaces/share/robdep_interfaces/hook/pythonpath.dsv'
[5.202s] INFO:colcon.colcon_core.shell:Creating environment hook '/home/ubuntu/ros2_ws/install/robdep_interfaces/share/robdep_interfaces/hook/pythonpath.sh'
[5.205s] Level 1:colcon.colcon_core.environment:checking '/home/ubuntu/ros2_ws/install/robdep_interfaces/bin'
[5.213s] INFO:colcon.colcon_core.shell:Creating package script '/home/ubuntu/ros2_ws/install/robdep_interfaces/share/robdep_interfaces/package.ps1'
[5.215s] INFO:colcon.colcon_core.shell:Creating package descriptor '/home/ubuntu/ros2_ws/install/robdep_interfaces/share/robdep_interfaces/package.dsv'
[5.218s] INFO:colcon.colcon_core.shell:Creating package script '/home/ubuntu/ros2_ws/install/robdep_interfaces/share/robdep_interfaces/package.sh'
[5.221s] INFO:colcon.colcon_core.shell:Creating package script '/home/ubuntu/ros2_ws/install/robdep_interfaces/share/robdep_interfaces/package.bash'
[5.223s] INFO:colcon.colcon_core.shell:Creating package script '/home/ubuntu/ros2_ws/install/robdep_interfaces/share/robdep_interfaces/package.zsh'
[5.226s] Level 1:colcon.colcon_core.environment:create_file_with_runtime_dependencies(/home/ubuntu/ros2_ws/install/robdep_interfaces/share/colcon-core/packages/robdep_interfaces)
[5.228s] INFO:colcon.colcon_ros.task.ament_python.build:Building ROS package in '/home/ubuntu/ros2_ws/src/robdep' with build type 'ament_python'
[5.229s] Level 1:colcon.colcon_core.shell:create_environment_hook('robdep', 'ament_prefix_path')
[5.237s] INFO:colcon.colcon_core.shell:Creating environment hook '/home/ubuntu/ros2_ws/install/robdep/share/robdep/hook/ament_prefix_path.ps1'
[5.240s] INFO:colcon.colcon_core.shell:Creating environment descriptor '/home/ubuntu/ros2_ws/install/robdep/share/robdep/hook/ament_prefix_path.dsv'
[5.242s] INFO:colcon.colcon_core.shell:Creating environment hook '/home/ubuntu/ros2_ws/install/robdep/share/robdep/hook/ament_prefix_path.sh'
[5.252s] INFO:colcon.colcon_core.shell:Skip shell extension 'powershell' for command environment: Not usable outside of PowerShell
[5.252s] DEBUG:colcon.colcon_core.shell:Skip shell extension 'dsv' for command environment
[6.703s] INFO:colcon.colcon_core.task.python.build:Building Python package in '/home/ubuntu/ros2_ws/src/robdep'
[6.712s] INFO:colcon.colcon_core.shell:Skip shell extension 'powershell' for command environment: Not usable outside of PowerShell
[6.712s] DEBUG:colcon.colcon_core.shell:Skip shell extension 'dsv' for command environment
[6.763s] DEBUG:colcon.colcon_core.event_handler.log_command:Invoking command in '/home/ubuntu/ros2_ws/src/robdep_project': PYTHONPATH=/home/ubuntu/ros2_ws/build/robdep_project/prefix_override:/home/ubuntu/ros2_ws/install/robdep_project/lib/python3.8/site-packages:${PYTHONPATH} /usr/bin/python3 setup.py egg_info --egg-base ../../build/robdep_project build --build-base /home/ubuntu/ros2_ws/build/robdep_project/build install --record /home/ubuntu/ros2_ws/build/robdep_project/install.log --single-version-externally-managed
[8.414s] Level 1:colcon.colcon_core.environment:checking '/home/ubuntu/ros2_ws/install/robdep_project' for CMake module files
[8.415s] DEBUG:colcon.colcon_core.event_handler.log_command:Invoked command in '/home/ubuntu/ros2_ws/src/robdep_project' returned '0': PYTHONPATH=/home/ubuntu/ros2_ws/build/robdep_project/prefix_override:/home/ubuntu/ros2_ws/install/robdep_project/lib/python3.8/site-packages:${PYTHONPATH} /usr/bin/python3 setup.py egg_info --egg-base ../../build/robdep_project build --build-base /home/ubuntu/ros2_ws/build/robdep_project/build install --record /home/ubuntu/ros2_ws/build/robdep_project/install.log --single-version-externally-managed
[8.418s] Level 1:colcon.colcon_core.environment:checking '/home/ubuntu/ros2_ws/install/robdep_project' for CMake config files
[8.421s] Level 1:colcon.colcon_core.environment:checking '/home/ubuntu/ros2_ws/install/robdep_project/lib'
[8.421s] Level 1:colcon.colcon_core.environment:checking '/home/ubuntu/ros2_ws/install/robdep_project/bin'
[8.422s] Level 1:colcon.colcon_core.environment:checking '/home/ubuntu/ros2_ws/install/robdep_project/lib/pkgconfig/robdep_project.pc'
[8.423s] Level 1:colcon.colcon_core.environment:checking '/home/ubuntu/ros2_ws/install/robdep_project/lib/python3.8/site-packages'
[8.424s] Level 1:colcon.colcon_core.shell:create_environment_hook('robdep_project', 'pythonpath')
[8.431s] INFO:colcon.colcon_core.shell:Creating environment hook '/home/ubuntu/ros2_ws/install/robdep_project/share/robdep_project/hook/pythonpath.ps1'
[8.433s] INFO:colcon.colcon_core.shell:Creating environment descriptor '/home/ubuntu/ros2_ws/install/robdep_project/share/robdep_project/hook/pythonpath.dsv'
[8.435s] INFO:colcon.colcon_core.shell:Creating environment hook '/home/ubuntu/ros2_ws/install/robdep_project/share/robdep_project/hook/pythonpath.sh'
[8.438s] Level 1:colcon.colcon_core.environment:checking '/home/ubuntu/ros2_ws/install/robdep_project/bin'
[8.438s] Level 1:colcon.colcon_core.environment:create_environment_scripts_only(robdep_project)
[8.446s] INFO:colcon.colcon_core.shell:Creating package script '/home/ubuntu/ros2_ws/install/robdep_project/share/robdep_project/package.ps1'
[8.448s] INFO:colcon.colcon_core.shell:Creating package descriptor '/home/ubuntu/ros2_ws/install/robdep_project/share/robdep_project/package.dsv'
[8.451s] INFO:colcon.colcon_core.shell:Creating package script '/home/ubuntu/ros2_ws/install/robdep_project/share/robdep_project/package.sh'
[8.453s] INFO:colcon.colcon_core.shell:Creating package script '/home/ubuntu/ros2_ws/install/robdep_project/share/robdep_project/package.bash'
[8.455s] INFO:colcon.colcon_core.shell:Creating package script '/home/ubuntu/ros2_ws/install/robdep_project/share/robdep_project/package.zsh'
[8.458s] Level 1:colcon.colcon_core.environment:create_file_with_runtime_dependencies(/home/ubuntu/ros2_ws/install/robdep_project/share/colcon-core/packages/robdep_project)
[8.666s] DEBUG:colcon.colcon_core.event_handler.log_command:Invoking command in '/home/ubuntu/ros2_ws/src/robdep': CMAKE_PREFIX_PATH=/home/ubuntu/ros2_ws/install/robdep_interfaces:/home/ubuntu/ros2_ws/install/robdep_project_interfaces PYTHONPATH=/home/ubuntu/ros2_ws/build/robdep/prefix_override:/home/ubuntu/ros2_ws/install/robdep/lib/python3.8/site-packages:/home/ubuntu/ros2_ws/install/robdep_interfaces/lib/python3.8/site-packages:/home/ubuntu/ros2_ws/install/robdep_project/lib/python3.8/site-packages:/home/ubuntu/ros2_ws/install/robdep/lib/python3.8/site-packages:/opt/ros/galactic/lib/python3.8/site-packages /usr/bin/python3 setup.py egg_info --egg-base ../../build/robdep build --build-base /home/ubuntu/ros2_ws/build/robdep/build install --record /home/ubuntu/ros2_ws/build/robdep/install.log --single-version-externally-managed
[10.120s] Level 1:colcon.colcon_core.environment:checking '/home/ubuntu/ros2_ws/install/robdep' for CMake module files
[10.122s] DEBUG:colcon.colcon_core.event_handler.log_command:Invoked command in '/home/ubuntu/ros2_ws/src/robdep' returned '0': CMAKE_PREFIX_PATH=/home/ubuntu/ros2_ws/install/robdep_interfaces:/home/ubuntu/ros2_ws/install/robdep_project_interfaces PYTHONPATH=/home/ubuntu/ros2_ws/build/robdep/prefix_override:/home/ubuntu/ros2_ws/install/robdep/lib/python3.8/site-packages:/home/ubuntu/ros2_ws/install/robdep_interfaces/lib/python3.8/site-packages:/home/ubuntu/ros2_ws/install/robdep_project/lib/python3.8/site-packages:/home/ubuntu/ros2_ws/install/robdep/lib/python3.8/site-packages:/opt/ros/galactic/lib/python3.8/site-packages /usr/bin/python3 setup.py egg_info --egg-base ../../build/robdep build --build-base /home/ubuntu/ros2_ws/build/robdep/build install --record /home/ubuntu/ros2_ws/build/robdep/install.log --single-version-externally-managed
[10.124s] Level 1:colcon.colcon_core.environment:checking '/home/ubuntu/ros2_ws/install/robdep' for CMake config files
[10.127s] Level 1:colcon.colcon_core.environment:checking '/home/ubuntu/ros2_ws/install/robdep/lib'
[10.127s] Level 1:colcon.colcon_core.environment:checking '/home/ubuntu/ros2_ws/install/robdep/bin'
[10.127s] Level 1:colcon.colcon_core.environment:checking '/home/ubuntu/ros2_ws/install/robdep/lib/pkgconfig/robdep.pc'
[10.128s] Level 1:colcon.colcon_core.environment:checking '/home/ubuntu/ros2_ws/install/robdep/lib/python3.8/site-packages'
[10.128s] Level 1:colcon.colcon_core.shell:create_environment_hook('robdep', 'pythonpath')
[10.135s] INFO:colcon.colcon_core.shell:Creating environment hook '/home/ubuntu/ros2_ws/install/robdep/share/robdep/hook/pythonpath.ps1'
[10.137s] INFO:colcon.colcon_core.shell:Creating environment descriptor '/home/ubuntu/ros2_ws/install/robdep/share/robdep/hook/pythonpath.dsv'
[10.139s] INFO:colcon.colcon_core.shell:Creating environment hook '/home/ubuntu/ros2_ws/install/robdep/share/robdep/hook/pythonpath.sh'
[10.141s] Level 1:colcon.colcon_core.environment:checking '/home/ubuntu/ros2_ws/install/robdep/bin'
[10.141s] Level 1:colcon.colcon_core.environment:create_environment_scripts_only(robdep)
[10.148s] INFO:colcon.colcon_core.shell:Creating package script '/home/ubuntu/ros2_ws/install/robdep/share/robdep/package.ps1'
[10.150s] INFO:colcon.colcon_core.shell:Creating package descriptor '/home/ubuntu/ros2_ws/install/robdep/share/robdep/package.dsv'
[10.152s] INFO:colcon.colcon_core.shell:Creating package script '/home/ubuntu/ros2_ws/install/robdep/share/robdep/package.sh'
[10.154s] INFO:colcon.colcon_core.shell:Creating package script '/home/ubuntu/ros2_ws/install/robdep/share/robdep/package.bash'
[10.156s] INFO:colcon.colcon_core.shell:Creating package script '/home/ubuntu/ros2_ws/install/robdep/share/robdep/package.zsh'
[10.158s] Level 1:colcon.colcon_core.environment:create_file_with_runtime_dependencies(/home/ubuntu/ros2_ws/install/robdep/share/colcon-core/packages/robdep)
[10.159s] DEBUG:colcon.colcon_parallel_executor.executor.parallel:closing loop
[10.160s] DEBUG:colcon.colcon_parallel_executor.executor.parallel:loop closed
[10.161s] DEBUG:colcon.colcon_parallel_executor.executor.parallel:run_until_complete finished with '0'
[10.162s] DEBUG:colcon.colcon_core.event_reactor:joining thread
[10.186s] INFO:colcon.colcon_core.plugin_system:Skipping extension 'colcon_notification.desktop_notification.notify_send': Could not find 'notify-send'
[10.186s] INFO:colcon.colcon_core.plugin_system:Skipping extension 'colcon_notification.desktop_notification.terminal_notifier': Not used on non-Darwin systems
[10.187s] INFO:colcon.colcon_core.plugin_system:Skipping extension 'colcon_notification.desktop_notification.win32': Not used on non-Windows systems
[10.187s] INFO:colcon.colcon_notification.desktop_notification:Sending desktop notification using 'notify2'
[10.190s] DEBUG:colcon.colcon_notification.desktop_notification.notify2:Failed to initialize notify2: org.freedesktop.DBus.Error.ServiceUnknown: The name org.freedesktop.Notifications was not provided by any .service files
[10.190s] DEBUG:colcon.colcon_core.event_reactor:joined thread
[10.197s] INFO:colcon.colcon_core.shell:Creating prefix script '/home/ubuntu/ros2_ws/install/local_setup.ps1'
[10.200s] INFO:colcon.colcon_core.shell:Creating prefix util module '/home/ubuntu/ros2_ws/install/_local_setup_util_ps1.py'
[10.206s] INFO:colcon.colcon_core.shell:Creating prefix chain script '/home/ubuntu/ros2_ws/install/setup.ps1'
[10.213s] INFO:colcon.colcon_core.shell:Creating prefix script '/home/ubuntu/ros2_ws/install/local_setup.sh'
[10.215s] INFO:colcon.colcon_core.shell:Creating prefix util module '/home/ubuntu/ros2_ws/install/_local_setup_util_sh.py'
[10.218s] INFO:colcon.colcon_core.shell:Creating prefix chain script '/home/ubuntu/ros2_ws/install/setup.sh'
[10.225s] INFO:colcon.colcon_core.shell:Creating prefix script '/home/ubuntu/ros2_ws/install/local_setup.bash'
[10.227s] INFO:colcon.colcon_core.shell:Creating prefix chain script '/home/ubuntu/ros2_ws/install/setup.bash'
[10.233s] INFO:colcon.colcon_core.shell:Creating prefix script '/home/ubuntu/ros2_ws/install/local_setup.zsh'
[10.235s] INFO:colcon.colcon_core.shell:Creating prefix chain script '/home/ubuntu/ros2_ws/install/setup.zsh'
