[3.342s] Invoking command in '/home/ubuntu/ros2_ws/src/robdep_project': PYTHONPATH=/home/ubuntu/ros2_ws/build/robdep_project/prefix_override:/home/ubuntu/ros2_ws/install/robdep_project/lib/python3.8/site-packages:${PYTHONPATH} /usr/bin/python3 setup.py egg_info --egg-base ../../build/robdep_project build --build-base /home/ubuntu/ros2_ws/build/robdep_project/build install --record /home/ubuntu/ros2_ws/build/robdep_project/install.log --single-version-externally-managed
[4.405s] running egg_info
[4.407s] writing ../../build/robdep_project/robdep_project.egg-info/PKG-INFO
[4.409s] writing dependency_links to ../../build/robdep_project/robdep_project.egg-info/dependency_links.txt
[4.410s] writing entry points to ../../build/robdep_project/robdep_project.egg-info/entry_points.txt
[4.411s] writing requirements to ../../build/robdep_project/robdep_project.egg-info/requires.txt
[4.412s] writing top-level names to ../../build/robdep_project/robdep_project.egg-info/top_level.txt
[4.549s] reading manifest file '../../build/robdep_project/robdep_project.egg-info/SOURCES.txt'
[4.553s] writing manifest file '../../build/robdep_project/robdep_project.egg-info/SOURCES.txt'
[4.554s] running build
[4.554s] running build_py
[4.555s] copying robdep_project/detections.py -> /home/ubuntu/ros2_ws/build/robdep_project/build/lib/robdep_project
[4.556s] running install
[4.559s] running install_lib
[4.563s] copying /home/ubuntu/ros2_ws/build/robdep_project/build/lib/robdep_project/detections.py -> /home/ubuntu/ros2_ws/install/robdep_project/lib/python3.8/site-packages/robdep_project
[4.565s] byte-compiling /home/ubuntu/ros2_ws/install/robdep_project/lib/python3.8/site-packages/robdep_project/detections.py to detections.cpython-38.pyc
[4.570s] Sorry: TabError: inconsistent use of tabs and spaces in indentation (detections.py, line 49)
[4.571s] running install_data
[4.572s] running install_egg_info
[4.578s] removing '/home/ubuntu/ros2_ws/install/robdep_project/lib/python3.8/site-packages/robdep_project-0.0.0-py3.8.egg-info' (and everything under it)
[4.580s] Copying ../../build/robdep_project/robdep_project.egg-info to /home/ubuntu/ros2_ws/install/robdep_project/lib/python3.8/site-packages/robdep_project-0.0.0-py3.8.egg-info
[4.585s] running install_scripts
[4.687s] Installing detections script to /home/ubuntu/ros2_ws/install/robdep_project/lib/robdep_project
[4.706s] writing list of installed files to '/home/ubuntu/ros2_ws/build/robdep_project/install.log'
[4.820s] Invoked command in '/home/ubuntu/ros2_ws/src/robdep_project' returned '0': PYTHONPATH=/home/ubuntu/ros2_ws/build/robdep_project/prefix_override:/home/ubuntu/ros2_ws/install/robdep_project/lib/python3.8/site-packages:${PYTHONPATH} /usr/bin/python3 setup.py egg_info --egg-base ../../build/robdep_project build --build-base /home/ubuntu/ros2_ws/build/robdep_project/build install --record /home/ubuntu/ros2_ws/build/robdep_project/install.log --single-version-externally-managed
