[4.276s] Invoking command in '/home/ubuntu/ros2_ws/src/robdep_project': PYTHONPATH=/home/ubuntu/ros2_ws/build/robdep_project/prefix_override:/home/ubuntu/ros2_ws/install/robdep_project/lib/python3.8/site-packages:${PYTHONPATH} /usr/bin/python3 setup.py egg_info --egg-base ../../build/robdep_project build --build-base /home/ubuntu/ros2_ws/build/robdep_project/build install --record /home/ubuntu/ros2_ws/build/robdep_project/install.log --single-version-externally-managed
[5.372s] running egg_info
[5.376s] writing ../../build/robdep_project/robdep_project.egg-info/PKG-INFO
[5.378s] writing dependency_links to ../../build/robdep_project/robdep_project.egg-info/dependency_links.txt
[5.380s] writing entry points to ../../build/robdep_project/robdep_project.egg-info/entry_points.txt
[5.381s] writing requirements to ../../build/robdep_project/robdep_project.egg-info/requires.txt
[5.381s] writing top-level names to ../../build/robdep_project/robdep_project.egg-info/top_level.txt
[5.529s] reading manifest file '../../build/robdep_project/robdep_project.egg-info/SOURCES.txt'
[5.533s] writing manifest file '../../build/robdep_project/robdep_project.egg-info/SOURCES.txt'
[5.534s] running build
[5.535s] running build_py
[5.536s] copying robdep_project/detections.py -> /home/ubuntu/ros2_ws/build/robdep_project/build/lib/robdep_project
[5.536s] running install
[5.540s] running install_lib
[5.544s] copying /home/ubuntu/ros2_ws/build/robdep_project/build/lib/robdep_project/detections.py -> /home/ubuntu/ros2_ws/install/robdep_project/lib/python3.8/site-packages/robdep_project
[5.547s] byte-compiling /home/ubuntu/ros2_ws/install/robdep_project/lib/python3.8/site-packages/robdep_project/detections.py to detections.cpython-38.pyc
[5.554s] running install_data
[5.557s] running install_egg_info
[5.564s] removing '/home/ubuntu/ros2_ws/install/robdep_project/lib/python3.8/site-packages/robdep_project-0.0.0-py3.8.egg-info' (and everything under it)
[5.566s] Copying ../../build/robdep_project/robdep_project.egg-info to /home/ubuntu/ros2_ws/install/robdep_project/lib/python3.8/site-packages/robdep_project-0.0.0-py3.8.egg-info
[5.572s] running install_scripts
[5.652s] Installing detections script to /home/ubuntu/ros2_ws/install/robdep_project/lib/robdep_project
[5.655s] writing list of installed files to '/home/ubuntu/ros2_ws/build/robdep_project/install.log'
[5.785s] Invoked command in '/home/ubuntu/ros2_ws/src/robdep_project' returned '0': PYTHONPATH=/home/ubuntu/ros2_ws/build/robdep_project/prefix_override:/home/ubuntu/ros2_ws/install/robdep_project/lib/python3.8/site-packages:${PYTHONPATH} /usr/bin/python3 setup.py egg_info --egg-base ../../build/robdep_project build --build-base /home/ubuntu/ros2_ws/build/robdep_project/build install --record /home/ubuntu/ros2_ws/build/robdep_project/install.log --single-version-externally-managed
