[3.535s] Invoking command in '/home/ubuntu/ros2_ws/src/robdep': AMENT_PREFIX_PATH=/home/ubuntu/ros2_ws/install/robdep_interfaces:${AMENT_PREFIX_PATH} CMAKE_PREFIX_PATH=/home/ubuntu/ros2_ws/install/robdep_interfaces LD_LIBRARY_PATH=/home/ubuntu/ros2_ws/install/robdep_interfaces/lib:${LD_LIBRARY_PATH} PYTHONPATH=/home/ubuntu/ros2_ws/build/robdep/prefix_override:/home/ubuntu/ros2_ws/install/robdep/lib/python3.8/site-packages:/home/ubuntu/ros2_ws/install/robdep_interfaces/lib/python3.8/site-packages:${PYTHONPATH} /usr/bin/python3 setup.py egg_info --egg-base ../../build/robdep build --build-base /home/ubuntu/ros2_ws/build/robdep/build install --record /home/ubuntu/ros2_ws/build/robdep/install.log --single-version-externally-managed
[4.718s] running egg_info
[4.722s] writing ../../build/robdep/robdep.egg-info/PKG-INFO
[4.724s] writing dependency_links to ../../build/robdep/robdep.egg-info/dependency_links.txt
[4.726s] writing entry points to ../../build/robdep/robdep.egg-info/entry_points.txt
[4.726s] writing requirements to ../../build/robdep/robdep.egg-info/requires.txt
[4.727s] writing top-level names to ../../build/robdep/robdep.egg-info/top_level.txt
[4.879s] reading manifest file '../../build/robdep/robdep.egg-info/SOURCES.txt'
[4.884s] writing manifest file '../../build/robdep/robdep.egg-info/SOURCES.txt'
[4.885s] running build
[4.885s] running build_py
[4.892s] running install
[4.895s] running install_lib
[4.903s] running install_data
[4.907s] running install_egg_info
[4.916s] removing '/home/ubuntu/ros2_ws/install/robdep/lib/python3.8/site-packages/robdep-0.0.0-py3.8.egg-info' (and everything under it)
[4.918s] Copying ../../build/robdep/robdep.egg-info to /home/ubuntu/ros2_ws/install/robdep/lib/python3.8/site-packages/robdep-0.0.0-py3.8.egg-info
[4.927s] running install_scripts
[5.004s] Installing blob_detector script to /home/ubuntu/ros2_ws/install/robdep/lib/robdep
[5.005s] Installing blob_printer script to /home/ubuntu/ros2_ws/install/robdep/lib/robdep
[5.006s] Installing blob_runner script to /home/ubuntu/ros2_ws/install/robdep/lib/robdep
[5.008s] Installing bot_run script to /home/ubuntu/ros2_ws/install/robdep/lib/robdep
[5.009s] Installing get_images script to /home/ubuntu/ros2_ws/install/robdep/lib/robdep
[5.010s] Installing mask_publisher script to /home/ubuntu/ros2_ws/install/robdep/lib/robdep
[5.012s] writing list of installed files to '/home/ubuntu/ros2_ws/build/robdep/install.log'
[5.141s] Invoked command in '/home/ubuntu/ros2_ws/src/robdep' returned '0': AMENT_PREFIX_PATH=/home/ubuntu/ros2_ws/install/robdep_interfaces:${AMENT_PREFIX_PATH} CMAKE_PREFIX_PATH=/home/ubuntu/ros2_ws/install/robdep_interfaces LD_LIBRARY_PATH=/home/ubuntu/ros2_ws/install/robdep_interfaces/lib:${LD_LIBRARY_PATH} PYTHONPATH=/home/ubuntu/ros2_ws/build/robdep/prefix_override:/home/ubuntu/ros2_ws/install/robdep/lib/python3.8/site-packages:/home/ubuntu/ros2_ws/install/robdep_interfaces/lib/python3.8/site-packages:${PYTHONPATH} /usr/bin/python3 setup.py egg_info --egg-base ../../build/robdep build --build-base /home/ubuntu/ros2_ws/build/robdep/build install --record /home/ubuntu/ros2_ws/build/robdep/install.log --single-version-externally-managed
