[3.136s] Invoking command in '/home/ubuntu/ros2_ws/src/robdep': CMAKE_PREFIX_PATH=/home/ubuntu/ros2_ws/install/robdep_interfaces:/home/ubuntu/ros2_ws/install/robdep_project_interfaces PYTHONPATH=/home/ubuntu/ros2_ws/build/robdep/prefix_override:/home/ubuntu/ros2_ws/install/robdep/lib/python3.8/site-packages:/home/ubuntu/ros2_ws/install/robdep_interfaces/lib/python3.8/site-packages:/home/ubuntu/ros2_ws/install/robdep_project/lib/python3.8/site-packages:/home/ubuntu/ros2_ws/install/robdep/lib/python3.8/site-packages:/opt/ros/galactic/lib/python3.8/site-packages /usr/bin/python3 setup.py egg_info --egg-base ../../build/robdep build --build-base /home/ubuntu/ros2_ws/build/robdep/build install --record /home/ubuntu/ros2_ws/build/robdep/install.log --single-version-externally-managed
[4.183s] running egg_info
[4.186s] writing ../../build/robdep/robdep.egg-info/PKG-INFO
[4.187s] writing dependency_links to ../../build/robdep/robdep.egg-info/dependency_links.txt
[4.188s] writing entry points to ../../build/robdep/robdep.egg-info/entry_points.txt
[4.189s] writing requirements to ../../build/robdep/robdep.egg-info/requires.txt
[4.190s] writing top-level names to ../../build/robdep/robdep.egg-info/top_level.txt
[4.331s] reading manifest file '../../build/robdep/robdep.egg-info/SOURCES.txt'
[4.334s] writing manifest file '../../build/robdep/robdep.egg-info/SOURCES.txt'
[4.335s] running build
[4.335s] running build_py
[4.338s] running install
[4.341s] running install_lib
[4.350s] running install_data
[4.352s] running install_egg_info
[4.360s] removing '/home/ubuntu/ros2_ws/install/robdep/lib/python3.8/site-packages/robdep-0.0.0-py3.8.egg-info' (and everything under it)
[4.362s] Copying ../../build/robdep/robdep.egg-info to /home/ubuntu/ros2_ws/install/robdep/lib/python3.8/site-packages/robdep-0.0.0-py3.8.egg-info
[4.367s] running install_scripts
[4.440s] Installing blob_detector script to /home/ubuntu/ros2_ws/install/robdep/lib/robdep
[4.441s] Installing blob_printer script to /home/ubuntu/ros2_ws/install/robdep/lib/robdep
[4.442s] Installing blob_runner script to /home/ubuntu/ros2_ws/install/robdep/lib/robdep
[4.443s] Installing bot_run script to /home/ubuntu/ros2_ws/install/robdep/lib/robdep
[4.444s] Installing get_images script to /home/ubuntu/ros2_ws/install/robdep/lib/robdep
[4.445s] Installing mask_publisher script to /home/ubuntu/ros2_ws/install/robdep/lib/robdep
[4.446s] writing list of installed files to '/home/ubuntu/ros2_ws/build/robdep/install.log'
[4.565s] Invoked command in '/home/ubuntu/ros2_ws/src/robdep' returned '0': CMAKE_PREFIX_PATH=/home/ubuntu/ros2_ws/install/robdep_interfaces:/home/ubuntu/ros2_ws/install/robdep_project_interfaces PYTHONPATH=/home/ubuntu/ros2_ws/build/robdep/prefix_override:/home/ubuntu/ros2_ws/install/robdep/lib/python3.8/site-packages:/home/ubuntu/ros2_ws/install/robdep_interfaces/lib/python3.8/site-packages:/home/ubuntu/ros2_ws/install/robdep_project/lib/python3.8/site-packages:/home/ubuntu/ros2_ws/install/robdep/lib/python3.8/site-packages:/opt/ros/galactic/lib/python3.8/site-packages /usr/bin/python3 setup.py egg_info --egg-base ../../build/robdep build --build-base /home/ubuntu/ros2_ws/build/robdep/build install --record /home/ubuntu/ros2_ws/build/robdep/install.log --single-version-externally-managed
