[3.537s] Invoking command in '/home/ubuntu/ros2_ws/src/robdep': PYTHONPATH=/home/ubuntu/ros2_ws/build/robdep/prefix_override:/home/ubuntu/ros2_ws/install/robdep/lib/python3.8/site-packages:/home/ubuntu/ros2_ws/install/robdep_interfaces/lib/python3.8/site-packages:/home/ubuntu/ros2_ws/install/robdep/lib/python3.8/site-packages:/opt/ros/galactic/lib/python3.8/site-packages /usr/bin/python3 setup.py egg_info --egg-base ../../build/robdep build --build-base /home/ubuntu/ros2_ws/build/robdep/build install --record /home/ubuntu/ros2_ws/build/robdep/install.log --single-version-externally-managed
[4.750s] running egg_info
[4.753s] writing ../../build/robdep/robdep.egg-info/PKG-INFO
[4.755s] writing dependency_links to ../../build/robdep/robdep.egg-info/dependency_links.txt
[4.756s] writing entry points to ../../build/robdep/robdep.egg-info/entry_points.txt
[4.757s] writing requirements to ../../build/robdep/robdep.egg-info/requires.txt
[4.758s] writing top-level names to ../../build/robdep/robdep.egg-info/top_level.txt
[4.925s] reading manifest file '../../build/robdep/robdep.egg-info/SOURCES.txt'
[4.931s] writing manifest file '../../build/robdep/robdep.egg-info/SOURCES.txt'
[4.932s] running build
[4.933s] running build_py
[4.937s] copying robdep/blob_runner.py -> /home/ubuntu/ros2_ws/build/robdep/build/lib/robdep
[4.938s] running install
[4.941s] running install_lib
[4.947s] copying /home/ubuntu/ros2_ws/build/robdep/build/lib/robdep/blob_runner.py -> /home/ubuntu/ros2_ws/install/robdep/lib/python3.8/site-packages/robdep
[4.951s] byte-compiling /home/ubuntu/ros2_ws/install/robdep/lib/python3.8/site-packages/robdep/blob_runner.py to blob_runner.cpython-38.pyc
[4.958s] running install_data
[4.960s] running install_egg_info
[4.970s] removing '/home/ubuntu/ros2_ws/install/robdep/lib/python3.8/site-packages/robdep-0.0.0-py3.8.egg-info' (and everything under it)
[4.972s] Copying ../../build/robdep/robdep.egg-info to /home/ubuntu/ros2_ws/install/robdep/lib/python3.8/site-packages/robdep-0.0.0-py3.8.egg-info
[4.980s] running install_scripts
[5.069s] Installing blob_detector script to /home/ubuntu/ros2_ws/install/robdep/lib/robdep
[5.070s] Installing blob_printer script to /home/ubuntu/ros2_ws/install/robdep/lib/robdep
[5.071s] Installing blob_runner script to /home/ubuntu/ros2_ws/install/robdep/lib/robdep
[5.072s] Installing bot_run script to /home/ubuntu/ros2_ws/install/robdep/lib/robdep
[5.075s] writing list of installed files to '/home/ubuntu/ros2_ws/build/robdep/install.log'
[5.227s] Invoked command in '/home/ubuntu/ros2_ws/src/robdep' returned '0': PYTHONPATH=/home/ubuntu/ros2_ws/build/robdep/prefix_override:/home/ubuntu/ros2_ws/install/robdep/lib/python3.8/site-packages:/home/ubuntu/ros2_ws/install/robdep_interfaces/lib/python3.8/site-packages:/home/ubuntu/ros2_ws/install/robdep/lib/python3.8/site-packages:/opt/ros/galactic/lib/python3.8/site-packages /usr/bin/python3 setup.py egg_info --egg-base ../../build/robdep build --build-base /home/ubuntu/ros2_ws/build/robdep/build install --record /home/ubuntu/ros2_ws/build/robdep/install.log --single-version-externally-managed
