[4.365s] Invoking command in '/home/ubuntu/ros2_ws/src/robdep': CMAKE_PREFIX_PATH=/home/ubuntu/ros2_ws/install/robdep_interfaces:/home/ubuntu/ros2_ws/install/robdep_project_interfaces PYTHONPATH=/home/ubuntu/ros2_ws/build/robdep/prefix_override:/home/ubuntu/ros2_ws/install/robdep/lib/python3.8/site-packages:/home/ubuntu/ros2_ws/install/robdep_interfaces/lib/python3.8/site-packages:/home/ubuntu/ros2_ws/install/robdep_project/lib/python3.8/site-packages:/home/ubuntu/ros2_ws/install/robdep/lib/python3.8/site-packages:/opt/ros/galactic/lib/python3.8/site-packages /usr/bin/python3 setup.py egg_info --egg-base ../../build/robdep build --build-base /home/ubuntu/ros2_ws/build/robdep/build install --record /home/ubuntu/ros2_ws/build/robdep/install.log --single-version-externally-managed
[5.930s] running egg_info
[5.932s] writing ../../build/robdep/robdep.egg-info/PKG-INFO
[5.933s] writing dependency_links to ../../build/robdep/robdep.egg-info/dependency_links.txt
[5.935s] writing entry points to ../../build/robdep/robdep.egg-info/entry_points.txt
[5.938s] writing requirements to ../../build/robdep/robdep.egg-info/requires.txt
[5.938s] writing top-level names to ../../build/robdep/robdep.egg-info/top_level.txt
[6.101s] reading manifest file '../../build/robdep/robdep.egg-info/SOURCES.txt'
[6.106s] writing manifest file '../../build/robdep/robdep.egg-info/SOURCES.txt'
[6.107s] running build
[6.107s] running build_py
[6.109s] running install
[6.113s] running install_lib
[6.121s] running install_data
[6.123s] running install_egg_info
[6.135s] removing '/home/ubuntu/ros2_ws/install/robdep/lib/python3.8/site-packages/robdep-0.0.0-py3.8.egg-info' (and everything under it)
[6.137s] Copying ../../build/robdep/robdep.egg-info to /home/ubuntu/ros2_ws/install/robdep/lib/python3.8/site-packages/robdep-0.0.0-py3.8.egg-info
[6.142s] running install_scripts
[6.222s] Installing blob_detector script to /home/ubuntu/ros2_ws/install/robdep/lib/robdep
[6.223s] Installing blob_printer script to /home/ubuntu/ros2_ws/install/robdep/lib/robdep
[6.224s] Installing blob_runner script to /home/ubuntu/ros2_ws/install/robdep/lib/robdep
[6.230s] Installing bot_run script to /home/ubuntu/ros2_ws/install/robdep/lib/robdep
[6.231s] Installing get_images script to /home/ubuntu/ros2_ws/install/robdep/lib/robdep
[6.232s] Installing mask_publisher script to /home/ubuntu/ros2_ws/install/robdep/lib/robdep
[6.233s] writing list of installed files to '/home/ubuntu/ros2_ws/build/robdep/install.log'
[6.370s] Invoked command in '/home/ubuntu/ros2_ws/src/robdep' returned '0': CMAKE_PREFIX_PATH=/home/ubuntu/ros2_ws/install/robdep_interfaces:/home/ubuntu/ros2_ws/install/robdep_project_interfaces PYTHONPATH=/home/ubuntu/ros2_ws/build/robdep/prefix_override:/home/ubuntu/ros2_ws/install/robdep/lib/python3.8/site-packages:/home/ubuntu/ros2_ws/install/robdep_interfaces/lib/python3.8/site-packages:/home/ubuntu/ros2_ws/install/robdep_project/lib/python3.8/site-packages:/home/ubuntu/ros2_ws/install/robdep/lib/python3.8/site-packages:/opt/ros/galactic/lib/python3.8/site-packages /usr/bin/python3 setup.py egg_info --egg-base ../../build/robdep build --build-base /home/ubuntu/ros2_ws/build/robdep/build install --record /home/ubuntu/ros2_ws/build/robdep/install.log --single-version-externally-managed
