[2.995s] Invoking command in '/home/ubuntu/ros2_ws/src/robdep': CMAKE_PREFIX_PATH=/home/ubuntu/ros2_ws/install/robdep_interfaces:/home/ubuntu/ros2_ws/install/robdep_project_interfaces PYTHONPATH=/home/ubuntu/ros2_ws/build/robdep/prefix_override:/home/ubuntu/ros2_ws/install/robdep/lib/python3.8/site-packages:/home/ubuntu/ros2_ws/install/robdep_interfaces/lib/python3.8/site-packages:/home/ubuntu/ros2_ws/install/robdep_project/lib/python3.8/site-packages:/home/ubuntu/ros2_ws/install/robdep/lib/python3.8/site-packages:/opt/ros/galactic/lib/python3.8/site-packages /usr/bin/python3 setup.py egg_info --egg-base ../../build/robdep build --build-base /home/ubuntu/ros2_ws/build/robdep/build install --record /home/ubuntu/ros2_ws/build/robdep/install.log --single-version-externally-managed
[3.934s] running egg_info
[3.936s] writing ../../build/robdep/robdep.egg-info/PKG-INFO
[3.937s] writing dependency_links to ../../build/robdep/robdep.egg-info/dependency_links.txt
[3.938s] writing entry points to ../../build/robdep/robdep.egg-info/entry_points.txt
[3.938s] writing requirements to ../../build/robdep/robdep.egg-info/requires.txt
[3.939s] writing top-level names to ../../build/robdep/robdep.egg-info/top_level.txt
[4.071s] reading manifest file '../../build/robdep/robdep.egg-info/SOURCES.txt'
[4.075s] writing manifest file '../../build/robdep/robdep.egg-info/SOURCES.txt'
[4.076s] running build
[4.076s] running build_py
[4.079s] running install
[4.082s] running install_lib
[4.090s] running install_data
[4.092s] running install_egg_info
[4.098s] removing '/home/ubuntu/ros2_ws/install/robdep/lib/python3.8/site-packages/robdep-0.0.0-py3.8.egg-info' (and everything under it)
[4.100s] Copying ../../build/robdep/robdep.egg-info to /home/ubuntu/ros2_ws/install/robdep/lib/python3.8/site-packages/robdep-0.0.0-py3.8.egg-info
[4.105s] running install_scripts
[4.172s] Installing blob_detector script to /home/ubuntu/ros2_ws/install/robdep/lib/robdep
[4.174s] Installing blob_printer script to /home/ubuntu/ros2_ws/install/robdep/lib/robdep
[4.175s] Installing blob_runner script to /home/ubuntu/ros2_ws/install/robdep/lib/robdep
[4.176s] Installing bot_run script to /home/ubuntu/ros2_ws/install/robdep/lib/robdep
[4.176s] Installing get_images script to /home/ubuntu/ros2_ws/install/robdep/lib/robdep
[4.177s] Installing mask_publisher script to /home/ubuntu/ros2_ws/install/robdep/lib/robdep
[4.178s] writing list of installed files to '/home/ubuntu/ros2_ws/build/robdep/install.log'
[4.289s] Invoked command in '/home/ubuntu/ros2_ws/src/robdep' returned '0': CMAKE_PREFIX_PATH=/home/ubuntu/ros2_ws/install/robdep_interfaces:/home/ubuntu/ros2_ws/install/robdep_project_interfaces PYTHONPATH=/home/ubuntu/ros2_ws/build/robdep/prefix_override:/home/ubuntu/ros2_ws/install/robdep/lib/python3.8/site-packages:/home/ubuntu/ros2_ws/install/robdep_interfaces/lib/python3.8/site-packages:/home/ubuntu/ros2_ws/install/robdep_project/lib/python3.8/site-packages:/home/ubuntu/ros2_ws/install/robdep/lib/python3.8/site-packages:/opt/ros/galactic/lib/python3.8/site-packages /usr/bin/python3 setup.py egg_info --egg-base ../../build/robdep build --build-base /home/ubuntu/ros2_ws/build/robdep/build install --record /home/ubuntu/ros2_ws/build/robdep/install.log --single-version-externally-managed
