[6.736s] Invoking command in '/home/ubuntu/ros2_ws/src/robdep_project': PYTHONPATH=/home/ubuntu/ros2_ws/build/robdep_project/prefix_override:/home/ubuntu/ros2_ws/install/robdep_project/lib/python3.8/site-packages:${PYTHONPATH} /usr/bin/python3 setup.py egg_info --egg-base ../../build/robdep_project build --build-base /home/ubuntu/ros2_ws/build/robdep_project/build install --record /home/ubuntu/ros2_ws/build/robdep_project/install.log --single-version-externally-managed
[8.575s] running egg_info
[8.578s] writing ../../build/robdep_project/robdep_project.egg-info/PKG-INFO
[8.584s] writing dependency_links to ../../build/robdep_project/robdep_project.egg-info/dependency_links.txt
[8.585s] writing entry points to ../../build/robdep_project/robdep_project.egg-info/entry_points.txt
[8.586s] writing requirements to ../../build/robdep_project/robdep_project.egg-info/requires.txt
[8.586s] writing top-level names to ../../build/robdep_project/robdep_project.egg-info/top_level.txt
[8.817s] reading manifest file '../../build/robdep_project/robdep_project.egg-info/SOURCES.txt'
[8.822s] writing manifest file '../../build/robdep_project/robdep_project.egg-info/SOURCES.txt'
[8.823s] running build
[8.823s] running build_py
[8.824s] copying robdep_project/depth_extraction.py -> /home/ubuntu/ros2_ws/build/robdep_project/build/lib/robdep_project
[8.826s] running install
[8.829s] running install_lib
[8.835s] copying /home/ubuntu/ros2_ws/build/robdep_project/build/lib/robdep_project/depth_extraction.py -> /home/ubuntu/ros2_ws/install/robdep_project/lib/python3.8/site-packages/robdep_project
[8.843s] byte-compiling /home/ubuntu/ros2_ws/install/robdep_project/lib/python3.8/site-packages/robdep_project/depth_extraction.py to depth_extraction.cpython-38.pyc
[8.847s] running install_data
[8.852s] running install_egg_info
[8.859s] removing '/home/ubuntu/ros2_ws/install/robdep_project/lib/python3.8/site-packages/robdep_project-0.0.0-py3.8.egg-info' (and everything under it)
[8.861s] Copying ../../build/robdep_project/robdep_project.egg-info to /home/ubuntu/ros2_ws/install/robdep_project/lib/python3.8/site-packages/robdep_project-0.0.0-py3.8.egg-info
[8.871s] running install_scripts
[8.959s] Installing custom_object_detection_node script to /home/ubuntu/ros2_ws/install/robdep_project/lib/robdep_project
[8.960s] Installing depth_extraction script to /home/ubuntu/ros2_ws/install/robdep_project/lib/robdep_project
[8.961s] Installing detections script to /home/ubuntu/ros2_ws/install/robdep_project/lib/robdep_project
[8.963s] writing list of installed files to '/home/ubuntu/ros2_ws/build/robdep_project/install.log'
[9.107s] Invoked command in '/home/ubuntu/ros2_ws/src/robdep_project' returned '0': PYTHONPATH=/home/ubuntu/ros2_ws/build/robdep_project/prefix_override:/home/ubuntu/ros2_ws/install/robdep_project/lib/python3.8/site-packages:${PYTHONPATH} /usr/bin/python3 setup.py egg_info --egg-base ../../build/robdep_project build --build-base /home/ubuntu/ros2_ws/build/robdep_project/build install --record /home/ubuntu/ros2_ws/build/robdep_project/install.log --single-version-externally-managed
