[6.066s] Invoking command in '/home/ubuntu/ros2_ws/src/robdep_project': PYTHONPATH=/home/ubuntu/ros2_ws/build/robdep_project/prefix_override:/home/ubuntu/ros2_ws/install/robdep_project/lib/python3.8/site-packages:${PYTHONPATH} /usr/bin/python3 setup.py egg_info --egg-base ../../build/robdep_project build --build-base /home/ubuntu/ros2_ws/build/robdep_project/build install --record /home/ubuntu/ros2_ws/build/robdep_project/install.log --single-version-externally-managed
[7.783s] running egg_info
[7.786s] writing ../../build/robdep_project/robdep_project.egg-info/PKG-INFO
[7.787s] writing dependency_links to ../../build/robdep_project/robdep_project.egg-info/dependency_links.txt
[7.795s] writing entry points to ../../build/robdep_project/robdep_project.egg-info/entry_points.txt
[7.796s] writing requirements to ../../build/robdep_project/robdep_project.egg-info/requires.txt
[7.797s] writing top-level names to ../../build/robdep_project/robdep_project.egg-info/top_level.txt
[7.959s] reading manifest file '../../build/robdep_project/robdep_project.egg-info/SOURCES.txt'
[7.965s] writing manifest file '../../build/robdep_project/robdep_project.egg-info/SOURCES.txt'
[7.966s] running build
[7.967s] running build_py
[7.969s] running install
[7.972s] running install_lib
[7.987s] running install_data
[7.987s] running install_egg_info
[7.997s] removing '/home/ubuntu/ros2_ws/install/robdep_project/lib/python3.8/site-packages/robdep_project-0.0.0-py3.8.egg-info' (and everything under it)
[7.999s] Copying ../../build/robdep_project/robdep_project.egg-info to /home/ubuntu/ros2_ws/install/robdep_project/lib/python3.8/site-packages/robdep_project-0.0.0-py3.8.egg-info
[8.007s] running install_scripts
[8.099s] Installing controller script to /home/ubuntu/ros2_ws/install/robdep_project/lib/robdep_project
[8.102s] Installing custom_object_detection_node script to /home/ubuntu/ros2_ws/install/robdep_project/lib/robdep_project
[8.103s] Installing depth_extraction script to /home/ubuntu/ros2_ws/install/robdep_project/lib/robdep_project
[8.104s] Installing detections script to /home/ubuntu/ros2_ws/install/robdep_project/lib/robdep_project
[8.111s] writing list of installed files to '/home/ubuntu/ros2_ws/build/robdep_project/install.log'
[8.265s] Invoked command in '/home/ubuntu/ros2_ws/src/robdep_project' returned '0': PYTHONPATH=/home/ubuntu/ros2_ws/build/robdep_project/prefix_override:/home/ubuntu/ros2_ws/install/robdep_project/lib/python3.8/site-packages:${PYTHONPATH} /usr/bin/python3 setup.py egg_info --egg-base ../../build/robdep_project build --build-base /home/ubuntu/ros2_ws/build/robdep_project/build install --record /home/ubuntu/ros2_ws/build/robdep_project/install.log --single-version-externally-managed
