[5.345s] Invoking command in '/home/ubuntu/ros2_ws/src/robdep_project': PYTHONPATH=/home/ubuntu/ros2_ws/build/robdep_project/prefix_override:/home/ubuntu/ros2_ws/install/robdep_project/lib/python3.8/site-packages:${PYTHONPATH} /usr/bin/python3 setup.py egg_info --egg-base ../../build/robdep_project build --build-base /home/ubuntu/ros2_ws/build/robdep_project/build install --record /home/ubuntu/ros2_ws/build/robdep_project/install.log --single-version-externally-managed
[6.748s] running egg_info
[6.754s] writing ../../build/robdep_project/robdep_project.egg-info/PKG-INFO
[6.755s] writing dependency_links to ../../build/robdep_project/robdep_project.egg-info/dependency_links.txt
[6.756s] writing entry points to ../../build/robdep_project/robdep_project.egg-info/entry_points.txt
[6.757s] writing requirements to ../../build/robdep_project/robdep_project.egg-info/requires.txt
[6.759s] writing top-level names to ../../build/robdep_project/robdep_project.egg-info/top_level.txt
[6.928s] reading manifest file '../../build/robdep_project/robdep_project.egg-info/SOURCES.txt'
[6.933s] writing manifest file '../../build/robdep_project/robdep_project.egg-info/SOURCES.txt'
[6.934s] running build
[6.940s] running build_py
[6.941s] copying robdep_project/detections.py -> /home/ubuntu/ros2_ws/build/robdep_project/build/lib/robdep_project
[6.941s] running install
[6.943s] running install_lib
[6.947s] copying /home/ubuntu/ros2_ws/build/robdep_project/build/lib/robdep_project/detections.py -> /home/ubuntu/ros2_ws/install/robdep_project/lib/python3.8/site-packages/robdep_project
[6.950s] byte-compiling /home/ubuntu/ros2_ws/install/robdep_project/lib/python3.8/site-packages/robdep_project/detections.py to detections.cpython-38.pyc
[6.955s] Sorry: TabError: inconsistent use of tabs and spaces in indentation (detections.py, line 22)
[6.956s] running install_data
[6.957s] running install_egg_info
[6.967s] removing '/home/ubuntu/ros2_ws/install/robdep_project/lib/python3.8/site-packages/robdep_project-0.0.0-py3.8.egg-info' (and everything under it)
[6.972s] Copying ../../build/robdep_project/robdep_project.egg-info to /home/ubuntu/ros2_ws/install/robdep_project/lib/python3.8/site-packages/robdep_project-0.0.0-py3.8.egg-info
[6.980s] running install_scripts
[7.073s] Installing detections script to /home/ubuntu/ros2_ws/install/robdep_project/lib/robdep_project
[7.075s] writing list of installed files to '/home/ubuntu/ros2_ws/build/robdep_project/install.log'
[7.234s] Invoked command in '/home/ubuntu/ros2_ws/src/robdep_project' returned '0': PYTHONPATH=/home/ubuntu/ros2_ws/build/robdep_project/prefix_override:/home/ubuntu/ros2_ws/install/robdep_project/lib/python3.8/site-packages:${PYTHONPATH} /usr/bin/python3 setup.py egg_info --egg-base ../../build/robdep_project build --build-base /home/ubuntu/ros2_ws/build/robdep_project/build install --record /home/ubuntu/ros2_ws/build/robdep_project/install.log --single-version-externally-managed
