[5.880s] Invoking command in '/home/ubuntu/ros2_ws/src/robdep_project': PYTHONPATH=/home/ubuntu/ros2_ws/build/robdep_project/prefix_override:/home/ubuntu/ros2_ws/install/robdep_project/lib/python3.8/site-packages:${PYTHONPATH} /usr/bin/python3 setup.py egg_info --egg-base ../../build/robdep_project build --build-base /home/ubuntu/ros2_ws/build/robdep_project/build install --record /home/ubuntu/ros2_ws/build/robdep_project/install.log --single-version-externally-managed
[7.559s] running egg_info
[7.562s] writing ../../build/robdep_project/robdep_project.egg-info/PKG-INFO
[7.563s] writing dependency_links to ../../build/robdep_project/robdep_project.egg-info/dependency_links.txt
[7.567s] writing entry points to ../../build/robdep_project/robdep_project.egg-info/entry_points.txt
[7.568s] writing requirements to ../../build/robdep_project/robdep_project.egg-info/requires.txt
[7.568s] writing top-level names to ../../build/robdep_project/robdep_project.egg-info/top_level.txt
[7.740s] reading manifest file '../../build/robdep_project/robdep_project.egg-info/SOURCES.txt'
[7.745s] writing manifest file '../../build/robdep_project/robdep_project.egg-info/SOURCES.txt'
[7.745s] running build
[7.746s] running build_py
[7.747s] copying robdep_project/custom_object_detection_node.py -> /home/ubuntu/ros2_ws/build/robdep_project/build/lib/robdep_project
[7.750s] running install
[7.758s] running install_lib
[7.761s] copying /home/ubuntu/ros2_ws/build/robdep_project/build/lib/robdep_project/custom_object_detection_node.py -> /home/ubuntu/ros2_ws/install/robdep_project/lib/python3.8/site-packages/robdep_project
[7.765s] byte-compiling /home/ubuntu/ros2_ws/install/robdep_project/lib/python3.8/site-packages/robdep_project/custom_object_detection_node.py to custom_object_detection_node.cpython-38.pyc
[7.769s] running install_data
[7.771s] running install_egg_info
[7.781s] removing '/home/ubuntu/ros2_ws/install/robdep_project/lib/python3.8/site-packages/robdep_project-0.0.0-py3.8.egg-info' (and everything under it)
[7.783s] Copying ../../build/robdep_project/robdep_project.egg-info to /home/ubuntu/ros2_ws/install/robdep_project/lib/python3.8/site-packages/robdep_project-0.0.0-py3.8.egg-info
[7.792s] running install_scripts
[7.875s] Installing controller script to /home/ubuntu/ros2_ws/install/robdep_project/lib/robdep_project
[7.876s] Installing custom_object_detection_node script to /home/ubuntu/ros2_ws/install/robdep_project/lib/robdep_project
[7.877s] Installing depth_extraction script to /home/ubuntu/ros2_ws/install/robdep_project/lib/robdep_project
[7.882s] Installing detections script to /home/ubuntu/ros2_ws/install/robdep_project/lib/robdep_project
[7.883s] writing list of installed files to '/home/ubuntu/ros2_ws/build/robdep_project/install.log'
[8.045s] Invoked command in '/home/ubuntu/ros2_ws/src/robdep_project' returned '0': PYTHONPATH=/home/ubuntu/ros2_ws/build/robdep_project/prefix_override:/home/ubuntu/ros2_ws/install/robdep_project/lib/python3.8/site-packages:${PYTHONPATH} /usr/bin/python3 setup.py egg_info --egg-base ../../build/robdep_project build --build-base /home/ubuntu/ros2_ws/build/robdep_project/build install --record /home/ubuntu/ros2_ws/build/robdep_project/install.log --single-version-externally-managed
