[4.268s] Invoking command in '/home/ubuntu/ros2_ws/src/robdep_project': PYTHONPATH=/home/ubuntu/ros2_ws/build/robdep_project/prefix_override:/home/ubuntu/ros2_ws/install/robdep_project/lib/python3.8/site-packages:${PYTHONPATH} /usr/bin/python3 setup.py egg_info --egg-base ../../build/robdep_project build --build-base /home/ubuntu/ros2_ws/build/robdep_project/build install --record /home/ubuntu/ros2_ws/build/robdep_project/install.log --single-version-externally-managed
[5.359s] running egg_info
[5.361s] writing ../../build/robdep_project/robdep_project.egg-info/PKG-INFO
[5.362s] writing dependency_links to ../../build/robdep_project/robdep_project.egg-info/dependency_links.txt
[5.363s] writing entry points to ../../build/robdep_project/robdep_project.egg-info/entry_points.txt
[5.364s] writing requirements to ../../build/robdep_project/robdep_project.egg-info/requires.txt
[5.365s] writing top-level names to ../../build/robdep_project/robdep_project.egg-info/top_level.txt
[5.514s] reading manifest file '../../build/robdep_project/robdep_project.egg-info/SOURCES.txt'
[5.518s] writing manifest file '../../build/robdep_project/robdep_project.egg-info/SOURCES.txt'
[5.518s] running build
[5.519s] running build_py
[5.520s] copying robdep_project/detections.py -> /home/ubuntu/ros2_ws/build/robdep_project/build/lib/robdep_project
[5.521s] running install
[5.524s] running install_lib
[5.528s] copying /home/ubuntu/ros2_ws/build/robdep_project/build/lib/robdep_project/detections.py -> /home/ubuntu/ros2_ws/install/robdep_project/lib/python3.8/site-packages/robdep_project
[5.531s] byte-compiling /home/ubuntu/ros2_ws/install/robdep_project/lib/python3.8/site-packages/robdep_project/detections.py to detections.cpython-38.pyc
[5.539s] running install_data
[5.541s] running install_egg_info
[5.549s] removing '/home/ubuntu/ros2_ws/install/robdep_project/lib/python3.8/site-packages/robdep_project-0.0.0-py3.8.egg-info' (and everything under it)
[5.551s] Copying ../../build/robdep_project/robdep_project.egg-info to /home/ubuntu/ros2_ws/install/robdep_project/lib/python3.8/site-packages/robdep_project-0.0.0-py3.8.egg-info
[5.565s] running install_scripts
[5.632s] Installing detections script to /home/ubuntu/ros2_ws/install/robdep_project/lib/robdep_project
[5.634s] writing list of installed files to '/home/ubuntu/ros2_ws/build/robdep_project/install.log'
[5.766s] Invoked command in '/home/ubuntu/ros2_ws/src/robdep_project' returned '0': PYTHONPATH=/home/ubuntu/ros2_ws/build/robdep_project/prefix_override:/home/ubuntu/ros2_ws/install/robdep_project/lib/python3.8/site-packages:${PYTHONPATH} /usr/bin/python3 setup.py egg_info --egg-base ../../build/robdep_project build --build-base /home/ubuntu/ros2_ws/build/robdep_project/build install --record /home/ubuntu/ros2_ws/build/robdep_project/install.log --single-version-externally-managed
