[4.358s] Invoking command in '/home/ubuntu/ros2_ws/src/robdep': CMAKE_PREFIX_PATH=/home/ubuntu/ros2_ws/install/robdep_interfaces:/home/ubuntu/ros2_ws/install/robdep_project_interfaces PYTHONPATH=/home/ubuntu/ros2_ws/build/robdep/prefix_override:/home/ubuntu/ros2_ws/install/robdep/lib/python3.8/site-packages:/home/ubuntu/ros2_ws/install/robdep_interfaces/lib/python3.8/site-packages:/home/ubuntu/ros2_ws/install/robdep_project/lib/python3.8/site-packages:/home/ubuntu/ros2_ws/install/robdep/lib/python3.8/site-packages:/opt/ros/galactic/lib/python3.8/site-packages /usr/bin/python3 setup.py egg_info --egg-base ../../build/robdep build --build-base /home/ubuntu/ros2_ws/build/robdep/build install --record /home/ubuntu/ros2_ws/build/robdep/install.log --single-version-externally-managed
[5.787s] running egg_info
[5.791s] writing ../../build/robdep/robdep.egg-info/PKG-INFO
[5.794s] writing dependency_links to ../../build/robdep/robdep.egg-info/dependency_links.txt
[5.795s] writing entry points to ../../build/robdep/robdep.egg-info/entry_points.txt
[5.798s] writing requirements to ../../build/robdep/robdep.egg-info/requires.txt
[5.798s] writing top-level names to ../../build/robdep/robdep.egg-info/top_level.txt
[5.947s] reading manifest file '../../build/robdep/robdep.egg-info/SOURCES.txt'
[5.952s] writing manifest file '../../build/robdep/robdep.egg-info/SOURCES.txt'
[5.953s] running build
[5.954s] running build_py
[5.958s] running install
[5.962s] running install_lib
[5.969s] running install_data
[5.972s] running install_egg_info
[5.979s] removing '/home/ubuntu/ros2_ws/install/robdep/lib/python3.8/site-packages/robdep-0.0.0-py3.8.egg-info' (and everything under it)
[5.980s] Copying ../../build/robdep/robdep.egg-info to /home/ubuntu/ros2_ws/install/robdep/lib/python3.8/site-packages/robdep-0.0.0-py3.8.egg-info
[5.988s] running install_scripts
[6.066s] Installing blob_detector script to /home/ubuntu/ros2_ws/install/robdep/lib/robdep
[6.066s] Installing blob_printer script to /home/ubuntu/ros2_ws/install/robdep/lib/robdep
[6.067s] Installing blob_runner script to /home/ubuntu/ros2_ws/install/robdep/lib/robdep
[6.068s] Installing bot_run script to /home/ubuntu/ros2_ws/install/robdep/lib/robdep
[6.069s] Installing get_images script to /home/ubuntu/ros2_ws/install/robdep/lib/robdep
[6.069s] Installing mask_publisher script to /home/ubuntu/ros2_ws/install/robdep/lib/robdep
[6.071s] writing list of installed files to '/home/ubuntu/ros2_ws/build/robdep/install.log'
[6.203s] Invoked command in '/home/ubuntu/ros2_ws/src/robdep' returned '0': CMAKE_PREFIX_PATH=/home/ubuntu/ros2_ws/install/robdep_interfaces:/home/ubuntu/ros2_ws/install/robdep_project_interfaces PYTHONPATH=/home/ubuntu/ros2_ws/build/robdep/prefix_override:/home/ubuntu/ros2_ws/install/robdep/lib/python3.8/site-packages:/home/ubuntu/ros2_ws/install/robdep_interfaces/lib/python3.8/site-packages:/home/ubuntu/ros2_ws/install/robdep_project/lib/python3.8/site-packages:/home/ubuntu/ros2_ws/install/robdep/lib/python3.8/site-packages:/opt/ros/galactic/lib/python3.8/site-packages /usr/bin/python3 setup.py egg_info --egg-base ../../build/robdep build --build-base /home/ubuntu/ros2_ws/build/robdep/build install --record /home/ubuntu/ros2_ws/build/robdep/install.log --single-version-externally-managed
