[2.053s] Invoking command in '/home/ubuntu/ros2_ws/build/robdep_project_interfaces': CMAKE_PREFIX_PATH=${CMAKE_PREFIX_PATH}:/home/ubuntu/ros2_ws/install/robdep_project:/home/ubuntu/ros2_ws/install/robdep:/opt/ros/galactic /usr/bin/cmake --build /home/ubuntu/ros2_ws/build/robdep_project_interfaces -- -j4 -l4
[2.276s] Invoked command in '/home/ubuntu/ros2_ws/build/robdep_project_interfaces' returned '0': CMAKE_PREFIX_PATH=${CMAKE_PREFIX_PATH}:/home/ubuntu/ros2_ws/install/robdep_project:/home/ubuntu/ros2_ws/install/robdep:/opt/ros/galactic /usr/bin/cmake --build /home/ubuntu/ros2_ws/build/robdep_project_interfaces -- -j4 -l4
[2.477s] Invoking command in '/home/ubuntu/ros2_ws/build/robdep_project_interfaces': CMAKE_PREFIX_PATH=${CMAKE_PREFIX_PATH}:/home/ubuntu/ros2_ws/install/robdep_project:/home/ubuntu/ros2_ws/install/robdep:/opt/ros/galactic /usr/bin/cmake --install /home/ubuntu/ros2_ws/build/robdep_project_interfaces
[2.535s] -- Install configuration: ""
[2.536s] -- Up-to-date: /home/ubuntu/ros2_ws/install/robdep_project_interfaces/share/ament_index/resource_index/package_run_dependencies/robdep_project_interfaces
[2.536s] -- Up-to-date: /home/ubuntu/ros2_ws/install/robdep_project_interfaces/share/ament_index/resource_index/parent_prefix_path/robdep_project_interfaces
[2.537s] -- Up-to-date: /home/ubuntu/ros2_ws/install/robdep_project_interfaces/share/robdep_project_interfaces/environment/ament_prefix_path.sh
[2.538s] -- Up-to-date: /home/ubuntu/ros2_ws/install/robdep_project_interfaces/share/robdep_project_interfaces/environment/ament_prefix_path.dsv
[2.539s] -- Up-to-date: /home/ubuntu/ros2_ws/install/robdep_project_interfaces/share/robdep_project_interfaces/environment/path.sh
[2.540s] -- Up-to-date: /home/ubuntu/ros2_ws/install/robdep_project_interfaces/share/robdep_project_interfaces/environment/path.dsv
[2.541s] -- Up-to-date: /home/ubuntu/ros2_ws/install/robdep_project_interfaces/share/robdep_project_interfaces/local_setup.bash
[2.542s] -- Up-to-date: /home/ubuntu/ros2_ws/install/robdep_project_interfaces/share/robdep_project_interfaces/local_setup.sh
[2.543s] -- Up-to-date: /home/ubuntu/ros2_ws/install/robdep_project_interfaces/share/robdep_project_interfaces/local_setup.zsh
[2.545s] -- Up-to-date: /home/ubuntu/ros2_ws/install/robdep_project_interfaces/share/robdep_project_interfaces/local_setup.dsv
[2.548s] -- Installing: /home/ubuntu/ros2_ws/install/robdep_project_interfaces/share/robdep_project_interfaces/package.dsv
[2.549s] -- Up-to-date: /home/ubuntu/ros2_ws/install/robdep_project_interfaces/share/ament_index/resource_index/packages/robdep_project_interfaces
[2.554s] -- Up-to-date: /home/ubuntu/ros2_ws/install/robdep_project_interfaces/share/robdep_project_interfaces/cmake/robdep_project_interfacesConfig.cmake
[2.554s] -- Up-to-date: /home/ubuntu/ros2_ws/install/robdep_project_interfaces/share/robdep_project_interfaces/cmake/robdep_project_interfacesConfig-version.cmake
[2.557s] -- Up-to-date: /home/ubuntu/ros2_ws/install/robdep_project_interfaces/share/robdep_project_interfaces/package.xml
[2.567s] Invoked command in '/home/ubuntu/ros2_ws/build/robdep_project_interfaces' returned '0': CMAKE_PREFIX_PATH=${CMAKE_PREFIX_PATH}:/home/ubuntu/ros2_ws/install/robdep_project:/home/ubuntu/ros2_ws/install/robdep:/opt/ros/galactic /usr/bin/cmake --install /home/ubuntu/ros2_ws/build/robdep_project_interfaces
