[11.123s] Invoking command in '/home/ubuntu/ros2_ws/src/robdep_project': PYTHONPATH=/home/ubuntu/ros2_ws/build/robdep_project/prefix_override:/home/ubuntu/ros2_ws/install/robdep_project/lib/python3.8/site-packages:${PYTHONPATH} /usr/bin/python3 setup.py egg_info --egg-base ../../build/robdep_project build --build-base /home/ubuntu/ros2_ws/build/robdep_project/build install --record /home/ubuntu/ros2_ws/build/robdep_project/install.log --single-version-externally-managed
[15.614s] running egg_info
[15.627s] writing ../../build/robdep_project/robdep_project.egg-info/PKG-INFO
[15.637s] writing dependency_links to ../../build/robdep_project/robdep_project.egg-info/dependency_links.txt
[15.638s] writing entry points to ../../build/robdep_project/robdep_project.egg-info/entry_points.txt
[15.642s] writing requirements to ../../build/robdep_project/robdep_project.egg-info/requires.txt
[15.653s] writing top-level names to ../../build/robdep_project/robdep_project.egg-info/top_level.txt
[16.078s] reading manifest file '../../build/robdep_project/robdep_project.egg-info/SOURCES.txt'
[16.094s] writing manifest file '../../build/robdep_project/robdep_project.egg-info/SOURCES.txt'
[16.095s] running build
[16.096s] running build_py
[16.096s] copying robdep_project/controller.py -> /home/ubuntu/ros2_ws/build/robdep_project/build/lib/robdep_project
[16.106s] running install
[16.124s] running install_lib
[16.127s] copying /home/ubuntu/ros2_ws/build/robdep_project/build/lib/robdep_project/controller.py -> /home/ubuntu/ros2_ws/install/robdep_project/lib/python3.8/site-packages/robdep_project
[16.143s] byte-compiling /home/ubuntu/ros2_ws/install/robdep_project/lib/python3.8/site-packages/robdep_project/controller.py to controller.cpython-38.pyc
[16.145s] Sorry: TabError: inconsistent use of tabs and spaces in indentation (controller.py, line 106)
[16.156s] running install_data
[16.171s] running install_egg_info
[16.207s] removing '/home/ubuntu/ros2_ws/install/robdep_project/lib/python3.8/site-packages/robdep_project-0.0.0-py3.8.egg-info' (and everything under it)
[16.214s] Copying ../../build/robdep_project/robdep_project.egg-info to /home/ubuntu/ros2_ws/install/robdep_project/lib/python3.8/site-packages/robdep_project-0.0.0-py3.8.egg-info
[16.235s] running install_scripts
[16.482s] Installing controller script to /home/ubuntu/ros2_ws/install/robdep_project/lib/robdep_project
[16.500s] Installing custom_object_detection_node script to /home/ubuntu/ros2_ws/install/robdep_project/lib/robdep_project
[16.506s] Installing depth_extraction script to /home/ubuntu/ros2_ws/install/robdep_project/lib/robdep_project
[16.508s] Installing detections script to /home/ubuntu/ros2_ws/install/robdep_project/lib/robdep_project
[16.513s] writing list of installed files to '/home/ubuntu/ros2_ws/build/robdep_project/install.log'
[17.750s] Invoked command in '/home/ubuntu/ros2_ws/src/robdep_project' returned '0': PYTHONPATH=/home/ubuntu/ros2_ws/build/robdep_project/prefix_override:/home/ubuntu/ros2_ws/install/robdep_project/lib/python3.8/site-packages:${PYTHONPATH} /usr/bin/python3 setup.py egg_info --egg-base ../../build/robdep_project build --build-base /home/ubuntu/ros2_ws/build/robdep_project/build install --record /home/ubuntu/ros2_ws/build/robdep_project/install.log --single-version-externally-managed
