[7.892s] Invoking command in '/home/ubuntu/ros2_ws/src/robdep_project': PYTHONPATH=/home/ubuntu/ros2_ws/build/robdep_project/prefix_override:/home/ubuntu/ros2_ws/install/robdep_project/lib/python3.8/site-packages:${PYTHONPATH} /usr/bin/python3 setup.py egg_info --egg-base ../../build/robdep_project build --build-base /home/ubuntu/ros2_ws/build/robdep_project/build install --record /home/ubuntu/ros2_ws/build/robdep_project/install.log --single-version-externally-managed
[10.065s] running egg_info
[10.070s] writing ../../build/robdep_project/robdep_project.egg-info/PKG-INFO
[10.072s] writing dependency_links to ../../build/robdep_project/robdep_project.egg-info/dependency_links.txt
[10.075s] writing entry points to ../../build/robdep_project/robdep_project.egg-info/entry_points.txt
[10.077s] writing requirements to ../../build/robdep_project/robdep_project.egg-info/requires.txt
[10.079s] writing top-level names to ../../build/robdep_project/robdep_project.egg-info/top_level.txt
[10.306s] reading manifest file '../../build/robdep_project/robdep_project.egg-info/SOURCES.txt'
[10.311s] writing manifest file '../../build/robdep_project/robdep_project.egg-info/SOURCES.txt'
[10.312s] running build
[10.312s] running build_py
[10.316s] copying robdep_project/controller.py -> /home/ubuntu/ros2_ws/build/robdep_project/build/lib/robdep_project
[10.320s] running install
[10.329s] running install_lib
[10.348s] copying /home/ubuntu/ros2_ws/build/robdep_project/build/lib/robdep_project/controller.py -> /home/ubuntu/ros2_ws/install/robdep_project/lib/python3.8/site-packages/robdep_project
[10.360s] byte-compiling /home/ubuntu/ros2_ws/install/robdep_project/lib/python3.8/site-packages/robdep_project/controller.py to controller.cpython-38.pyc
[10.361s] Sorry: TabError: inconsistent use of tabs and spaces in indentation (controller.py, line 106)
[10.363s] running install_data
[10.368s] running install_egg_info
[10.381s] removing '/home/ubuntu/ros2_ws/install/robdep_project/lib/python3.8/site-packages/robdep_project-0.0.0-py3.8.egg-info' (and everything under it)
[10.382s] Copying ../../build/robdep_project/robdep_project.egg-info to /home/ubuntu/ros2_ws/install/robdep_project/lib/python3.8/site-packages/robdep_project-0.0.0-py3.8.egg-info
[10.400s] running install_scripts
[10.524s] Installing controller script to /home/ubuntu/ros2_ws/install/robdep_project/lib/robdep_project
[10.529s] Installing custom_object_detection_node script to /home/ubuntu/ros2_ws/install/robdep_project/lib/robdep_project
[10.531s] Installing depth_extraction script to /home/ubuntu/ros2_ws/install/robdep_project/lib/robdep_project
[10.535s] Installing detections script to /home/ubuntu/ros2_ws/install/robdep_project/lib/robdep_project
[10.539s] writing list of installed files to '/home/ubuntu/ros2_ws/build/robdep_project/install.log'
[10.748s] Invoked command in '/home/ubuntu/ros2_ws/src/robdep_project' returned '0': PYTHONPATH=/home/ubuntu/ros2_ws/build/robdep_project/prefix_override:/home/ubuntu/ros2_ws/install/robdep_project/lib/python3.8/site-packages:${PYTHONPATH} /usr/bin/python3 setup.py egg_info --egg-base ../../build/robdep_project build --build-base /home/ubuntu/ros2_ws/build/robdep_project/build install --record /home/ubuntu/ros2_ws/build/robdep_project/install.log --single-version-externally-managed
