[5.004s] Invoking command in '/home/ubuntu/ros2_ws/src/robdep_project': PYTHONPATH=/home/ubuntu/ros2_ws/build/robdep_project/prefix_override:/home/ubuntu/ros2_ws/install/robdep_project/lib/python3.8/site-packages:${PYTHONPATH} /usr/bin/python3 setup.py egg_info --egg-base ../../build/robdep_project build --build-base /home/ubuntu/ros2_ws/build/robdep_project/build install --record /home/ubuntu/ros2_ws/build/robdep_project/install.log --single-version-externally-managed
[6.427s] running egg_info
[6.429s] writing ../../build/robdep_project/robdep_project.egg-info/PKG-INFO
[6.430s] writing dependency_links to ../../build/robdep_project/robdep_project.egg-info/dependency_links.txt
[6.431s] writing entry points to ../../build/robdep_project/robdep_project.egg-info/entry_points.txt
[6.432s] writing requirements to ../../build/robdep_project/robdep_project.egg-info/requires.txt
[6.433s] writing top-level names to ../../build/robdep_project/robdep_project.egg-info/top_level.txt
[6.582s] reading manifest file '../../build/robdep_project/robdep_project.egg-info/SOURCES.txt'
[6.586s] writing manifest file '../../build/robdep_project/robdep_project.egg-info/SOURCES.txt'
[6.587s] running build
[6.588s] running build_py
[6.589s] running install
[6.593s] running install_lib
[6.600s] running install_data
[6.603s] running install_egg_info
[6.610s] removing '/home/ubuntu/ros2_ws/install/robdep_project/lib/python3.8/site-packages/robdep_project-0.0.0-py3.8.egg-info' (and everything under it)
[6.612s] Copying ../../build/robdep_project/robdep_project.egg-info to /home/ubuntu/ros2_ws/install/robdep_project/lib/python3.8/site-packages/robdep_project-0.0.0-py3.8.egg-info
[6.619s] running install_scripts
[6.699s] Installing custom_object_detection_node script to /home/ubuntu/ros2_ws/install/robdep_project/lib/robdep_project
[6.700s] Installing depth_extraction script to /home/ubuntu/ros2_ws/install/robdep_project/lib/robdep_project
[6.701s] Installing detections script to /home/ubuntu/ros2_ws/install/robdep_project/lib/robdep_project
[6.703s] writing list of installed files to '/home/ubuntu/ros2_ws/build/robdep_project/install.log'
[6.838s] Invoked command in '/home/ubuntu/ros2_ws/src/robdep_project' returned '0': PYTHONPATH=/home/ubuntu/ros2_ws/build/robdep_project/prefix_override:/home/ubuntu/ros2_ws/install/robdep_project/lib/python3.8/site-packages:${PYTHONPATH} /usr/bin/python3 setup.py egg_info --egg-base ../../build/robdep_project build --build-base /home/ubuntu/ros2_ws/build/robdep_project/build install --record /home/ubuntu/ros2_ws/build/robdep_project/install.log --single-version-externally-managed
