[3.795s] Invoking command in '/home/ubuntu/ros2_ws/src/robdep': AMENT_PREFIX_PATH=/home/ubuntu/ros2_ws/install/robdep_interfaces:${AMENT_PREFIX_PATH} CMAKE_PREFIX_PATH=/home/ubuntu/ros2_ws/install/robdep_interfaces LD_LIBRARY_PATH=/home/ubuntu/ros2_ws/install/robdep_interfaces/lib:${LD_LIBRARY_PATH} PYTHONPATH=/home/ubuntu/ros2_ws/build/robdep/prefix_override:/home/ubuntu/ros2_ws/install/robdep/lib/python3.8/site-packages:/home/ubuntu/ros2_ws/install/robdep_interfaces/lib/python3.8/site-packages:${PYTHONPATH} /usr/bin/python3 setup.py egg_info --egg-base ../../build/robdep build --build-base /home/ubuntu/ros2_ws/build/robdep/build install --record /home/ubuntu/ros2_ws/build/robdep/install.log --single-version-externally-managed
[5.008s] running egg_info
[5.011s] writing ../../build/robdep/robdep.egg-info/PKG-INFO
[5.013s] writing dependency_links to ../../build/robdep/robdep.egg-info/dependency_links.txt
[5.014s] writing entry points to ../../build/robdep/robdep.egg-info/entry_points.txt
[5.015s] writing requirements to ../../build/robdep/robdep.egg-info/requires.txt
[5.015s] writing top-level names to ../../build/robdep/robdep.egg-info/top_level.txt
[5.171s] reading manifest file '../../build/robdep/robdep.egg-info/SOURCES.txt'
[5.176s] writing manifest file '../../build/robdep/robdep.egg-info/SOURCES.txt'
[5.176s] running build
[5.177s] running build_py
[5.182s] running install
[5.185s] running install_lib
[5.198s] running install_data
[5.204s] running install_egg_info
[5.211s] removing '/home/ubuntu/ros2_ws/install/robdep/lib/python3.8/site-packages/robdep-0.0.0-py3.8.egg-info' (and everything under it)
[5.212s] Copying ../../build/robdep/robdep.egg-info to /home/ubuntu/ros2_ws/install/robdep/lib/python3.8/site-packages/robdep-0.0.0-py3.8.egg-info
[5.217s] running install_scripts
[5.295s] Installing blob_detector script to /home/ubuntu/ros2_ws/install/robdep/lib/robdep
[5.298s] Installing blob_printer script to /home/ubuntu/ros2_ws/install/robdep/lib/robdep
[5.300s] Installing blob_runner script to /home/ubuntu/ros2_ws/install/robdep/lib/robdep
[5.301s] Installing bot_run script to /home/ubuntu/ros2_ws/install/robdep/lib/robdep
[5.302s] Installing get_images script to /home/ubuntu/ros2_ws/install/robdep/lib/robdep
[5.303s] Installing mask_publisher script to /home/ubuntu/ros2_ws/install/robdep/lib/robdep
[5.305s] writing list of installed files to '/home/ubuntu/ros2_ws/build/robdep/install.log'
[5.432s] Invoked command in '/home/ubuntu/ros2_ws/src/robdep' returned '0': AMENT_PREFIX_PATH=/home/ubuntu/ros2_ws/install/robdep_interfaces:${AMENT_PREFIX_PATH} CMAKE_PREFIX_PATH=/home/ubuntu/ros2_ws/install/robdep_interfaces LD_LIBRARY_PATH=/home/ubuntu/ros2_ws/install/robdep_interfaces/lib:${LD_LIBRARY_PATH} PYTHONPATH=/home/ubuntu/ros2_ws/build/robdep/prefix_override:/home/ubuntu/ros2_ws/install/robdep/lib/python3.8/site-packages:/home/ubuntu/ros2_ws/install/robdep_interfaces/lib/python3.8/site-packages:${PYTHONPATH} /usr/bin/python3 setup.py egg_info --egg-base ../../build/robdep build --build-base /home/ubuntu/ros2_ws/build/robdep/build install --record /home/ubuntu/ros2_ws/build/robdep/install.log --single-version-externally-managed
