[5.140s] Invoking command in '/home/ubuntu/ros2_ws/src/robdep_project': PYTHONPATH=/home/ubuntu/ros2_ws/build/robdep_project/prefix_override:/home/ubuntu/ros2_ws/install/robdep_project/lib/python3.8/site-packages:${PYTHONPATH} /usr/bin/python3 setup.py egg_info --egg-base ../../build/robdep_project build --build-base /home/ubuntu/ros2_ws/build/robdep_project/build install --record /home/ubuntu/ros2_ws/build/robdep_project/install.log --single-version-externally-managed
[6.535s] running egg_info
[6.539s] writing ../../build/robdep_project/robdep_project.egg-info/PKG-INFO
[6.543s] writing dependency_links to ../../build/robdep_project/robdep_project.egg-info/dependency_links.txt
[6.546s] writing entry points to ../../build/robdep_project/robdep_project.egg-info/entry_points.txt
[6.547s] writing requirements to ../../build/robdep_project/robdep_project.egg-info/requires.txt
[6.548s] writing top-level names to ../../build/robdep_project/robdep_project.egg-info/top_level.txt
[6.732s] reading manifest file '../../build/robdep_project/robdep_project.egg-info/SOURCES.txt'
[6.737s] writing manifest file '../../build/robdep_project/robdep_project.egg-info/SOURCES.txt'
[6.738s] running build
[6.738s] running build_py
[6.739s] running install
[6.743s] running install_lib
[6.753s] running install_data
[6.756s] running install_egg_info
[6.770s] removing '/home/ubuntu/ros2_ws/install/robdep_project/lib/python3.8/site-packages/robdep_project-0.0.0-py3.8.egg-info' (and everything under it)
[6.772s] Copying ../../build/robdep_project/robdep_project.egg-info to /home/ubuntu/ros2_ws/install/robdep_project/lib/python3.8/site-packages/robdep_project-0.0.0-py3.8.egg-info
[6.780s] running install_scripts
[6.881s] Installing detections script to /home/ubuntu/ros2_ws/install/robdep_project/lib/robdep_project
[6.883s] writing list of installed files to '/home/ubuntu/ros2_ws/build/robdep_project/install.log'
[7.065s] Invoked command in '/home/ubuntu/ros2_ws/src/robdep_project' returned '0': PYTHONPATH=/home/ubuntu/ros2_ws/build/robdep_project/prefix_override:/home/ubuntu/ros2_ws/install/robdep_project/lib/python3.8/site-packages:${PYTHONPATH} /usr/bin/python3 setup.py egg_info --egg-base ../../build/robdep_project build --build-base /home/ubuntu/ros2_ws/build/robdep_project/build install --record /home/ubuntu/ros2_ws/build/robdep_project/install.log --single-version-externally-managed
