[3.068s] Invoking command in '/home/ubuntu/ros2_ws/src/robdep': PYTHONPATH=/home/ubuntu/ros2_ws/build/robdep/prefix_override:/home/ubuntu/ros2_ws/install/robdep/lib/python3.8/site-packages:/home/ubuntu/ros2_ws/install/robdep_interfaces/lib/python3.8/site-packages:/home/ubuntu/ros2_ws/install/robdep/lib/python3.8/site-packages:/opt/ros/galactic/lib/python3.8/site-packages /usr/bin/python3 setup.py egg_info --egg-base ../../build/robdep build --build-base /home/ubuntu/ros2_ws/build/robdep/build install --record /home/ubuntu/ros2_ws/build/robdep/install.log --single-version-externally-managed
[4.222s] running egg_info
[4.225s] writing ../../build/robdep/robdep.egg-info/PKG-INFO
[4.226s] writing dependency_links to ../../build/robdep/robdep.egg-info/dependency_links.txt
[4.227s] writing entry points to ../../build/robdep/robdep.egg-info/entry_points.txt
[4.228s] writing requirements to ../../build/robdep/robdep.egg-info/requires.txt
[4.228s] writing top-level names to ../../build/robdep/robdep.egg-info/top_level.txt
[4.380s] reading manifest file '../../build/robdep/robdep.egg-info/SOURCES.txt'
[4.384s] writing manifest file '../../build/robdep/robdep.egg-info/SOURCES.txt'
[4.384s] running build
[4.385s] running build_py
[4.386s] copying robdep/blob_runner.py -> /home/ubuntu/ros2_ws/build/robdep/build/lib/robdep
[4.389s] running install
[4.392s] running install_lib
[4.397s] copying /home/ubuntu/ros2_ws/build/robdep/build/lib/robdep/blob_runner.py -> /home/ubuntu/ros2_ws/install/robdep/lib/python3.8/site-packages/robdep
[4.400s] byte-compiling /home/ubuntu/ros2_ws/install/robdep/lib/python3.8/site-packages/robdep/blob_runner.py to blob_runner.cpython-38.pyc
[4.407s] running install_data
[4.411s] running install_egg_info
[4.418s] removing '/home/ubuntu/ros2_ws/install/robdep/lib/python3.8/site-packages/robdep-0.0.0-py3.8.egg-info' (and everything under it)
[4.420s] Copying ../../build/robdep/robdep.egg-info to /home/ubuntu/ros2_ws/install/robdep/lib/python3.8/site-packages/robdep-0.0.0-py3.8.egg-info
[4.427s] running install_scripts
[4.502s] Installing blob_detector script to /home/ubuntu/ros2_ws/install/robdep/lib/robdep
[4.503s] Installing blob_printer script to /home/ubuntu/ros2_ws/install/robdep/lib/robdep
[4.504s] Installing blob_runner script to /home/ubuntu/ros2_ws/install/robdep/lib/robdep
[4.506s] Installing bot_run script to /home/ubuntu/ros2_ws/install/robdep/lib/robdep
[4.507s] Installing get_images script to /home/ubuntu/ros2_ws/install/robdep/lib/robdep
[4.508s] Installing mask_publisher script to /home/ubuntu/ros2_ws/install/robdep/lib/robdep
[4.510s] writing list of installed files to '/home/ubuntu/ros2_ws/build/robdep/install.log'
[4.644s] Invoked command in '/home/ubuntu/ros2_ws/src/robdep' returned '0': PYTHONPATH=/home/ubuntu/ros2_ws/build/robdep/prefix_override:/home/ubuntu/ros2_ws/install/robdep/lib/python3.8/site-packages:/home/ubuntu/ros2_ws/install/robdep_interfaces/lib/python3.8/site-packages:/home/ubuntu/ros2_ws/install/robdep/lib/python3.8/site-packages:/opt/ros/galactic/lib/python3.8/site-packages /usr/bin/python3 setup.py egg_info --egg-base ../../build/robdep build --build-base /home/ubuntu/ros2_ws/build/robdep/build install --record /home/ubuntu/ros2_ws/build/robdep/install.log --single-version-externally-managed
