[3.637s] Invoking command in '/home/ubuntu/ros2_ws/src/robdep': CMAKE_PREFIX_PATH=/home/ubuntu/ros2_ws/install/robdep_interfaces:/home/ubuntu/ros2_ws/install/robdep_project_interfaces PYTHONPATH=/home/ubuntu/ros2_ws/build/robdep/prefix_override:/home/ubuntu/ros2_ws/install/robdep/lib/python3.8/site-packages:/home/ubuntu/ros2_ws/install/robdep_interfaces/lib/python3.8/site-packages:/home/ubuntu/ros2_ws/install/robdep_project/lib/python3.8/site-packages:/home/ubuntu/ros2_ws/install/robdep/lib/python3.8/site-packages:/opt/ros/galactic/lib/python3.8/site-packages /usr/bin/python3 setup.py egg_info --egg-base ../../build/robdep build --build-base /home/ubuntu/ros2_ws/build/robdep/build install --record /home/ubuntu/ros2_ws/build/robdep/install.log --single-version-externally-managed
[4.783s] running egg_info
[4.786s] writing ../../build/robdep/robdep.egg-info/PKG-INFO
[4.788s] writing dependency_links to ../../build/robdep/robdep.egg-info/dependency_links.txt
[4.789s] writing entry points to ../../build/robdep/robdep.egg-info/entry_points.txt
[4.790s] writing requirements to ../../build/robdep/robdep.egg-info/requires.txt
[4.791s] writing top-level names to ../../build/robdep/robdep.egg-info/top_level.txt
[4.940s] reading manifest file '../../build/robdep/robdep.egg-info/SOURCES.txt'
[4.944s] writing manifest file '../../build/robdep/robdep.egg-info/SOURCES.txt'
[4.944s] running build
[4.945s] running build_py
[4.950s] running install
[4.954s] running install_lib
[4.967s] running install_data
[4.970s] running install_egg_info
[4.978s] removing '/home/ubuntu/ros2_ws/install/robdep/lib/python3.8/site-packages/robdep-0.0.0-py3.8.egg-info' (and everything under it)
[4.979s] Copying ../../build/robdep/robdep.egg-info to /home/ubuntu/ros2_ws/install/robdep/lib/python3.8/site-packages/robdep-0.0.0-py3.8.egg-info
[4.985s] running install_scripts
[5.054s] Installing blob_detector script to /home/ubuntu/ros2_ws/install/robdep/lib/robdep
[5.056s] Installing blob_printer script to /home/ubuntu/ros2_ws/install/robdep/lib/robdep
[5.057s] Installing blob_runner script to /home/ubuntu/ros2_ws/install/robdep/lib/robdep
[5.057s] Installing bot_run script to /home/ubuntu/ros2_ws/install/robdep/lib/robdep
[5.058s] Installing get_images script to /home/ubuntu/ros2_ws/install/robdep/lib/robdep
[5.059s] Installing mask_publisher script to /home/ubuntu/ros2_ws/install/robdep/lib/robdep
[5.061s] writing list of installed files to '/home/ubuntu/ros2_ws/build/robdep/install.log'
[5.180s] Invoked command in '/home/ubuntu/ros2_ws/src/robdep' returned '0': CMAKE_PREFIX_PATH=/home/ubuntu/ros2_ws/install/robdep_interfaces:/home/ubuntu/ros2_ws/install/robdep_project_interfaces PYTHONPATH=/home/ubuntu/ros2_ws/build/robdep/prefix_override:/home/ubuntu/ros2_ws/install/robdep/lib/python3.8/site-packages:/home/ubuntu/ros2_ws/install/robdep_interfaces/lib/python3.8/site-packages:/home/ubuntu/ros2_ws/install/robdep_project/lib/python3.8/site-packages:/home/ubuntu/ros2_ws/install/robdep/lib/python3.8/site-packages:/opt/ros/galactic/lib/python3.8/site-packages /usr/bin/python3 setup.py egg_info --egg-base ../../build/robdep build --build-base /home/ubuntu/ros2_ws/build/robdep/build install --record /home/ubuntu/ros2_ws/build/robdep/install.log --single-version-externally-managed
