[4.660s] Invoking command in '/home/ubuntu/ros2_ws/src/robdep': CMAKE_PREFIX_PATH=/home/ubuntu/ros2_ws/install/robdep_interfaces:/home/ubuntu/ros2_ws/install/robdep_project_interfaces PYTHONPATH=/home/ubuntu/ros2_ws/build/robdep/prefix_override:/home/ubuntu/ros2_ws/install/robdep/lib/python3.8/site-packages:/home/ubuntu/ros2_ws/install/robdep_interfaces/lib/python3.8/site-packages:/home/ubuntu/ros2_ws/install/robdep_project/lib/python3.8/site-packages:/home/ubuntu/ros2_ws/install/robdep/lib/python3.8/site-packages:/opt/ros/galactic/lib/python3.8/site-packages /usr/bin/python3 setup.py egg_info --egg-base ../../build/robdep build --build-base /home/ubuntu/ros2_ws/build/robdep/build install --record /home/ubuntu/ros2_ws/build/robdep/install.log --single-version-externally-managed
[6.133s] running egg_info
[6.135s] writing ../../build/robdep/robdep.egg-info/PKG-INFO
[6.136s] writing dependency_links to ../../build/robdep/robdep.egg-info/dependency_links.txt
[6.137s] writing entry points to ../../build/robdep/robdep.egg-info/entry_points.txt
[6.138s] writing requirements to ../../build/robdep/robdep.egg-info/requires.txt
[6.139s] writing top-level names to ../../build/robdep/robdep.egg-info/top_level.txt
[6.291s] reading manifest file '../../build/robdep/robdep.egg-info/SOURCES.txt'
[6.295s] writing manifest file '../../build/robdep/robdep.egg-info/SOURCES.txt'
[6.296s] running build
[6.296s] running build_py
[6.299s] running install
[6.301s] running install_lib
[6.310s] running install_data
[6.315s] running install_egg_info
[6.323s] removing '/home/ubuntu/ros2_ws/install/robdep/lib/python3.8/site-packages/robdep-0.0.0-py3.8.egg-info' (and everything under it)
[6.324s] Copying ../../build/robdep/robdep.egg-info to /home/ubuntu/ros2_ws/install/robdep/lib/python3.8/site-packages/robdep-0.0.0-py3.8.egg-info
[6.329s] running install_scripts
[6.412s] Installing blob_detector script to /home/ubuntu/ros2_ws/install/robdep/lib/robdep
[6.416s] Installing blob_printer script to /home/ubuntu/ros2_ws/install/robdep/lib/robdep
[6.417s] Installing blob_runner script to /home/ubuntu/ros2_ws/install/robdep/lib/robdep
[6.418s] Installing bot_run script to /home/ubuntu/ros2_ws/install/robdep/lib/robdep
[6.419s] Installing get_images script to /home/ubuntu/ros2_ws/install/robdep/lib/robdep
[6.419s] Installing mask_publisher script to /home/ubuntu/ros2_ws/install/robdep/lib/robdep
[6.421s] writing list of installed files to '/home/ubuntu/ros2_ws/build/robdep/install.log'
[6.548s] Invoked command in '/home/ubuntu/ros2_ws/src/robdep' returned '0': CMAKE_PREFIX_PATH=/home/ubuntu/ros2_ws/install/robdep_interfaces:/home/ubuntu/ros2_ws/install/robdep_project_interfaces PYTHONPATH=/home/ubuntu/ros2_ws/build/robdep/prefix_override:/home/ubuntu/ros2_ws/install/robdep/lib/python3.8/site-packages:/home/ubuntu/ros2_ws/install/robdep_interfaces/lib/python3.8/site-packages:/home/ubuntu/ros2_ws/install/robdep_project/lib/python3.8/site-packages:/home/ubuntu/ros2_ws/install/robdep/lib/python3.8/site-packages:/opt/ros/galactic/lib/python3.8/site-packages /usr/bin/python3 setup.py egg_info --egg-base ../../build/robdep build --build-base /home/ubuntu/ros2_ws/build/robdep/build install --record /home/ubuntu/ros2_ws/build/robdep/install.log --single-version-externally-managed
