[7.105s] Invoking command in '/home/ubuntu/ros2_ws/src/robdep_project': PYTHONPATH=/home/ubuntu/ros2_ws/build/robdep_project/prefix_override:/home/ubuntu/ros2_ws/install/robdep_project/lib/python3.8/site-packages:${PYTHONPATH} /usr/bin/python3 setup.py egg_info --egg-base ../../build/robdep_project build --build-base /home/ubuntu/ros2_ws/build/robdep_project/build install --record /home/ubuntu/ros2_ws/build/robdep_project/install.log --single-version-externally-managed
[9.363s] running egg_info
[9.364s] writing ../../build/robdep_project/robdep_project.egg-info/PKG-INFO
[9.366s] writing dependency_links to ../../build/robdep_project/robdep_project.egg-info/dependency_links.txt
[9.367s] writing entry points to ../../build/robdep_project/robdep_project.egg-info/entry_points.txt
[9.368s] writing requirements to ../../build/robdep_project/robdep_project.egg-info/requires.txt
[9.369s] writing top-level names to ../../build/robdep_project/robdep_project.egg-info/top_level.txt
[9.571s] reading manifest file '../../build/robdep_project/robdep_project.egg-info/SOURCES.txt'
[9.575s] writing manifest file '../../build/robdep_project/robdep_project.egg-info/SOURCES.txt'
[9.576s] running build
[9.576s] running build_py
[9.578s] copying robdep_project/controller.py -> /home/ubuntu/ros2_ws/build/robdep_project/build/lib/robdep_project
[9.583s] running install
[9.597s] running install_lib
[9.603s] copying /home/ubuntu/ros2_ws/build/robdep_project/build/lib/robdep_project/controller.py -> /home/ubuntu/ros2_ws/install/robdep_project/lib/python3.8/site-packages/robdep_project
[9.608s] byte-compiling /home/ubuntu/ros2_ws/install/robdep_project/lib/python3.8/site-packages/robdep_project/controller.py to controller.cpython-38.pyc
[9.617s] running install_data
[9.623s] running install_egg_info
[9.630s] removing '/home/ubuntu/ros2_ws/install/robdep_project/lib/python3.8/site-packages/robdep_project-0.0.0-py3.8.egg-info' (and everything under it)
[9.632s] Copying ../../build/robdep_project/robdep_project.egg-info to /home/ubuntu/ros2_ws/install/robdep_project/lib/python3.8/site-packages/robdep_project-0.0.0-py3.8.egg-info
[9.639s] running install_scripts
[9.759s] Installing controller script to /home/ubuntu/ros2_ws/install/robdep_project/lib/robdep_project
[9.762s] Installing custom_object_detection_node script to /home/ubuntu/ros2_ws/install/robdep_project/lib/robdep_project
[9.768s] Installing depth_extraction script to /home/ubuntu/ros2_ws/install/robdep_project/lib/robdep_project
[9.772s] Installing detections script to /home/ubuntu/ros2_ws/install/robdep_project/lib/robdep_project
[9.775s] writing list of installed files to '/home/ubuntu/ros2_ws/build/robdep_project/install.log'
[10.823s] Invoked command in '/home/ubuntu/ros2_ws/src/robdep_project' returned '0': PYTHONPATH=/home/ubuntu/ros2_ws/build/robdep_project/prefix_override:/home/ubuntu/ros2_ws/install/robdep_project/lib/python3.8/site-packages:${PYTHONPATH} /usr/bin/python3 setup.py egg_info --egg-base ../../build/robdep_project build --build-base /home/ubuntu/ros2_ws/build/robdep_project/build install --record /home/ubuntu/ros2_ws/build/robdep_project/install.log --single-version-externally-managed
