[1.641s] Invoking command in '/home/ubuntu/ros2_ws/build/robdep_project_interfaces': CMAKE_PREFIX_PATH=${CMAKE_PREFIX_PATH}:/home/ubuntu/ros2_ws/install/robdep_project:/home/ubuntu/ros2_ws/install/robdep:/opt/ros/galactic /usr/bin/cmake --build /home/ubuntu/ros2_ws/build/robdep_project_interfaces -- -j4 -l4
[1.810s] Invoked command in '/home/ubuntu/ros2_ws/build/robdep_project_interfaces' returned '0': CMAKE_PREFIX_PATH=${CMAKE_PREFIX_PATH}:/home/ubuntu/ros2_ws/install/robdep_project:/home/ubuntu/ros2_ws/install/robdep:/opt/ros/galactic /usr/bin/cmake --build /home/ubuntu/ros2_ws/build/robdep_project_interfaces -- -j4 -l4
[1.966s] Invoking command in '/home/ubuntu/ros2_ws/build/robdep_project_interfaces': CMAKE_PREFIX_PATH=${CMAKE_PREFIX_PATH}:/home/ubuntu/ros2_ws/install/robdep_project:/home/ubuntu/ros2_ws/install/robdep:/opt/ros/galactic /usr/bin/cmake --install /home/ubuntu/ros2_ws/build/robdep_project_interfaces
[2.014s] -- Install configuration: ""
[2.017s] -- Up-to-date: /home/ubuntu/ros2_ws/install/robdep_project_interfaces/share/ament_index/resource_index/package_run_dependencies/robdep_project_interfaces
[2.017s] -- Up-to-date: /home/ubuntu/ros2_ws/install/robdep_project_interfaces/share/ament_index/resource_index/parent_prefix_path/robdep_project_interfaces
[2.019s] -- Up-to-date: /home/ubuntu/ros2_ws/install/robdep_project_interfaces/share/robdep_project_interfaces/environment/ament_prefix_path.sh
[2.020s] -- Up-to-date: /home/ubuntu/ros2_ws/install/robdep_project_interfaces/share/robdep_project_interfaces/environment/ament_prefix_path.dsv
[2.023s] -- Up-to-date: /home/ubuntu/ros2_ws/install/robdep_project_interfaces/share/robdep_project_interfaces/environment/path.sh
[2.024s] -- Up-to-date: /home/ubuntu/ros2_ws/install/robdep_project_interfaces/share/robdep_project_interfaces/environment/path.dsv
[2.024s] -- Up-to-date: /home/ubuntu/ros2_ws/install/robdep_project_interfaces/share/robdep_project_interfaces/local_setup.bash
[2.025s] -- Up-to-date: /home/ubuntu/ros2_ws/install/robdep_project_interfaces/share/robdep_project_interfaces/local_setup.sh
[2.026s] -- Up-to-date: /home/ubuntu/ros2_ws/install/robdep_project_interfaces/share/robdep_project_interfaces/local_setup.zsh
[2.028s] -- Up-to-date: /home/ubuntu/ros2_ws/install/robdep_project_interfaces/share/robdep_project_interfaces/local_setup.dsv
[2.029s] -- Installing: /home/ubuntu/ros2_ws/install/robdep_project_interfaces/share/robdep_project_interfaces/package.dsv
[2.034s] -- Up-to-date: /home/ubuntu/ros2_ws/install/robdep_project_interfaces/share/ament_index/resource_index/packages/robdep_project_interfaces
[2.036s] -- Up-to-date: /home/ubuntu/ros2_ws/install/robdep_project_interfaces/share/robdep_project_interfaces/cmake/robdep_project_interfacesConfig.cmake
[2.039s] -- Up-to-date: /home/ubuntu/ros2_ws/install/robdep_project_interfaces/share/robdep_project_interfaces/cmake/robdep_project_interfacesConfig-version.cmake
[2.040s] -- Up-to-date: /home/ubuntu/ros2_ws/install/robdep_project_interfaces/share/robdep_project_interfaces/package.xml
[2.045s] Invoked command in '/home/ubuntu/ros2_ws/build/robdep_project_interfaces' returned '0': CMAKE_PREFIX_PATH=${CMAKE_PREFIX_PATH}:/home/ubuntu/ros2_ws/install/robdep_project:/home/ubuntu/ros2_ws/install/robdep:/opt/ros/galactic /usr/bin/cmake --install /home/ubuntu/ros2_ws/build/robdep_project_interfaces
