[2.867s] Invoking command in '/home/ubuntu/ros2_ws/src/robdep': CMAKE_PREFIX_PATH=/home/ubuntu/ros2_ws/install/robdep_interfaces:/home/ubuntu/ros2_ws/install/robdep_project_interfaces PYTHONPATH=/home/ubuntu/ros2_ws/build/robdep/prefix_override:/home/ubuntu/ros2_ws/install/robdep/lib/python3.8/site-packages:/home/ubuntu/ros2_ws/install/robdep_interfaces/lib/python3.8/site-packages:/home/ubuntu/ros2_ws/install/robdep_project/lib/python3.8/site-packages:/home/ubuntu/ros2_ws/install/robdep/lib/python3.8/site-packages:/opt/ros/galactic/lib/python3.8/site-packages /usr/bin/python3 setup.py egg_info --egg-base ../../build/robdep build --build-base /home/ubuntu/ros2_ws/build/robdep/build install --record /home/ubuntu/ros2_ws/build/robdep/install.log --single-version-externally-managed
[3.781s] running egg_info
[3.784s] writing ../../build/robdep/robdep.egg-info/PKG-INFO
[3.785s] writing dependency_links to ../../build/robdep/robdep.egg-info/dependency_links.txt
[3.786s] writing entry points to ../../build/robdep/robdep.egg-info/entry_points.txt
[3.787s] writing requirements to ../../build/robdep/robdep.egg-info/requires.txt
[3.788s] writing top-level names to ../../build/robdep/robdep.egg-info/top_level.txt
[3.919s] reading manifest file '../../build/robdep/robdep.egg-info/SOURCES.txt'
[3.923s] writing manifest file '../../build/robdep/robdep.egg-info/SOURCES.txt'
[3.924s] running build
[3.925s] running build_py
[3.930s] running install
[3.930s] running install_lib
[3.936s] running install_data
[3.939s] running install_egg_info
[3.945s] removing '/home/ubuntu/ros2_ws/install/robdep/lib/python3.8/site-packages/robdep-0.0.0-py3.8.egg-info' (and everything under it)
[3.946s] Copying ../../build/robdep/robdep.egg-info to /home/ubuntu/ros2_ws/install/robdep/lib/python3.8/site-packages/robdep-0.0.0-py3.8.egg-info
[3.952s] running install_scripts
[4.017s] Installing blob_detector script to /home/ubuntu/ros2_ws/install/robdep/lib/robdep
[4.019s] Installing blob_printer script to /home/ubuntu/ros2_ws/install/robdep/lib/robdep
[4.019s] Installing blob_runner script to /home/ubuntu/ros2_ws/install/robdep/lib/robdep
[4.021s] Installing bot_run script to /home/ubuntu/ros2_ws/install/robdep/lib/robdep
[4.022s] Installing get_images script to /home/ubuntu/ros2_ws/install/robdep/lib/robdep
[4.022s] Installing mask_publisher script to /home/ubuntu/ros2_ws/install/robdep/lib/robdep
[4.026s] writing list of installed files to '/home/ubuntu/ros2_ws/build/robdep/install.log'
[4.143s] Invoked command in '/home/ubuntu/ros2_ws/src/robdep' returned '0': CMAKE_PREFIX_PATH=/home/ubuntu/ros2_ws/install/robdep_interfaces:/home/ubuntu/ros2_ws/install/robdep_project_interfaces PYTHONPATH=/home/ubuntu/ros2_ws/build/robdep/prefix_override:/home/ubuntu/ros2_ws/install/robdep/lib/python3.8/site-packages:/home/ubuntu/ros2_ws/install/robdep_interfaces/lib/python3.8/site-packages:/home/ubuntu/ros2_ws/install/robdep_project/lib/python3.8/site-packages:/home/ubuntu/ros2_ws/install/robdep/lib/python3.8/site-packages:/opt/ros/galactic/lib/python3.8/site-packages /usr/bin/python3 setup.py egg_info --egg-base ../../build/robdep build --build-base /home/ubuntu/ros2_ws/build/robdep/build install --record /home/ubuntu/ros2_ws/build/robdep/install.log --single-version-externally-managed
