[2.941s] Invoking command in '/home/ubuntu/ros2_ws/src/robdep': CMAKE_PREFIX_PATH=/home/ubuntu/ros2_ws/install/robdep_interfaces:/home/ubuntu/ros2_ws/install/robdep_project_interfaces PYTHONPATH=/home/ubuntu/ros2_ws/build/robdep/prefix_override:/home/ubuntu/ros2_ws/install/robdep/lib/python3.8/site-packages:/home/ubuntu/ros2_ws/install/robdep_interfaces/lib/python3.8/site-packages:/home/ubuntu/ros2_ws/install/robdep_project/lib/python3.8/site-packages:/home/ubuntu/ros2_ws/install/robdep/lib/python3.8/site-packages:/opt/ros/galactic/lib/python3.8/site-packages /usr/bin/python3 setup.py egg_info --egg-base ../../build/robdep build --build-base /home/ubuntu/ros2_ws/build/robdep/build install --record /home/ubuntu/ros2_ws/build/robdep/install.log --single-version-externally-managed
[3.846s] running egg_info
[3.848s] writing ../../build/robdep/robdep.egg-info/PKG-INFO
[3.849s] writing dependency_links to ../../build/robdep/robdep.egg-info/dependency_links.txt
[3.850s] writing entry points to ../../build/robdep/robdep.egg-info/entry_points.txt
[3.851s] writing requirements to ../../build/robdep/robdep.egg-info/requires.txt
[3.852s] writing top-level names to ../../build/robdep/robdep.egg-info/top_level.txt
[3.989s] reading manifest file '../../build/robdep/robdep.egg-info/SOURCES.txt'
[3.993s] writing manifest file '../../build/robdep/robdep.egg-info/SOURCES.txt'
[3.993s] running build
[3.994s] running build_py
[3.996s] running install
[3.999s] running install_lib
[4.007s] running install_data
[4.009s] running install_egg_info
[4.016s] removing '/home/ubuntu/ros2_ws/install/robdep/lib/python3.8/site-packages/robdep-0.0.0-py3.8.egg-info' (and everything under it)
[4.017s] Copying ../../build/robdep/robdep.egg-info to /home/ubuntu/ros2_ws/install/robdep/lib/python3.8/site-packages/robdep-0.0.0-py3.8.egg-info
[4.022s] running install_scripts
[4.088s] Installing blob_detector script to /home/ubuntu/ros2_ws/install/robdep/lib/robdep
[4.089s] Installing blob_printer script to /home/ubuntu/ros2_ws/install/robdep/lib/robdep
[4.090s] Installing blob_runner script to /home/ubuntu/ros2_ws/install/robdep/lib/robdep
[4.091s] Installing bot_run script to /home/ubuntu/ros2_ws/install/robdep/lib/robdep
[4.091s] Installing get_images script to /home/ubuntu/ros2_ws/install/robdep/lib/robdep
[4.092s] Installing mask_publisher script to /home/ubuntu/ros2_ws/install/robdep/lib/robdep
[4.094s] writing list of installed files to '/home/ubuntu/ros2_ws/build/robdep/install.log'
[4.201s] Invoked command in '/home/ubuntu/ros2_ws/src/robdep' returned '0': CMAKE_PREFIX_PATH=/home/ubuntu/ros2_ws/install/robdep_interfaces:/home/ubuntu/ros2_ws/install/robdep_project_interfaces PYTHONPATH=/home/ubuntu/ros2_ws/build/robdep/prefix_override:/home/ubuntu/ros2_ws/install/robdep/lib/python3.8/site-packages:/home/ubuntu/ros2_ws/install/robdep_interfaces/lib/python3.8/site-packages:/home/ubuntu/ros2_ws/install/robdep_project/lib/python3.8/site-packages:/home/ubuntu/ros2_ws/install/robdep/lib/python3.8/site-packages:/opt/ros/galactic/lib/python3.8/site-packages /usr/bin/python3 setup.py egg_info --egg-base ../../build/robdep build --build-base /home/ubuntu/ros2_ws/build/robdep/build install --record /home/ubuntu/ros2_ws/build/robdep/install.log --single-version-externally-managed
