[5.157s] Invoking command in '/home/ubuntu/ros2_ws/src/robdep': CMAKE_PREFIX_PATH=/home/ubuntu/ros2_ws/install/robdep_interfaces:/home/ubuntu/ros2_ws/install/robdep_project_interfaces PYTHONPATH=/home/ubuntu/ros2_ws/build/robdep/prefix_override:/home/ubuntu/ros2_ws/install/robdep/lib/python3.8/site-packages:/home/ubuntu/ros2_ws/install/robdep_interfaces/lib/python3.8/site-packages:/home/ubuntu/ros2_ws/install/robdep_project/lib/python3.8/site-packages:/home/ubuntu/ros2_ws/install/robdep/lib/python3.8/site-packages:/opt/ros/galactic/lib/python3.8/site-packages /usr/bin/python3 setup.py egg_info --egg-base ../../build/robdep build --build-base /home/ubuntu/ros2_ws/build/robdep/build install --record /home/ubuntu/ros2_ws/build/robdep/install.log --single-version-externally-managed
[6.999s] running egg_info
[7.002s] writing ../../build/robdep/robdep.egg-info/PKG-INFO
[7.003s] writing dependency_links to ../../build/robdep/robdep.egg-info/dependency_links.txt
[7.007s] writing entry points to ../../build/robdep/robdep.egg-info/entry_points.txt
[7.009s] writing requirements to ../../build/robdep/robdep.egg-info/requires.txt
[7.011s] writing top-level names to ../../build/robdep/robdep.egg-info/top_level.txt
[7.180s] reading manifest file '../../build/robdep/robdep.egg-info/SOURCES.txt'
[7.186s] writing manifest file '../../build/robdep/robdep.egg-info/SOURCES.txt'
[7.187s] running build
[7.187s] running build_py
[7.190s] running install
[7.193s] running install_lib
[7.201s] running install_data
[7.204s] running install_egg_info
[7.220s] removing '/home/ubuntu/ros2_ws/install/robdep/lib/python3.8/site-packages/robdep-0.0.0-py3.8.egg-info' (and everything under it)
[7.221s] Copying ../../build/robdep/robdep.egg-info to /home/ubuntu/ros2_ws/install/robdep/lib/python3.8/site-packages/robdep-0.0.0-py3.8.egg-info
[7.222s] running install_scripts
[7.302s] Installing blob_detector script to /home/ubuntu/ros2_ws/install/robdep/lib/robdep
[7.304s] Installing blob_printer script to /home/ubuntu/ros2_ws/install/robdep/lib/robdep
[7.305s] Installing blob_runner script to /home/ubuntu/ros2_ws/install/robdep/lib/robdep
[7.306s] Installing bot_run script to /home/ubuntu/ros2_ws/install/robdep/lib/robdep
[7.334s] Installing get_images script to /home/ubuntu/ros2_ws/install/robdep/lib/robdep
[7.335s] Installing mask_publisher script to /home/ubuntu/ros2_ws/install/robdep/lib/robdep
[7.336s] writing list of installed files to '/home/ubuntu/ros2_ws/build/robdep/install.log'
[7.448s] Invoked command in '/home/ubuntu/ros2_ws/src/robdep' returned '0': CMAKE_PREFIX_PATH=/home/ubuntu/ros2_ws/install/robdep_interfaces:/home/ubuntu/ros2_ws/install/robdep_project_interfaces PYTHONPATH=/home/ubuntu/ros2_ws/build/robdep/prefix_override:/home/ubuntu/ros2_ws/install/robdep/lib/python3.8/site-packages:/home/ubuntu/ros2_ws/install/robdep_interfaces/lib/python3.8/site-packages:/home/ubuntu/ros2_ws/install/robdep_project/lib/python3.8/site-packages:/home/ubuntu/ros2_ws/install/robdep/lib/python3.8/site-packages:/opt/ros/galactic/lib/python3.8/site-packages /usr/bin/python3 setup.py egg_info --egg-base ../../build/robdep build --build-base /home/ubuntu/ros2_ws/build/robdep/build install --record /home/ubuntu/ros2_ws/build/robdep/install.log --single-version-externally-managed
