[3.530s] Invoking command in '/home/ubuntu/ros2_ws/src/robdep_project': PYTHONPATH=/home/ubuntu/ros2_ws/build/robdep_project/prefix_override:/home/ubuntu/ros2_ws/install/robdep_project/lib/python3.8/site-packages:${PYTHONPATH} /usr/bin/python3 setup.py egg_info --egg-base ../../build/robdep_project build --build-base /home/ubuntu/ros2_ws/build/robdep_project/build install --record /home/ubuntu/ros2_ws/build/robdep_project/install.log --single-version-externally-managed
[4.640s] running egg_info
[4.642s] writing ../../build/robdep_project/robdep_project.egg-info/PKG-INFO
[4.643s] writing dependency_links to ../../build/robdep_project/robdep_project.egg-info/dependency_links.txt
[4.645s] writing entry points to ../../build/robdep_project/robdep_project.egg-info/entry_points.txt
[4.645s] writing requirements to ../../build/robdep_project/robdep_project.egg-info/requires.txt
[4.646s] writing top-level names to ../../build/robdep_project/robdep_project.egg-info/top_level.txt
[4.809s] reading manifest file '../../build/robdep_project/robdep_project.egg-info/SOURCES.txt'
[4.812s] writing manifest file '../../build/robdep_project/robdep_project.egg-info/SOURCES.txt'
[4.813s] running build
[4.814s] running build_py
[4.815s] copying robdep_project/custom_object_detection_node.py -> /home/ubuntu/ros2_ws/build/robdep_project/build/lib/robdep_project
[4.815s] running install
[4.820s] running install_lib
[4.831s] copying /home/ubuntu/ros2_ws/build/robdep_project/build/lib/robdep_project/custom_object_detection_node.py -> /home/ubuntu/ros2_ws/install/robdep_project/lib/python3.8/site-packages/robdep_project
[4.833s] byte-compiling /home/ubuntu/ros2_ws/install/robdep_project/lib/python3.8/site-packages/robdep_project/custom_object_detection_node.py to custom_object_detection_node.cpython-38.pyc
[4.834s] running install_data
[4.837s] running install_egg_info
[4.844s] removing '/home/ubuntu/ros2_ws/install/robdep_project/lib/python3.8/site-packages/robdep_project-0.0.0-py3.8.egg-info' (and everything under it)
[4.845s] Copying ../../build/robdep_project/robdep_project.egg-info to /home/ubuntu/ros2_ws/install/robdep_project/lib/python3.8/site-packages/robdep_project-0.0.0-py3.8.egg-info
[4.851s] running install_scripts
[4.928s] Installing custom_object_detection_node script to /home/ubuntu/ros2_ws/install/robdep_project/lib/robdep_project
[4.929s] Installing detections script to /home/ubuntu/ros2_ws/install/robdep_project/lib/robdep_project
[4.930s] writing list of installed files to '/home/ubuntu/ros2_ws/build/robdep_project/install.log'
[5.047s] Invoked command in '/home/ubuntu/ros2_ws/src/robdep_project' returned '0': PYTHONPATH=/home/ubuntu/ros2_ws/build/robdep_project/prefix_override:/home/ubuntu/ros2_ws/install/robdep_project/lib/python3.8/site-packages:${PYTHONPATH} /usr/bin/python3 setup.py egg_info --egg-base ../../build/robdep_project build --build-base /home/ubuntu/ros2_ws/build/robdep_project/build install --record /home/ubuntu/ros2_ws/build/robdep_project/install.log --single-version-externally-managed
