[6.003s] Invoking command in '/home/ubuntu/ros2_ws/src/robdep_project': PYTHONPATH=/home/ubuntu/ros2_ws/build/robdep_project/prefix_override:/home/ubuntu/ros2_ws/install/robdep_project/lib/python3.8/site-packages:${PYTHONPATH} /usr/bin/python3 setup.py egg_info --egg-base ../../build/robdep_project build --build-base /home/ubuntu/ros2_ws/build/robdep_project/build install --record /home/ubuntu/ros2_ws/build/robdep_project/install.log --single-version-externally-managed
[7.377s] running egg_info
[7.381s] writing ../../build/robdep_project/robdep_project.egg-info/PKG-INFO
[7.383s] writing dependency_links to ../../build/robdep_project/robdep_project.egg-info/dependency_links.txt
[7.384s] writing entry points to ../../build/robdep_project/robdep_project.egg-info/entry_points.txt
[7.386s] writing requirements to ../../build/robdep_project/robdep_project.egg-info/requires.txt
[7.387s] writing top-level names to ../../build/robdep_project/robdep_project.egg-info/top_level.txt
[7.572s] reading manifest file '../../build/robdep_project/robdep_project.egg-info/SOURCES.txt'
[7.578s] writing manifest file '../../build/robdep_project/robdep_project.egg-info/SOURCES.txt'
[7.581s] running build
[7.582s] running build_py
[7.582s] copying robdep_project/detections.py -> /home/ubuntu/ros2_ws/build/robdep_project/build/lib/robdep_project
[7.589s] running install
[7.589s] running install_lib
[7.593s] copying /home/ubuntu/ros2_ws/build/robdep_project/build/lib/robdep_project/detections.py -> /home/ubuntu/ros2_ws/install/robdep_project/lib/python3.8/site-packages/robdep_project
[7.596s] byte-compiling /home/ubuntu/ros2_ws/install/robdep_project/lib/python3.8/site-packages/robdep_project/detections.py to detections.cpython-38.pyc
[7.605s] running install_data
[7.610s] running install_egg_info
[7.623s] removing '/home/ubuntu/ros2_ws/install/robdep_project/lib/python3.8/site-packages/robdep_project-0.0.0-py3.8.egg-info' (and everything under it)
[7.626s] Copying ../../build/robdep_project/robdep_project.egg-info to /home/ubuntu/ros2_ws/install/robdep_project/lib/python3.8/site-packages/robdep_project-0.0.0-py3.8.egg-info
[7.634s] running install_scripts
[7.728s] Installing detections script to /home/ubuntu/ros2_ws/install/robdep_project/lib/robdep_project
[7.732s] writing list of installed files to '/home/ubuntu/ros2_ws/build/robdep_project/install.log'
[7.896s] Invoked command in '/home/ubuntu/ros2_ws/src/robdep_project' returned '0': PYTHONPATH=/home/ubuntu/ros2_ws/build/robdep_project/prefix_override:/home/ubuntu/ros2_ws/install/robdep_project/lib/python3.8/site-packages:${PYTHONPATH} /usr/bin/python3 setup.py egg_info --egg-base ../../build/robdep_project build --build-base /home/ubuntu/ros2_ws/build/robdep_project/build install --record /home/ubuntu/ros2_ws/build/robdep_project/install.log --single-version-externally-managed
