[7.317s] Invoking command in '/home/ubuntu/ros2_ws/src/robdep_project': PYTHONPATH=/home/ubuntu/ros2_ws/build/robdep_project/prefix_override:/home/ubuntu/ros2_ws/install/robdep_project/lib/python3.8/site-packages:${PYTHONPATH} /usr/bin/python3 setup.py egg_info --egg-base ../../build/robdep_project build --build-base /home/ubuntu/ros2_ws/build/robdep_project/build install --record /home/ubuntu/ros2_ws/build/robdep_project/install.log --single-version-externally-managed
[9.505s] running egg_info
[9.507s] writing ../../build/robdep_project/robdep_project.egg-info/PKG-INFO
[9.509s] writing dependency_links to ../../build/robdep_project/robdep_project.egg-info/dependency_links.txt
[9.510s] writing entry points to ../../build/robdep_project/robdep_project.egg-info/entry_points.txt
[9.511s] writing requirements to ../../build/robdep_project/robdep_project.egg-info/requires.txt
[9.512s] writing top-level names to ../../build/robdep_project/robdep_project.egg-info/top_level.txt
[9.703s] reading manifest file '../../build/robdep_project/robdep_project.egg-info/SOURCES.txt'
[9.703s] writing manifest file '../../build/robdep_project/robdep_project.egg-info/SOURCES.txt'
[9.704s] running build
[9.704s] running build_py
[9.705s] copying robdep_project/depth_extraction.py -> /home/ubuntu/ros2_ws/build/robdep_project/build/lib/robdep_project
[9.706s] running install
[9.710s] running install_lib
[9.723s] copying /home/ubuntu/ros2_ws/build/robdep_project/build/lib/robdep_project/depth_extraction.py -> /home/ubuntu/ros2_ws/install/robdep_project/lib/python3.8/site-packages/robdep_project
[9.731s] byte-compiling /home/ubuntu/ros2_ws/install/robdep_project/lib/python3.8/site-packages/robdep_project/depth_extraction.py to depth_extraction.cpython-38.pyc
[9.731s] running install_data
[9.733s] running install_egg_info
[9.743s] removing '/home/ubuntu/ros2_ws/install/robdep_project/lib/python3.8/site-packages/robdep_project-0.0.0-py3.8.egg-info' (and everything under it)
[9.744s] Copying ../../build/robdep_project/robdep_project.egg-info to /home/ubuntu/ros2_ws/install/robdep_project/lib/python3.8/site-packages/robdep_project-0.0.0-py3.8.egg-info
[9.753s] running install_scripts
[9.867s] Installing controller script to /home/ubuntu/ros2_ws/install/robdep_project/lib/robdep_project
[9.869s] Installing custom_object_detection_node script to /home/ubuntu/ros2_ws/install/robdep_project/lib/robdep_project
[9.870s] Installing depth_extraction script to /home/ubuntu/ros2_ws/install/robdep_project/lib/robdep_project
[9.872s] Installing detections script to /home/ubuntu/ros2_ws/install/robdep_project/lib/robdep_project
[9.877s] writing list of installed files to '/home/ubuntu/ros2_ws/build/robdep_project/install.log'
[11.628s] Invoked command in '/home/ubuntu/ros2_ws/src/robdep_project' returned '0': PYTHONPATH=/home/ubuntu/ros2_ws/build/robdep_project/prefix_override:/home/ubuntu/ros2_ws/install/robdep_project/lib/python3.8/site-packages:${PYTHONPATH} /usr/bin/python3 setup.py egg_info --egg-base ../../build/robdep_project build --build-base /home/ubuntu/ros2_ws/build/robdep_project/build install --record /home/ubuntu/ros2_ws/build/robdep_project/install.log --single-version-externally-managed
