[6.418s] Invoking command in '/home/ubuntu/ros2_ws/src/robdep_project': PYTHONPATH=/home/ubuntu/ros2_ws/build/robdep_project/prefix_override:/home/ubuntu/ros2_ws/install/robdep_project/lib/python3.8/site-packages:${PYTHONPATH} /usr/bin/python3 setup.py egg_info --egg-base ../../build/robdep_project build --build-base /home/ubuntu/ros2_ws/build/robdep_project/build install --record /home/ubuntu/ros2_ws/build/robdep_project/install.log --single-version-externally-managed
[8.107s] running egg_info
[8.111s] writing ../../build/robdep_project/robdep_project.egg-info/PKG-INFO
[8.113s] writing dependency_links to ../../build/robdep_project/robdep_project.egg-info/dependency_links.txt
[8.115s] writing entry points to ../../build/robdep_project/robdep_project.egg-info/entry_points.txt
[8.117s] writing requirements to ../../build/robdep_project/robdep_project.egg-info/requires.txt
[8.117s] writing top-level names to ../../build/robdep_project/robdep_project.egg-info/top_level.txt
[8.304s] reading manifest file '../../build/robdep_project/robdep_project.egg-info/SOURCES.txt'
[8.308s] writing manifest file '../../build/robdep_project/robdep_project.egg-info/SOURCES.txt'
[8.310s] running build
[8.311s] running build_py
[8.314s] running install
[8.317s] running install_lib
[8.329s] running install_data
[8.335s] running install_egg_info
[8.346s] removing '/home/ubuntu/ros2_ws/install/robdep_project/lib/python3.8/site-packages/robdep_project-0.0.0-py3.8.egg-info' (and everything under it)
[8.348s] Copying ../../build/robdep_project/robdep_project.egg-info to /home/ubuntu/ros2_ws/install/robdep_project/lib/python3.8/site-packages/robdep_project-0.0.0-py3.8.egg-info
[8.359s] running install_scripts
[8.452s] Installing controller script to /home/ubuntu/ros2_ws/install/robdep_project/lib/robdep_project
[8.455s] Installing custom_object_detection_node script to /home/ubuntu/ros2_ws/install/robdep_project/lib/robdep_project
[8.456s] Installing depth_extraction script to /home/ubuntu/ros2_ws/install/robdep_project/lib/robdep_project
[8.457s] Installing detections script to /home/ubuntu/ros2_ws/install/robdep_project/lib/robdep_project
[8.463s] writing list of installed files to '/home/ubuntu/ros2_ws/build/robdep_project/install.log'
[8.624s] Invoked command in '/home/ubuntu/ros2_ws/src/robdep_project' returned '0': PYTHONPATH=/home/ubuntu/ros2_ws/build/robdep_project/prefix_override:/home/ubuntu/ros2_ws/install/robdep_project/lib/python3.8/site-packages:${PYTHONPATH} /usr/bin/python3 setup.py egg_info --egg-base ../../build/robdep_project build --build-base /home/ubuntu/ros2_ws/build/robdep_project/build install --record /home/ubuntu/ros2_ws/build/robdep_project/install.log --single-version-externally-managed
